<data><version>4</version><maxID>10851</maxID><topics><items><topic><name>None</name><description>No topic.</description><color><red>0</red><green>0</green><blue>0</blue><alpha>255</alpha></color><background><red>255</red><green>255</green><blue>255</blue><alpha>255</alpha></background><id>8</id></topic><topic><name>Life</name><description></description><color><red>0</red><green>0</green><blue>0</blue><alpha>255</alpha></color><background><red>255</red><green>255</green><blue>255</blue><alpha>255</alpha></background><id>136</id></topic><topic><name>Work</name><description></description><color><red>0</red><green>0</green><blue>0</blue><alpha>255</alpha></color><background reference="../../topic[2]/background"/><id>137</id></topic><topic><name>Sel Improve</name><description></description><color reference="../../topic[2]/color"/><background reference="../../topic[2]/background"/><id>138</id></topic><topic><name>Stock</name><description></description><color reference="../../topic[2]/color"/><background reference="../../topic[2]/background"/><id>139</id></topic><topic><name>Contact</name><description></description><color><red>0</red><green>0</green><blue>0</blue><alpha>255</alpha></color><background><red>255</red><green>255</green><blue>255</blue><alpha>255</alpha></background><id>141</id></topic></items></topics><contexts><items><context><name>None</name><description>No context.</description><id>9</id></context><context><name>Home</name><description></description><id>128</id></context><context><name>Office</name><description></description><id>129</id></context><context><name>Internet</name><description></description><id>130</id></context><context><name>Computer</name><description></description><id>131</id></context><context><name>Supermarket</name><description></description><id>132</id></context><context><name>Call</name><description></description><id>134</id></context><context><name>Anywhere</name><description></description><id>150</id></context></items></contexts><information><items><info><created>2012-02-20 14:18:24.67 CST</created><description>Tips about 选股</description><topic reference="../../../../topics/items/topic[5]"/><location></location><notes>啊啊撒擦除的撒旦 </notes><id>168</id></info><info><created>2012-02-20 16:25:46.668 CST</created><description>新年计划参考文章</description><topic><name>None</name><description>No topic.</description><color><red>0</red><green>0</green><blue>0</blue><alpha>255</alpha></color><background><red>255</red><green>255</green><blue>255</blue><alpha>255</alpha></background><id>8</id></topic><location></location><notes>by 弥缝&#x0D;
就要重新投入工作学习环境中，你有没有从新年的氛围中静下心来回答过这些问题呢？如果没有的话，我建议你做做这份小问答。跨过去年的喜和悲，得与失，在新的一年取得更多的进步！&#x0D;
在回答这些问题时，你可以从生活、健康、情感、心智、自我、理财、家庭、工作、休闲等各个方面来回答。&#x0D;
回顾过去的一年：&#x0D;
	1. 过去一年，你有完成了哪些任务，项目和目标？&#x0D;
	2. 过去一年，你取得的最大成果是什么？&#x0D;
	3. 过去一年，你最明智的决定是什么？&#x0D;
	4. 过去一年，你学会或收获的最重要的是什么？&#x0D;
	5. 过去一年，你为家庭、周围的人或社区做过的最大贡献是什么？&#x0D;
	6. 过去一年，你最想实现却没有完成的是什么？&#x0D;
	7. 过去一年，你做得最自豪的事情是什么？&#x0D;
	8. 过去一年，对你影响最深的三个人是谁？&#x0D;
	9. 过去一年，你做过的最有挑战的是什么？&#x0D;
	10. 过去一年，你觉得最惊喜的是什么？&#x0D;
	11. 过去一年，在情感关系、人际关系上取得的最大进步是什么？&#x0D;
	12. 过去一年，你觉得最应该得到的表扬是什么？&#x0D;
	13. 过去一年，你觉得最应该给予的表扬是什么？&#x0D;
	14. 过去一年，你觉得遗憾的、需要改进的是什么？&#x0D;
	15. 请用几个词句总结你的过去的一年。&#x0D;
&#x0D;
展望新的一年：&#x0D;
	1. 新一年，你最想取得的成果是什么？&#x0D;
	2. 新一年，你想给自己的一些忠告是什么？&#x0D;
	3. 新一年，去做到什么会让你特高兴？&#x0D;
	4. 新一年，你觉得可以适当纵容的是什么？&#x0D;
	5. 新一年，你最想改变自己的是什么？&#x0D;
	6. 新一年，你期待能够学习或体会什么？&#x0D;
	7. 新一年，你觉得可能会碰到的危机是什么？&#x0D;
	8. 新一年，在工作上你觉得应该改变或提升的是什么？&#x0D;
	9. 新一年，在理财方面你最想取得的进步是什么？&#x0D;
	10. 新一年，你觉得应该挖掘自己哪方面的才能？&#x0D;
	11. 新一年，你应该在那些你钟情的事情上做些什么？&#x0D;
	12. 新一年，你觉得应该与谁或什么事取得更进一步的发展？&#x0D;
	13. 请用几个词句来描述你要实现的新的一年。&#x0D;
&#x0D;
</notes><id>10822</id></info><info><created>2012-02-20 16:29:22.213 CST</created><description>选股标准</description><topic reference="../../info[2]/topic"/><location></location><notes>学习资料，逐步完善


Draft：
1.均线走平
2.前期涨幅不大
3.高送转潜力
4.股本不大
5.朝阳行业
</notes><id>10833</id></info><info><created>2012-02-20 16:29:28.250 CST</created><description>新年目标参考 - 褪墨</description><topic reference="../../info[2]/topic"/><location></location><notes>[http://www.mifengtd.cn/articles/how-to-define-successful-new-years-resolutions.html]&#x0D;
http://www.mifengtd.cn/articles/define_goal_destination_devise_a_plan_to_get_there.html&#x0D;
http://www.mifengtd.cn/articles/three-steps-to-successful-resolutions.html</notes><id>10835</id></info><info><created>2012-02-20 18:31:26.885 CST</created><description>记录如何让TR打印中文</description><topic><name>None</name><description>No topic.</description><color><red>0</red><green>0</green><blue>0</blue><alpha>255</alpha></color><background><red>255</red><green>255</green><blue>255</blue><alpha>255</alpha></background><id>8</id></topic><location></location><notes>1.下载中文字体&#x0D;
2.在C:\Program Files (x86)\TR-2.2.1\tr\resource\fop 目录下edit fop.xconf, 加入&#x0D;
&lt;font metrics-url=&quot;fzdbsjw.xml&quot; kerning=&quot;yes&quot; embed-url=&quot;fzdbsjw.ttf&quot;&gt;&#x0D;
&lt;font-triplet name=&quot;Chinese-Mifeng.cn&quot; style=&quot;normal&quot; weight=&quot;normal&quot;/&gt;&#x0D;
&lt;/font&gt;&#x0D;
&lt;font metrics-url=&quot;fzdbsjw.xml&quot; kerning=&quot;yes&quot; embed-url=&quot;fzdbsjw.ttf&quot;&gt;&#x0D;
&lt;font-triplet name=&quot;Chinese-Mifeng.cn&quot; style=&quot;normal&quot; weight=&quot;bold&quot;/&gt;&#x0D;
&lt;/font&gt;&#x0D;
&lt;font metrics-url=&quot;fzdbsjw.xml&quot; kerning=&quot;yes&quot; embed-url=&quot;fzdbsjw.ttf&quot;&gt;&#x0D;
&lt;font-triplet name=&quot;Chinese-Mifeng.cn&quot; style=&quot;italic&quot; weight=&quot;normal&quot;/&gt;&#x0D;
&lt;/font&gt;&#x0D;
3 将目录下所有其他文件保留名字，文件改成对应的fzdbsjw 的ttf 或者xml</notes><id>10845</id></info></items></information><futures><items/></futures><thoughts><items><thought><created>2012-02-20 14:07:11.982 CST</created><description>Learn to use thinkingrock</description><topic reference="../../../../topics/items/topic[4]"/><processed>true</processed><action><id>153</id><created>2012-02-20 14:05:52.446 CST</created><thought reference="../.."/><parent><id>157</id><created>2012-02-20 14:08:53.635 CST</created><thought reference="../../.."/><parent><id>155</id><created>2012-02-20 14:07:02.731 CST</created><thought><created>2012-02-20 14:04:06.769 CST</created><description>Learn to use thinkingrocky</description><topic reference="../../../../../../../../topics/items/topic[4]"/><processed>true</processed><id>145</id></thought><parent class="projects"><id>1</id><created>2012-02-20 13:37:47.49 CST</created><parent class="tr.model.project.ProjectRoot"><id>0</id><created>2012-02-20 13:37:47.65 CST</created><children><projects reference="../../.."/><actions><id>2</id><created>2012-02-20 13:37:47.49 CST</created><parent class="tr.model.project.ProjectRoot" reference="../../.."/><children><action><id>10797</id><created>2012-02-20 16:09:38.311 CST</created><thought><created>2012-02-20 15:36:33.115 CST</created><description>Find a way to manage configuration files</description><topic reference="../../../../../../../../../../../../../../information/items/info[2]/topic"/><processed>true</processed><id>196</id></thought><parent class="actions" reference="../../.."/><description>Find a way to manage configuration files</description><topic reference="../../../../../../../../../../../../../information/items/info[2]/topic"/><context reference="../../../../../../../../../../../../../contexts/items/context[5]"/><state class="actionStateASAP"><created>2012-02-20 16:09:58.388 CST</created></state><notes></notes><done>false</done><priority><id>170</id><name>2</name></priority><success></success><modified>2012-02-20 16:09:58.388 CST</modified></action><action><id>10798</id><created>2012-02-20 16:09:58.388 CST</created><thought><created>2012-02-20 15:36:58.13 CST</created><description>整理桌子</description><topic reference="../../../../../../../../../../../../../../information/items/info[2]/topic"/><processed>true</processed><id>197</id></thought><parent class="actions" reference="../../.."/><description>整理桌子</description><topic reference="../../../../../../../../../../../../../information/items/info[2]/topic"/><context reference="../../../../../../../../../../../../../contexts/items/context[3]"/><state class="actionStateASAP"><created>2012-02-20 16:10:35.766 CST</created></state><notes></notes><done>false</done><priority reference="../../action/priority"/><success>Clean desk and find thing easily</success><modified>2012-02-20 16:10:35.766 CST</modified></action><action><id>10799</id><created>2012-02-20 16:10:35.766 CST</created><thought><created>2012-02-20 15:37:32.927 CST</created><description>期指持仓</description><topic reference="../../../../../../../../../../../../../../information/items/info[2]/topic"/><processed>true</processed><id>198</id></thought><parent class="actions" reference="../../.."/><description>期指持仓</description><topic reference="../../../../../../../../../../../../../information/items/info[2]/topic"/><context reference="../../../../../../../../../../../../../contexts/items/context[5]"/><state class="actionStateASAP"><created>2012-02-20 16:11:27.126 CST</created></state><notes></notes><done>true</done><doneDate>2012-02-20 00:00:00.0 CST</doneDate><success>知道每天期指增减仓情况</success><modified>2012-02-20 18:50:32.980 CST</modified></action><action><id>10803</id><created>2012-02-20 16:12:12.943 CST</created><thought><created>2012-02-20 15:38:14.972 CST</created><description>review GTD 建议</description><topic reference="../../../../../../../../../../../../../../information/items/info[2]/topic"/><processed>true</processed><id>200</id></thought><parent class="actions" reference="../../.."/><description>review GTD 建议</description><topic reference="../../../../../../../../../../../../../information/items/info[2]/topic"/><context reference="../../../../../../../../../../../../../contexts/items/context[4]"/><state class="actionStateScheduled"><date>2012-02-24 00:00:00.0 CST</date><durationHours>0</durationHours><durationMinutes>0</durationMinutes><created>2012-02-20 16:12:40.898 CST</created></state><notes></notes><done>false</done><priority reference="../../action/priority"/><success></success><modified>2012-02-20 16:12:40.898 CST</modified></action><action><id>10808</id><created>2012-02-20 16:15:23.379 CST</created><parent class="actions" reference="../../.."/><description>完成GTD表格</description><topic reference="../../../../../../../../../../../../../topics/items/topic[4]"/><context reference="../../../../../../../../../../../../../contexts/items/context[3]"/><state class="actionStateScheduled"><date>2012-02-24 09:00:00.0 CST</date><durationHours>18</durationHours><durationMinutes>0</durationMinutes><recurrence><id>10807</id><project class="actions" reference="../../../../.."/><description>完成GTD表格</description><topic reference="../../../../../../../../../../../../../../../topics/items/topic[4]"/><context reference="../../../../../../../../../../../../../../../contexts/items/context[3]"/><scheduleHours>9</scheduleHours><scheduleMins>0</scheduleMins><durationHours>18</durationHours><durationMins>0</durationMins><basisID>1</basisID><startDate>2012-02-21 00:00:00.0 CST</startDate><periodID>0</periodID><frequency>4</frequency><advanceNbr>1</advanceNbr><endDate>2012-02-24 00:00:00.0 CST</endDate><genNbr>0</genNbr><genToDate>2012-02-21 09:00:00.0 CST</genToDate><success>得到一周结果</success><notes>时间黑洞测试&#x0D;
时间日志&#x0D;
时间日志比例&#x0D;
</notes><period class="tr.model.action.PeriodDay"/></recurrence><created>2012-02-20 16:15:23.379 CST</created></state><notes>时间黑洞测试&#x0D;
时间日志&#x0D;
时间日志比例&#x0D;
</notes><done>false</done><success>得到一周结果</success><modified>2012-02-20 16:15:28.730 CST</modified></action><action><id>10809</id><created>2012-02-20 16:15:28.730 CST</created><thought><created>2012-02-20 15:39:10.742 CST</created><description>Summary evenote GTD 的优势和缺点</description><topic reference="../../../../../../../../../../../../../../information/items/info[2]/topic"/><processed>true</processed><id>202</id></thought><parent class="actions" reference="../../.."/><description>Summary evenote GTD 的优势和缺点</description><topic reference="../../../../../../../../../../../../../information/items/info[2]/topic"/><context reference="../../../../../../../../../../../../../contexts/items/context[5]"/><state class="actionStateASAP"><created>2012-02-20 16:16:07.777 CST</created></state><notes></notes><done>false</done><priority reference="../../action/priority"/><success> 成文</success><modified>2012-02-20 16:16:07.777 CST</modified></action><action><id>10813</id><created>2012-02-20 16:21:13.772 CST</created><parent class="actions" reference="../../.."/><description>还房贷</description><topic reference="../../../../../../../../../../../../../topics/items/topic[2]"/><context reference="../../../../../../../../../../../../../contexts/items/context[2]"/><state class="actionStateScheduled"><date>2012-03-15 00:00:00.0 CST</date><durationHours>18</durationHours><durationMinutes>0</durationMinutes><recurrence><id>10812</id><project class="actions" reference="../../../../.."/><description>还房贷</description><topic reference="../../../../../../../../../../../../../../../topics/items/topic[2]"/><context reference="../../../../../../../../../../../../../../../contexts/items/context[2]"/><priority><id>169</id><name>1</name></priority><scheduleHours>0</scheduleHours><scheduleMins>0</scheduleMins><durationHours>18</durationHours><durationMins>0</durationMins><basisID>1</basisID><startDate>2012-03-15 00:00:00.0 CST</startDate><periodID>0</periodID><frequency>1</frequency><advanceNbr>1</advanceNbr><genNbr>0</genNbr><genToDate reference="../../date"/><success></success><notes>转帐2000到中国银行</notes><period class="tr.model.action.PeriodMonth"><option>Each</option><selectedDays class="vector"><int>15</int></selectedDays></period></recurrence><created>2012-02-20 16:21:13.772 CST</created></state><notes>转帐2000到中国银行</notes><done>false</done><priority reference="../state/recurrence/priority"/><success></success><modified>2012-02-20 16:21:16.564 CST</modified></action><action><id>10814</id><created>2012-02-20 16:21:16.564 CST</created><thought><created>2012-02-20 15:39:54.834 CST</created><description>Learn outlook shortcut</description><topic reference="../../../../../../../../../../../../../../information/items/info[2]/topic"/><processed>true</processed><id>204</id></thought><parent class="actions" reference="../../.."/><description>Learn outlook editor shortcut</description><topic reference="../../../../../../../../../../../../../information/items/info[2]/topic"/><context reference="../../../../../../../../../../../../../contexts/items/context[3]"/><state class="actionStateASAP"><created>2012-02-20 16:21:45.490 CST</created></state><notes>No editor shortcut for outlook</notes><done>true</done><doneDate>2012-02-20 00:00:00.0 CST</doneDate><priority reference="../../action/priority"/><success>Be able to use outlook shortcut when edit a mail</success><modified>2012-02-20 18:59:03.728 CST</modified></action><action><id>10815</id><created>2012-02-20 16:21:45.490 CST</created><thought><created>2012-02-20 15:40:14.68 CST</created><description>Ask rocky for kindle </description><topic reference="../../../../../../../../../../../../../../information/items/info[2]/topic"/><processed>true</processed><id>205</id></thought><parent class="actions" reference="../../.."/><description>Ask rocky for kindle </description><topic reference="../../../../../../../../../../../../../information/items/info[2]/topic"/><context reference="../../../../../../../../../../../../../contexts/items/context[3]"/><state class="actionStateScheduled"><date>2012-02-20 17:45:00.0 CST</date><durationHours>17</durationHours><durationMinutes>30</durationMinutes><created>2012-02-20 16:22:35.879 CST</created></state><notes></notes><done>true</done><doneDate>2012-02-20 00:00:00.0 CST</doneDate><priority reference="../../action[7]/state/recurrence/priority"/><success>Get kindle from rocky</success><modified>2012-02-20 18:49:46.781 CST</modified></action><action><id>10816</id><created>2012-02-20 16:22:35.879 CST</created><thought><created>2012-02-20 15:40:54.270 CST</created><description>宝宝打预防针</description><topic reference="../../../../../../../../../../../../../../information/items/info[2]/topic"/><processed>true</processed><id>206</id></thought><parent class="actions" reference="../../.."/><description>宝宝打预防针</description><topic reference="../../../../../../../../../../../../../information/items/info[2]/topic"/><context reference="../../../../../../../../../../../../../contexts/items/context[8]"/><state class="actionStateScheduled"><date>2012-03-01 17:30:00.0 CST</date><durationHours>17</durationHours><durationMinutes>30</durationMinutes><recurrence><id>10818</id><project class="actions" reference="../../../../.."/><description>宝宝打预防针</description><topic reference="../../../../../../../../../../../../../../../topics/items/topic[2]"/><context reference="../../../../../../../../../../../../../../../contexts/items/context[8]"/><priority reference="../../../../action[7]/state/recurrence/priority"/><scheduleHours>0</scheduleHours><scheduleMins>0</scheduleMins><durationHours>17</durationHours><durationMins>0</durationMins><basisID>2</basisID><startDate>2012-02-20 00:00:00.0 CST</startDate><periodID>0</periodID><frequency>1</frequency><advanceNbr>4</advanceNbr><genNbr>0</genNbr><success></success><notes></notes><period class="tr.model.action.PeriodDay"/></recurrence><created>2012-02-20 16:22:59.935 CST</created></state><notes></notes><done>false</done><priority reference="../../action[7]/state/recurrence/priority"/><success></success><modified>2012-02-20 16:24:17.748 CST</modified></action><action><id>10819</id><created>2012-02-20 16:24:17.748 CST</created><thought><created>2012-02-20 15:41:09.105 CST</created><description>学习邹鑫blog 所有文章</description><topic reference="../../../../../../../../../../../../../../information/items/info[2]/topic"/><processed>true</processed><id>207</id></thought><parent class="actions" reference="../../.."/><description>学习邹鑫blog 所有文章</description><topic reference="../../../../../../../../../../../../../information/items/info[2]/topic"/><context reference="../../../../../../../../../../../../../contexts/items/context[4]"/><state class="actionStateASAP"><created>2012-02-20 16:25:07.449 CST</created></state><notes></notes><done>false</done><priority reference="../../action/priority"/><success>Know the detail about GTD</success><modified>2012-02-20 16:25:07.449 CST</modified></action><action><id>10820</id><created>2012-02-20 16:25:07.449 CST</created><thought><created>2012-02-20 15:41:27.966 CST</created><description>制定新年计划</description><topic reference="../../../../../../../../../../../../../../information/items/info[2]/topic"/><processed>true</processed><id>208</id></thought><parent class="actions" reference="../../.."/><description>制定新年计划</description><topic reference="../../../../../../../../../../../../../information/items/info[2]/topic"/><context reference="../../../../../../../../../../../../../contexts/items/context[5]"/><state class="actionStateASAP"><created>2012-02-20 16:25:33.985 CST</created></state><notes></notes><done>false</done><priority reference="../../action/priority"/><success>Get  新年计划</success><modified>2012-02-20 16:25:33.985 CST</modified></action><action><id>10827</id><created>2012-02-20 16:27:23.163 CST</created><thought><created>2012-02-20 15:46:33.0 CST</created><description>Review GTD 使用情况</description><topic reference="../../../../../../../../../../../../../../information/items/info[2]/topic"/><processed>true</processed><id>212</id></thought><parent class="actions" reference="../../.."/><description>Review GTD 使用情况</description><topic reference="../../../../../../../../../../../../../information/items/info[2]/topic"/><context reference="../../../../../../../../../../../../../contexts/items/context[5]"/><state class="actionStateScheduled"><date>2012-02-25 00:00:00.0 CST</date><durationHours>0</durationHours><durationMinutes>0</durationMinutes><created>2012-02-20 16:27:58.374 CST</created></state><notes></notes><done>false</done><priority reference="../../action/priority"/><success></success><modified>2012-02-20 16:27:58.374 CST</modified></action><action><id>10828</id><created>2012-02-20 16:27:58.390 CST</created><thought><created>2012-02-20 15:47:04.635 CST</created><description>check 股友会资料</description><topic reference="../../../../../../../../../../../../../../information/items/info[2]/topic"/><processed>true</processed><notes>[file:/D:/shawn/document/stock/2月19日股友会精华及股票池点评.doc]
[file:/D:/shawn/document/stock/什么是ETF基金.doc]
[file:/D:/shawn/document/stock/千年老妖成精法则.doc]</notes><id>213</id></thought><parent class="actions" reference="../../.."/><description>check 股友会资料</description><topic reference="../../../../../../../../../../../../../information/items/info[2]/topic"/><context reference="../../../../../../../../../../../../../contexts/items/context[5]"/><state class="actionStateASAP"><created>2012-02-20 16:28:11.638 CST</created></state><notes>[file:/D:/shawn/document/stock/2月19日股友会精华及股票池点评.doc]
[file:/D:/shawn/document/stock/什么是ETF基金.doc]
[file:/D:/shawn/document/stock/千年老妖成精法则.doc]</notes><done>false</done><priority reference="../../action/priority"/><success></success><modified>2012-02-20 16:28:11.638 CST</modified></action><action><id>10829</id><created>2012-02-20 16:28:11.638 CST</created><thought><created>2012-02-20 15:48:06.430 CST</created><description>Check 医疗报销进度</description><topic reference="../../../../../../../../../../../../../../information/items/info[2]/topic"/><processed>true</processed><notes> 2.10 check with 高晓晖， 她说还没有收到单子， 去年单子3月底前需要提交。
 3.1 check again
</notes><id>214</id></thought><parent class="actions" reference="../../.."/><description>Check 医疗报销进度</description><topic reference="../../../../../../../../../../../../../information/items/info[2]/topic"/><context reference="../../../../../../../../../../../../../contexts/items/context[7]"/><state class="actionStateScheduled"><date>2012-03-01 08:30:00.0 CST</date><durationHours>17</durationHours><durationMinutes>30</durationMinutes><created>2012-02-20 16:28:46.504 CST</created></state><notes> 2.10 check with 高晓晖， 她说还没有收到单子， 去年单子3月底前需要提交。
 3.1 check again
</notes><done>false</done><priority reference="../../action/priority"/><success></success><modified>2012-02-20 16:28:46.504 CST</modified></action><action><id>10830</id><created>2012-02-20 16:28:46.520 CST</created><thought><created>2012-02-20 15:48:35.196 CST</created><description>安排计划定期访问ruby&amp;rails论坛</description><topic reference="../../../../../../../../../../../../../../information/items/info[2]/topic"/><processed>true</processed><id>215</id></thought><parent class="actions" reference="../../.."/><description>安排计划定期访问ruby&amp;rails论坛</description><topic reference="../../../../../../../../../../../../../information/items/info[2]/topic"/><context reference="../../../../../../../../../../../../../contexts/items/context[4]"/><state class="actionStateASAP"><created>2012-02-20 16:28:56.457 CST</created></state><notes></notes><done>false</done><priority reference="../../action/priority"/><success></success><modified>2012-02-20 16:28:56.457 CST</modified></action><action><id>10831</id><created>2012-02-20 16:28:56.457 CST</created><thought><created>2012-02-20 15:48:44.946 CST</created><description>学习GTD文章</description><topic reference="../../../../../../../../../../../../../../information/items/info[2]/topic"/><processed>true</processed><notes>check http://www.gtdlife.com/2012/2644/how-to-combing-todo-list/
check http://www.hi-pda.com/forum/viewthread.php?tid=144287&amp;highlight=&amp;page=1</notes><id>216</id></thought><parent class="actions" reference="../../.."/><description>学习GTD文章</description><topic reference="../../../../../../../../../../../../../information/items/info[2]/topic"/><context reference="../../../../../../../../../../../../../contexts/items/context[4]"/><state class="actionStateASAP"><created>2012-02-20 16:29:07.221 CST</created></state><notes>check http://www.gtdlife.com/2012/2644/how-to-combing-todo-list/
check http://www.hi-pda.com/forum/viewthread.php?tid=144287&amp;highlight=&amp;page=1</notes><done>false</done><priority reference="../../action/priority"/><success></success><modified>2012-02-20 16:29:07.221 CST</modified></action><action><id>10848</id><created>2012-02-20 18:31:50.629 CST</created><thought><created>2012-02-20 18:30:43.157 CST</created><description>Bring kinddle back to rocky</description><topic reference="../../../../../../../../../../../../../../topics/items/topic[2]"/><processed>true</processed><id>10841</id></thought><parent class="actions" reference="../../.."/><description>Bring kindle back to rocky</description><topic reference="../../../../../../../../../../../../../topics/items/topic[2]"/><context reference="../../../../../../../../../../../../../contexts/items/context[2]"/><state class="actionStateScheduled"><date>2012-02-21 09:30:00.0 CST</date><durationHours>0</durationHours><durationMinutes>0</durationMinutes><created>2012-02-20 18:32:35.433 CST</created></state><notes></notes><done>false</done><success></success><modified>2012-02-20 20:33:22.451 CST</modified></action><action><id>10850</id><created>2012-02-20 18:53:51.552 CST</created><parent class="actions" reference="../../.."/><description>记账</description><topic reference="../../../../../../../../../../../../../topics/items/topic[2]"/><context reference="../../../../../../../../../../../../../contexts/items/context[8]"/><state class="actionStateScheduled"><date>2012-02-21 22:00:00.0 CST</date><durationHours>0</durationHours><durationMinutes>0</durationMinutes><recurrence><id>10849</id><project class="actions" reference="../../../../.."/><description>记账</description><topic reference="../../../../../../../../../../../../../../../topics/items/topic[2]"/><context reference="../../../../../../../../../../../../../../../contexts/items/context[8]"/><priority reference="../../../../action/priority"/><scheduleHours>22</scheduleHours><scheduleMins>0</scheduleMins><durationHours>0</durationHours><durationMins>0</durationMins><basisID>1</basisID><startDate>2012-02-20 00:00:00.0 CST</startDate><periodID>0</periodID><frequency>1</frequency><advanceNbr>1</advanceNbr><genNbr>0</genNbr><genToDate reference="../../date"/><success></success><notes></notes><period class="tr.model.action.PeriodDay"/></recurrence><created>2012-02-20 18:53:51.552 CST</created></state><notes></notes><done>false</done><priority reference="../../action/priority"/><success></success><modified>2012-02-20 18:53:51.552 CST</modified></action></children><topic reference="../../../../../../../../../../../topics/items/topic"/><description></description><purpose></purpose><success></success><brainstorming></brainstorming><organising></organising><done>false</done><sequence>false</sequence><modified>2012-02-20 20:32:38.849 CST</modified></actions></children><topic reference="../../../../../../../../../topics/items/topic"/><description></description><purpose></purpose><success></success><brainstorming></brainstorming><organising></organising><done>false</done><sequence>false</sequence><modified>2012-02-20 13:37:47.65 CST</modified></parent><children><project reference="../../.."/><project><id>186</id><created>2012-02-20 15:10:47.855 CST</created><thought><created>2012-02-20 15:00:11.320 CST</created><description>Try to use TR to manage time</description><topic reference="../../../../../../../../../../../topics/items/topic[4]"/><processed>true</processed><id>175</id></thought><parent class="projects" reference="../../.."/><children><action><id>179</id><created>2012-02-20 15:01:50.992 CST</created><thought reference="../../../thought"/><parent reference="../../.."/><description>Use TR to manage new task</description><topic reference="../../../../../../../../../../../../topics/items/topic[4]"/><context reference="../../../../../../../../../../../../contexts/items/context[5]"/><state class="actionStateASAP"><created>2012-02-20 15:09:35.420 CST</created></state><notes></notes><done>true</done><doneDate>2012-02-20 00:00:00.0 CST</doneDate><priority reference="../../../../../parent/children/actions/children/action/priority"/><success>Manage time with TR</success><modified>2012-02-20 15:14:37.675 CST</modified></action><action><id>187</id><created>2012-02-20 15:11:16.474 CST</created><parent reference="../../.."/><description>Migrate privous tasks un-done from evernote to TR</description><topic reference="../../../../../../../../../../../../topics/items/topic[4]"/><context reference="../../../../../../../../../../../../contexts/items/context[5]"/><state class="actionStateASAP"><created>2012-02-20 15:11:16.474 CST</created></state><notes></notes><done>true</done><doneDate>2012-02-20 00:00:00.0 CST</doneDate><priority reference="../../../../../parent/children/actions/children/action/priority"/><success></success><modified>2012-02-20 20:41:10.102 CST</modified></action></children><topic reference="../../../../../../../../../../topics/items/topic[4]"/><description>Use TR to manage time</description><purpose></purpose><success></success><brainstorming></brainstorming><organising></organising><done>false</done><sequence>false</sequence><sequencing>INTO_SUBPROJECTS</sequencing><notes></notes><priority reference="../../../parent/children/actions/children/action/priority"/><modified>2012-02-20 15:22:52.873 CST</modified></project><project><id>193</id><created>2012-02-20 15:33:45.749 CST</created><parent class="projects" reference="../../.."/><children><action><id>194</id><created>2012-02-20 15:34:16.172 CST</created><parent reference="../../.."/><description>Send env to Andrea to help event mgmt fake data</description><topic reference="../../../../../../../../../../../../topics/items/topic[3]"/><context reference="../../../../../../../../../../../../contexts/items/context[3]"/><state class="actionStateDelegated"><chase>2012-02-21 00:00:00.0 CST</chase><created>2012-02-20 18:49:01.413 CST</created></state><notes></notes><done>false</done><priority reference="../../../../../parent/children/actions/children/action[7]/state/recurrence/priority"/><success>Got fake data</success><modified>2012-02-20 18:49:01.413 CST</modified></action><action><id>195</id><created>2012-02-20 15:35:44.203 CST</created><parent reference="../../.."/><description>Merge sumatru-ui branch to event mgmt</description><topic reference="../../../../../../../../../../../../topics/items/topic[3]"/><context reference="../../../../../../../../../../../../contexts/items/context[3]"/><state class="actionStateASAP"><created>2012-02-20 15:35:44.203 CST</created></state><notes></notes><done>true</done><doneDate>2012-02-20 00:00:00.0 CST</doneDate><priority reference="../../../../../parent/children/actions/children/action[7]/state/recurrence/priority"/><success>branch merge success</success><modified>2012-02-20 18:48:50.395 CST</modified></action><project><id>223</id><created>2012-02-20 15:53:21.448 CST</created><parent reference="../../.."/><children><project><id>1793</id><created>2012-02-20 16:01:03.571 CST</created><parent reference="../../.."/><children/><topic reference="../../../../../../../../../../../../../../topics/items/topic[3]"/><description>GUI view improment</description><purpose></purpose><success></success><brainstorming></brainstorming><organising></organising><done>false</done><sequence>false</sequence><sequencing reference="../../../../../../project[2]/sequencing"/><notes>1 day
</notes><modified>2012-02-20 16:04:51.62 CST</modified></project><project><id>1920</id><created>2012-02-20 16:01:23.133 CST</created><parent reference="../../.."/><children/><topic reference="../../../../../../../../../../../../../../topics/items/topic[3]"/><description>Integration</description><purpose></purpose><success></success><brainstorming></brainstorming><organising></organising><done>false</done><sequence>false</sequence><sequencing reference="../../../../../../project[2]/sequencing"/><notes>3 day
</notes><modified>2012-02-20 19:01:50.834 CST</modified></project><project><id>1921</id><created>2012-02-20 16:01:23.133 CST</created><parent reference="../../.."/><children><action><id>10851</id><created>2012-02-20 19:00:15.116 CST</created><parent reference="../../.."/><description>Integrate privous work with new event mgmt interface</description><topic reference="../../../../../../../../../../../../../../../../topics/items/topic[3]"/><context reference="../../../../../../../../../../../../../../../../contexts/items/context[3]"/><state class="actionStateScheduled"><date>2012-02-21 00:00:00.0 CST</date><durationHours>0</durationHours><durationMinutes>0</durationMinutes><created>2012-02-20 19:01:03.317 CST</created></state><notes></notes><done>false</done><priority reference="../../../../../../../../../parent/children/actions/children/action/priority"/><modified>2012-02-20 19:01:50.834 CST</modified></action></children><topic reference="../../../../../../../../../../../../../../topics/items/topic[3]"/><description>Controller</description><purpose></purpose><success></success><brainstorming></brainstorming><organising></organising><done>false</done><sequence>false</sequence><sequencing reference="../../../../../../project[2]/sequencing"/><notes>1 day
</notes><modified>2012-02-20 19:01:50.834 CST</modified></project></children><topic reference="../../../../../../../../../../../../topics/items/topic[3]"/><description>Event summary</description><purpose></purpose><success></success><brainstorming></brainstorming><organising></organising><done>false</done><sequence>false</sequence><sequencing reference="../../../../project[2]/sequencing"/><modified>2012-02-20 16:01:23.554 CST</modified></project><project><id>221</id><created>2012-02-20 15:52:58.137 CST</created><parent reference="../../.."/><children><project><id>231</id><created>2012-02-20 15:55:49.852 CST</created><parent reference="../../.."/><children/><topic reference="../../../../../../../../../../../../../../topics/items/topic[3]"/><description>GUI view</description><purpose></purpose><success></success><brainstorming></brainstorming><organising></organising><done>false</done><sequence>false</sequence><sequencing reference="../../../../../../project[2]/sequencing"/><notes>1 day
</notes><modified>2012-02-20 16:02:28.326 CST</modified></project><project><id>232</id><created>2012-02-20 15:55:56.904 CST</created><parent reference="../../.."/><children/><topic reference="../../../../../../../../../../../../../../topics/items/topic[3]"/><description>Controller</description><purpose></purpose><success></success><brainstorming></brainstorming><organising></organising><done>false</done><sequence>false</sequence><sequencing reference="../../../../../../project[2]/sequencing"/><notes>1 day</notes><modified>2012-02-20 16:03:38.753 CST</modified></project><project><id>233</id><created>2012-02-20 15:56:25.920 CST</created><parent reference="../../.."/><children><action><id>4968</id><created>2012-02-20 16:03:09.19 CST</created><parent reference="../../.."/><description>CLI deletion</description><topic reference="../../../../../../../../../../../../../../../../topics/items/topic[3]"/><context><name>None</name><description>No context.</description><id>9</id></context><state class="actionStateASAP"><created>2012-02-20 16:03:09.19 CST</created></state><notes></notes><done>true</done><doneDate>2012-02-13 00:00:00.0 CST</doneDate><modified>2012-02-20 16:03:21.577 CST</modified></action></children><topic reference="../../../../../../../../../../../../../../topics/items/topic[3]"/><description>CLI</description><purpose></purpose><success></success><brainstorming></brainstorming><organising></organising><done>false</done><sequence>false</sequence><sequencing reference="../../../../../../project[2]/sequencing"/><notes></notes><modified>2012-02-20 16:03:09.19 CST</modified></project><project><id>234</id><created>2012-02-20 15:56:34.266 CST</created><parent reference="../../.."/><children/><topic reference="../../../../../../../../../../../../../../topics/items/topic[3]"/><description>Integration</description><purpose></purpose><success></success><brainstorming></brainstorming><organising></organising><done>false</done><sequence>false</sequence><sequencing reference="../../../../../../project[2]/sequencing"/><notes>1 day</notes><modified>2012-02-20 16:03:47.130 CST</modified></project></children><topic reference="../../../../../../../../../../../../topics/items/topic[3]"/><description>SYR</description><purpose></purpose><success></success><brainstorming></brainstorming><organising></organising><done>false</done><sequence>false</sequence><sequencing reference="../../../../project[2]/sequencing"/><notes></notes><modified>2012-02-20 16:06:16.628 CST</modified></project><project><id>222</id><created>2012-02-20 15:53:07.704 CST</created><parent reference="../../.."/><children><project><id>431</id><created>2012-02-20 15:56:50.568 CST</created><parent reference="../../.."/><children/><topic reference="../../../../../../../../../../../../../../topics/items/topic[3]"/><description>GUI view</description><purpose></purpose><success></success><brainstorming></brainstorming><organising></organising><done>false</done><sequence>false</sequence><sequencing reference="../../../../../../project[2]/sequencing"/><notes>1 day
</notes><modified>2012-02-20 16:04:05.23 CST</modified></project><project><id>433</id><created>2012-02-20 15:56:50.568 CST</created><parent reference="../../.."/><children><action><id>623</id><created>2012-02-20 15:56:56.855 CST</created><parent reference="../../.."/><description>FInish configure CLI</description><topic reference="../../../../../../../../../../../../../../../../topics/items/topic[3]"/><context reference="../../../../../../project[2]/children/project[3]/children/action/context"/><state class="actionStateASAP"><created>2012-02-20 15:56:56.855 CST</created></state><notes></notes><done>true</done><doneDate>2012-02-13 00:00:00.0 CST</doneDate><modified>2012-02-20 15:58:24.56 CST</modified></action><action><id>893</id><created>2012-02-20 15:57:36.199 CST</created><parent reference="../../.."/><description>Finish delete CLI</description><topic reference="../../../../../../../../../../../../../../../../topics/items/topic[3]"/><context reference="../../../../../../project[2]/children/project[3]/children/action/context"/><state class="actionStateASAP"><created>2012-02-20 15:57:36.200 CST</created></state><notes></notes><done>true</done><doneDate>2012-02-20 00:00:00.0 CST</doneDate><modified>2012-02-20 15:58:32.995 CST</modified></action></children><topic reference="../../../../../../../../../../../../../../topics/items/topic[3]"/><description>CLI</description><purpose></purpose><success></success><brainstorming></brainstorming><organising></organising><done>false</done><sequence>false</sequence><sequencing reference="../../../../../../project[2]/sequencing"/><modified>2012-02-20 15:59:05.474 CST</modified></project><project><id>434</id><created>2012-02-20 15:56:50.568 CST</created><parent reference="../../.."/><children><action><id>1170</id><created>2012-02-20 15:58:02.356 CST</created><parent reference="../../.."/><description>Integrate CLI with backend feature</description><topic reference="../../../../../../../../../../../../../../../../topics/items/topic[3]"/><context reference="../../../../../../project[2]/children/project[3]/children/action/context"/><state class="actionStateInactive"><created>2012-02-20 15:59:41.885 CST</created></state><notes></notes><done>false</done><modified>2012-02-20 15:59:41.885 CST</modified></action><action><id>1791</id><created>2012-02-20 15:59:16.254 CST</created><parent reference="../../.."/><description>Integrate GUI  with backend feature</description><topic reference="../../../../../../../../../../../../../../../../topics/items/topic[3]"/><context reference="../../../../../../project[2]/children/project[3]/children/action/context"/><state class="actionStateInactive"><created>2012-02-20 15:59:44.427 CST</created></state><notes></notes><done>false</done><success></success><modified>2012-02-20 17:43:24.59 CST</modified></action></children><topic reference="../../../../../../../../../../../../../../topics/items/topic[3]"/><description>Integration</description><purpose></purpose><success></success><brainstorming></brainstorming><organising></organising><done>false</done><sequence>false</sequence><sequencing reference="../../../../../../project[2]/sequencing"/><notes>1 day
</notes><modified>2012-02-20 16:04:23.294 CST</modified></project></children><topic reference="../../../../../../../../../../../../topics/items/topic[3]"/><description>rSyslog</description><purpose></purpose><success></success><brainstorming></brainstorming><organising></organising><done>false</done><sequence>false</sequence><sequencing reference="../../../../project[2]/sequencing"/><notes></notes><modified>2012-02-20 16:04:15.506 CST</modified></project><project><id>224</id><created>2012-02-20 15:53:42.60 CST</created><parent reference="../../.."/><children><project><id>2224</id><created>2012-02-20 16:01:52.118 CST</created><parent reference="../../.."/><children/><topic reference="../../../../../../../../../../../../../../topics/items/topic[3]"/><description>Controller</description><purpose></purpose><success></success><brainstorming></brainstorming><organising></organising><done>false</done><sequence>false</sequence><sequencing reference="../../../../../../project[2]/sequencing"/><notes>1 day</notes><modified>2012-02-20 16:05:12.60 CST</modified></project><project><id>2225</id><created>2012-02-20 16:01:52.118 CST</created><parent reference="../../.."/><children><action><id>2226</id><created>2012-02-20 16:01:52.118 CST</created><parent reference="../../.."/><description>Integrate CLI with backend feature</description><topic reference="../../../../../../../../../../../../../../../../topics/items/topic[3]"/><context reference="../../../../../../project[2]/children/project[3]/children/action/context"/><state class="actionStateInactive"><created reference="../../../../../../../project[3]/children/project[3]/children/action/state/created"/></state><notes></notes><done>false</done><modified>2012-02-20 16:01:52.118 CST</modified></action><action><id>2227</id><created>2012-02-20 16:01:52.118 CST</created><parent reference="../../.."/><description>Integrate GUI  with backend feature</description><topic reference="../../../../../../../../../../../../../../../../topics/items/topic[3]"/><context reference="../../../../../../project[2]/children/project[3]/children/action/context"/><state class="actionStateInactive"><created reference="../../../../../../../project[3]/children/project[3]/children/action[2]/state/created"/></state><notes></notes><done>false</done><modified>2012-02-20 16:01:52.118 CST</modified></action></children><topic reference="../../../../../../../../../../../../../../topics/items/topic[3]"/><description>Integration</description><purpose></purpose><success></success><brainstorming></brainstorming><organising></organising><done>false</done><sequence>false</sequence><sequencing reference="../../../../../../project[2]/sequencing"/><notes>1 day</notes><modified>2012-02-20 16:05:15.991 CST</modified></project></children><topic reference="../../../../../../../../../../../../topics/items/topic[3]"/><description>Notification policy</description><purpose></purpose><success></success><brainstorming></brainstorming><organising></organising><done>false</done><sequence>false</sequence><sequencing reference="../../../../project[2]/sequencing"/><modified>2012-02-20 16:01:52.258 CST</modified></project><project><id>225</id><created>2012-02-20 15:53:49.95 CST</created><parent reference="../../.."/><children><project><id>3112</id><created>2012-02-20 16:02:04.83 CST</created><parent reference="../../.."/><children/><topic reference="../../../../../../../../../../../../../../topics/items/topic[3]"/><description>GUI view</description><purpose></purpose><success></success><brainstorming></brainstorming><organising></organising><done>false</done><sequence>false</sequence><sequencing reference="../../../../../../project[2]/sequencing"/><notes></notes><modified>2012-02-20 16:02:04.239 CST</modified></project><project><id>3113</id><created>2012-02-20 16:02:04.83 CST</created><parent reference="../../.."/><children/><topic reference="../../../../../../../../../../../../../../topics/items/topic[3]"/><description>Controller</description><purpose></purpose><success></success><brainstorming></brainstorming><organising></organising><done>false</done><sequence>false</sequence><sequencing reference="../../../../../../project[2]/sequencing"/><modified>2012-02-20 16:02:04.239 CST</modified></project><project><id>3114</id><created>2012-02-20 16:02:04.83 CST</created><parent reference="../../.."/><children/><topic reference="../../../../../../../../../../../../../../topics/items/topic[3]"/><description>CLI</description><purpose></purpose><success></success><brainstorming></brainstorming><organising></organising><done>false</done><sequence>false</sequence><sequencing reference="../../../../../../project[2]/sequencing"/><modified>2012-02-20 16:02:13.178 CST</modified></project><project><id>3117</id><created>2012-02-20 16:02:04.83 CST</created><parent reference="../../.."/><children><action><id>3118</id><created>2012-02-20 16:02:04.83 CST</created><parent reference="../../.."/><description>Integrate CLI with backend feature</description><topic reference="../../../../../../../../../../../../../../../../topics/items/topic[3]"/><context reference="../../../../../../project[2]/children/project[3]/children/action/context"/><state class="actionStateInactive"><created reference="../../../../../../../project[3]/children/project[3]/children/action/state/created"/></state><notes></notes><done>false</done><modified>2012-02-20 16:02:04.83 CST</modified></action><action><id>3119</id><created>2012-02-20 16:02:04.83 CST</created><parent reference="../../.."/><description>Integrate GUI  with backend feature</description><topic reference="../../../../../../../../../../../../../../../../topics/items/topic[3]"/><context reference="../../../../../../project[2]/children/project[3]/children/action/context"/><state class="actionStateInactive"><created reference="../../../../../../../project[3]/children/project[3]/children/action[2]/state/created"/></state><notes></notes><done>false</done><success></success><modified>2012-02-20 17:43:00.550 CST</modified></action></children><topic reference="../../../../../../../../../../../../../../topics/items/topic[3]"/><description>Integration</description><purpose></purpose><success></success><brainstorming></brainstorming><organising></organising><done>false</done><sequence>false</sequence><sequencing reference="../../../../../../project[2]/sequencing"/><modified>2012-02-20 16:02:04.255 CST</modified></project></children><topic reference="../../../../../../../../../../../../topics/items/topic[3]"/><description>Event detail</description><purpose></purpose><success></success><brainstorming></brainstorming><organising></organising><done>false</done><sequence>false</sequence><sequencing reference="../../../../project[2]/sequencing"/><modified>2012-02-20 16:02:04.255 CST</modified></project><action><id>226</id><created>2012-02-20 15:54:08.788 CST</created><parent reference="../../.."/><description>Change Default scope can be removed</description><topic reference="../../../../../../../../../../../../topics/items/topic[3]"/><context reference="../../project[2]/children/project[3]/children/action/context"/><state class="actionStateInactive"><created>2012-02-20 17:43:14.137 CST</created></state><notes></notes><done>false</done><success></success><modified>2012-02-20 17:43:14.137 CST</modified></action><action><id>227</id><created>2012-02-20 15:54:20.67 CST</created><parent reference="../../.."/><description>Check command and SQL injection for atmos GUI</description><topic reference="../../../../../../../../../../../../topics/items/topic[3]"/><context reference="../../project[2]/children/project[3]/children/action/context"/><state class="actionStateInactive"><created>2012-02-20 16:35:27.642 CST</created></state><notes></notes><done>false</done><priority reference="../../../../../parent/children/actions/children/action/priority"/><success></success><modified>2012-02-20 17:41:27.256 CST</modified></action><action><id>228</id><created>2012-02-20 15:54:32.329 CST</created><parent reference="../../.."/><description>Test event detail table with bug data</description><topic reference="../../../../../../../../../../../../topics/items/topic[3]"/><context reference="../../project[2]/children/project[3]/children/action/context"/><state class="actionStateInactive"><created>2012-02-20 17:38:36.931 CST</created></state><notes></notes><done>false</done><success></success><modified>2012-02-20 17:38:36.931 CST</modified></action></children><topic reference="../../../../../../../../../../topics/items/topic[3]"/><description>Sumatra</description><purpose></purpose><success></success><brainstorming></brainstorming><organising></organising><done>false</done><sequence>false</sequence><sequencing reference="../../project[2]/sequencing"/><modified>2012-02-20 18:59:58.883 CST</modified></project><project><id>10824</id><created>2012-02-20 16:26:55.433 CST</created><thought><created>2012-02-20 15:42:44.318 CST</created><description>学习小强升职记</description><topic reference="../../../../../../../../../../../information/items/info[2]/topic"/><processed>true</processed><notes>[ ]阅读&#x0D;
[ ]测试&#x0D;
[ ]根据书中建议改善自己&#x0D;
     [ ]实践避开时间黑洞建议&#x0D;
&#x0D;
&#x0D;
测试结果&#x0D;
职业价值观&#x0D;
得分最高三项：经济报酬，独立性，智力刺激和成就感并列&#x0D;
最低三项：美感，管理，利他主义&#x0D;
 [file:/D:/shawn/document/GTD/小强升职记/forms/File10/避开时间黑洞建议.pdf] </notes><id>210</id></thought><parent class="projects" reference="../../.."/><children><action><id>10823</id><created>2012-02-20 16:25:46.668 CST</created><thought reference="../../../thought"/><parent reference="../../.."/><description>学习小强升职记</description><topic reference="../../../../../../../../../../../../information/items/info[2]/topic"/><context reference="../../../../../../../../../../../../contexts/items/context[5]"/><state class="actionStateASAP"><created>2012-02-20 16:26:55.433 CST</created></state><notes>[ ]阅读&#x0D;
[ ]测试&#x0D;
[ ]根据书中建议改善自己&#x0D;
     [ ]实践避开时间黑洞建议&#x0D;
&#x0D;
&#x0D;
测试结果&#x0D;
职业价值观&#x0D;
得分最高三项：经济报酬，独立性，智力刺激和成就感并列&#x0D;
最低三项：美感，管理，利他主义&#x0D;
 [file:/D:/shawn/document/GTD/小强升职记/forms/File10/避开时间黑洞建议.pdf] </notes><done>false</done><priority reference="../../../../../parent/children/actions/children/action/priority"/><success>Know more detail about GTD</success><modified>2012-02-20 16:26:55.433 CST</modified></action></children><topic reference="../../../../../../../../../../information/items/info[2]/topic"/><description>学习小强升职记</description><purpose></purpose><success>Know more detail about GTD</success><brainstorming></brainstorming><organising></organising><done>false</done><sequence>false</sequence><notes>[ ]阅读&#x0D;
[ ]测试&#x0D;
[ ]根据书中建议改善自己&#x0D;
     [ ]实践避开时间黑洞建议&#x0D;
&#x0D;
&#x0D;
测试结果&#x0D;
职业价值观&#x0D;
得分最高三项：经济报酬，独立性，智力刺激和成就感并列&#x0D;
最低三项：美感，管理，利他主义&#x0D;
 [file:/D:/shawn/document/GTD/小强升职记/forms/File10/避开时间黑洞建议.pdf] </notes><modified>2012-02-20 16:26:55.433 CST</modified></project><project><id>10826</id><created>2012-02-20 16:27:23.163 CST</created><thought><created>2012-02-20 15:45:45.751 CST</created><description>Learn atmos</description><topic reference="../../../../../../../../../../../information/items/info[2]/topic"/><processed>true</processed><notes>[http://\\cigdogfood.lss.emc.com\share\AtmosTraining\CIG Sustaining Training 201103|atmos material]</notes><id>211</id></thought><parent class="projects" reference="../../.."/><children><action><id>10825</id><created>2012-02-20 16:26:55.464 CST</created><thought reference="../../../thought"/><parent reference="../../.."/><description>Learn atmos</description><topic reference="../../../../../../../../../../../../information/items/info[2]/topic"/><context reference="../../../../../../../../../../../../contexts/items/context[5]"/><state class="actionStateInactive"><created>2012-02-20 18:51:02.337 CST</created></state><notes>[http://\\cigdogfood.lss.emc.com\share\AtmosTraining\CIG Sustaining Training 201103|atmos material]</notes><done>false</done><priority reference="../../../../../parent/children/actions/children/action/priority"/><success>Know detail about atmos</success><modified>2012-02-20 18:51:02.337 CST</modified></action></children><topic reference="../../../../../../../../../../information/items/info[2]/topic"/><description>Learn atmos</description><purpose></purpose><success>Know detail about atmos</success><brainstorming></brainstorming><organising></organising><done>false</done><sequence>false</sequence><notes>[http://\\cigdogfood.lss.emc.com\share\AtmosTraining\CIG Sustaining Training 201103|atmos material]</notes><modified>2012-02-20 16:27:23.163 CST</modified></project><project><id>10847</id><created>2012-02-20 18:31:50.629 CST</created><thought><created>2012-02-20 17:54:58.798 CST</created><description>use git to sync TR db</description><topic reference="../../../../../../../../../../../information/items/info[5]/topic"/><processed>true</processed><id>10839</id></thought><parent class="projects" reference="../../.."/><children><action><id>10846</id><created>2012-02-20 18:31:26.885 CST</created><thought reference="../../../thought"/><parent reference="../../.."/><description>use git to sync TR db</description><topic reference="../../../../../../../../../../../../information/items/info[5]/topic"/><context reference="../../../../../../../../../../../../contexts/items/context[4]"/><state class="actionStateScheduled"><date>2012-02-20 00:00:00.0 CST</date><durationHours>0</durationHours><durationMinutes>0</durationMinutes><created>2012-02-20 19:03:42.535 CST</created></state><notes></notes><done>false</done><priority reference="../../../../../parent/children/actions/children/action/priority"/><success></success><modified>2012-02-20 19:03:42.535 CST</modified></action></children><topic reference="../../../../../../../../../../information/items/info[5]/topic"/><description>use git to sync TR db</description><purpose></purpose><success></success><brainstorming></brainstorming><organising></organising><done>false</done><sequence>false</sequence><notes></notes><modified>2012-02-20 18:31:50.629 CST</modified></project></children><topic reference="../../../../../../../../topics/items/topic"/><description></description><purpose></purpose><success></success><brainstorming></brainstorming><organising></organising><done>false</done><sequence>false</sequence><modified>2012-02-20 18:31:50.629 CST</modified></parent><children><action><id>158</id><created>2012-02-20 14:10:03.548 CST</created><parent reference="../../.."/><description>Install tr on the PC</description><topic reference="../../../../../../../../../topics/items/topic[4]"/><context reference="../../../../../../../../../contexts/items/context[5]"/><state class="actionStateASAP"><created>2012-02-20 14:10:26.121 CST</created></state><notes></notes><done>true</done><doneDate>2012-02-20 00:00:00.0 CST</doneDate><modified>2012-02-20 14:21:21.467 CST</modified></action><action><id>161</id><created>2012-02-20 14:12:36.865 CST</created><parent reference="../../.."/><description>Search some tips to use tr</description><topic reference="../../../../../../../../../topics/items/topic[4]"/><context><name>None</name><description>No context.</description><id>9</id></context><state class="actionStateASAP"><created>2012-02-20 15:07:58.612 CST</created></state><notes>Can editor like emacs, 
work with google canlendar，  </notes><done>true</done><doneDate>2012-02-20 00:00:00.0 CST</doneDate><priority reference="../../../parent/parent/children/actions/children/action/priority"/><success></success><modified>2012-02-20 15:08:02.699 CST</modified></action><action><id>160</id><created>2012-02-20 14:12:01.422 CST</created><parent reference="../../.."/><description>Try to create some real example  to learn</description><topic reference="../../../../../../../../../topics/items/topic[4]"/><context reference="../../action[2]/context"/><state class="actionStateASAP"><created>2012-02-20 14:13:17.182 CST</created></state><notes>Create a prject, a reference
Search
Prority
</notes><done>true</done><doneDate>2012-02-20 00:00:00.0 CST</doneDate><success></success><modified>2012-02-20 14:21:28.409 CST</modified></action><action><id>159</id><created>2012-02-20 14:11:18.210 CST</created><parent reference="../../.."/><description>Install tr on the iphone and ipad</description><topic reference="../../../../../../../../../topics/items/topic[4]"/><context reference="../../../../../../../../../contexts/items/context[2]"/><state class="actionStateScheduled"><date>2012-02-20 21:00:00.0 CST</date><durationHours>0</durationHours><durationMinutes>0</durationMinutes><created>2012-02-20 17:45:50.183 CST</created></state><notes>没有</notes><done>true</done><doneDate>2012-02-20 00:00:00.0 CST</doneDate><success></success><modified>2012-02-20 20:33:03.185 CST</modified></action><action><id>184</id><created>2012-02-20 15:05:57.552 CST</created><thought><created>2012-02-20 15:05:21.607 CST</created><description>Create a script to sync tr with google carlendar</description><topic reference="../../../../../../../../../../topics/items/topic[4]"/><processed>true</processed><id>181</id></thought><parent reference="../../.."/><description>Create a script to sync tr with google carlendar</description><topic reference="../../../../../../../../../topics/items/topic[4]"/><context reference="../../../../../../../../../contexts/items/context[5]"/><state class="actionStateASAP"><created>2012-02-20 15:06:54.627 CST</created></state><notes></notes><done>false</done><priority reference="../../../parent/parent/children/actions/children/action/priority"/><success>A script to sync tr with google calendar auto</success><modified>2012-02-20 15:06:54.627 CST</modified></action><action><id>180</id><created>2012-02-20 15:02:40.395 CST</created><thought><created>2012-02-20 15:01:27.500 CST</created><description>Learn TR shortcuts</description><topic reference="../../../../../../../../../../topics/items/topic[4]"/><processed>true</processed><id>176</id></thought><parent reference="../../.."/><description>Learn TR shortcuts</description><topic reference="../../../../../../../../../topics/items/topic[4]"/><context reference="../../../../../../../../../contexts/items/context[5]"/><state class="actionStateASAP"><created>2012-02-20 15:07:33.458 CST</created></state><notes></notes><done>true</done><doneDate>2012-02-20 00:00:00.0 CST</doneDate><priority reference="../../../parent/parent/children/actions/children/action/priority"/><success>Familiar with the shortcuts used often</success><modified>2012-02-20 15:32:29.803 CST</modified></action></children><topic reference="../../../../../../../topics/items/topic[4]"/><description>Learn to use thinkingrocky</description><purpose></purpose><success></success><brainstorming></brainstorming><organising></organising><done>false</done><sequence>false</sequence><sequencing reference="../parent/children/project[2]/sequencing"/><notes></notes><modified>2012-02-20 20:33:12.764 CST</modified></parent><children><action reference="../../.."/></children><topic reference="../../../../../../topics/items/topic[4]"/><description>Learn to use thinkingrocky</description><purpose></purpose><success>Be able to use thinkingrock to GTD</success><brainstorming></brainstorming><organising></organising><done>false</done><sequence>false</sequence><sequencing reference="../parent/parent/children/project[2]/sequencing"/><notes></notes><modified>2012-02-20 14:08:53.635 CST</modified></parent><description>Learn to use thinkingrocky</description><topic reference="../../../../../topics/items/topic[4]"/><context reference="../../../../../contexts/items/context[5]"/><state class="actionStateASAP"><created>2012-02-20 14:08:53.635 CST</created></state><notes></notes><done>false</done><success>Be able to use thinkingrock to GTD</success><modified>2012-02-20 14:08:53.635 CST</modified></action><id>156</id></thought><thought reference="../thought/action/parent/parent/thought"/><thought><created>2012-02-20 14:17:04.258 CST</created><description>Tips about 选股</description><topic reference="../../../../topics/items/topic[5]"/><processed>true</processed><notes>啊啊撒擦除的撒旦 </notes><id>163</id></thought><thought reference="../thought/action/parent/parent/parent/children/project[2]/thought"/><thought reference="../thought/action/parent/parent/children/action[6]/thought"/><thought reference="../thought/action/parent/parent/children/action[5]/thought"/><thought reference="../thought/action/parent/parent/parent/parent/children/actions/children/action/thought"/><thought reference="../thought/action/parent/parent/parent/parent/children/actions/children/action[2]/thought"/><thought reference="../thought/action/parent/parent/parent/parent/children/actions/children/action[3]/thought"/><thought><created>2012-02-20 15:38:05.986 CST</created><description>记账</description><topic reference="../../../../information/items/info[2]/topic"/><processed>true</processed><id>199</id></thought><thought reference="../thought/action/parent/parent/parent/parent/children/actions/children/action[4]/thought"/><thought><created>2012-02-20 15:38:39.604 CST</created><description>完成GTD表格</description><topic reference="../../../../information/items/info[2]/topic"/><processed>true</processed><notes>时间黑洞测试&#x0D;
时间日志&#x0D;
时间日志比例&#x0D;
</notes><id>201</id></thought><thought reference="../thought/action/parent/parent/parent/parent/children/actions/children/action[6]/thought"/><thought><created>2012-02-20 15:39:33.3 CST</created><description>还房贷</description><topic reference="../../../../information/items/info[2]/topic"/><processed>true</processed><id>203</id></thought><thought reference="../thought/action/parent/parent/parent/parent/children/actions/children/action[8]/thought"/><thought reference="../thought/action/parent/parent/parent/parent/children/actions/children/action[9]/thought"/><thought reference="../thought/action/parent/parent/parent/parent/children/actions/children/action[10]/thought"/><thought reference="../thought/action/parent/parent/parent/parent/children/actions/children/action[11]/thought"/><thought reference="../thought/action/parent/parent/parent/parent/children/actions/children/action[12]/thought"/><thought><created>2012-02-20 15:42:18.344 CST</created><description>新年计划参考文章</description><topic reference="../../../../information/items/info[2]/topic"/><processed>true</processed><notes>by 弥缝&#x0D;
就要重新投入工作学习环境中，你有没有从新年的氛围中静下心来回答过这些问题呢？如果没有的话，我建议你做做这份小问答。跨过去年的喜和悲，得与失，在新的一年取得更多的进步！&#x0D;
在回答这些问题时，你可以从生活、健康、情感、心智、自我、理财、家庭、工作、休闲等各个方面来回答。&#x0D;
回顾过去的一年：&#x0D;
	1. 过去一年，你有完成了哪些任务，项目和目标？&#x0D;
	2. 过去一年，你取得的最大成果是什么？&#x0D;
	3. 过去一年，你最明智的决定是什么？&#x0D;
	4. 过去一年，你学会或收获的最重要的是什么？&#x0D;
	5. 过去一年，你为家庭、周围的人或社区做过的最大贡献是什么？&#x0D;
	6. 过去一年，你最想实现却没有完成的是什么？&#x0D;
	7. 过去一年，你做得最自豪的事情是什么？&#x0D;
	8. 过去一年，对你影响最深的三个人是谁？&#x0D;
	9. 过去一年，你做过的最有挑战的是什么？&#x0D;
	10. 过去一年，你觉得最惊喜的是什么？&#x0D;
	11. 过去一年，在情感关系、人际关系上取得的最大进步是什么？&#x0D;
	12. 过去一年，你觉得最应该得到的表扬是什么？&#x0D;
	13. 过去一年，你觉得最应该给予的表扬是什么？&#x0D;
	14. 过去一年，你觉得遗憾的、需要改进的是什么？&#x0D;
	15. 请用几个词句总结你的过去的一年。&#x0D;
&#x0D;
展望新的一年：&#x0D;
	1. 新一年，你最想取得的成果是什么？&#x0D;
	2. 新一年，你想给自己的一些忠告是什么？&#x0D;
	3. 新一年，去做到什么会让你特高兴？&#x0D;
	4. 新一年，你觉得可以适当纵容的是什么？&#x0D;
	5. 新一年，你最想改变自己的是什么？&#x0D;
	6. 新一年，你期待能够学习或体会什么？&#x0D;
	7. 新一年，你觉得可能会碰到的危机是什么？&#x0D;
	8. 新一年，在工作上你觉得应该改变或提升的是什么？&#x0D;
	9. 新一年，在理财方面你最想取得的进步是什么？&#x0D;
	10. 新一年，你觉得应该挖掘自己哪方面的才能？&#x0D;
	11. 新一年，你应该在那些你钟情的事情上做些什么？&#x0D;
	12. 新一年，你觉得应该与谁或什么事取得更进一步的发展？&#x0D;
	13. 请用几个词句来描述你要实现的新的一年。&#x0D;
&#x0D;
</notes><id>209</id></thought><thought reference="../thought/action/parent/parent/parent/children/project[4]/thought"/><thought reference="../thought/action/parent/parent/parent/children/project[5]/thought"/><thought reference="../thought/action/parent/parent/parent/parent/children/actions/children/action[13]/thought"/><thought reference="../thought/action/parent/parent/parent/parent/children/actions/children/action[14]/thought"/><thought reference="../thought/action/parent/parent/parent/parent/children/actions/children/action[15]/thought"/><thought reference="../thought/action/parent/parent/parent/parent/children/actions/children/action[16]/thought"/><thought reference="../thought/action/parent/parent/parent/parent/children/actions/children/action[17]/thought"/><thought><created>2012-02-20 15:49:51.600 CST</created><description>选股标准</description><topic reference="../../../../information/items/info[2]/topic"/><processed>true</processed><notes>学习资料，逐步完善


Draft：
1.均线走平
2.前期涨幅不大
3.高送转潜力
4.股本不大
5.朝阳行业
</notes><id>217</id></thought><thought><created>2012-02-20 15:50:18.900 CST</created><description>新年目标参考 - 褪墨</description><topic reference="../../../../information/items/info[2]/topic"/><processed>true</processed><notes>[http://www.mifengtd.cn/articles/how-to-define-successful-new-years-resolutions.html]&#x0D;
http://www.mifengtd.cn/articles/define_goal_destination_devise_a_plan_to_get_there.html&#x0D;
http://www.mifengtd.cn/articles/three-steps-to-successful-resolutions.html</notes><id>219</id></thought><thought><created>2012-02-20 16:05:53.306 CST</created><description>Backup tr db daily</description><topic reference="../../../../topics/items/topic[4]"/><processed>true</processed><id>9969</id></thought><thought><created>2012-02-20 17:25:10.55 CST</created><description>记录如何让TR打印中文</description><topic><name>None</name><description>No topic.</description><color><red>0</red><green>0</green><blue>0</blue><alpha>255</alpha></color><background><red>255</red><green>255</green><blue>255</blue><alpha>255</alpha></background><id>8</id></topic><processed>true</processed><notes>1.下载中文字体&#x0D;
2.在C:\Program Files (x86)\TR-2.2.1\tr\resource\fop 目录下edit fop.xconf, 加入&#x0D;
&lt;font metrics-url=&quot;fzdbsjw.xml&quot; kerning=&quot;yes&quot; embed-url=&quot;fzdbsjw.ttf&quot;&gt;&#x0D;
&lt;font-triplet name=&quot;Chinese-Mifeng.cn&quot; style=&quot;normal&quot; weight=&quot;normal&quot;/&gt;&#x0D;
&lt;/font&gt;&#x0D;
&lt;font metrics-url=&quot;fzdbsjw.xml&quot; kerning=&quot;yes&quot; embed-url=&quot;fzdbsjw.ttf&quot;&gt;&#x0D;
&lt;font-triplet name=&quot;Chinese-Mifeng.cn&quot; style=&quot;normal&quot; weight=&quot;bold&quot;/&gt;&#x0D;
&lt;/font&gt;&#x0D;
&lt;font metrics-url=&quot;fzdbsjw.xml&quot; kerning=&quot;yes&quot; embed-url=&quot;fzdbsjw.ttf&quot;&gt;&#x0D;
&lt;font-triplet name=&quot;Chinese-Mifeng.cn&quot; style=&quot;italic&quot; weight=&quot;normal&quot;/&gt;&#x0D;
&lt;/font&gt;&#x0D;
3 将目录下所有其他文件保留名字，文件改成对应的fzdbsjw 的ttf 或者xml</notes><id>10837</id></thought><thought reference="../thought/action/parent/parent/parent/children/project[6]/thought"/><thought reference="../thought/action/parent/parent/parent/parent/children/actions/children/action[18]/thought"/></items></thoughts><rootProject class="projects" reference="../thoughts/items/thought/action/parent/parent/parent"/><rootActions class="actions" reference="../thoughts/items/thought/action/parent/parent/parent/parent/children/actions"/><rootTemplates class="tr.model.project.ProjectTemplates"><id>3</id><created>2012-02-20 13:37:47.49 CST</created><children/><topic reference="../../topics/items/topic"/><description></description><purpose></purpose><success></success><brainstorming></brainstorming><organising></organising><done>false</done><sequence>false</sequence><modified>2012-02-20 13:37:47.49 CST</modified></rootTemplates><rootFutures class="tr.model.project.ProjectFutures"><id>4</id><created>2012-02-20 13:37:47.49 CST</created><children/><topic reference="../../topics/items/topic"/><description></description><purpose></purpose><success></success><brainstorming></brainstorming><organising></organising><done>false</done><sequence>false</sequence><modified>2012-02-20 13:37:47.49 CST</modified></rootFutures><timeCriterion><name>Time</name><use>false</use><values><items><value><id>101</id><name>5 min</name></value><value><id>102</id><name>10 min</name></value><value><id>103</id><name>15 min</name></value><value><id>104</id><name>20 min</name></value><value><id>105</id><name>30 min</name></value><value><id>106</id><name>45 min</name></value><value><id>107</id><name>1 hr</name></value><value><id>108</id><name>1.5 hrs</name></value><value><id>109</id><name>2 hrs</name></value><value><id>110</id><name>2.5 hrs</name></value><value><id>111</id><name>3 hrs</name></value><value><id>112</id><name>4 hrs</name></value><value><id>113</id><name>5 hrs</name></value><value><id>114</id><name>6 hrs</name></value><value><id>115</id><name>7 hrs</name></value><value><id>116</id><name>8 hrs</name></value></items></values></timeCriterion><energyCriterion><name>Energy</name><use>false</use><values><items><value><id>117</id><name>None</name></value><value><id>118</id><name>Low Mental</name></value><value><id>119</id><name>Med Mental</name></value><value><id>120</id><name>High Mental</name></value><value><id>121</id><name>Low Physical</name></value><value><id>122</id><name>Med Physical</name></value><value><id>123</id><name>High Physical</name></value></items></values></energyCriterion><priorityCriterion><name>Priority</name><use>true</use><values><items><value reference="../../../../thoughts/items/thought/action/parent/parent/parent/parent/children/actions/children/action[7]/state/recurrence/priority"/><value reference="../../../../thoughts/items/thought/action/parent/parent/parent/parent/children/actions/children/action/priority"/><value><id>171</id><name>3</name></value><value><id>172</id><name>4</name></value></items></values></priorityCriterion><maxLogID>0</maxLogID></data>