<data><version>4</version><maxID>11429</maxID><topics><items><topic><name>None</name><description>No topic.</description><color><red>0</red><green>0</green><blue>0</blue><alpha>255</alpha></color><background><red>255</red><green>255</green><blue>255</blue><alpha>255</alpha></background><id>8</id></topic><topic><name>Life</name><description></description><color><red>0</red><green>0</green><blue>0</blue><alpha>255</alpha></color><background><red>255</red><green>255</green><blue>255</blue><alpha>255</alpha></background><id>136</id></topic><topic><name>Work</name><description></description><color><red>0</red><green>0</green><blue>0</blue><alpha>255</alpha></color><background reference="../../topic[2]/background"/><id>137</id></topic><topic><name>Sel Improve</name><description></description><color reference="../../topic[2]/color"/><background reference="../../topic[2]/background"/><id>138</id></topic><topic><name>Stock</name><description></description><color reference="../../topic[2]/color"/><background reference="../../topic[2]/background"/><id>139</id></topic><topic><name>Contact</name><description></description><color><red>0</red><green>0</green><blue>0</blue><alpha>255</alpha></color><background><red>255</red><green>255</green><blue>255</blue><alpha>255</alpha></background><id>141</id></topic><topic><name>tech</name><description></description><color><red>0</red><green>0</green><blue>0</blue><alpha>255</alpha></color><background><red>102</red><green>102</green><blue>255</blue><alpha>255</alpha></background><id>10966</id></topic><topic><name>SW</name><description></description><color><red>0</red><green>0</green><blue>0</blue><alpha>255</alpha></color><background><red>255</red><green>255</green><blue>255</blue><alpha>255</alpha></background><id>11013</id></topic><topic><name>Book</name><description></description><color reference="../../topic[8]/color"/><background reference="../../topic[8]/background"/><id>11017</id></topic><topic><name>Read</name><description></description><color><red>0</red><green>0</green><blue>0</blue><alpha>255</alpha></color><background><red>255</red><green>255</green><blue>255</blue><alpha>255</alpha></background><id>11265</id></topic><topic><name>How</name><description></description><color><red>0</red><green>0</green><blue>0</blue><alpha>255</alpha></color><background><red>255</red><green>255</green><blue>255</blue><alpha>255</alpha></background><id>11298</id></topic></items></topics><contexts><items><context><name>None</name><description>No context.</description><id>9</id></context><context><name>Home</name><description></description><id>128</id></context><context><name>Office</name><description></description><id>129</id></context><context><name>Internet</name><description></description><id>130</id></context><context><name>Computer</name><description></description><id>131</id></context><context><name>Shopping</name><description></description><id>132</id></context><context><name>Call</name><description></description><id>134</id></context><context><name>Anywhere</name><description></description><id>150</id></context></items></contexts><information><items><info><created>2012-02-20 16:25:46.668 CST</created><description>新年计划参考文章</description><topic reference="../../../../topics/items/topic[2]"/><location></location><notes>by 弥缝&#x0D;
就要重新投入工作学习环境中，你有没有从新年的氛围中静下心来回答过这些问题呢？如果没有的话，我建议你做做这份小问答。跨过去年的喜和悲，得与失，在新的一年取得更多的进步！&#x0D;
在回答这些问题时，你可以从生活、健康、情感、心智、自我、理财、家庭、工作、休闲等各个方面来回答。&#x0D;
回顾过去的一年：&#x0D;
	1. 过去一年，你有完成了哪些任务，项目和目标？&#x0D;
	2. 过去一年，你取得的最大成果是什么？&#x0D;
	3. 过去一年，你最明智的决定是什么？&#x0D;
	4. 过去一年，你学会或收获的最重要的是什么？&#x0D;
	5. 过去一年，你为家庭、周围的人或社区做过的最大贡献是什么？&#x0D;
	6. 过去一年，你最想实现却没有完成的是什么？&#x0D;
	7. 过去一年，你做得最自豪的事情是什么？&#x0D;
	8. 过去一年，对你影响最深的三个人是谁？&#x0D;
	9. 过去一年，你做过的最有挑战的是什么？&#x0D;
	10. 过去一年，你觉得最惊喜的是什么？&#x0D;
	11. 过去一年，在情感关系、人际关系上取得的最大进步是什么？&#x0D;
	12. 过去一年，你觉得最应该得到的表扬是什么？&#x0D;
	13. 过去一年，你觉得最应该给予的表扬是什么？&#x0D;
	14. 过去一年，你觉得遗憾的、需要改进的是什么？&#x0D;
	15. 请用几个词句总结你的过去的一年。&#x0D;
&#x0D;
展望新的一年：&#x0D;
	1. 新一年，你最想取得的成果是什么？&#x0D;
	2. 新一年，你想给自己的一些忠告是什么？&#x0D;
	3. 新一年，去做到什么会让你特高兴？&#x0D;
	4. 新一年，你觉得可以适当纵容的是什么？&#x0D;
	5. 新一年，你最想改变自己的是什么？&#x0D;
	6. 新一年，你期待能够学习或体会什么？&#x0D;
	7. 新一年，你觉得可能会碰到的危机是什么？&#x0D;
	8. 新一年，在工作上你觉得应该改变或提升的是什么？&#x0D;
	9. 新一年，在理财方面你最想取得的进步是什么？&#x0D;
	10. 新一年，你觉得应该挖掘自己哪方面的才能？&#x0D;
	11. 新一年，你应该在那些你钟情的事情上做些什么？&#x0D;
	12. 新一年，你觉得应该与谁或什么事取得更进一步的发展？&#x0D;
	13. 请用几个词句来描述你要实现的新的一年。&#x0D;
&#x0D;
</notes><id>10822</id></info><info><created>2012-02-20 16:29:22.213 CST</created><description>选股标准</description><topic reference="../../../../topics/items/topic[5]"/><location></location><notes>学习资料，逐步完善


Draft：
1.均线走平
2.前期涨幅不大
3.高送转潜力
4.股本不大
5.朝阳行业
</notes><id>10833</id></info><info><created>2012-02-20 16:29:28.250 CST</created><description>新年目标参考 - 褪墨</description><topic reference="../../../../topics/items/topic[2]"/><location></location><notes>[http://www.mifengtd.cn/articles/how-to-define-successful-new-years-resolutions.html]&#x0D;
http://www.mifengtd.cn/articles/define_goal_destination_devise_a_plan_to_get_there.html&#x0D;
http://www.mifengtd.cn/articles/three-steps-to-successful-resolutions.html</notes><id>10835</id></info><info><created>2012-02-20 18:31:26.885 CST</created><description>记录如何让TR打印中文</description><topic reference="../../../../topics/items/topic[7]"/><location></location><notes>1.下载中文字体&#x0D;
2.在C:\Program Files (x86)\TR-2.2.1\tr\resource\fop 目录下edit fop.xconf, 加入&#x0D;
&lt;font metrics-url=&quot;fzdbsjw.xml&quot; kerning=&quot;yes&quot; embed-url=&quot;fzdbsjw.ttf&quot;&gt;&#x0D;
&lt;font-triplet name=&quot;Chinese-Mifeng.cn&quot; style=&quot;normal&quot; weight=&quot;normal&quot;/&gt;&#x0D;
&lt;/font&gt;&#x0D;
&lt;font metrics-url=&quot;fzdbsjw.xml&quot; kerning=&quot;yes&quot; embed-url=&quot;fzdbsjw.ttf&quot;&gt;&#x0D;
&lt;font-triplet name=&quot;Chinese-Mifeng.cn&quot; style=&quot;normal&quot; weight=&quot;bold&quot;/&gt;&#x0D;
&lt;/font&gt;&#x0D;
&lt;font metrics-url=&quot;fzdbsjw.xml&quot; kerning=&quot;yes&quot; embed-url=&quot;fzdbsjw.ttf&quot;&gt;&#x0D;
&lt;font-triplet name=&quot;Chinese-Mifeng.cn&quot; style=&quot;italic&quot; weight=&quot;normal&quot;/&gt;&#x0D;
&lt;/font&gt;&#x0D;
3 将目录下所有其他文件保留名字，文件改成对应的fzdbsjw 的ttf 或者xml</notes><id>10845</id></info><info><created>2012-02-21 10:02:56.142 CST</created><description>选中股票</description><topic reference="../../../../topics/items/topic[5]"/><location></location><notes>回复G--老沈(1748496160) 10:49:16 PM &#x0D;
我看中300107.2427.300134.300128</notes><id>10861</id></info><info><created>2012-02-22 13:28:35.435 CST</created><description>什么是ETF基金</description><topic reference="../../../../topics/items/topic[5]"/><location></location><notes>[file:/D:/shawn/document/stock/什么是ETF基金.doc]</notes><id>10946</id></info><info><created>2012-02-22 13:36:53.891 CST</created><description>老妖成精法则</description><topic reference="../../../../topics/items/topic[5]"/><location></location><notes>file:/D:/shawn/document/stock/千年老妖成精法则.doc</notes><id>10952</id></info><info><created>2012-02-22 13:40:42.388 CST</created><description>股票池</description><topic reference="../../../../topics/items/topic[5]"/><location></location><notes>[file:/D:/shawn/document/stock/股票池.doc]</notes><id>10957</id></info><info><created>2012-02-22 14:36:00.413 CST</created><description>ruby &amp; rails forum</description><topic reference="../../../../topics/items/topic[7]"/><location></location><notes>国内&#x0D;
http://www.iteye.com/login&#x0D;
http://ruby-china.org 订阅rss&#x0D;
国外&#x0D;
http://www.ruby-forum.com/&#x0D;
&#x0D;
subscirbe mailing lists from ruby-talk and ruby-doc in http://www.ruby-lang.org/en/community/mailing-lists/</notes><id>10975</id></info><info><created>2012-02-22 14:55:18.543 CST</created><description>刘晶晶</description><topic reference="../../../../topics/items/topic[6]"/><location></location><notes>分机 3178</notes><id>10985</id></info><info><created>2012-02-22 19:19:52.878 CST</created><description>https://www.coursera.org/saas/lecture/index</description><topic reference="../../../../topics/items/topic[7]"/><location></location><notes>course about software engineering for saas with rails
https://www.coursera.org/saas/lecture/index</notes><id>11024</id></info><info><created>2012-02-22 19:20:41.283 CST</created><description>markdownpad</description><topic reference="../../../../topics/items/topic[8]"/><location></location><notes>Evernote</notes><id>11028</id></info><info><created>2012-02-22 19:28:44.216 CST</created><description>Engineering LongLasting Software</description><topic reference="../../../../topics/items/topic[9]"/><location></location><notes>book to read</notes><id>11030</id></info><info><created>2012-02-23 18:16:52.180 CST</created><description>truecrypt</description><topic reference="../../../../topics/items/topic[8]"/><location></location><notes>目前最强大的加密软件 6:13:25 PM Thu Feb 23 2012

www.truecrypt.or

详细介绍
http://program-think.blogspot.com/2011/05/recommend-truecrypt.html</notes><id>11103</id></info><info><created>2012-02-23 19:22:51.90 CST</created><description>制定作息时间</description><topic reference="../../../../topics/items/topic[2]"/><location></location><notes>计划：&#x0D;
5:00 ~ 7:00	起床, 厕所，股票（记录几天的股票操作）&#x0D;
7:00 ~ 9:00	吃饭，出门上班，review action，安排一天action&#x0D;
9:00 ~ 12:00	Work&#x0D;
12:00 ~ 14:00	午饭，休息&#x0D;
14:00 ~ 16:00	Work&#x0D;
16:00 ~ 18:00	sel-work&#x0D;
18:00 ~ 20:00	回家，吃饭， &#x0D;
20:00 ~ 22:00	学习，上床睡觉&#x0D;
22:00 ~ 5:00	睡觉&#x0D;
&#x0D;
&#x0D;
&#x0D;
00：00～01：00  浅眠期  多梦而敏感，身体不适者易在此时痛醒。&#x0D;
01：00～02：00  排毒期  此时肝脏为排除毒素而活动旺盛，应让身体进入睡眠状态，让肝脏得以完成代谢废物。&#x0D;
02：00～03：00 休眠期   重症病人最易发病的时刻，常有患病者在此时死亡，熬夜最好勿超过这个时间。&#x0D;
09：00～11：00 精华期   此时为注意力及记忆力最好，且工作与学习的最佳时段。&#x0D;
12：00～13：00 午休期&#x0D;
14：00～15：00 高峰期   是分析力和创造力得以发挥淋漓的极致时段！&#x0D;
16：00～17：00 低潮期   体力耗弱的阶段，最好补充水果来解馋，避免因饥饿而贪食致肥胖。&#x0D;
17：00～18：00 松散期   此时血糖略增，嗅觉与味觉最敏感，不妨准备晚膳来提振精神。&#x0D;
19：00～20：00 暂憩期   最好能在饭后３０分钟去散个步或沐浴，放松一下，纾 解一日的疲倦困顿。&#x0D;
20：00～22：00 夜修期   此为晚上活动的巅峰时段，建议您善用此时进行商议， 进修等需要思虑周密的活动。&#x0D;
23：00～24：00 夜眠期   经过整日忙碌，此时应该放松心情进入梦乡，千万别让身体过度负荷，那可得不偿失哦！</notes><id>11112</id></info><info><created>2012-02-27 09:48:25.134 CST</created><description>下周跌得太多也是正常的，紧盯上海东证和光大期货的动向 </description><topic reference="../../../../topics/items/topic[5]"/><location></location><notes></notes><id>11177</id></info><info><created>2012-02-27 11:41:53.375 CST</created><description>Think a way to do parameter validation on backend side</description><topic reference="../../../../topics/items/topic[7]"/><location></location><notes>Keep the validation in the model and service.Since the controller should not kown the internal of the data.
Optional solution:
http://validatable.rubyforge.org/
http://www.prestonlee.com/2007/12/29/rails-20-validations-without-extending-activerecordbase/

And it seemed that rails 3 has much more better solution
http://thelucid.com/2010/01/08/sexy-validation-in-edge-rails-rails-3/</notes><id>11184</id></info><info><created>2012-02-28 09:58:07.196 CST</created><description>邮编地址</description><topic><name>None</name><description>No topic.</description><color><red>0</red><green>0</green><blue>0</blue><alpha>255</alpha></color><background><red>255</red><green>255</green><blue>255</blue><alpha>255</alpha></background><id>8</id></topic><location></location><notes>淞沪路252号创智天地2号楼2楼 200000
世界路43弄38号304 200048
</notes><id>11206</id></info><info><created>2012-02-28 09:58:13.934 CST</created><description>LastPass</description><topic reference="../../../../topics/items/topic[8]"/><location></location><notes>A sw which store your password and intergrated with browser</notes><id>11208</id></info><info><created>2012-02-28 09:58:18.570 CST</created><description>https://primemars@github.com/primemars/config-github.git</description><topic reference="../../info[18]/topic"/><location></location><notes>git hub repos</notes><id>11210</id></info><info><created>2012-02-28 17:56:18.535 CST</created><description>生命本来多轻盈，都是被这肉体和各种欲望的污浊给拖住</description><topic reference="../../../../topics/items/topic[2]"/><location></location><notes>我们的生命本来多轻盈，都是被这肉体和各种欲望的污浊给拖住。阿太，我记住了，“肉体是拿来用的，不是拿来伺候的。”请一定来看望我。一个活到99岁阿太的故事，一个坚强的女人的故事。&#x0D;
&#x0D;
&#x0D;
&#x0D;
原题：皮囊&#x0D;
&#x0D;
文/蔡崇达&#x0D;
&#x0D;
我那个活到99岁的阿太（我外婆的母亲），是个很牛的人。外婆50多岁突然撒手，阿太白发人送黑发人。亲戚怕她想不开，轮流看着。她却不知道哪里来的一股愤怒，嘴里骂骂咧咧，一个人跑来跑去。一会掀开棺材看看外婆的样子，一会到厨房看看那祭祀的供品做得如何，走到大厅听见有人杀一只鸡没割中动脉，那只鸡洒着血到处跳，阿太小跑出来，一把抓住那只鸡，狠狠往地上一摔。&#x0D;
&#x0D;
鸡的脚挣扎了一下，终于停歇了。“这不结了——别让这肉体在折腾它的魂灵”。阿太不是个文化人，但是个神婆。所以讲话总偶尔文绉绉。&#x0D;
&#x0D;
众人皆喑哑。&#x0D;
&#x0D;
那场葬礼，阿太一声都没哭。即使看着外婆的躯体要进入焚化炉，她也只是斜乜着眼，像是对其他嚎哭的人的不屑，又似乎是老人平静的打盹。&#x0D;
&#x0D;
那年我刚上小学一年级，很不理解阿太冰冷的无情。几次走过去问她，阿太你怎么不难过。阿太满是寿斑的脸，竟轻微舒展开，那是笑——“因为我很舍得”。&#x0D;
&#x0D;
这句话在后来的生活中很经常听到。外婆去世后，阿太经常到我家来住，她说，外婆临死前交待，黑狗达没爷爷奶奶、父母都在忙，你要帮着照顾。我因而更能感受她所谓的“舍得”。&#x0D;
&#x0D;
阿太是个很狠的人，连切菜都要像切排骨那样用力。有次她在厨房很冷静地喊哎呀一声，在厅里的我大声问，阿太怎么了？“没事，就是手指头切断了”。接下来，慌乱的是我们一家人，她自始至终，都一副事不关己的样子。&#x0D;
&#x0D;
病房里正在帮阿太缝合手指头，母亲在病房外的长椅上和我讲阿太的故事。她曾经把不会游泳的、还年幼舅公扔到海里，让他学游泳，舅公差点溺死，邻居看不过去跳到水里把他救起来。没过几天邻居又看她把舅公再次扔到水里。所有邻居都骂她没良心，她冷冷地说：“肉体就是拿来用的，不是拿来伺候的。”&#x0D;
&#x0D;
等阿太出院，我终于还是没忍住问她故事的真假。她淡淡地说：“是真的啊，如果你整天伺候你这个皮囊，不会有出息的，只有会用肉体的人才能成才。”说实话，我当时没听懂。&#x0D;
&#x0D;
我因此总觉得阿太像块石头，坚硬到什么都伤不了。她甚至是我们小镇出了名的硬骨头，即使九十多岁了，依然坚持用她那缠过的小脚，自己从村里走到镇上我老家。每回要雇车送她回去，她总是异常生气：“就两个选择，要嘛你扶着我慢慢走回去，要么我自己走回去。”也因此，老家那条石板路，总可以看到一个少年扶着一个老人慢慢地往镇外挪。&#x0D;
&#x0D;
然而我还是看到阿太哭了。那是她92岁的时候，一次她攀到屋顶要补一个窟窿，一不小心她摔下来了，躺在家里动不了。我去探望她，她远远就听到了，还没进门，她就哭着喊，我的乖曾孙，阿太动不了了，阿太被困住了。虽然第二周她就倔强地想落地走路，然而没走几步又摔倒了。她哭着叮嘱我说，要我常过来看她，从此每天依靠一把椅子支撑，慢慢挪到门口，坐在那，等一整天我的身影。我也时常往阿太家跑，特别遇到事情的时候，总觉得和她坐在一起，有种说不出的安宁和踏实。&#x0D;
&#x0D;
后来我上大学了、再后来到外地工作，见她分外少了。然而每次遇到挫折，我总是请假往老家跑——一个重要的事情，就是去和阿太坐一个下午，虽然我说的苦恼，她不一定听得懂，甚至不一定听得到（她已经耳背了），但每次看到她不甚明白地笑，展开那岁月雕刻出的层层叠叠的皱纹，我就莫名其妙地释然了许多。&#x0D;
&#x0D;
知道阿太去世，是在很平常的一个早上。母亲打电话给我，说你阿太走了。然后两边的人抱着电话一起哭。母亲说阿太最后留了一句话给我：“黑狗达不准哭。死不就是脚一蹬的事情吗，要是诚心想念我，我自然会来看你。因为从此之后，我已经没有皮囊这个包袱。来去多方便”。&#x0D;
&#x0D;
那一刻才明白阿太曾经对我说过的一句话，才明白阿太的生活观：我们的生命本来多轻盈，都是被这肉体和各种欲望的污浊给拖住。阿太，我记住了，“肉体是拿来用的，不是拿来伺候的。”请一定来看望我。（来源）</notes><id>11231</id></info><info><created>2012-02-28 17:57:30.759 CST</created><description>Add row to table via jquery</description><topic reference="../../../../topics/items/topic[7]"/><location></location><notes>已有tr的情况
$(&apos;#myTable tr:last&apos;).after(&apos;&lt;tr&gt;...&lt;/tr&gt;&lt;tr&gt;...&lt;/tr&gt;&apos;);
没有tr的情况
jQuery(&quot;#details tbody&quot;).html(trs);</notes><id>11235</id></info><info><created>2012-02-29 12:31:47.271 CST</created><description>Edit remote file with emacs</description><topic reference="../../../../topics/items/topic[7]"/><location></location><notes>Example &#x0D;
emacs /ssh:zhanga5@10.32.110.45:merge/upgrade_3</notes><id>11253</id></info><info><created>2012-02-29 16:57:36.212 CST</created><description>Setup google app engin proxy</description><topic reference="../../../../topics/items/topic[7]"/><location></location><notes>Setup goagent and gappproxy 

gapproxy
app id: sesaon2012.appspot.com

安装客户端：
1 从GAppProxy项目下载页http://code.google.com/p/gappproxy/downloads/list 下载windows客户端，即localproxy-2.0.0-win.zip。
2.解压下载文件，用记事本打开并修改该目录下的proxy.conf文件，将fetch server中的对应的app_id改为sesaon2012



goagent
app id: core-proxy.appspot.com
http://code.google.com/p/goagent/
如何部署和使用goagent，以Windows为例
申请Google Appengine并创建appid。
下载goagent稳定版 http://code.google.com/p/goagent/
修改local\proxy.ini中的[gae]下的appid=你的appid(多appid请用|隔开)
双击server\uploader.bat(Mac/Linux上传方法请见FAQ)，上传成功后即可使用了(地址127.0.0.1:8087)</notes><id>11279</id></info><info><created>2012-03-01 09:57:08.370 CST</created><description>disable track-pad</description><topic reference="../../../../topics/items/topic[11]"/><location></location><notes>安装驱动软件UltraNav</notes><id>11300</id></info><info><created>2012-03-02 09:53:07.838 CST</created><description> Remove known host in ssh</description><topic reference="../../../../topics/items/topic[7]"/><location></location><notes> ssh-keygen -f &quot;/home/shawn/.ssh/known_hosts&quot; -R 10.32.119.251</notes><id>11340</id></info><info><created>2012-03-06 18:34:34.391 CST</created><description>Create a sw list for setup dev env in win</description><topic reference="../../../../topics/items/topic[4]"/><location></location><notes>Common:&#x0D;
launcy&#x0D;
pagent&#x0D;
chrome&#x0D;
firefox&#x0D;
ahk&#x0D;
gvim&#x0D;
7zip&#x0D;
office&#x0D;
pdf reader&#x0D;
sweepram&#x0D;
jdk&#x0D;
evernote&#x0D;
clipx&#x0D;
google pinyin&#x0D;
goagent&#x0D;
&#x0D;
work:&#x0D;
vm-client&#x0D;
</notes><id>11410</id></info></items></information><futures><items/></futures><thoughts><items><thought><created>2012-03-06 18:34:05.303 CST</created><description>Create a sw list for setup dev env in win</description><topic reference="../../../../topics/items/topic[4]"/><processed>true</processed><action><id>11405</id><created>2012-03-06 12:44:31.228 CST</created><thought><created>2012-03-06 12:43:31.426 CST</created><description>Create a sw list for setup dev env in win</description><topic reference="../../../../../../topics/items/topic[4]"/><processed>true</processed><id>11402</id></thought><parent class="actions"><id>2</id><created>2012-02-20 13:37:47.49 CST</created><parent class="tr.model.project.ProjectRoot"><id>0</id><created>2012-02-20 13:37:47.65 CST</created><children><projects><id>1</id><created>2012-02-20 13:37:47.49 CST</created><parent class="tr.model.project.ProjectRoot" reference="../../.."/><children><project><id>193</id><created>2012-02-20 15:33:45.749 CST</created><parent class="projects" reference="../../.."/><children><action><id>194</id><created>2012-02-20 15:34:16.172 CST</created><parent reference="../../.."/><description>Send env to Andrea to help event mgmt fake data</description><topic reference="../../../../../../../../../../../../../topics/items/topic[3]"/><context reference="../../../../../../../../../../../../../contexts/items/context[3]"/><state class="actionStateDelegated"><chase>2012-02-21 00:00:00.0 CST</chase><created>2012-02-20 18:49:01.413 CST</created></state><notes></notes><done>true</done><doneDate>2012-02-21 00:00:00.0 CST</doneDate><priority><id>169</id><name>1</name></priority><success>Got fake data</success><modified>2012-02-21 10:13:44.586 CST</modified></action><action><id>195</id><created>2012-02-20 15:35:44.203 CST</created><parent reference="../../.."/><description>Merge sumatru-ui branch to event mgmt</description><topic reference="../../../../../../../../../../../../../topics/items/topic[3]"/><context reference="../../../../../../../../../../../../../contexts/items/context[3]"/><state class="actionStateASAP"><created>2012-02-20 15:35:44.203 CST</created></state><notes></notes><done>true</done><doneDate>2012-02-20 00:00:00.0 CST</doneDate><priority reference="../../action/priority"/><success>branch merge success</success><modified>2012-02-20 18:48:50.395 CST</modified></action><project><id>223</id><created>2012-02-20 15:53:21.448 CST</created><parent reference="../../.."/><children><project><id>1793</id><created>2012-02-20 16:01:03.571 CST</created><parent reference="../../.."/><children/><topic reference="../../../../../../../../../../../../../../../topics/items/topic[3]"/><description>GUI view improment</description><purpose></purpose><success></success><brainstorming></brainstorming><organising></organising><done>false</done><sequence>false</sequence><sequencing>INTO_SUBPROJECTS</sequencing><notes>1 day
</notes><modified>2012-02-20 16:04:51.62 CST</modified></project><project><id>1920</id><created>2012-02-20 16:01:23.133 CST</created><parent reference="../../.."/><children/><topic reference="../../../../../../../../../../../../../../../topics/items/topic[3]"/><description>Integration</description><purpose></purpose><success></success><brainstorming></brainstorming><organising></organising><done>false</done><sequence>false</sequence><sequencing reference="../../project/sequencing"/><notes>3 day
</notes><modified>2012-02-20 19:01:50.834 CST</modified></project><project><id>1921</id><created>2012-02-20 16:01:23.133 CST</created><parent reference="../../.."/><children><project><id>10894</id><created>2012-02-21 17:38:11.735 CST</created><parent reference="../../.."/><children><action><id>10851</id><created>2012-02-20 19:00:15.116 CST</created><parent reference="../../.."/><description>Integrate privous GUI work with event mgmt branch</description><topic reference="../../../../../../../../../../../../../../../../../../../topics/items/topic[3]"/><context reference="../../../../../../../../../../../../../../../../../../../contexts/items/context[3]"/><state class="actionStateASAP"><created>2012-02-21 10:16:28.654 CST</created></state><notes></notes><done>true</done><doneDate>2012-02-21 00:00:00.0 CST</doneDate><priority><id>170</id><name>2</name></priority><success></success><modified>2012-02-21 17:44:17.978 CST</modified></action><action><id>10895</id><created>2012-02-21 17:38:24.792 CST</created><parent reference="../../.."/><description>Integrate GUI system and rmg event summary</description><topic reference="../../../../../../../../../../../../../../../../../../../topics/items/topic[3]"/><context reference="../../../../../../../../../../../../../../../../../../../contexts/items/context[3]"/><state class="actionStateASAP"><created>2012-02-21 17:38:24.792 CST</created></state><notes></notes><done>true</done><doneDate>2012-02-21 00:00:00.0 CST</doneDate><priority reference="../../action/priority"/><modified>2012-02-21 17:44:20.461 CST</modified></action><action><id>10896</id><created>2012-02-21 17:39:46.276 CST</created><parent reference="../../.."/><description>Integrate backend with node summary GUI and CLI</description><topic reference="../../../../../../../../../../../../../../../../../../../topics/items/topic[3]"/><context reference="../../../../../../../../../../../../../../../../../../../contexts/items/context[3]"/><state class="actionStateASAP"><created>2012-02-22 10:45:17.736 CST</created></state><notes>Wait for andrea solve the node summary issue
Andrea solve the issue.
Continue my work
</notes><done>true</done><doneDate>2012-02-22 00:00:00.0 CST</doneDate><time><id>105</id><name>30 min</name></time><priority reference="../../action/priority"/><success></success><modified>2012-02-22 11:57:25.48 CST</modified></action><action><id>10897</id><created>2012-02-21 17:40:45.111 CST</created><parent reference="../../.."/><description>Integrate tenant event summary GUI and CLI with backend feature</description><topic reference="../../../../../../../../../../../../../../../../../../../topics/items/topic[3]"/><context reference="../../../../../../../../../../../../../../../../../../../contexts/items/context[3]"/><state class="actionStateDelegated"><to>Xuan</to><chase>2012-03-07 00:00:00.0 CST</chase><created>2012-02-21 17:41:18.315 CST</created></state><notes>Cannot create tenant. Wait for Xuan rebase the trunk code to branch 
cosevent --list_summary --tenantlevel -t t1 -u t1a -p password</notes><done>false</done><priority reference="../../action/priority"/><success></success><modified>2012-02-23 10:25:02.475 CST</modified></action><action><id>10912</id><created>2012-02-21 17:43:01.355 CST</created><parent reference="../../.."/><description>Integrate rmg and system CLI with backend</description><topic reference="../../../../../../../../../../../../../../../../../../../topics/items/topic[3]"/><context reference="../../../../../../../../../../../../../../../../../../../contexts/items/context[3]"/><state class="actionStateASAP"><created>2012-02-21 17:43:01.355 CST</created></state><notes></notes><done>true</done><doneDate>2012-02-21 00:00:00.0 CST</doneDate><priority reference="../../action/priority"/><modified>2012-02-21 18:39:49.41 CST</modified></action></children><topic reference="../../../../../../../../../../../../../../../../../topics/items/topic[3]"/><description>Integrate privous work with new event mgmt interface</description><purpose></purpose><success></success><brainstorming></brainstorming><organising></organising><done>false</done><sequence>false</sequence><sequencing reference="../../../../project/sequencing"/><notes></notes><priority reference="../children/action/priority"/><modified>2012-02-21 17:43:01.355 CST</modified></project></children><topic reference="../../../../../../../../../../../../../../../topics/items/topic[3]"/><description>Controller</description><purpose></purpose><success></success><brainstorming></brainstorming><organising></organising><done>false</done><sequence>false</sequence><sequencing reference="../../project/sequencing"/><notes>1 day
</notes><modified>2012-02-21 17:38:11.735 CST</modified></project></children><topic reference="../../../../../../../../../../../../../topics/items/topic[3]"/><description>Event summary</description><purpose></purpose><success></success><brainstorming></brainstorming><organising></organising><done>false</done><sequence>false</sequence><sequencing reference="../children/project/sequencing"/><modified>2012-02-20 16:01:23.554 CST</modified></project><project><id>221</id><created>2012-02-20 15:52:58.137 CST</created><parent reference="../../.."/><children><project><id>233</id><created>2012-02-20 15:56:25.920 CST</created><parent reference="../../.."/><children><action><id>4968</id><created>2012-02-20 16:03:09.19 CST</created><parent reference="../../.."/><description>CLI deletion</description><topic reference="../../../../../../../../../../../../../../../../../topics/items/topic[3]"/><context><name>None</name><description>No context.</description><id>9</id></context><state class="actionStateASAP"><created>2012-02-20 16:03:09.19 CST</created></state><notes></notes><done>true</done><doneDate>2012-02-13 00:00:00.0 CST</doneDate><modified>2012-02-20 16:03:21.577 CST</modified></action></children><topic reference="../../../../../../../../../../../../../../../topics/items/topic[3]"/><description>CLI</description><purpose></purpose><success></success><brainstorming></brainstorming><organising></organising><done>true</done><doneDate>2012-02-29 13:59:36.755 CST</doneDate><sequence>false</sequence><sequencing reference="../../../../project/children/project/sequencing"/><notes></notes><modified>2012-02-29 13:59:36.755 CST</modified></project><action><id>11259</id><created>2012-02-29 14:00:45.508 CST</created><parent reference="../../.."/><description>Dev controller side</description><topic reference="../../../../../../../../../../../../../../../topics/items/topic[3]"/><context reference="../../../../../../../../../../../../../../../contexts/items/context[3]"/><state class="actionStateScheduled"><date>2012-03-07 00:00:00.0 CST</date><durationHours>0</durationHours><durationMinutes>0</durationMinutes><created>2012-02-29 14:01:10.528 CST</created></state><notes>Continue tomorrw</notes><done>false</done><success></success><modified>2012-03-01 18:24:05.18 CST</modified></action><action><id>11260</id><created>2012-02-29 14:02:49.941 CST</created><parent reference="../../.."/><description>test controller with rspec</description><topic reference="../../../../../../../../../../../../../../../topics/items/topic[3]"/><context reference="../../../../../../../../../../../../../../../contexts/items/context[4]"/><state class="actionStateInactive"><created>2012-03-01 18:21:36.264 CST</created></state><notes>Failed to run rspec in rails 2.x. Maybe try later</notes><done>false</done><time reference="../../../../project/children/project[3]/children/project/children/action[3]/time"/><success></success><modified>2012-03-01 18:22:16.134 CST</modified></action><action><id>11258</id><created>2012-02-29 13:59:51.247 CST</created><parent reference="../../.."/><description>Dev gui view</description><topic reference="../../../../../../../../../../../../../../../topics/items/topic[3]"/><context reference="../../../../../../../../../../../../../../../contexts/items/context[3]"/><state class="actionStateScheduled"><date>2012-03-07 00:00:00.0 CST</date><durationHours>0</durationHours><durationMinutes>0</durationMinutes><created>2012-02-29 14:00:21.896 CST</created></state><notes></notes><done>false</done><time><id>11128</id><name>4 hrs</name></time><success></success><modified>2012-03-01 09:31:48.445 CST</modified></action><project><id>234</id><created>2012-02-20 15:56:34.266 CST</created><parent reference="../../.."/><children><action><id>11256</id><created>2012-02-29 13:58:00.427 CST</created><parent reference="../../.."/><description>Integration with GUI </description><topic reference="../../../../../../../../../../../../../../../../../topics/items/topic[3]"/><context reference="../../../../../../../../../../../../../../../../../contexts/items/context[3]"/><state class="actionStateInactive"><created>2012-03-05 18:25:39.689 CST</created></state><notes></notes><done>false</done><time><id>103</id><name>15 min</name></time><success></success><modified>2012-03-05 18:25:39.689 CST</modified></action><action><id>11257</id><created>2012-02-29 13:58:53.480 CST</created><parent reference="../../.."/><description>Integration with CLI</description><topic reference="../../../../../../../../../../../../../../../../../topics/items/topic[3]"/><context reference="../../../../../../../../../../../../../../../../../contexts/items/context[3]"/><state class="actionStateInactive"><created>2012-03-05 18:25:45.642 CST</created></state><notes></notes><done>false</done><time reference="../../../../../../project/children/project[3]/children/project/children/action[3]/time"/><success></success><modified>2012-03-05 18:25:45.642 CST</modified></action></children><topic reference="../../../../../../../../../../../../../../../topics/items/topic[3]"/><description>Integration</description><purpose></purpose><success></success><brainstorming></brainstorming><organising></organising><done>false</done><sequence>false</sequence><sequencing reference="../../../../project/children/project/sequencing"/><notes>1 day</notes><modified>2012-02-29 13:58:53.480 CST</modified></project><project><id>11369</id><created>2012-03-05 15:37:39.983 CST</created><parent reference="../../.."/><children/><topic reference="../../../../../../../../../../../../../../../topics/items/topic[3]"/><description>New Project</description><purpose></purpose><success></success><brainstorming></brainstorming><organising></organising><done>false</done><sequence>true</sequence><sequencing reference="../../../../project/children/project/sequencing"/><modified>2012-03-05 15:37:39.997 CST</modified></project></children><topic reference="../../../../../../../../../../../../../topics/items/topic[3]"/><description>SYR</description><purpose></purpose><success></success><brainstorming></brainstorming><organising></organising><done>false</done><sequence>true</sequence><sequencing reference="../../project/children/project/sequencing"/><notes></notes><modified>2012-03-05 15:37:39.997 CST</modified></project><project><id>222</id><created>2012-02-20 15:53:07.704 CST</created><parent reference="../../.."/><children><project><id>431</id><created>2012-02-20 15:56:50.568 CST</created><parent reference="../../.."/><children/><topic reference="../../../../../../../../../../../../../../../topics/items/topic[3]"/><description>GUI view</description><purpose></purpose><success></success><brainstorming></brainstorming><organising></organising><done>false</done><sequence>false</sequence><sequencing reference="../../../../project/children/project/sequencing"/><notes>1 day
</notes><modified>2012-02-20 16:04:05.23 CST</modified></project><project><id>433</id><created>2012-02-20 15:56:50.568 CST</created><parent reference="../../.."/><children><action><id>623</id><created>2012-02-20 15:56:56.855 CST</created><parent reference="../../.."/><description>FInish configure CLI</description><topic reference="../../../../../../../../../../../../../../../../../topics/items/topic[3]"/><context reference="../../../../../../project[2]/children/project/children/action/context"/><state class="actionStateASAP"><created>2012-02-20 15:56:56.855 CST</created></state><notes></notes><done>true</done><doneDate>2012-02-13 00:00:00.0 CST</doneDate><modified>2012-02-20 15:58:24.56 CST</modified></action><action><id>893</id><created>2012-02-20 15:57:36.199 CST</created><parent reference="../../.."/><description>Finish delete CLI</description><topic reference="../../../../../../../../../../../../../../../../../topics/items/topic[3]"/><context reference="../../../../../../project[2]/children/project/children/action/context"/><state class="actionStateASAP"><created>2012-02-20 15:57:36.200 CST</created></state><notes></notes><done>true</done><doneDate>2012-02-20 00:00:00.0 CST</doneDate><success></success><modified>2012-02-24 18:10:39.530 CST</modified></action></children><topic reference="../../../../../../../../../../../../../../../topics/items/topic[3]"/><description>CLI</description><purpose></purpose><success></success><brainstorming></brainstorming><organising></organising><done>true</done><doneDate>2012-02-24 18:14:23.42 CST</doneDate><sequence>false</sequence><sequencing reference="../../../../project/children/project/sequencing"/><modified>2012-02-24 18:15:05.968 CST</modified></project><project><id>434</id><created>2012-02-20 15:56:50.568 CST</created><parent reference="../../.."/><children><action><id>1170</id><created>2012-02-20 15:58:02.356 CST</created><parent reference="../../.."/><description>Integrate CLI with backend feature</description><topic reference="../../../../../../../../../../../../../../../../../topics/items/topic[3]"/><context reference="../../../../../../../../../../../../../../../../../contexts/items/context[3]"/><state class="actionStateDelegated"><to>Andrea</to><chase>2012-03-07 00:00:00.0 CST</chase><created>2012-02-23 10:51:39.632 CST</created></state><notes>Wait for rsyslog ready</notes><done>false</done><success></success><modified>2012-02-29 10:25:53.688 CST</modified></action><action><id>1791</id><created>2012-02-20 15:59:16.254 CST</created><parent reference="../../.."/><description>Integrate GUI  with backend feature</description><topic reference="../../../../../../../../../../../../../../../../../topics/items/topic[3]"/><context reference="../../../../../../../../../../../../../../../../../contexts/items/context[3]"/><state class="actionStateDelegated"><to>Andrea</to><chase>2012-03-07 00:00:00.0 CST</chase><created>2012-02-23 10:52:26.285 CST</created></state><notes>Wait for rsyslog backend ready</notes><done>false</done><success></success><modified>2012-02-23 10:52:48.411 CST</modified></action></children><topic reference="../../../../../../../../../../../../../../../topics/items/topic[3]"/><description>Integration</description><purpose></purpose><success></success><brainstorming></brainstorming><organising></organising><done>false</done><sequence>false</sequence><sequencing reference="../../../../project/children/project/sequencing"/><notes>1 day
</notes><modified>2012-02-20 16:04:23.294 CST</modified></project></children><topic reference="../../../../../../../../../../../../../topics/items/topic[3]"/><description>rSyslog</description><purpose></purpose><success></success><brainstorming></brainstorming><organising></organising><done>false</done><sequence>false</sequence><sequencing reference="../../project/children/project/sequencing"/><notes></notes><modified>2012-02-20 16:04:15.506 CST</modified></project><project><id>224</id><created>2012-02-20 15:53:42.60 CST</created><parent reference="../../.."/><children><project><id>2224</id><created>2012-02-20 16:01:52.118 CST</created><parent reference="../../.."/><children/><topic reference="../../../../../../../../../../../../../../../topics/items/topic[3]"/><description>Controller</description><purpose></purpose><success></success><brainstorming></brainstorming><organising></organising><done>false</done><sequence>false</sequence><sequencing reference="../../../../project/children/project/sequencing"/><notes>1 day</notes><modified>2012-02-20 16:05:12.60 CST</modified></project><project><id>2225</id><created>2012-02-20 16:01:52.118 CST</created><parent reference="../../.."/><children><action><id>2226</id><created>2012-02-20 16:01:52.118 CST</created><parent reference="../../.."/><description>Integrate CLI with backend feature</description><topic reference="../../../../../../../../../../../../../../../../../topics/items/topic[3]"/><context reference="../../../../../../../../../../../../../../../../../contexts/items/context[3]"/><state class="actionStateDelegated"><to>Andrea</to><chase>2012-03-07 00:00:00.0 CST</chase><created>2012-02-23 10:53:50.690 CST</created></state><notes>Wait for backend ready</notes><done>false</done><modified>2012-02-23 10:54:00.21 CST</modified></action><action><id>2227</id><created>2012-02-20 16:01:52.118 CST</created><parent reference="../../.."/><description>Integrate GUI  with backend feature</description><topic reference="../../../../../../../../../../../../../../../../../topics/items/topic[3]"/><context reference="../../../../../../../../../../../../../../../../../contexts/items/context[3]"/><state class="actionStateDelegated"><to>Andrea</to><chase>2012-03-07 00:00:00.0 CST</chase><created>2012-02-23 10:53:17.44 CST</created></state><notes>Wait for backend ready</notes><done>false</done><modified>2012-02-23 10:53:37.160 CST</modified></action></children><topic reference="../../../../../../../../../../../../../../../topics/items/topic[3]"/><description>Integration</description><purpose></purpose><success></success><brainstorming></brainstorming><organising></organising><done>false</done><sequence>false</sequence><sequencing reference="../../../../project/children/project/sequencing"/><notes>1 day</notes><modified>2012-02-20 16:05:15.991 CST</modified></project></children><topic reference="../../../../../../../../../../../../../topics/items/topic[3]"/><description>Notification policy</description><purpose></purpose><success></success><brainstorming></brainstorming><organising></organising><done>false</done><sequence>false</sequence><sequencing reference="../../project/children/project/sequencing"/><modified>2012-02-20 16:01:52.258 CST</modified></project><project><id>225</id><created>2012-02-20 15:53:49.95 CST</created><parent reference="../../.."/><children><project><id>3112</id><created>2012-02-20 16:02:04.83 CST</created><parent reference="../../.."/><children><project><id>11130</id><created>2012-02-24 09:11:16.349 CST</created><parent reference="../../.."/><children><action><id>11131</id><created>2012-02-24 09:11:26.239 CST</created><parent reference="../../.."/><description>Try table pattern</description><topic reference="../../../../../../../../../../../../../../../../../../../topics/items/topic[3]"/><context reference="../../../../../../../../../../../../../../../../../../../contexts/items/context[3]"/><state class="actionStateScheduled"><date>2012-02-27 15:00:00.0 CST</date><durationHours>16</durationHours><durationMinutes>0</durationMinutes><created>2012-02-24 09:23:05.118 CST</created></state><notes></notes><done>true</done><doneDate>2012-02-27 00:00:00.0 CST</doneDate><time><id>107</id><name>1 hr</name></time><success>Can use </success><modified>2012-02-27 16:47:21.588 CST</modified></action><action><id>3119</id><created>2012-02-20 16:02:04.83 CST</created><parent reference="../../.."/><description>create gui with table pattern</description><topic reference="../../../../../../../../../../../../../../../../../../../topics/items/topic[3]"/><context reference="../../../../../../../../../../../../../../../../../../../contexts/items/context[3]"/><state class="actionStateScheduled"><date>2012-02-28 00:00:00.0 CST</date><durationHours>0</durationHours><durationMinutes>0</durationMinutes><created>2012-02-24 09:23:26.724 CST</created></state><notes></notes><done>true</done><doneDate>2012-02-28 18:02:39.556 CST</doneDate><time reference="../../action/time"/><success></success><modified>2012-02-28 18:02:39.556 CST</modified></action></children><topic reference="../../../../../../../../../../../../../../../../../topics/items/topic[3]"/><description>detail gui on system scope</description><purpose></purpose><success></success><brainstorming></brainstorming><organising></organising><done>false</done><sequence>true</sequence><sequencing reference="../../../../../../project/children/project/sequencing"/><notes></notes><modified>2012-02-27 10:35:07.713 CST</modified><seqIncludeScheduled>false</seqIncludeScheduled></project><action><id>11127</id><created>2012-02-24 09:03:35.300 CST</created><parent reference="../../.."/><description>detail cli on tenant scope</description><topic reference="../../../../../../../../../../../../../../../../../topics/items/topic[3]"/><context reference="../../../../../../../../../../../../../../../../../contexts/items/context[3]"/><state class="actionStateDelegated"><to>Xuan</to><chase>2012-03-09 00:00:00.0 CST</chase><created>2012-02-24 09:13:15.204 CST</created></state><notes>Wait for the trunk branch merged to event branch
</notes><done>false</done><success></success><modified>2012-02-29 10:27:41.367 CST</modified></action></children><topic reference="../../../../../../../../../../../../../../../topics/items/topic[3]"/><description>GUI view</description><purpose></purpose><success></success><brainstorming></brainstorming><organising></organising><done>false</done><sequence>false</sequence><sequencing reference="../../../../project/children/project/sequencing"/><notes></notes><modified>2012-02-24 09:11:16.349 CST</modified></project><project><id>3113</id><created>2012-02-20 16:02:04.83 CST</created><parent reference="../../.."/><children><action><id>11132</id><created>2012-02-24 09:14:42.198 CST</created><parent reference="../../.."/><description>Implememnt controller code with fake data</description><topic reference="../../../../../../../../../../../../../../../../../topics/items/topic[3]"/><context reference="../../../../../../../../../../../../../../../../../contexts/items/context[3]"/><state class="actionStateScheduled"><date>2012-02-24 09:30:00.0 CST</date><durationHours>10</durationHours><durationMinutes>15</durationMinutes><created>2012-02-24 09:18:35.426 CST</created></state><notes></notes><done>true</done><doneDate>2012-02-24 00:00:00.0 CST</doneDate><time reference="../../../../../../project/children/project[3]/children/project/children/action[3]/time"/><modified>2012-02-24 10:40:18.913 CST</modified></action><action><id>11133</id><created>2012-02-24 09:15:19.350 CST</created><thought><created>2012-03-05 15:29:59.25 CST</created><description>Change to call real api</description><topic reference="../../../../../../../../../../../../../../../../../../topics/items/topic[3]"/><processed>true</processed><action reference="../.."/><id>11365</id></thought><parent reference="../../.."/><description>Change to call real api</description><topic reference="../../../../../../../../../../../../../../../../../topics/items/topic[3]"/><context reference="../../../../../../../../../../../../../../../../../contexts/items/context[3]"/><state class="actionStateDelegated"><to>Qiang</to><chase>2012-03-07 00:00:00.0 CST</chase><created>2012-03-05 15:30:10.181 CST</created></state><notes>Wait for the real api done</notes><done>false</done><time reference="../../../../../../project/children/project[3]/children/project/children/action[3]/time"/><success></success><modified>2012-03-05 15:36:41.969 CST</modified></action></children><topic reference="../../../../../../../../../../../../../../../topics/items/topic[3]"/><description>Controller</description><purpose></purpose><success></success><brainstorming></brainstorming><organising></organising><done>false</done><sequence>false</sequence><sequencing reference="../../../../project/children/project/sequencing"/><modified>2012-03-05 15:30:10.182 CST</modified></project><project><id>3114</id><created>2012-02-20 16:02:04.83 CST</created><parent reference="../../.."/><children><action><id>3118</id><created>2012-02-20 16:02:04.83 CST</created><parent reference="../../.."/><description>Node detail CLI on system scope</description><topic reference="../../../../../../../../../../../../../../../../../topics/items/topic[3]"/><context reference="../../../../../../../../../../../../../../../../../contexts/items/context[3]"/><state class="actionStateScheduled"><date>2012-02-24 10:00:00.0 CST</date><durationHours>11</durationHours><durationMinutes>0</durationMinutes><created>2012-02-24 09:20:42.800 CST</created></state><notes></notes><done>true</done><doneDate>2012-02-24 00:00:00.0 CST</doneDate><time reference="../../../../project/children/project/children/action/time"/><modified>2012-02-24 17:41:48.426 CST</modified></action><action><id>11136</id><created>2012-02-24 09:16:55.799 CST</created><parent reference="../../.."/><description>node detail CLI on tenant scope</description><topic reference="../../../../../../../../../../../../../../../../../topics/items/topic[3]"/><context reference="../../../../../../../../../../../../../../../../../contexts/items/context[3]"/><state class="actionStateDelegated"><to>Xuan</to><chase>2012-03-07 00:00:00.0 CST</chase><created>2012-02-27 10:56:59.78 CST</created></state><notes>Wait for code rebase from trunk</notes><done>false</done><time reference="../../../../../../project[2]/children/project[2]/children/action/time"/><modified>2012-02-27 10:57:27.976 CST</modified></action></children><topic reference="../../../../../../../../../../../../../../../topics/items/topic[3]"/><description>CLI</description><purpose></purpose><success></success><brainstorming></brainstorming><organising></organising><done>false</done><sequence>false</sequence><sequencing reference="../../../../project/children/project/sequencing"/><modified>2012-02-24 09:16:55.799 CST</modified></project><project><id>3117</id><created>2012-02-20 16:02:04.83 CST</created><parent reference="../../.."/><children/><topic reference="../../../../../../../../../../../../../../../topics/items/topic[3]"/><description>Integration</description><purpose></purpose><success></success><brainstorming></brainstorming><organising></organising><done>false</done><sequence>false</sequence><sequencing reference="../../../../project/children/project/sequencing"/><dueDate>2012-03-09 00:00:00.0 CST</dueDate><modified>2012-02-24 09:09:07.870 CST</modified></project></children><topic reference="../../../../../../../../../../../../../topics/items/topic[3]"/><description>Event detail</description><purpose></purpose><success></success><brainstorming></brainstorming><organising></organising><done>false</done><sequence>false</sequence><sequencing reference="../../project/children/project/sequencing"/><dueDate>2012-03-15 00:00:00.0 CST</dueDate><modified>2012-02-24 09:04:37.840 CST</modified></project><action><id>226</id><created>2012-02-20 15:54:08.788 CST</created><parent reference="../../.."/><description>Change Default scope can be removed</description><topic reference="../../../../../../../../../../../../../topics/items/topic[3]"/><context reference="../../../../../../../../../../../../../contexts/items/context[3]"/><state class="actionStateScheduled"><date>2012-02-27 14:00:00.0 CST</date><durationHours>15</durationHours><durationMinutes>0</durationMinutes><created>2012-02-23 17:30:54.836 CST</created></state><notes></notes><done>true</done><doneDate>2012-02-27 00:00:00.0 CST</doneDate><time reference="../../project[5]/children/project/children/project/children/action/time"/><success></success><modified>2012-02-27 15:43:11.472 CST</modified></action><action><id>227</id><created>2012-02-20 15:54:20.67 CST</created><parent reference="../../.."/><description>Check command and SQL injection for atmos GUI</description><topic reference="../../../../../../../../../../../../../topics/items/topic[3]"/><context reference="../../../../../../../../../../../../../contexts/items/context[3]"/><state class="actionStateScheduled"><date>2012-03-16 00:00:00.0 CST</date><durationHours>0</durationHours><durationMinutes>0</durationMinutes><created>2012-02-23 10:49:47.894 CST</created></state><notes></notes><done>false</done><priority reference="../../project/children/project[3]/children/project/children/action/priority"/><success></success><modified>2012-02-23 10:49:47.894 CST</modified></action><action><id>228</id><created>2012-02-20 15:54:32.329 CST</created><parent reference="../../.."/><description>Test event detail table with bug data</description><topic reference="../../../../../../../../../../../../../topics/items/topic[3]"/><context reference="../../../../../../../../../../../../../contexts/items/context[3]"/><state class="actionStateScheduled"><date>2012-03-16 00:00:00.0 CST</date><durationHours>0</durationHours><durationMinutes>0</durationMinutes><created>2012-02-23 10:51:10.92 CST</created></state><notes></notes><done>false</done><success></success><modified>2012-02-23 10:51:10.92 CST</modified></action></children><topic reference="../../../../../../../../../../../topics/items/topic[3]"/><description>Sumatra</description><purpose></purpose><success></success><brainstorming></brainstorming><organising></organising><done>false</done><sequence>false</sequence><sequencing reference="../children/project/children/project/sequencing"/><modified>2012-02-20 18:59:58.883 CST</modified></project><project><id>11043</id><created>2012-02-23 10:31:29.101 CST</created><thought><created>2012-02-23 10:27:08.653 CST</created><description>如何保持一个合适的发型</description><topic reference="../../../../../../../../../../../../topics/items/topic[2]"/><processed>true</processed><id>11036</id></thought><parent class="projects" reference="../../.."/><children><action><id>11042</id><created>2012-02-23 10:30:12.754 CST</created><thought reference="../../../thought"/><parent reference="../../.."/><description>如何保持一个合适的发型</description><topic reference="../../../../../../../../../../../../../topics/items/topic[2]"/><context reference="../../../../../../../../../../../../../contexts/items/context[2]"/><state class="actionStateScheduled"><date>2012-03-10 00:00:00.0 CST</date><durationHours>0</durationHours><durationMinutes>0</durationMinutes><created>2012-02-23 19:28:02.706 CST</created></state><notes></notes><done>false</done><time reference="../../../../project/children/project/children/project[3]/children/project/children/action[3]/time"/><success></success><modified>2012-02-28 10:07:32.165 CST</modified></action></children><topic reference="../../../../../../../../../../../topics/items/topic[2]"/><description>如何保持一个合适的发型</description><purpose></purpose><success></success><brainstorming></brainstorming><organising></organising><done>false</done><sequence>false</sequence><sequencing reference="../../project/children/project/children/project/sequencing"/><notes></notes><modified>2012-02-23 10:31:29.102 CST</modified></project><project><id>11398</id><created>2012-03-05 18:48:54.257 CST</created><thought><created>2012-03-05 18:47:01.499 CST</created><description>Speed up the office desktop</description><topic reference="../../../../../../../../../../../../topics/items/topic[4]"/><processed>true</processed><id>11393</id></thought><parent class="projects" reference="../../.."/><children><action><id>11397</id><created>2012-03-05 18:48:06.583 CST</created><thought reference="../../../thought"/><parent reference="../../.."/><description>Speed up the office desktop</description><topic reference="../../../../../../../../../../../../../topics/items/topic[4]"/><context reference="../../../../../../../../../../../../../contexts/items/context[3]"/><state class="actionStateASAP"><created>2012-03-05 18:49:28.618 CST</created></state><notes></notes><done>true</done><doneDate>2012-03-06 18:35:18.398 CST</doneDate><success>Get a quick response desktop</success><modified>2012-03-06 18:35:18.400 CST</modified></action></children><topic reference="../../../../../../../../../../../topics/items/topic[4]"/><description>Speed up the office desktop</description><purpose></purpose><success>Get a quick response desktop</success><brainstorming></brainstorming><organising></organising><done>false</done><sequence>false</sequence><sequencing reference="../../project/children/project/children/project/sequencing"/><notes></notes><modified>2012-03-05 18:48:54.257 CST</modified></project><project><id>186</id><created>2012-02-20 15:10:47.855 CST</created><thought><created>2012-02-20 15:00:11.320 CST</created><description>Try to use TR to manage time</description><topic reference="../../../../../../../../../../../../topics/items/topic[4]"/><processed>true</processed><id>175</id></thought><parent class="projects" reference="../../.."/><children><action><id>179</id><created>2012-02-20 15:01:50.992 CST</created><thought reference="../../../thought"/><parent reference="../../.."/><description>Use TR to manage new task</description><topic reference="../../../../../../../../../../../../../topics/items/topic[4]"/><context reference="../../../../../../../../../../../../../contexts/items/context[5]"/><state class="actionStateASAP"><created>2012-02-20 15:09:35.420 CST</created></state><notes></notes><done>true</done><doneDate>2012-02-20 00:00:00.0 CST</doneDate><priority reference="../../../../project/children/project/children/project[3]/children/project/children/action/priority"/><success>Manage time with TR</success><modified>2012-02-20 15:14:37.675 CST</modified></action><action><id>187</id><created>2012-02-20 15:11:16.474 CST</created><parent reference="../../.."/><description>Migrate privous tasks un-done from evernote to TR</description><topic reference="../../../../../../../../../../../../../topics/items/topic[4]"/><context reference="../../../../../../../../../../../../../contexts/items/context[5]"/><state class="actionStateASAP"><created>2012-02-20 15:11:16.474 CST</created></state><notes>[file:/D:/shawn/document/My Artical/用Evernote和ThinkingRock进行GTD的优势和缺陷.docx]</notes><done>true</done><doneDate>2012-02-20 00:00:00.0 CST</doneDate><priority reference="../../../../project/children/project/children/project[3]/children/project/children/action/priority"/><success></success><modified>2012-02-22 17:45:12.611 CST</modified></action></children><topic reference="../../../../../../../../../../../topics/items/topic[4]"/><description>Use TR to manage time</description><purpose></purpose><success></success><brainstorming></brainstorming><organising></organising><done>true</done><doneDate>2012-02-20 21:08:53.577 CST</doneDate><sequence>false</sequence><sequencing reference="../../project/children/project/children/project/sequencing"/><notes></notes><priority reference="../../project/children/project/children/project[3]/children/project/children/action/priority"/><modified>2012-02-20 21:08:53.577 CST</modified></project><project><id>10847</id><created>2012-02-20 18:31:50.629 CST</created><thought><created>2012-02-20 17:54:58.798 CST</created><description>use git to sync TR db</description><topic><name>None</name><description>No topic.</description><color><red>0</red><green>0</green><blue>0</blue><alpha>255</alpha></color><background><red>255</red><green>255</green><blue>255</blue><alpha>255</alpha></background><id>8</id></topic><processed>true</processed><id>10839</id></thought><parent class="projects" reference="../../.."/><children><action><id>10846</id><created>2012-02-20 18:31:26.885 CST</created><thought reference="../../../thought"/><parent reference="../../.."/><description>use git to sync TR db</description><topic reference="../../../../../../../../../../../../../topics/items/topic[4]"/><context reference="../../../../../../../../../../../../../contexts/items/context[4]"/><state class="actionStateScheduled"><date>2012-02-20 00:00:00.0 CST</date><durationHours>0</durationHours><durationMinutes>0</durationMinutes><created>2012-02-20 19:03:42.535 CST</created></state><notes></notes><done>true</done><doneDate>2012-02-20 00:00:00.0 CST</doneDate><priority reference="../../../../project/children/project/children/project[3]/children/project/children/action/priority"/><success></success><modified>2012-02-20 21:07:50.926 CST</modified></action></children><topic reference="../thought/topic"/><description>use git to sync TR db</description><purpose></purpose><success></success><brainstorming></brainstorming><organising></organising><done>true</done><doneDate>2012-02-20 21:08:49.941 CST</doneDate><sequence>false</sequence><sequencing reference="../../project/children/project/children/project/sequencing"/><notes></notes><modified>2012-02-20 21:08:49.941 CST</modified></project><project><id>11092</id><created>2012-02-23 16:08:59.566 CST</created><thought><created>2012-02-23 15:54:47.568 CST</created><description>学习思维导向方法</description><topic reference="../../../../../../../../../../../../topics/items/topic[4]"/><processed>true</processed><id>11083</id></thought><parent class="projects" reference="../../.."/><children><action><id>11236</id><created>2012-02-28 17:57:30.762 CST</created><thought><created>2012-02-28 18:03:43.862 CST</created><description>画《小强升职记》的思维导向图</description><topic reference="../../../../../../../../../../../../../../topics/items/topic[4]"/><processed>true</processed><action reference="../.."/><id>11239</id></thought><parent reference="../../.."/><description>画《小强升职记》的思维导向图</description><topic reference="../../../../../../../../../../../../../topics/items/topic[4]"/><context reference="../../../../../../../../../../../../../contexts/items/context[5]"/><state class="actionStateASAP"><created>2012-03-05 09:55:47.41 CST</created></state><notes></notes><done>false</done><time reference="../../../../project/children/project/children/project[3]/children/project/children/action[3]/time"/><success>Get 思维导向图</success><modified>2012-03-05 09:55:47.41 CST</modified></action><action><id>11240</id><created>2012-02-28 18:04:10.891 CST</created><parent reference="../../.."/><description>找到相关书籍， 确定如何学习</description><topic reference="../../../../../../../../../../../../../topics/items/topic[4]"/><context reference="../../../../../../../../../../../../../contexts/items/context[4]"/><state class="actionStateInactive"><created>2012-03-05 09:55:59.94 CST</created></state><notes></notes><done>false</done><time reference="../../../../project/children/project[5]/children/project/children/project/children/action/time"/><success>知道通过什么来学习</success><modified>2012-03-05 09:55:59.94 CST</modified></action><action><id>11091</id><created>2012-02-23 16:08:29.933 CST</created><thought reference="../../../thought"/><parent reference="../../.."/><description>根据找到的方法学习</description><topic reference="../../../../../../../../../../../../../topics/items/topic[4]"/><context reference="../../../../../../../../../../../../../contexts/items/context[4]"/><state class="actionStateInactive"><created>2012-03-05 09:56:04.712 CST</created></state><notes></notes><done>false</done><time reference="../../../../project/children/project[5]/children/project/children/project/children/action/time"/><priority reference="../../../../project/children/project/children/project[3]/children/project/children/action/priority"/><success></success><modified>2012-03-05 09:56:04.712 CST</modified></action></children><topic reference="../../../../../../../../../../../topics/items/topic[4]"/><description>学习思维导向方法</description><purpose></purpose><success></success><brainstorming></brainstorming><organising></organising><done>false</done><sequence>true</sequence><sequencing reference="../../project/children/project/children/project/sequencing"/><notes></notes><modified>2012-02-28 18:05:27.506 CST</modified></project><project><id>11389</id><created>2012-03-05 18:38:29.255 CST</created><thought><created>2012-02-22 19:05:59.22 CST</created><description>read metaprogramming in ruby</description><topic reference="../../../../../../../../../../../../topics/items/topic[4]"/><processed>true</processed><notes>http://yehudakatz.com/2009/11/15/metaprogramming-in-ruby-its-all-about-the-self/</notes><id>11009</id></thought><parent class="projects" reference="../../.."/><children><action><id>11390</id><created>2012-03-05 18:40:03.609 CST</created><parent reference="../../.."/><description>Learn the book ruby 元编程 every day</description><topic reference="../../../../../../../../../../../../../topics/items/topic[4]"/><context reference="../../../../../../../../../../../../../contexts/items/context[8]"/><state class="actionStateScheduled"><date>2012-03-06 20:00:00.0 CST</date><durationHours>0</durationHours><durationMinutes>0</durationMinutes><recurrence><id>11413</id><project reference="../../../../.."/><description>Learn the book every day</description><topic reference="../../../../../../../../../../../../../../../topics/items/topic[4]"/><context reference="../../../../../../../../../../../../../../../contexts/items/context[8]"/><scheduleHours>20</scheduleHours><scheduleMins>0</scheduleMins><durationHours>0</durationHours><durationMins>0</durationMins><basisID>2</basisID><startDate>2012-03-06 00:00:00.0 CST</startDate><periodID>0</periodID><frequency>1</frequency><advanceNbr>4</advanceNbr><genNbr>0</genNbr><success>思维导向图</success><notes></notes><period class="tr.model.action.PeriodDay"/></recurrence><created>2012-03-06 18:37:09.343 CST</created></state><notes></notes><done>false</done><success>思维导向图</success><modified>2012-03-06 18:38:07.840 CST</modified></action><action><id>11026</id><created>2012-02-22 19:20:07.911 CST</created><thought reference="../../../thought"/><parent reference="../../.."/><description>Other material</description><topic reference="../../../../../../../../../../../../../topics/items/topic[4]"/><context reference="../../../../../../../../../../../../../contexts/items/context[4]"/><state class="actionStateInactive"><created>2012-03-05 18:39:56.405 CST</created></state><notes>http://yehudakatz.com/2009/11/15/metaprogramming-in-ruby-its-all-about-the-self/</notes><done>false</done><time reference="../../../../project/children/project[5]/children/project/children/project/children/action/time"/><success></success><modified>2012-03-05 18:39:56.405 CST</modified></action><action><id>11412</id><created>2012-03-06 18:36:24.992 CST</created><parent reference="../../.."/><description>Draw 思维导向图</description><topic reference="../../../../../../../../../../../../../topics/items/topic[4]"/><context reference="../../../../../../../../../../../../../contexts/items/context[5]"/><state class="actionStateInactive"><created>2012-03-06 18:36:25.8 CST</created></state><notes></notes><done>false</done><success>get 思维导向图</success><modified>2012-03-06 18:36:52.889 CST</modified></action></children><topic reference="../../../../../../../../../../../topics/items/topic[4]"/><description>学习ruby meta-programmng</description><purpose></purpose><success></success><brainstorming></brainstorming><organising></organising><done>false</done><sequence>false</sequence><sequencing reference="../../project/children/project/children/project/sequencing"/><notes></notes><modified>2012-03-06 18:36:25.8 CST</modified></project><project><id>155</id><created>2012-02-20 14:07:02.731 CST</created><thought><created>2012-02-20 14:04:06.769 CST</created><description>Learn to use thinkingrocky</description><topic reference="../../../../../../../../../../../../topics/items/topic[4]"/><processed>true</processed><id>145</id></thought><parent class="projects" reference="../../.."/><children><action><id>158</id><created>2012-02-20 14:10:03.548 CST</created><parent reference="../../.."/><description>Install tr on the PC</description><topic reference="../../../../../../../../../../../../../topics/items/topic[4]"/><context reference="../../../../../../../../../../../../../contexts/items/context[5]"/><state class="actionStateASAP"><created>2012-02-20 14:10:26.121 CST</created></state><notes></notes><done>true</done><doneDate>2012-02-20 00:00:00.0 CST</doneDate><modified>2012-02-20 14:21:21.467 CST</modified></action><action><id>161</id><created>2012-02-20 14:12:36.865 CST</created><parent reference="../../.."/><description>Search some tips to use tr</description><topic reference="../../../../../../../../../../../../../topics/items/topic[4]"/><context><name>None</name><description>No context.</description><id>9</id></context><state class="actionStateASAP"><created>2012-02-20 15:07:58.612 CST</created></state><notes>Can editor like emacs, 
work with google canlendar，  </notes><done>true</done><doneDate>2012-02-20 00:00:00.0 CST</doneDate><priority reference="../../../../project/children/project/children/project[3]/children/project/children/action/priority"/><success></success><modified>2012-02-20 15:08:02.699 CST</modified></action><action><id>160</id><created>2012-02-20 14:12:01.422 CST</created><parent reference="../../.."/><description>Try to create some real example  to learn</description><topic reference="../../../../../../../../../../../../../topics/items/topic[4]"/><context reference="../../action[2]/context"/><state class="actionStateASAP"><created>2012-02-20 14:13:17.182 CST</created></state><notes>Create a prject, a reference
Search
Prority
</notes><done>true</done><doneDate>2012-02-20 00:00:00.0 CST</doneDate><success></success><modified>2012-02-20 14:21:28.409 CST</modified></action><action><id>159</id><created>2012-02-20 14:11:18.210 CST</created><parent reference="../../.."/><description>Install tr on the iphone and ipad</description><topic reference="../../../../../../../../../../../../../topics/items/topic[4]"/><context reference="../../../../../../../../../../../../../contexts/items/context[2]"/><state class="actionStateScheduled"><date>2012-02-20 21:00:00.0 CST</date><durationHours>0</durationHours><durationMinutes>0</durationMinutes><created>2012-02-20 17:45:50.183 CST</created></state><notes>没有</notes><done>true</done><doneDate>2012-02-20 00:00:00.0 CST</doneDate><success></success><modified>2012-02-20 20:33:03.185 CST</modified></action><action><id>184</id><created>2012-02-20 15:05:57.552 CST</created><thought><created>2012-02-20 15:05:21.607 CST</created><description>Create a script to sync tr with google carlendar</description><topic reference="../../../../../../../../../../../../../../topics/items/topic[4]"/><processed>true</processed><id>181</id></thought><parent reference="../../.."/><description>Create a script to sync tr with google carlendar</description><topic reference="../../../../../../../../../../../../../topics/items/topic[4]"/><context reference="../../../../../../../../../../../../../contexts/items/context[5]"/><state class="actionStateInactive"><created>2012-02-22 10:55:48.619 CST</created></state><notes></notes><done>false</done><priority reference="../../../../project/children/project/children/project[3]/children/project/children/action/priority"/><success>A script to sync tr with google calendar auto</success><modified>2012-02-22 10:55:48.619 CST</modified></action><action><id>180</id><created>2012-02-20 15:02:40.395 CST</created><thought><created>2012-02-20 15:01:27.500 CST</created><description>Learn TR shortcuts</description><topic reference="../../../../../../../../../../../../../../topics/items/topic[4]"/><processed>true</processed><id>176</id></thought><parent reference="../../.."/><description>Learn TR shortcuts</description><topic reference="../../../../../../../../../../../../../topics/items/topic[4]"/><context reference="../../../../../../../../../../../../../contexts/items/context[5]"/><state class="actionStateASAP"><created>2012-02-20 15:07:33.458 CST</created></state><notes></notes><done>true</done><doneDate>2012-02-20 00:00:00.0 CST</doneDate><priority reference="../../../../project/children/project/children/project[3]/children/project/children/action/priority"/><success>Familiar with the shortcuts used often</success><modified>2012-02-20 15:32:29.803 CST</modified></action></children><topic reference="../../../../../../../../../../../topics/items/topic[4]"/><description>Learn to use thinkingrocky</description><purpose></purpose><success></success><brainstorming></brainstorming><organising></organising><done>false</done><sequence>false</sequence><sequencing reference="../../project/children/project/children/project/sequencing"/><notes></notes><modified>2012-02-20 20:33:12.764 CST</modified></project><project><id>10826</id><created>2012-02-20 16:27:23.163 CST</created><thought><created>2012-02-20 15:45:45.751 CST</created><description>Learn atmos</description><topic><name>None</name><description>No topic.</description><color><red>0</red><green>0</green><blue>0</blue><alpha>255</alpha></color><background><red>255</red><green>255</green><blue>255</blue><alpha>255</alpha></background><id>8</id></topic><processed>true</processed><notes>[http://\\cigdogfood.lss.emc.com\share\AtmosTraining\CIG Sustaining Training 201103|atmos material]</notes><id>211</id></thought><parent class="projects" reference="../../.."/><children><action><id>10825</id><created>2012-02-20 16:26:55.464 CST</created><thought reference="../../../thought"/><parent reference="../../.."/><description>Learn atmos</description><topic reference="../../../thought/topic"/><context reference="../../../../../../../../../../../../../contexts/items/context[5]"/><state class="actionStateInactive"><created>2012-02-27 18:44:22.570 CST</created></state><notes>[http://\\cigdogfood.lss.emc.com\share\AtmosTraining\CIG Sustaining Training 201103|atmos material]</notes><done>false</done><priority reference="../../../../project/children/project/children/project[3]/children/project/children/action/priority"/><success>Know detail about atmos</success><modified>2012-02-27 18:44:22.570 CST</modified></action></children><topic reference="../thought/topic"/><description>Learn atmos</description><purpose></purpose><success>Know detail about atmos</success><brainstorming></brainstorming><organising></organising><done>false</done><sequence>false</sequence><sequencing reference="../../project/children/project/children/project/sequencing"/><notes>[http://\\cigdogfood.lss.emc.com\share\AtmosTraining\CIG Sustaining Training 201103|atmos material]</notes><modified>2012-02-20 16:27:23.163 CST</modified></project><project><id>10929</id><created>2012-02-22 10:56:53.0 CST</created><thought><created>2012-02-20 15:41:09.105 CST</created><description>学习邹鑫blog 所有文章</description><topic reference="../../../project[9]/thought/topic"/><processed>true</processed><id>207</id></thought><parent class="projects" reference="../../.."/><children><action><id>10819</id><created>2012-02-20 16:24:17.748 CST</created><thought reference="../../../thought"/><parent reference="../../.."/><description>学习邹鑫blog 所有文章</description><topic reference="../../../../../../../../../../../../../topics/items/topic[4]"/><context reference="../../../../../../../../../../../../../contexts/items/context[4]"/><state class="actionStateInactive"><created>2012-02-22 10:57:12.126 CST</created></state><notes></notes><done>false</done><priority reference="../../../../project/children/project/children/project[3]/children/project/children/action/priority"/><success>Know the detail about GTD</success><modified>2012-02-22 10:57:12.126 CST</modified></action></children><topic reference="../../../../../../../../../../../topics/items/topic[4]"/><description>学习邹鑫blog 所有文章</description><purpose></purpose><success></success><brainstorming></brainstorming><organising></organising><done>false</done><sequence>false</sequence><sequencing reference="../../project/children/project/children/project/sequencing"/><notes></notes><priority reference="../../project/children/project/children/project[3]/children/project/children/action/priority"/><modified>2012-02-22 10:56:53.16 CST</modified></project><project><id>10930</id><created>2012-02-22 10:57:40.908 CST</created><thought><created>2012-02-20 15:48:35.196 CST</created><description>安排计划定期访问ruby&amp;rails论坛</description><topic reference="../../../project[9]/thought/topic"/><processed>true</processed><id>215</id></thought><parent class="projects" reference="../../.."/><children><action><id>10931</id><created>2012-02-22 10:57:48.334 CST</created><parent reference="../../.."/><description>find valuable ruby&amp;rails bbs</description><topic reference="../../../../../../../../../../../../../topics/items/topic[4]"/><context><name>None</name><description>No context.</description><id>9</id></context><state class="actionStateASAP"><created>2012-02-22 10:57:48.334 CST</created></state><notes>http://www.ruby-lang.org.cn
http://www.iteye.com/login
http://ruby-china.org

http://www.ruby-forum.com/

subscirbe mailing lists from ruby-talk and ruby-doc in http://www.ruby-lang.org/en/community/mailing-lists/</notes><done>true</done><doneDate>2012-02-22 00:00:00.0 CST</doneDate><time reference="../../../../project/children/project/children/project[3]/children/project/children/action[3]/time"/><priority reference="../../../../project/children/project/children/project[3]/children/project/children/action/priority"/><modified>2012-02-22 14:40:13.457 CST</modified></action><action><id>10935</id><created>2012-02-22 11:04:10.129 CST</created><parent reference="../../.."/><description>Quickly check the bbs content</description><topic reference="../../../../../../../../../../../../../topics/items/topic[4]"/><context reference="../../action/context"/><state class="actionStateASAP"><created>2012-02-22 11:04:10.129 CST</created></state><notes></notes><done>true</done><doneDate>2012-02-22 00:00:00.0 CST</doneDate><time reference="../../../../project/children/project[5]/children/project/children/project/children/action/time"/><priority reference="../../../../project/children/project/children/project[3]/children/project/children/action/priority"/><modified>2012-02-22 15:31:46.882 CST</modified></action><action><id>10936</id><created>2012-02-22 11:04:54.885 CST</created><parent reference="../../.."/><description>Setup a plan to check bbs </description><topic reference="../../../../../../../../../../../../../topics/items/topic[4]"/><context reference="../../action/context"/><state class="actionStateASAP"><created>2012-02-22 11:04:54.885 CST</created></state><notes>20 min
Check ruby-china,org daily
Check mail list from ruby-talk and ruby-doc daily
Check www.iteye.com daily
</notes><done>true</done><doneDate>2012-02-22 00:00:00.0 CST</doneDate><time reference="../../../../project/children/project/children/project[3]/children/project/children/action[3]/time"/><priority reference="../../../../project/children/project/children/project[3]/children/project/children/action/priority"/><modified>2012-02-22 15:41:58.104 CST</modified></action></children><topic reference="../../../../../../../../../../../topics/items/topic[4]"/><description>安排计划定期访问ruby&amp;rails论坛</description><purpose></purpose><success></success><brainstorming></brainstorming><organising></organising><done>false</done><sequence>false</sequence><sequencing reference="../../project/children/project/children/project/sequencing"/><notes></notes><priority reference="../../project/children/project/children/project[3]/children/project/children/action/priority"/><modified>2012-02-22 11:04:54.885 CST</modified></project><project><id>10943</id><created>2012-02-22 13:27:56.14 CST</created><thought><created>2012-02-22 11:00:45.878 CST</created><description>Remove miniseverity from rsyslog part</description><topic><name>None</name><description>No topic.</description><color><red>0</red><green>0</green><blue>0</blue><alpha>255</alpha></color><background><red>255</red><green>255</green><blue>255</blue><alpha>255</alpha></background><id>8</id></topic><processed>true</processed><id>10932</id></thought><parent class="projects" reference="../../.."/><children><action><id>10942</id><created>2012-02-22 13:27:07.700 CST</created><thought reference="../../../thought"/><parent reference="../../.."/><description>Remove miniseverity from rsyslog part</description><topic reference="../../../thought/topic"/><context reference="../../../../../../../../../../../../../contexts/items/context[3]"/><state class="actionStateDelegated"><to>Andrea</to><chase>2012-02-28 00:00:00.0 CST</chase><created>2012-02-23 10:59:45.141 CST</created></state><notes></notes><done>true</done><doneDate>2012-02-23 00:00:00.0 CST</doneDate><time reference="../../../../project/children/project[5]/children/project/children/project/children/action/time"/><priority reference="../../../../project/children/project/children/project[3]/children/project/children/action/priority"/><success></success><modified>2012-02-23 10:59:45.141 CST</modified></action></children><topic reference="../thought/topic"/><description>Remove miniseverity from rsyslog part</description><purpose></purpose><success></success><brainstorming></brainstorming><organising></organising><done>false</done><sequence>false</sequence><sequencing reference="../../project/children/project/children/project/sequencing"/><notes></notes><modified>2012-02-22 13:27:56.14 CST</modified></project><project><id>10973</id><created>2012-02-22 14:35:50.757 CST</created><thought><created>2012-02-22 14:29:25.287 CST</created><description>know watir</description><topic><name>None</name><description>No topic.</description><color reference="../../../../../../../../../../../../../topics/items/topic[8]/color"/><background reference="../../../../../../../../../../../../../topics/items/topic[8]/background"/><id>8</id></topic><processed>true</processed><id>10962</id></thought><parent class="projects" reference="../../.."/><children><action><id>10972</id><created>2012-02-22 14:35:31.958 CST</created><thought reference="../../../thought"/><parent reference="../../.."/><description>know watir</description><topic reference="../../../thought/topic"/><context reference="../../../../../../../../../../../../../contexts/items/context[4]"/><state class="actionStateInactive"><created>2012-02-22 14:35:50.757 CST</created></state><notes></notes><done>false</done><priority reference="../../../../project/children/project/children/project[3]/children/project/children/action/priority"/><success></success><modified>2012-02-22 14:35:50.757 CST</modified></action></children><topic reference="../thought/topic"/><description>know watir</description><purpose></purpose><success></success><brainstorming></brainstorming><organising></organising><done>false</done><sequence>false</sequence><sequencing reference="../../project/children/project/children/project/sequencing"/><notes></notes><modified>2012-02-22 14:35:50.757 CST</modified></project><project><id>11117</id><created>2012-02-23 19:24:32.420 CST</created><thought><created>2012-02-23 19:23:50.236 CST</created><description>Set a plan to learn jishuliu CD</description><topic reference="../../../../../../../../../../../../topics/items/topic[5]"/><processed>true</processed><id>11114</id></thought><parent class="projects" reference="../../.."/><children/><topic reference="../../../../../../../../../../../topics/items/topic[5]"/><description>Set a plan to learn jishuliu CD</description><purpose></purpose><success></success><brainstorming></brainstorming><organising></organising><done>true</done><doneDate>2012-03-05 18:33:06.348 CST</doneDate><sequence>true</sequence><sequencing reference="../../project/children/project/children/project/sequencing"/><notes></notes><modified>2012-03-05 18:33:06.348 CST</modified></project><project><id>11065</id><created>2012-02-23 11:25:30.329 CST</created><thought><created>2012-02-23 11:23:49.83 CST</created><description>阅读GTD相关书籍</description><topic reference="../../../../../../../../../../../../topics/items/topic[4]"/><processed>true</processed><id>11060</id></thought><parent class="projects" reference="../../.."/><children><action><id>11064</id><created>2012-02-23 11:24:34.629 CST</created><thought reference="../../../thought"/><parent reference="../../.."/><description> 阅读尽管去做(Get thing done)</description><topic reference="../../../../../../../../../../../../../topics/items/topic[4]"/><context reference="../../../../../../../../../../../../../contexts/items/context[5]"/><state class="actionStateScheduled"><date>2012-02-28 00:00:00.0 CST</date><durationHours>0</durationHours><durationMinutes>0</durationMinutes><created>2012-02-23 11:25:30.329 CST</created></state><notes></notes><done>true</done><doneDate>2012-02-29 00:00:00.0 CST</doneDate><success></success><modified>2012-02-29 10:24:18.184 CST</modified></action></children><topic reference="../../../../../../../../../../../topics/items/topic[4]"/><description>阅读GTD相关书籍</description><purpose></purpose><success></success><brainstorming></brainstorming><organising></organising><done>false</done><sequence>true</sequence><sequencing reference="../../project/children/project/children/project/sequencing"/><notes></notes><modified>2012-02-23 11:25:30.330 CST</modified></project><project><id>11071</id><created>2012-02-23 15:20:04.405 CST</created><thought><created>2012-02-22 17:16:19.514 CST</created><description> 学习使用一种思维导向图工具</description><topic reference="../../../../../../../../../../../../topics/items/topic[4]"/><processed>true</processed><id>11005</id></thought><parent class="projects" reference="../../.."/><children><action><id>11072</id><created>2012-02-23 15:20:27.19 CST</created><parent reference="../../.."/><description>下载安装xmind</description><topic reference="../../../../../../../../../../../../../topics/items/topic[4]"/><context reference="../../../../../../../../../../../../../contexts/items/context[4]"/><state class="actionStateASAP"><created>2012-02-23 15:20:27.29 CST</created></state><notes></notes><done>true</done><doneDate>2012-02-23 00:00:00.0 CST</doneDate><time><id>106</id><name>45 min</name></time><modified>2012-02-23 15:20:49.957 CST</modified></action><action><id>11073</id><created>2012-02-23 15:20:59.320 CST</created><parent reference="../../.."/><description>通过绘制GTD流程， 学习使用xmind</description><topic reference="../../../../../../../../../../../../../topics/items/topic[4]"/><context reference="../../../../../../../../../../../../../contexts/items/context[4]"/><state class="actionStateASAP"><created>2012-02-23 15:20:59.320 CST</created></state><notes></notes><done>true</done><doneDate>2012-02-23 00:00:00.0 CST</doneDate><time reference="../../action/time"/><modified>2012-02-23 16:09:23.14 CST</modified></action></children><topic reference="../../../../../../../../../../../topics/items/topic[4]"/><description> 学习使用一种思维导向图工具</description><purpose></purpose><success></success><brainstorming></brainstorming><organising></organising><done>false</done><sequence>true</sequence><sequencing reference="../../project/children/project/children/project/sequencing"/><notes></notes><modified>2012-02-23 15:20:59.320 CST</modified><seqIncludeScheduled>false</seqIncludeScheduled></project><project><id>11181</id><created>2012-02-27 10:46:47.730 CST</created><thought><created>2012-02-20 15:41:27.966 CST</created><description>制定新年计划</description><topic reference="../../../project[9]/thought/topic"/><processed>true</processed><id>208</id></thought><parent class="projects" reference="../../.."/><children/><topic reference="../../../../../../../../../../../topics/items/topic[4]"/><description>制定计划</description><purpose></purpose><success></success><brainstorming></brainstorming><organising></organising><done>false</done><sequence>true</sequence><sequencing reference="../../project/children/project/children/project/sequencing"/><notes></notes><priority reference="../../project/children/project/children/project[3]/children/project/children/action/priority"/><modified>2012-03-05 16:08:28.582 CST</modified></project><project><id>11229</id><created>2012-02-28 17:56:04.736 CST</created><thought><created>2012-02-28 12:01:32.475 CST</created><description>学习css3</description><topic reference="../../../../../../../../../../../../topics/items/topic[4]"/><processed>true</processed><id>11212</id></thought><parent class="projects" reference="../../.."/><children><action><id>11228</id><created>2012-02-28 17:54:33.928 CST</created><thought reference="../../../thought"/><parent reference="../../.."/><description>学习css3</description><topic reference="../../../../../../../../../../../../../topics/items/topic[4]"/><context reference="../../../../../../../../../../../../../contexts/items/context[4]"/><state class="actionStateInactive"><created>2012-02-28 17:56:04.736 CST</created></state><notes></notes><done>false</done><success>掌握css3常用概念，常用设置</success><modified>2012-02-28 17:56:04.736 CST</modified></action></children><topic reference="../../../../../../../../../../../topics/items/topic[4]"/><description>学习css3</description><purpose></purpose><success>掌握css3常用概念，常用设置</success><brainstorming></brainstorming><organising></organising><done>false</done><sequence>true</sequence><sequencing reference="../../project/children/project/children/project/sequencing"/><notes></notes><modified>2012-02-28 17:56:04.736 CST</modified></project><project><id>11233</id><created>2012-02-28 17:56:45.733 CST</created><thought><created>2012-02-28 13:29:19.723 CST</created><description>写一个firefox扩展</description><topic reference="../../../../../../../../../../../../topics/items/topic[4]"/><processed>true</processed><id>11218</id></thought><parent class="projects" reference="../../.."/><children><action><id>11232</id><created>2012-02-28 17:56:18.548 CST</created><thought reference="../../../thought"/><parent reference="../../.."/><description>写一个firefox扩展</description><topic reference="../../../../../../../../../../../../../topics/items/topic[4]"/><context reference="../../../../../../../../../../../../../contexts/items/context[4]"/><state class="actionStateInactive"><created>2012-02-28 17:56:45.733 CST</created></state><notes></notes><done>false</done><success>public a firefox </success><modified>2012-02-28 17:56:45.734 CST</modified></action></children><topic reference="../../../../../../../../../../../topics/items/topic[4]"/><description>写一个firefox扩展</description><purpose></purpose><success>public a firefox </success><brainstorming></brainstorming><organising></organising><done>false</done><sequence>true</sequence><sequencing reference="../../project/children/project/children/project/sequencing"/><notes></notes><modified>2012-02-28 17:56:45.734 CST</modified></project><project><id>11281</id><created>2012-02-29 17:35:25.182 CST</created><thought><created>2012-02-28 18:14:22.758 CST</created><description>learn rake to process task</description><topic reference="../../../../../../../../../../../../topics/items/topic[4]"/><processed>true</processed><id>11241</id></thought><parent class="projects" reference="../../.."/><children><action><id>11251</id><created>2012-02-29 12:30:44.980 CST</created><thought reference="../../../thought"/><parent reference="../../.."/><description>learn rake basic usage and draw 思维导向图</description><topic reference="../../../../../../../../../../../../../topics/items/topic[4]"/><context reference="../../../../../../../../../../../../../contexts/items/context[3]"/><state class="actionStateInactive"><created>2012-03-05 15:48:22.249 CST</created></state><notes>http://rake.rubyforge.org/
http://onestepback.org/articles/buildingwithrake/

rake -T list all the commands can be used with the rakefile</notes><done>false</done><time><id>109</id><name>2 hrs</name></time><success>Use rake to re-write install_sles_dev.sh</success><modified>2012-03-05 15:48:22.249 CST</modified></action><action><id>11282</id><created>2012-02-29 17:36:13.842 CST</created><parent reference="../../.."/><description>Use rake to finish the work install_sles_dev.sh</description><topic reference="../../../../../../../../../../../../../topics/items/topic[4]"/><context reference="../../../../../../../../../../../../../contexts/items/context[3]"/><state class="actionStateInactive"><created>2012-03-05 17:48:38.26 CST</created></state><notes></notes><done>false</done><success></success><modified>2012-03-05 17:48:38.27 CST</modified></action></children><topic reference="../../../../../../../../../../../topics/items/topic[4]"/><description>learn rake to process task</description><purpose></purpose><success></success><brainstorming></brainstorming><organising></organising><done>false</done><sequence>true</sequence><sequencing reference="../../project/children/project/children/project/sequencing"/><notes></notes><modified>2012-02-29 17:36:13.842 CST</modified></project><project><id>11329</id><created>2012-03-02 09:46:40.421 CST</created><thought><created>2012-03-01 11:37:57.278 CST</created><description>Check http://railscasts.com/ often</description><topic reference="../../../../../../../../../../../../topics/items/topic[4]"/><processed>true</processed><id>11303</id></thought><parent class="projects" reference="../../.."/><children><action><id>11328</id><created>2012-03-02 09:44:57.754 CST</created><thought reference="../../../thought"/><parent reference="../../.."/><description>Check http://railscasts.com/ often</description><topic reference="../../../../../../../../../../../../../topics/items/topic[4]"/><context reference="../../../../../../../../../../../../../contexts/items/context[4]"/><state class="actionStateInactive"><created>2012-03-05 17:48:43.343 CST</created></state><notes></notes><done>false</done><success>A plan to check it</success><modified>2012-03-05 17:48:43.344 CST</modified></action></children><topic reference="../../../../../../../../../../../topics/items/topic[4]"/><description>Check http://railscasts.com/ often</description><purpose></purpose><success>A plan to check it</success><brainstorming></brainstorming><organising></organising><done>false</done><sequence>true</sequence><sequencing reference="../../project/children/project/children/project/sequencing"/><notes></notes><modified>2012-03-02 09:46:40.421 CST</modified></project><project><id>11331</id><created>2012-03-02 09:48:22.934 CST</created><thought><created>2012-03-01 11:52:07.842 CST</created><description>架设自己的blog</description><topic reference="../../../../../../../../../../../../topics/items/topic[4]"/><processed>true</processed><notes>octopress 工具</notes><id>11306</id></thought><parent class="projects" reference="../../.."/><children><action><id>11330</id><created>2012-03-02 09:46:40.421 CST</created><thought reference="../../../thought"/><parent reference="../../.."/><description>架设自己的blog</description><topic reference="../../../../../../../../../../../../../topics/items/topic[4]"/><context reference="../../../../../../../../../../../../../contexts/items/context[4]"/><state class="actionStateInactive"><created>2012-03-05 18:32:39.938 CST</created></state><notes>octopress 工具</notes><done>false</done><success>A public blog </success><modified>2012-03-05 18:32:39.938 CST</modified></action></children><topic reference="../../../../../../../../../../../topics/items/topic[4]"/><description>架设自己的blog</description><purpose></purpose><success>A public blog </success><brainstorming></brainstorming><organising></organising><done>false</done><sequence>true</sequence><sequencing reference="../../project/children/project/children/project/sequencing"/><notes>octopress 工具</notes><modified>2012-03-02 09:48:22.934 CST</modified></project></children><topic reference="../../../../../../../../../topics/items/topic"/><description></description><purpose></purpose><success></success><brainstorming></brainstorming><organising></organising><done>false</done><sequence>false</sequence><modified>2012-03-05 18:49:40.891 CST</modified></projects><actions reference="../../.."/></children><topic reference="../../../../../../../topics/items/topic"/><description></description><purpose></purpose><success></success><brainstorming></brainstorming><organising></organising><done>false</done><sequence>false</sequence><modified>2012-02-20 13:37:47.65 CST</modified></parent><children><action><id>10797</id><created>2012-02-20 16:09:38.311 CST</created><thought><created>2012-02-20 15:36:33.115 CST</created><description>Find a way to manage configuration files</description><topic reference="../../../../parent/children/projects/children/project[9]/thought/topic"/><processed>true</processed><id>196</id></thought><parent class="actions" reference="../../.."/><description>Find a way to manage configuration files</description><topic reference="../../../parent/children/projects/children/project[9]/thought/topic"/><context reference="../../../../../../../../contexts/items/context[5]"/><state class="actionStateASAP"><created>2012-02-20 16:09:58.388 CST</created></state><notes></notes><done>true</done><doneDate>2012-02-20 00:00:00.0 CST</doneDate><priority reference="../../../parent/children/projects/children/project/children/project/children/project[3]/children/project/children/action/priority"/><success></success><modified>2012-02-20 21:07:05.811 CST</modified></action><action><id>10922</id><created>2012-02-22 00:00:00.0 CST</created><thought><created>2012-02-22 09:59:48.851 CST</created><description>check Linda weibo about rails and saas</description><topic><name>None</name><description>No topic.</description><color><red>0</red><green>0</green><blue>0</blue><alpha>255</alpha></color><background><red>255</red><green>255</green><blue>255</blue><alpha>255</alpha></background><id>8</id></topic><processed>true</processed><id>10920</id></thought><parent class="actions" reference="../../.."/><description>check Linda weibo about rails and saas</description><topic reference="../../../../../../../../topics/items/topic[4]"/><context reference="../../../../../../../../contexts/items/context[5]"/><state class="actionStateASAP"><created>2012-02-22 10:00:36.648 CST</created></state><notes></notes><done>true</done><doneDate>2012-02-22 00:00:00.0 CST</doneDate><time reference="../../../parent/children/projects/children/project/children/project[5]/children/project/children/project/children/action/time"/><priority reference="../../../parent/children/projects/children/project/children/project/children/project[3]/children/project/children/action/priority"/><success></success><modified>2012-02-22 17:03:37.27 CST</modified></action><action><id>10799</id><created>2012-02-20 16:10:35.766 CST</created><thought><created>2012-02-20 15:37:32.927 CST</created><description>期指持仓</description><topic reference="../../../../parent/children/projects/children/project[9]/thought/topic"/><processed>true</processed><id>198</id></thought><parent class="actions" reference="../../.."/><description>期指持仓</description><topic reference="../../../parent/children/projects/children/project[9]/thought/topic"/><context reference="../../../../../../../../contexts/items/context[5]"/><state class="actionStateASAP"><created>2012-02-20 16:11:27.126 CST</created></state><notes></notes><done>true</done><doneDate>2012-02-20 00:00:00.0 CST</doneDate><success>知道每天期指增减仓情况</success><modified>2012-02-20 18:50:32.980 CST</modified></action><action><id>10798</id><created>2012-02-20 16:09:58.388 CST</created><thought><created>2012-02-20 15:36:58.13 CST</created><description>整理桌子</description><topic reference="../../../../parent/children/projects/children/project[9]/thought/topic"/><processed>true</processed><id>197</id></thought><parent class="actions" reference="../../.."/><description>整理桌子</description><topic reference="../../../../../../../../topics/items/topic[4]"/><context reference="../../../../../../../../contexts/items/context[3]"/><state class="actionStateScheduled"><date>2012-02-27 00:00:00.0 CST</date><durationHours>0</durationHours><durationMinutes>0</durationMinutes><created>2012-02-22 19:28:54.372 CST</created></state><notes></notes><done>true</done><doneDate>2012-02-27 18:19:34.135 CST</doneDate><time reference="../../../parent/children/projects/children/project/children/project[5]/children/project/children/project/children/action/time"/><priority reference="../../../parent/children/projects/children/project/children/project/children/project[3]/children/project/children/action/priority"/><success>Clean desk and find thing easily</success><modified>2012-02-27 18:19:34.135 CST</modified></action><action><id>10803</id><created>2012-02-20 16:12:12.943 CST</created><thought><created>2012-02-20 15:38:14.972 CST</created><description>review GTD 建议</description><topic reference="../../../../parent/children/projects/children/project[9]/thought/topic"/><processed>true</processed><id>200</id></thought><parent class="actions" reference="../../.."/><description>review GTD 建议</description><topic reference="../../../parent/children/projects/children/project[9]/thought/topic"/><context reference="../../../../../../../../contexts/items/context[4]"/><state class="actionStateScheduled"><date>2012-02-24 00:00:00.0 CST</date><durationHours>0</durationHours><durationMinutes>0</durationMinutes><created>2012-02-20 16:12:40.898 CST</created></state><notes>[file:/D:/shawn/document/GTD/小强升职记/forms/File10/避开时间黑洞建议.pdf]</notes><done>true</done><doneDate>2012-02-24 00:00:00.0 CST</doneDate><time reference="../../../parent/children/projects/children/project/children/project[2]/children/project[2]/children/action/time"/><priority reference="../../../parent/children/projects/children/project/children/project/children/project[3]/children/project/children/action/priority"/><success></success><modified>2012-02-24 08:52:24.673 CST</modified></action><action><id>10809</id><created>2012-02-20 16:15:28.730 CST</created><thought><created>2012-02-20 15:39:10.742 CST</created><description>Summary evenote GTD 的优势和缺点</description><topic reference="../../../../parent/children/projects/children/project[9]/thought/topic"/><processed>true</processed><id>202</id></thought><parent class="actions" reference="../../.."/><description>Summary evernote GTD 的优势和缺点</description><topic reference="../../../../../../../../topics/items/topic[4]"/><context reference="../../../../../../../../contexts/items/context[5]"/><state class="actionStateASAP"><created>2012-02-20 16:16:07.777 CST</created></state><notes></notes><done>true</done><doneDate>2012-02-22 00:00:00.0 CST</doneDate><time reference="../../../parent/children/projects/children/project/children/project/children/project[3]/children/project/children/action[3]/time"/><priority reference="../../../parent/children/projects/children/project/children/project/children/project[3]/children/project/children/action/priority"/><success> 成文</success><modified>2012-02-22 17:44:46.496 CST</modified></action><action><id>10814</id><created>2012-02-20 16:21:16.564 CST</created><thought><created>2012-02-20 15:39:54.834 CST</created><description>Learn outlook shortcut</description><topic reference="../../../../parent/children/projects/children/project[9]/thought/topic"/><processed>true</processed><id>204</id></thought><parent class="actions" reference="../../.."/><description>Learn outlook editor shortcut</description><topic reference="../../../parent/children/projects/children/project[9]/thought/topic"/><context reference="../../../../../../../../contexts/items/context[3]"/><state class="actionStateASAP"><created>2012-02-20 16:21:45.490 CST</created></state><notes>No editor shortcut for outlook</notes><done>true</done><doneDate>2012-02-20 00:00:00.0 CST</doneDate><priority reference="../../../parent/children/projects/children/project/children/project/children/project[3]/children/project/children/action/priority"/><success>Be able to use outlook shortcut when edit a mail</success><modified>2012-02-20 18:59:03.728 CST</modified></action><action><id>10815</id><created>2012-02-20 16:21:45.490 CST</created><thought><created>2012-02-20 15:40:14.68 CST</created><description>Ask rocky for kindle </description><topic reference="../../../../parent/children/projects/children/project[9]/thought/topic"/><processed>true</processed><id>205</id></thought><parent class="actions" reference="../../.."/><description>Ask rocky for kindle </description><topic reference="../../../parent/children/projects/children/project[9]/thought/topic"/><context reference="../../../../../../../../contexts/items/context[3]"/><state class="actionStateScheduled"><date>2012-02-20 17:45:00.0 CST</date><durationHours>17</durationHours><durationMinutes>30</durationMinutes><created>2012-02-20 16:22:35.879 CST</created></state><notes></notes><done>true</done><doneDate>2012-02-20 00:00:00.0 CST</doneDate><priority reference="../../../parent/children/projects/children/project/children/action/priority"/><success>Get kindle from rocky</success><modified>2012-02-20 18:49:46.781 CST</modified></action><action><id>10813</id><created>2012-02-20 16:21:13.772 CST</created><parent class="actions" reference="../../.."/><description>还房贷</description><topic reference="../../../../../../../../topics/items/topic[2]"/><context reference="../../../../../../../../contexts/items/context[2]"/><state class="actionStateScheduled"><date>2012-03-15 00:00:00.0 CST</date><durationHours>18</durationHours><durationMinutes>0</durationMinutes><recurrence><id>10812</id><project class="actions" reference="../../../../.."/><description>还房贷</description><topic reference="../../../../../../../../../../topics/items/topic[2]"/><context reference="../../../../../../../../../../contexts/items/context[2]"/><priority reference="../../../../../parent/children/projects/children/project/children/action/priority"/><scheduleHours>0</scheduleHours><scheduleMins>0</scheduleMins><durationHours>18</durationHours><durationMins>0</durationMins><basisID>1</basisID><startDate>2012-03-15 00:00:00.0 CST</startDate><periodID>0</periodID><frequency>1</frequency><advanceNbr>1</advanceNbr><genNbr>0</genNbr><genToDate>2012-04-15 00:00:00.0 CST</genToDate><success></success><notes>转帐2000到中国银行</notes><period class="tr.model.action.PeriodMonth"><option>Each</option><selectedDays class="vector"><int>15</int></selectedDays></period></recurrence><created>2012-02-20 16:21:13.772 CST</created></state><notes>转帐2000到中国银行</notes><done>false</done><priority reference="../../../parent/children/projects/children/project/children/action/priority"/><success></success><modified>2012-02-20 16:21:16.564 CST</modified></action><action><id>10816</id><created>2012-02-20 16:22:35.879 CST</created><thought><created>2012-02-20 15:40:54.270 CST</created><description>宝宝打预防针</description><topic reference="../../../../parent/children/projects/children/project[9]/thought/topic"/><processed>true</processed><id>206</id></thought><parent class="actions" reference="../../.."/><description>宝宝打预防针</description><topic reference="../../../parent/children/projects/children/project[9]/thought/topic"/><context reference="../../../../../../../../contexts/items/context[8]"/><state class="actionStateScheduled"><date>2012-03-07 20:30:00.0 CST</date><durationHours>0</durationHours><durationMinutes>30</durationMinutes><recurrence><id>10818</id><project class="actions" reference="../../../../.."/><description>宝宝打预防针</description><topic reference="../../../../../../../../../../topics/items/topic[2]"/><context reference="../../../../../../../../../../contexts/items/context[8]"/><priority reference="../../../../../parent/children/projects/children/project/children/action/priority"/><scheduleHours>0</scheduleHours><scheduleMins>0</scheduleMins><durationHours>17</durationHours><durationMins>0</durationMins><basisID>2</basisID><startDate>2012-02-20 00:00:00.0 CST</startDate><periodID>0</periodID><frequency>1</frequency><advanceNbr>4</advanceNbr><genNbr>0</genNbr><success></success><notes></notes><period class="tr.model.action.PeriodDay"/></recurrence><created>2012-02-20 16:22:59.935 CST</created></state><notes>明天打预防针</notes><done>false</done><priority reference="../../../parent/children/projects/children/project/children/action/priority"/><success></success><modified>2012-03-06 09:37:49.352 CST</modified></action><action><id>10828</id><created>2012-02-20 16:27:58.390 CST</created><thought><created>2012-02-20 15:47:04.635 CST</created><description>check 股友会资料</description><topic reference="../../../../parent/children/projects/children/project[9]/thought/topic"/><processed>true</processed><notes>[file:/D:/shawn/document/stock/2月19日股友会精华及股票池点评.doc]
[file:/D:/shawn/document/stock/什么是ETF基金.doc]
[file:/D:/shawn/document/stock/千年老妖成精法则.doc]</notes><id>213</id></thought><parent class="actions" reference="../../.."/><description>check 股友会资料</description><topic reference="../../../../../../../../topics/items/topic[5]"/><context reference="../../../../../../../../contexts/items/context[5]"/><state class="actionStateASAP"><created>2012-02-20 16:28:11.638 CST</created></state><notes>[file:/D:/shawn/document/stock/2月19日股友会精华及股票池点评.doc]
[file:/D:/shawn/document/stock/什么是ETF基金.doc]
[file:/D:/shawn/document/stock/千年老妖成精法则及最新活动更新.doc]</notes><done>true</done><doneDate>2012-02-22 00:00:00.0 CST</doneDate><time reference="../../../parent/children/projects/children/project/children/project/children/project[3]/children/project/children/action[3]/time"/><priority reference="../../../parent/children/projects/children/project/children/project/children/project[3]/children/project/children/action/priority"/><success></success><modified>2012-02-22 13:41:12.964 CST</modified></action><action><id>10827</id><created>2012-02-20 16:27:23.163 CST</created><thought><created>2012-02-20 15:46:33.0 CST</created><description>Review GTD 使用情况</description><topic reference="../../../../parent/children/projects/children/project[9]/thought/topic"/><processed>true</processed><id>212</id></thought><parent class="actions" reference="../../.."/><description>Review GTD 使用情况</description><topic reference="../../../parent/children/projects/children/project[9]/thought/topic"/><context reference="../../../../../../../../contexts/items/context[5]"/><state class="actionStateASAP"><created>2012-03-05 09:58:56.841 CST</created></state><notes></notes><done>true</done><doneDate>2012-03-05 00:00:00.0 CST</doneDate><priority reference="../../../parent/children/projects/children/project/children/project/children/project[3]/children/project/children/action/priority"/><success></success><modified>2012-03-05 18:43:36.262 CST</modified></action><action><id>10829</id><created>2012-02-20 16:28:11.638 CST</created><thought><created>2012-02-20 15:48:06.430 CST</created><description>Check 医疗报销进度</description><topic reference="../../../../parent/children/projects/children/project[9]/thought/topic"/><processed>true</processed><notes> 2.10 check with 高晓晖， 她说还没有收到单子， 去年单子3月底前需要提交。
 3.1 check again
</notes><id>214</id></thought><parent class="actions" reference="../../.."/><description>Check 医疗报销进度</description><topic reference="../../../../../../../../topics/items/topic[2]"/><context reference="../../../../../../../../contexts/items/context[7]"/><state class="actionStateScheduled"><date>2012-03-08 08:30:00.0 CST</date><durationHours>0</durationHours><durationMinutes>0</durationMinutes><created>2012-02-20 16:28:46.504 CST</created></state><notes> 2.10 check with 高晓晖， 她说还没有收到单子， 去年单子3月底前需要提交。 63746479
 3.1 check again
找不到人
过两天再试试，不行打电话给hr</notes><done>false</done><priority reference="../../../parent/children/projects/children/project/children/project/children/project[3]/children/project/children/action/priority"/><success></success><modified>2012-03-05 15:47:06.287 CST</modified></action><action><id>10848</id><created>2012-02-20 18:31:50.629 CST</created><thought><created>2012-02-20 18:30:43.157 CST</created><description>Bring kinddle back to rocky</description><topic reference="../../../../../../../../../topics/items/topic[2]"/><processed>true</processed><id>10841</id></thought><parent class="actions" reference="../../.."/><description>Bring kindle back to rocky</description><topic reference="../../../../../../../../topics/items/topic[2]"/><context reference="../../../../../../../../contexts/items/context[2]"/><state class="actionStateScheduled"><date>2012-02-21 09:30:00.0 CST</date><durationHours>0</durationHours><durationMinutes>0</durationMinutes><created>2012-02-20 18:32:35.433 CST</created></state><notes></notes><done>true</done><doneDate>2012-02-21 00:00:00.0 CST</doneDate><success></success><modified>2012-02-21 10:15:23.146 CST</modified></action><action><id>10831</id><created>2012-02-20 16:28:56.457 CST</created><thought><created>2012-02-20 15:48:44.946 CST</created><description>学习GTD文章</description><topic reference="../../../../parent/children/projects/children/project[9]/thought/topic"/><processed>true</processed><notes>check http://www.gtdlife.com/2012/2644/how-to-combing-todo-list/
check http://www.hi-pda.com/forum/viewthread.php?tid=144287&amp;highlight=&amp;page=1</notes><id>216</id></thought><parent class="actions" reference="../../.."/><description>学习GTD文章</description><topic reference="../../../../../../../../topics/items/topic[4]"/><context reference="../../../../../../../../contexts/items/context[4]"/><state class="actionStateScheduled"><durationHours>0</durationHours><durationMinutes>0</durationMinutes><created>2012-02-22 10:56:34.46 CST</created></state><notes>check http://www.gtdlife.com/2012/2644/how-to-combing-todo-list/
check http://www.hi-pda.com/forum/viewthread.php?tid=144287&amp;highlight=&amp;page=1</notes><done>true</done><doneDate>2012-02-25 00:00:00.0 CST</doneDate><time reference="../../../parent/children/projects/children/project/children/project[5]/children/project/children/project/children/action/time"/><priority reference="../../../parent/children/projects/children/project/children/project/children/project[3]/children/project/children/action/priority"/><success></success><modified>2012-02-24 18:17:31.754 CST</modified></action><action><id>10850</id><created>2012-02-20 18:53:51.552 CST</created><parent class="actions" reference="../../.."/><description>记账</description><topic reference="../../../../../../../../topics/items/topic[2]"/><context reference="../../../../../../../../contexts/items/context[8]"/><state class="actionStateScheduled"><date>2012-02-21 22:00:00.0 CST</date><durationHours>0</durationHours><durationMinutes>0</durationMinutes><recurrence><id>10849</id><project class="actions" reference="../../../../.."/><description>记账</description><topic reference="../../../../../../../../../../topics/items/topic[2]"/><context reference="../../../../../../../../../../contexts/items/context[8]"/><time><id>101</id><name>5 min</name></time><priority reference="../../../../../parent/children/projects/children/project/children/project/children/project[3]/children/project/children/action/priority"/><scheduleHours>22</scheduleHours><scheduleMins>0</scheduleMins><durationHours>0</durationHours><durationMins>0</durationMins><basisID>1</basisID><startDate>2012-02-20 00:00:00.0 CST</startDate><periodID>0</periodID><frequency>1</frequency><advanceNbr>1</advanceNbr><genNbr>0</genNbr><genToDate>2012-03-07 22:00:00.0 CST</genToDate><success></success><notes></notes><period class="tr.model.action.PeriodDay"/></recurrence><created>2012-02-20 18:53:51.552 CST</created></state><notes></notes><done>true</done><doneDate>2012-02-22 00:00:00.0 CST</doneDate><time reference="../state/recurrence/time"/><priority reference="../../../parent/children/projects/children/project/children/project/children/project[3]/children/project/children/action/priority"/><success></success><modified>2012-02-23 10:44:45.587 CST</modified></action><action><id>10859</id><created>2012-02-21 10:01:26.758 CST</created><thought><created>2012-02-20 21:07:08.10 CST</created><description>Use git to manage conf file</description><topic><name>None</name><description>No topic.</description><color><red>0</red><green>0</green><blue>0</blue><alpha>255</alpha></color><background><red>255</red><green>255</green><blue>255</blue><alpha>255</alpha></background><id>8</id></topic><processed>true</processed><id>10852</id></thought><parent class="actions" reference="../../.."/><description>Use git to manage conf file</description><topic reference="../../../../../../../../topics/items/topic[4]"/><context reference="../../../../../../../../contexts/items/context[5]"/><state class="actionStateScheduled"><date>2012-02-27 00:00:00.0 CST</date><durationHours>0</durationHours><durationMinutes>0</durationMinutes><created>2012-02-22 10:56:17.495 CST</created></state><notes></notes><done>true</done><doneDate>2012-02-27 00:00:00.0 CST</doneDate><time reference="../../../parent/children/projects/children/project/children/project/children/project[3]/children/project/children/action[3]/time"/><priority reference="../../../parent/children/projects/children/project/children/project/children/project[3]/children/project/children/action/priority"/><success></success><modified>2012-02-27 18:44:45.159 CST</modified></action><action><id>10862</id><created>2012-02-21 10:02:56.142 CST</created><thought><created>2012-02-21 10:01:10.316 CST</created><description>Check mail</description><topic reference="../../../../../../../../../topics/items/topic[3]"/><processed>true</processed><id>10856</id></thought><parent class="actions" reference="../../.."/><description>Check mail</description><topic reference="../../../../../../../../topics/items/topic[3]"/><context reference="../../../../../../../../contexts/items/context[3]"/><state class="actionStateScheduled"><date>2012-02-21 09:00:00.0 CST</date><durationHours>10</durationHours><durationMinutes>0</durationMinutes><created>2012-02-21 10:04:02.183 CST</created></state><notes></notes><done>true</done><doneDate>2012-02-21 00:00:00.0 CST</doneDate><priority reference="../../../parent/children/projects/children/project/children/project/children/project[3]/children/project/children/action/priority"/><success></success><modified>2012-02-21 10:14:08.33 CST</modified></action><action><id>10866</id><created>2012-02-21 10:04:45.373 CST</created><parent class="actions" reference="../../.."/><description>Check mail</description><topic reference="../../../../../../../../topics/items/topic[3]"/><context reference="../../../../../../../../contexts/items/context[3]"/><state class="actionStateScheduled"><date>2012-02-22 09:00:00.0 CST</date><durationHours>10</durationHours><durationMinutes>0</durationMinutes><created>2012-02-21 10:04:45.373 CST</created></state><notes></notes><done>true</done><doneDate>2012-02-22 00:00:00.0 CST</doneDate><priority reference="../../../parent/children/projects/children/project/children/project/children/project[3]/children/project/children/action/priority"/><success></success><modified>2012-02-22 10:45:05.599 CST</modified></action><action><id>10863</id><created>2012-02-21 10:03:03.224 CST</created><parent class="actions" reference="../../.."/><description>记账</description><topic reference="../../../../../../../../topics/items/topic[2]"/><context reference="../../../../../../../../contexts/items/context[8]"/><state class="actionStateScheduled"><date>2012-02-22 22:00:00.0 CST</date><durationHours>0</durationHours><durationMinutes>0</durationMinutes><recurrence reference="../../../action[16]/state/recurrence"/><created>2012-02-21 10:03:03.224 CST</created></state><notes></notes><done>true</done><doneDate>2012-02-23 00:00:00.0 CST</doneDate><time reference="../../action[16]/state/recurrence/time"/><priority reference="../../../parent/children/projects/children/project/children/project/children/project[3]/children/project/children/action/priority"/><success></success><modified>2012-02-23 10:24:54.157 CST</modified></action><action><id>10892</id><created>2012-02-21 17:35:15.59 CST</created><thought><created>2012-02-21 10:32:55.820 CST</created><description>put ruby wrapper on event detail on reviewboard</description><topic reference="../../../action[2]/thought/topic"/><processed>true</processed><id>10886</id></thought><parent class="actions" reference="../../.."/><description>put ruby wrapper on event detail on reviewboard</description><topic reference="../../../../../../../../topics/items/topic[3]"/><context reference="../../../../../../../../contexts/items/context[3]"/><state class="actionStateASAP"><created>2012-02-21 17:36:48.418 CST</created></state><notes></notes><done>true</done><doneDate>2012-02-21 00:00:00.0 CST</doneDate><priority reference="../../../parent/children/projects/children/project/children/action/priority"/><success></success><modified>2012-02-21 17:56:29.947 CST</modified></action><action><id>10893</id><created>2012-02-21 17:36:48.419 CST</created><thought><created>2012-02-21 15:40:57.654 CST</created><description>mail to andrea about the node summary issue</description><topic reference="../../../action[2]/thought/topic"/><processed>true</processed><id>10889</id></thought><parent class="actions" reference="../../.."/><description>mail to andrea about the node summary issue</description><topic reference="../../../../../../../../topics/items/topic[3]"/><context reference="../../../../../../../../contexts/items/context[3]"/><state class="actionStateASAP"><created>2012-02-21 17:37:03.526 CST</created></state><notes></notes><done>true</done><doneDate>2012-02-21 00:00:00.0 CST</doneDate><priority reference="../../../parent/children/projects/children/project/children/action/priority"/><success></success><modified>2012-02-21 17:37:44.544 CST</modified></action><action><id>10919</id><created>2012-02-22 01:02:38.589 CST</created><parent class="actions" reference="../../.."/><description>记账</description><topic reference="../../../../../../../../topics/items/topic[2]"/><context reference="../../../../../../../../contexts/items/context[8]"/><state class="actionStateScheduled"><date>2012-02-23 22:00:00.0 CST</date><durationHours>0</durationHours><durationMinutes>0</durationMinutes><recurrence reference="../../../action[16]/state/recurrence"/><created>2012-02-22 01:02:38.590 CST</created></state><notes></notes><done>true</done><doneDate>2012-02-24 00:00:00.0 CST</doneDate><time reference="../../action[16]/state/recurrence/time"/><priority reference="../../../parent/children/projects/children/project/children/project/children/project[3]/children/project/children/action/priority"/><success></success><modified>2012-02-24 08:42:20.348 CST</modified></action><action><id>10928</id><created>2012-02-22 10:54:16.345 CST</created><thought><created>2012-02-22 10:52:35.319 CST</created><description>add new entry for navigation tree</description><topic reference="../../../../parent/children/projects/children/project[12]/thought/topic"/><processed>true</processed><id>10923</id></thought><parent class="actions" reference="../../.."/><description>add new entry for navigation tree</description><topic reference="../../../parent/children/projects/children/project[12]/thought/topic"/><context reference="../../../../../../../../contexts/items/context[3]"/><state class="actionStateInactive"><created>2012-02-22 10:54:42.818 CST</created></state><notes></notes><done>false</done><success></success><modified>2012-02-22 10:54:42.818 CST</modified></action><action><id>10944</id><created>2012-02-22 13:27:56.14 CST</created><thought><created>2012-02-22 11:31:14.277 CST</created><description>add authticate before filter to event controller</description><topic reference="../../../../parent/children/projects/children/project[12]/thought/topic"/><processed>true</processed><id>10937</id></thought><parent class="actions" reference="../../.."/><description>add authticate before filter to event controller</description><topic reference="../../../parent/children/projects/children/project[12]/thought/topic"/><context reference="../../../../../../../../contexts/items/context[3]"/><state class="actionStateASAP"><created>2012-02-22 13:28:23.797 CST</created></state><notes></notes><done>true</done><doneDate>2012-02-22 00:00:00.0 CST</doneDate><time reference="../../../parent/children/projects/children/project/children/project[2]/children/project[2]/children/action/time"/><priority reference="../../../parent/children/projects/children/project/children/project/children/project[3]/children/project/children/action/priority"/><success></success><modified>2012-02-22 17:11:48.117 CST</modified></action><action><id>10969</id><created>2012-02-22 14:34:35.767 CST</created><thought><created>2012-02-22 14:12:40.890 CST</created><description>get dropbox more 空间</description><topic reference="../../../../parent/children/projects/children/project[13]/thought/topic"/><processed>true</processed><id>10959</id></thought><parent class="actions" reference="../../.."/><description>get dropbox more 空间</description><topic reference="../../../parent/children/projects/children/project[13]/thought/topic"/><context reference="../../../../../../../../contexts/items/context[2]"/><state class="actionStateASAP"><created>2012-03-05 09:59:03.903 CST</created></state><notes>淘宝上买http://item.taobao.com/item.htm?id=9135215408&#x0D;
转照片</notes><done>false</done><time reference="../../../parent/children/projects/children/project/children/project[5]/children/project/children/project/children/action/time"/><priority reference="../../../parent/children/projects/children/project/children/project/children/project[3]/children/project/children/action/priority"/><success></success><modified>2012-03-05 09:59:03.903 CST</modified></action><action><id>10994</id><created>2012-02-22 15:37:40.486 CST</created><thought><created>2012-02-22 15:10:09.648 CST</created><description>了解淘宝开放平台</description><topic reference="../../../../parent/children/projects/children/project[13]/thought/topic"/><processed>true</processed><id>10986</id></thought><parent class="actions" reference="../../.."/><description>了解淘宝开放平台</description><topic reference="../../../parent/children/projects/children/project[13]/thought/topic"/><context reference="../../../../../../../../contexts/items/context[4]"/><state class="actionStateInactive"><created>2012-02-22 15:38:07.323 CST</created></state><notes></notes><done>false</done><time reference="../../../parent/children/projects/children/project/children/project[5]/children/project/children/project/children/action/time"/><priority reference="../../../parent/children/projects/children/project/children/project/children/project[3]/children/project/children/action/priority"/><success></success><modified>2012-02-22 15:38:07.323 CST</modified></action><action><id>10995</id><created>2012-02-22 15:38:07.323 CST</created><thought><created>2012-02-22 15:19:26.425 CST</created><description>整理google reader</description><topic reference="../../../../../../../../../topics/items/topic[2]"/><processed>true</processed><id>10989</id></thought><parent class="actions" reference="../../.."/><description>整理google reader</description><topic reference="../../../../../../../../topics/items/topic[2]"/><context reference="../../../../../../../../contexts/items/context[4]"/><state class="actionStateASAP"><created>2012-02-22 15:38:21.878 CST</created></state><notes>1.查看google reader 趋势度
2.按必须阅读程度划分文件夹和标签</notes><done>true</done><doneDate>2012-02-22 00:00:00.0 CST</doneDate><time reference="../../../parent/children/projects/children/project/children/project/children/project[3]/children/project/children/action[3]/time"/><priority reference="../../../parent/children/projects/children/project/children/project/children/project[3]/children/project/children/action/priority"/><success></success><modified>2012-02-22 19:28:23.47 CST</modified></action><action><id>10996</id><created>2012-02-22 15:38:21.878 CST</created><thought><created>2012-02-22 15:35:11.695 CST</created><description>Check ruby &amp; rails formu</description><topic reference="../../../../../../../../../topics/items/topic[7]"/><processed>true</processed><notes>Check  [http://www.google.com/reader/view/#stream/feed%2Fhttp%3A%2F%2Fruby-china.org%2Ftopics%2Ffeed|ruby-china.org] daily&#x0D;
Check mail list from ruby-talk and ruby-doc daily&#x0D;
Check www.iteye.com daily  [http://my.iteye.com/mygroup|iteye group] </notes><id>10991</id></thought><parent class="actions" reference="../../.."/><description>Check ruby &amp; rails formu</description><topic reference="../../../../../../../../topics/items/topic[7]"/><context reference="../../../../../../../../contexts/items/context[4]"/><state class="actionStateScheduled"><date>2012-02-24 00:00:00.0 CST</date><durationHours>0</durationHours><durationMinutes>0</durationMinutes><created>2012-02-22 15:39:23.496 CST</created></state><notes>Check  [http://www.google.com/reader/view/#stream/feed%2Fhttp%3A%2F%2Fruby-china.org%2Ftopics%2Ffeed|ruby-china.org] every 3 days&#x0D;
Check mail list from ruby-talk and ruby-doc every 3 days&#x0D;
Check www.iteye.com every 3 days  [http://my.iteye.com/mygroup|iteye group] </notes><done>true</done><doneDate>2012-02-24 00:00:00.0 CST</doneDate><time reference="../../../parent/children/projects/children/project/children/project[2]/children/project[2]/children/action/time"/><priority reference="../../../parent/children/projects/children/project/children/project/children/project[3]/children/project/children/action/priority"/><success></success><modified>2012-02-24 08:56:39.848 CST</modified></action><action><id>10999</id><created>2012-02-22 15:40:49.754 CST</created><thought><created>2012-02-22 15:40:21.249 CST</created><description>learn to use stackoverflow</description><topic reference="../../../../../../../../../topics/items/topic[4]"/><processed>true</processed><id>10997</id></thought><parent class="actions" reference="../../.."/><description>learn to use stackoverflow</description><topic reference="../../../../../../../../topics/items/topic[4]"/><context reference="../../../../../../../../contexts/items/context[4]"/><state class="actionStateInactive"><created>2012-02-22 15:41:08.217 CST</created></state><notes></notes><done>false</done><time reference="../../../parent/children/projects/children/project/children/project/children/project[3]/children/project/children/action[3]/time"/><priority reference="../../../parent/children/projects/children/project/children/project/children/project[3]/children/project/children/action/priority"/><success></success><modified>2012-02-22 15:41:08.217 CST</modified></action><action><id>11033</id><created>2012-02-23 10:22:50.659 CST</created><parent class="actions" reference="../../.."/><description>记账</description><topic reference="../../../../../../../../topics/items/topic[2]"/><context reference="../../../../../../../../contexts/items/context[8]"/><state class="actionStateScheduled"><date>2012-02-24 22:00:00.0 CST</date><durationHours>0</durationHours><durationMinutes>0</durationMinutes><recurrence reference="../../../action[16]/state/recurrence"/><created>2012-02-23 10:22:50.660 CST</created></state><notes></notes><done>true</done><doneDate>2012-02-25 00:00:00.0 CST</doneDate><time reference="../../action[16]/state/recurrence/time"/><priority reference="../../../parent/children/projects/children/project/children/project/children/project[3]/children/project/children/action/priority"/><success></success><modified>2012-02-25 18:56:08.986 CST</modified></action><action><id>11045</id><created>2012-02-23 10:32:09.588 CST</created><thought><created>2012-02-23 10:28:36.448 CST</created><description>Get event detail fake data from Qiang</description><topic reference="../../../../../../../../../topics/items/topic[3]"/><processed>true</processed><id>11038</id></thought><parent class="actions" reference="../../.."/><description>Get event detail fake data from Qiang</description><topic reference="../../../../../../../../topics/items/topic[3]"/><context reference="../../../../../../../../contexts/items/context[3]"/><state class="actionStateDelegated"><to>Qiang Wang</to><chase>2012-02-24 00:00:00.0 CST</chase><created>2012-02-23 10:32:44.976 CST</created></state><notes></notes><done>true</done><doneDate>2012-02-24 00:00:00.0 CST</doneDate><time reference="../../action[16]/state/recurrence/time"/><success></success><modified>2012-02-24 08:59:01.346 CST</modified></action><action><id>11050</id><created>2012-02-23 10:42:01.126 CST</created><thought><created>2012-02-23 10:39:27.46 CST</created><description>填写个税申报</description><topic reference="../../../../../../../../../topics/items/topic[2]"/><processed>true</processed><notes>detail：email</notes><id>11046</id></thought><parent class="actions" reference="../../.."/><description>填写个税申报</description><topic reference="../../../../../../../../topics/items/topic[2]"/><context reference="../../../../../../../../contexts/items/context[3]"/><state class="actionStateScheduled"><date>2012-03-05 00:00:00.0 CST</date><durationHours>0</durationHours><durationMinutes>0</durationMinutes><created>2012-02-23 10:43:12.807 CST</created></state><notes>detail：email</notes><done>true</done><doneDate>2012-03-05 00:00:00.0 CST</doneDate><time reference="../../../parent/children/projects/children/project/children/project/children/project[3]/children/project/children/action[3]/time"/><success></success><modified>2012-03-05 11:29:24.9 CST</modified></action><action><id>11056</id><created>2012-02-23 11:01:32.525 CST</created><thought><created>2012-02-23 11:00:33.144 CST</created><description>Read reader</description><topic reference="../../../../../../../../../topics/items/topic[4]"/><processed>true</processed><id>11051</id></thought><parent class="actions" reference="../../.."/><description>Read reader</description><topic reference="../../../../../../../../topics/items/topic[4]"/><context reference="../../../../../../../../contexts/items/context[4]"/><state class="actionStateScheduled"><date>2012-02-23 00:00:00.0 CST</date><durationHours>0</durationHours><durationMinutes>0</durationMinutes><recurrence><id>11058</id><project class="actions" reference="../../../../.."/><description>Read reader</description><topic reference="../../../../../../../../../../topics/items/topic[4]"/><context reference="../../../../../../../../../../contexts/items/context[4]"/><time reference="../../../../../parent/children/projects/children/project/children/project/children/project[3]/children/project/children/action[3]/time"/><energy><id>118</id><name>Low Mental</name></energy><priority reference="../../../../../parent/children/projects/children/project/children/project/children/project[3]/children/project/children/action/priority"/><scheduleHours>0</scheduleHours><scheduleMins>0</scheduleMins><durationHours>0</durationHours><durationMins>0</durationMins><basisID>1</basisID><startDate>2012-02-23 00:00:00.0 CST</startDate><periodID>0</periodID><frequency>1</frequency><advanceNbr>1</advanceNbr><genNbr>0</genNbr><genToDate>2012-03-07 00:00:00.0 CST</genToDate><success></success><notes></notes><period class="tr.model.action.PeriodDay"/></recurrence><created>2012-02-23 11:02:15.401 CST</created></state><notes></notes><done>true</done><doneDate>2012-02-23 00:00:00.0 CST</doneDate><time reference="../../../parent/children/projects/children/project/children/project/children/project[3]/children/project/children/action[3]/time"/><energy reference="../state/recurrence/energy"/><priority reference="../../../parent/children/projects/children/project/children/project/children/project[3]/children/project/children/action/priority"/><success></success><modified>2012-02-23 18:34:30.917 CST</modified></action><action><id>11059</id><created>2012-02-23 11:03:09.439 CST</created><parent class="actions" reference="../../.."/><description>Read reader</description><topic reference="../../../../../../../../topics/items/topic[4]"/><context reference="../../../../../../../../contexts/items/context[4]"/><state class="actionStateScheduled"><date>2012-02-24 00:00:00.0 CST</date><durationHours>0</durationHours><durationMinutes>0</durationMinutes><recurrence reference="../../../action[34]/state/recurrence"/><created>2012-02-23 11:03:09.440 CST</created></state><notes></notes><done>true</done><doneDate>2012-02-24 00:00:00.0 CST</doneDate><time reference="../../../parent/children/projects/children/project/children/project/children/project[3]/children/project/children/action[3]/time"/><energy reference="../../action[34]/state/recurrence/energy"/><priority reference="../../../parent/children/projects/children/project/children/project/children/project[3]/children/project/children/action/priority"/><success></success><modified>2012-02-24 18:50:26.168 CST</modified></action><action><id>11070</id><created>2012-02-23 14:08:39.736 CST</created><thought><created>2012-02-23 14:08:17.802 CST</created><description>2012 q1 mbo</description><topic reference="../../../../../../../../../topics/items/topic[3]"/><processed>true</processed><id>11066</id></thought><parent class="actions" reference="../../.."/><description>2012 q1 mbo</description><topic reference="../../../../../../../../topics/items/topic[3]"/><context reference="../../../../../../../../contexts/items/context[3]"/><state class="actionStateScheduled"><date>2012-02-24 11:15:00.0 CST</date><durationHours>11</durationHours><durationMinutes>45</durationMinutes><created>2012-02-24 09:21:38.492 CST</created></state><notes></notes><done>true</done><doneDate>2012-02-24 00:00:00.0 CST</doneDate><time reference="../../../parent/children/projects/children/project/children/project/children/project[3]/children/project/children/action[3]/time"/><success></success><dueDate>2012-02-24 00:00:00.0 CST</dueDate><modified>2012-02-24 18:16:47.195 CST</modified></action><action><id>11087</id><created>2012-02-23 16:07:01.564 CST</created><thought><created>2012-02-23 15:54:30.76 CST</created><description>设置GTD每周检查时间</description><topic reference="../../../../../../../../../topics/items/topic[4]"/><processed>true</processed><id>11082</id></thought><parent class="actions" reference="../../.."/><description>GTD weekly review</description><topic reference="../../../../../../../../topics/items/topic[4]"/><context reference="../../../../../../../../contexts/items/context[5]"/><state class="actionStateScheduled"><date>2012-03-10 00:00:00.0 CST</date><durationHours>0</durationHours><durationMinutes>0</durationMinutes><recurrence><id>11391</id><project class="actions" reference="../../../../.."/><description>GTD weekly review</description><topic reference="../../../../../../../../../../topics/items/topic[4]"/><context reference="../../../../../../../../../../contexts/items/context[5]"/><time reference="../../../../../parent/children/projects/children/project[20]/children/action/time"/><energy><id>120</id><name>High Mental</name></energy><scheduleHours>0</scheduleHours><scheduleMins>0</scheduleMins><durationHours>0</durationHours><durationMins>0</durationMins><basisID>2</basisID><startDate>2012-03-10 00:00:00.0 CST</startDate><periodID>0</periodID><frequency>1</frequency><advanceNbr>4</advanceNbr><genNbr>0</genNbr><success>Get the &apos;Next Action&apos; list</success><notes></notes><period class="tr.model.action.PeriodWeek"><selectedDays class="vector"><int>7</int></selectedDays></period></recurrence><created>2012-03-05 18:44:29.622 CST</created></state><notes></notes><done>false</done><time reference="../../../parent/children/projects/children/project/children/project[5]/children/project/children/project/children/action/time"/><energy reference="../state/recurrence/energy"/><success></success><modified>2012-03-05 18:44:29.622 CST</modified></action><action><id>11107</id><created>2012-02-23 18:18:18.448 CST</created><thought><created>2012-02-23 18:17:58.403 CST</created><description>read howto-cover-your-tracks</description><topic reference="../../../../../../../../../topics/items/topic[2]"/><processed>true</processed><notes>http://program-think.blogspot.com/2010/04/howto-cover-your-tracks-0.html</notes><id>11105</id></thought><parent class="actions" reference="../../.."/><description>read howto-cover-your-tracks</description><topic reference="../../../../../../../../topics/items/topic[2]"/><context reference="../../../../../../../../contexts/items/context[4]"/><state class="actionStateScheduled"><date>2012-02-25 00:00:00.0 CST</date><durationHours>0</durationHours><durationMinutes>0</durationMinutes><created>2012-02-23 18:34:20.871 CST</created></state><notes>http://program-think.blogspot.com/2010/04/howto-cover-your-tracks-0.html</notes><done>true</done><doneDate>2012-02-25 18:56:36.595 CST</doneDate><time reference="../../../parent/children/projects/children/project/children/project[5]/children/project/children/project/children/action/time"/><success></success><modified>2012-02-25 18:56:36.595 CST</modified></action><action><id>11113</id><created>2012-02-23 19:22:51.90 CST</created><thought><created>2012-02-23 18:39:02.91 CST</created><description>了解9宫日记</description><topic><name>None</name><description>No topic.</description><color><red>0</red><green>0</green><blue>0</blue><alpha>255</alpha></color><background><red>255</red><green>255</green><blue>255</blue><alpha>255</alpha></background><id>8</id></topic><processed>true</processed><id>11108</id></thought><parent class="actions" reference="../../.."/><description>了解9宫日记</description><topic reference="../thought/topic"/><context reference="../../../../../../../../contexts/items/context[4]"/><state class="actionStateScheduled"><date>2012-02-24 00:00:00.0 CST</date><durationHours>0</durationHours><durationMinutes>0</durationMinutes><created>2012-02-23 19:23:10.945 CST</created></state><notes></notes><done>true</done><doneDate>2012-02-24 00:00:00.0 CST</doneDate><time reference="../../../parent/children/projects/children/project/children/project/children/project[3]/children/project/children/action[3]/time"/><success></success><modified>2012-02-24 18:29:05.730 CST</modified></action><action><id>11118</id><created>2012-02-24 08:44:08.162 CST</created><parent class="actions" reference="../../.."/><description>记账</description><topic reference="../../../../../../../../topics/items/topic[2]"/><context reference="../../../../../../../../contexts/items/context[8]"/><state class="actionStateScheduled"><date>2012-02-25 22:00:00.0 CST</date><durationHours>0</durationHours><durationMinutes>0</durationMinutes><recurrence reference="../../../action[16]/state/recurrence"/><created>2012-02-24 08:44:08.162 CST</created></state><notes></notes><done>true</done><doneDate>2012-02-25 18:56:24.56 CST</doneDate><time reference="../../action[16]/state/recurrence/time"/><priority reference="../../../parent/children/projects/children/project/children/project/children/project[3]/children/project/children/action/priority"/><success></success><modified>2012-02-25 18:56:24.56 CST</modified></action><action><id>11140</id><created>2012-02-24 09:24:19.478 CST</created><thought><created>2012-02-24 08:51:07.83 CST</created><description>每日一读</description><topic reference="../../../../../../../../../topics/items/topic[4]"/><processed>true</processed><notes>当天的行事历和任务清单&#x0D;
先做最重要和最困难的事</notes><id>11121</id></thought><parent class="actions" reference="../../.."/><description>每日一读</description><topic reference="../../../../../../../../topics/items/topic[4]"/><context reference="../../../../../../../../contexts/items/context[5]"/><state class="actionStateScheduled"><date>2012-02-24 08:30:00.0 CST</date><durationHours>8</durationHours><durationMinutes>35</durationMinutes><recurrence><id>11142</id><project class="actions" reference="../../../../.."/><description>每日一读</description><topic reference="../../../../../../../../../../topics/items/topic[4]"/><context reference="../../../../../../../../../../contexts/items/context[5]"/><time reference="../../../../action[16]/state/recurrence/time"/><scheduleHours>8</scheduleHours><scheduleMins>30</scheduleMins><durationHours>8</durationHours><durationMins>35</durationMins><basisID>1</basisID><startDate>2012-03-13 08:30:00.0 CST</startDate><periodID>0</periodID><frequency>1</frequency><advanceNbr>1</advanceNbr><genNbr>0</genNbr><genToDate>2012-03-16 08:30:00.0 CST</genToDate><success></success><notes>当天的行事历和任务清单&#x0D;
先做最重要和最困难的事&#x0D;
设置预期效果</notes><period class="tr.model.action.PeriodWeek"><selectedDays class="vector"><int>3</int><int>6</int></selectedDays></period></recurrence><created>2012-02-24 09:25:00.651 CST</created></state><notes>当天的行事历和任务清单&#x0D;
先做最重要和最困难的事</notes><done>true</done><doneDate>2012-02-24 00:00:00.0 CST</doneDate><time reference="../../action[16]/state/recurrence/time"/><success></success><modified>2012-02-24 17:42:34.762 CST</modified></action><action><id>11143</id><created>2012-02-24 09:25:26.157 CST</created><parent class="actions" reference="../../.."/><description>每日一读</description><topic reference="../../../../../../../../topics/items/topic[4]"/><context reference="../../../../../../../../contexts/items/context[5]"/><state class="actionStateScheduled"><date>2012-02-25 08:30:00.0 CST</date><durationHours>8</durationHours><durationMinutes>35</durationMinutes><recurrence reference="../../../action[41]/state/recurrence"/><created>2012-02-24 09:25:26.157 CST</created></state><notes>当天的行事历和任务清单&#x0D;
先做最重要和最困难的事</notes><done>true</done><doneDate>2012-02-25 00:00:00.0 CST</doneDate><time reference="../../action[16]/state/recurrence/time"/><success></success><modified>2012-02-25 18:56:12.946 CST</modified></action><action><id>11144</id><created>2012-02-24 09:25:33.770 CST</created><thought><created>2012-02-24 09:24:01.782 CST</created><description>Re-install iphone</description><topic reference="../../../../../../../../../topics/items/topic[4]"/><processed>true</processed><id>11137</id></thought><parent class="actions" reference="../../.."/><description>Re-install iphone</description><topic reference="../../../../../../../../topics/items/topic[4]"/><context reference="../../../../../../../../contexts/items/context[4]"/><state class="actionStateScheduled"><date>2012-02-24 16:00:00.0 CST</date><durationHours>17</durationHours><durationMinutes>0</durationMinutes><created>2012-02-24 09:26:11.413 CST</created></state><notes></notes><done>true</done><doneDate>2012-02-25 00:00:00.0 CST</doneDate><time reference="../../../parent/children/projects/children/project/children/project[5]/children/project/children/project/children/action/time"/><success></success><modified>2012-02-25 18:55:45.237 CST</modified></action><action><id>11152</id><created>2012-02-25 00:02:00.4 CST</created><parent class="actions" reference="../../.."/><description>记账</description><topic reference="../../../../../../../../topics/items/topic[2]"/><context reference="../../../../../../../../contexts/items/context[8]"/><state class="actionStateScheduled"><date>2012-02-26 22:00:00.0 CST</date><durationHours>0</durationHours><durationMinutes>0</durationMinutes><recurrence reference="../../../action[16]/state/recurrence"/><created>2012-02-25 00:02:00.4 CST</created></state><notes></notes><done>true</done><doneDate>2012-02-27 00:00:00.0 CST</doneDate><time reference="../../action[16]/state/recurrence/time"/><priority reference="../../../parent/children/projects/children/project/children/project/children/project[3]/children/project/children/action/priority"/><success></success><modified>2012-02-27 09:49:29.796 CST</modified></action><action><id>11154</id><created>2012-02-25 00:02:00.38 CST</created><parent class="actions" reference="../../.."/><description>每日一读</description><topic reference="../../../../../../../../topics/items/topic[4]"/><context reference="../../../../../../../../contexts/items/context[5]"/><state class="actionStateScheduled"><date>2012-02-26 08:30:00.0 CST</date><durationHours>8</durationHours><durationMinutes>35</durationMinutes><recurrence reference="../../../action[41]/state/recurrence"/><created>2012-02-25 00:02:00.38 CST</created></state><notes>当天的行事历和任务清单&#x0D;
先做最重要和最困难的事</notes><done>true</done><doneDate>2012-02-27 00:00:00.0 CST</doneDate><time reference="../../action[16]/state/recurrence/time"/><success></success><modified>2012-02-27 09:49:15.678 CST</modified></action><action><id>11162</id><created>2012-02-27 09:44:44.330 CST</created><thought><created>2012-02-24 14:27:24.314 CST</created><description>画一个CLI的思维导向图</description><topic reference="../../../../../../../../../topics/items/topic[4]"/><processed>true</processed><id>11145</id></thought><parent class="actions" reference="../../.."/><description>画一个CLI的思维导向图</description><topic reference="../../../../../../../../topics/items/topic[4]"/><context reference="../../../../../../../../contexts/items/context[3]"/><state class="actionStateInactive"><created>2012-02-27 09:45:28.463 CST</created></state><notes>Working durring develop CLI</notes><done>false</done><success></success><modified>2012-02-27 09:45:28.463 CST</modified></action><action><id>11164</id><created>2012-02-27 09:45:38.337 CST</created><parent class="actions" reference="../../.."/><description>记账</description><topic reference="../../../../../../../../topics/items/topic[2]"/><context reference="../../../../../../../../contexts/items/context[8]"/><state class="actionStateScheduled"><date>2012-02-27 22:00:00.0 CST</date><durationHours>0</durationHours><durationMinutes>0</durationMinutes><recurrence reference="../../../action[16]/state/recurrence"/><created>2012-02-27 09:45:38.337 CST</created></state><notes></notes><done>true</done><doneDate>2012-02-27 23:02:49.565 CST</doneDate><time reference="../../action[16]/state/recurrence/time"/><priority reference="../../../parent/children/projects/children/project/children/project/children/project[3]/children/project/children/action/priority"/><success></success><modified>2012-02-27 23:02:49.565 CST</modified></action><action><id>11165</id><created>2012-02-27 09:45:38.353 CST</created><parent class="actions" reference="../../.."/><description>记账</description><topic reference="../../../../../../../../topics/items/topic[2]"/><context reference="../../../../../../../../contexts/items/context[8]"/><state class="actionStateScheduled"><date>2012-02-28 22:00:00.0 CST</date><durationHours>0</durationHours><durationMinutes>0</durationMinutes><recurrence reference="../../../action[16]/state/recurrence"/><created>2012-02-27 09:45:38.353 CST</created></state><notes></notes><done>true</done><doneDate>2012-02-29 00:00:00.0 CST</doneDate><time reference="../../action[16]/state/recurrence/time"/><priority reference="../../../parent/children/projects/children/project/children/project/children/project[3]/children/project/children/action/priority"/><success></success><modified>2012-02-29 18:27:27.260 CST</modified></action><action><id>11167</id><created>2012-02-27 09:45:38.369 CST</created><parent class="actions" reference="../../.."/><description>Check ruby &amp; rails formu</description><topic reference="../../../../../../../../topics/items/topic[4]"/><context reference="../../../../../../../../contexts/items/context[4]"/><state class="actionStateScheduled"><date>2012-03-08 00:00:00.0 CST</date><durationHours>0</durationHours><durationMinutes>0</durationMinutes><created>2012-02-27 09:45:38.369 CST</created></state><notes>Check  [http://www.google.com/reader/view/#stream/feed%2Fhttp%3A%2F%2Fruby-china.org%2Ftopics%2Ffeed|ruby-china.org] every 3 days&#x0D;
Check mail list from ruby-talk and ruby-doc every 3 days&#x0D;
Check www.iteye.com every 3 days  [http://my.iteye.com/mygroup|iteye group] </notes><done>false</done><time reference="../../../parent/children/projects/children/project/children/project[2]/children/project[2]/children/action/time"/><priority reference="../../../parent/children/projects/children/project/children/project/children/project[3]/children/project/children/action/priority"/><success></success><modified>2012-02-27 09:45:38.369 CST</modified></action><action><id>11168</id><created>2012-02-27 09:45:38.369 CST</created><parent class="actions" reference="../../.."/><description>Read reader</description><topic reference="../../../../../../../../topics/items/topic[4]"/><context reference="../../../../../../../../contexts/items/context[4]"/><state class="actionStateScheduled"><date>2012-02-27 00:00:00.0 CST</date><durationHours>0</durationHours><durationMinutes>0</durationMinutes><recurrence reference="../../../action[34]/state/recurrence"/><created>2012-02-27 09:45:38.369 CST</created></state><notes></notes><done>true</done><doneDate>2012-02-27 14:27:42.730 CST</doneDate><time reference="../../../parent/children/projects/children/project/children/project/children/project[3]/children/project/children/action[3]/time"/><energy reference="../../action[34]/state/recurrence/energy"/><priority reference="../../../parent/children/projects/children/project/children/project/children/project[3]/children/project/children/action/priority"/><success></success><modified>2012-02-27 14:27:42.730 CST</modified></action><action><id>11169</id><created>2012-02-27 09:45:38.369 CST</created><parent class="actions" reference="../../.."/><description>Read reader</description><topic reference="../../../../../../../../topics/items/topic[4]"/><context reference="../../../../../../../../contexts/items/context[4]"/><state class="actionStateScheduled"><date>2012-02-28 00:00:00.0 CST</date><durationHours>0</durationHours><durationMinutes>0</durationMinutes><recurrence reference="../../../action[34]/state/recurrence"/><created>2012-02-27 09:45:38.369 CST</created></state><notes></notes><done>true</done><doneDate>2012-02-28 13:14:58.892 CST</doneDate><time reference="../../../parent/children/projects/children/project/children/project/children/project[3]/children/project/children/action[3]/time"/><energy reference="../../action[34]/state/recurrence/energy"/><priority reference="../../../parent/children/projects/children/project/children/project/children/project[3]/children/project/children/action/priority"/><success></success><modified>2012-02-28 13:14:58.892 CST</modified></action><action><id>11171</id><created>2012-02-27 09:45:38.384 CST</created><parent class="actions" reference="../../.."/><description>每日一读</description><topic reference="../../../../../../../../topics/items/topic[4]"/><context reference="../../../../../../../../contexts/items/context[5]"/><state class="actionStateScheduled"><date>2012-02-27 08:30:00.0 CST</date><durationHours>8</durationHours><durationMinutes>35</durationMinutes><recurrence reference="../../../action[41]/state/recurrence"/><created>2012-02-27 09:45:38.384 CST</created></state><notes>当天的行事历和任务清单&#x0D;
先做最重要和最困难的事</notes><done>true</done><doneDate>2012-02-27 10:46:20.430 CST</doneDate><time reference="../../action[16]/state/recurrence/time"/><success></success><modified>2012-02-27 10:46:20.430 CST</modified></action><action><id>11172</id><created>2012-02-27 09:45:38.415 CST</created><parent class="actions" reference="../../.."/><description>每日一读</description><topic reference="../../../../../../../../topics/items/topic[4]"/><context reference="../../../../../../../../contexts/items/context[5]"/><state class="actionStateScheduled"><date>2012-02-28 08:30:00.0 CST</date><durationHours>8</durationHours><durationMinutes>35</durationMinutes><recurrence reference="../../../action[41]/state/recurrence"/><created>2012-02-27 09:45:38.415 CST</created></state><notes>当天的行事历和任务清单&#x0D;
先做最重要和最困难的事&#x0D;
尽量填写衡量标准</notes><done>true</done><doneDate>2012-02-28 00:00:00.0 CST</doneDate><time reference="../../action[16]/state/recurrence/time"/><success></success><modified>2012-02-28 11:52:36.581 CST</modified></action><action><id>11175</id><created>2012-02-27 09:45:56.824 CST</created><thought><created>2012-02-24 18:31:05.526 CST</created><description>了解盛大云</description><topic reference="../../../../../../../../../topics/items/topic[4]"/><processed>true</processed><id>11150</id></thought><parent class="actions" reference="../../.."/><description>了解盛大云</description><topic reference="../../../../../../../../topics/items/topic[4]"/><context reference="../../../../../../../../contexts/items/context[4]"/><state class="actionStateInactive"><created>2012-03-05 17:49:11.541 CST</created></state><notes></notes><done>false</done><time reference="../../../parent/children/projects/children/project/children/project/children/project[3]/children/project/children/action[3]/time"/><success></success><modified>2012-03-05 17:49:11.541 CST</modified></action><action><id>11178</id><created>2012-02-27 09:48:25.137 CST</created><thought><created>2012-02-27 09:44:31.725 CST</created><description>Make iphone play the jishuliu video</description><topic reference="../../../../../../../../../topics/items/topic[5]"/><processed>true</processed><id>11159</id></thought><parent class="actions" reference="../../.."/><description>Make iphone play the jishuliu video</description><topic reference="../../../../../../../../topics/items/topic[5]"/><context reference="../../../../../../../../contexts/items/context[4]"/><state class="actionStateASAP"><created>2012-02-27 09:48:42.247 CST</created></state><notes></notes><done>true</done><doneDate>2012-02-27 15:56:02.549 CST</doneDate><time reference="../../../parent/children/projects/children/project/children/project/children/project[3]/children/project/children/action[3]/time"/><success></success><modified>2012-02-27 15:56:02.549 CST</modified></action><action><id>11200</id><created>2012-02-28 09:57:41.915 CST</created><parent class="actions" reference="../../.."/><description>记账</description><topic reference="../../../../../../../../topics/items/topic[2]"/><context reference="../../../../../../../../contexts/items/context[8]"/><state class="actionStateScheduled"><date>2012-02-29 22:00:00.0 CST</date><durationHours>0</durationHours><durationMinutes>0</durationMinutes><recurrence reference="../../../action[16]/state/recurrence"/><created>2012-02-28 09:57:41.917 CST</created></state><notes></notes><done>true</done><doneDate>2012-02-29 00:00:00.0 CST</doneDate><time reference="../../action[16]/state/recurrence/time"/><priority reference="../../../parent/children/projects/children/project/children/project/children/project[3]/children/project/children/action/priority"/><success></success><modified>2012-02-29 20:56:44.931 CST</modified></action><action><id>11201</id><created>2012-02-28 09:57:41.963 CST</created><parent class="actions" reference="../../.."/><description>Read reader</description><topic reference="../../../../../../../../topics/items/topic[4]"/><context reference="../../../../../../../../contexts/items/context[4]"/><state class="actionStateScheduled"><date>2012-02-29 00:00:00.0 CST</date><durationHours>0</durationHours><durationMinutes>0</durationMinutes><recurrence reference="../../../action[34]/state/recurrence"/><created>2012-02-28 09:57:41.969 CST</created></state><notes></notes><done>true</done><doneDate>2012-02-29 13:43:11.677 CST</doneDate><time reference="../../../parent/children/projects/children/project/children/project/children/project[3]/children/project/children/action[3]/time"/><energy reference="../../action[34]/state/recurrence/energy"/><priority reference="../../../parent/children/projects/children/project/children/project/children/project[3]/children/project/children/action/priority"/><success></success><modified>2012-02-29 13:43:11.677 CST</modified></action><action><id>11202</id><created>2012-02-28 09:57:41.976 CST</created><parent class="actions" reference="../../.."/><description>每日一读</description><topic reference="../../../../../../../../topics/items/topic[4]"/><context reference="../../../../../../../../contexts/items/context[5]"/><state class="actionStateScheduled"><date>2012-02-29 08:30:00.0 CST</date><durationHours>8</durationHours><durationMinutes>35</durationMinutes><recurrence reference="../../../action[41]/state/recurrence"/><created>2012-02-28 09:57:41.976 CST</created></state><notes>当天的行事历和任务清单&#x0D;
先做最重要和最困难的事&#x0D;
设置预期效果</notes><done>true</done><doneDate>2012-02-29 00:00:00.0 CST</doneDate><time reference="../../action[16]/state/recurrence/time"/><success></success><modified>2012-02-29 10:29:15.396 CST</modified></action><action><id>11199</id><created>2012-02-28 09:57:14.356 CST</created><thought><created>2012-02-27 11:52:08.671 CST</created><description>add ctags in dev evn</description><topic reference="../../../../../../../../../topics/items/topic[4]"/><processed>true</processed><id>11185</id></thought><parent class="actions" reference="../../.."/><description>add ctags in dev env</description><topic reference="../../../../../../../../topics/items/topic[4]"/><context reference="../../../../../../../../contexts/items/context[3]"/><state class="actionStateScheduled"><date>2012-02-29 00:00:00.0 CST</date><durationHours>0</durationHours><durationMinutes>0</durationMinutes><created>2012-02-28 18:19:02.638 CST</created></state><notes>ctags -a -e -f TAGS --tag-relative -R app lib vendor public/javascripts/</notes><done>true</done><doneDate>2012-02-29 00:00:00.0 CST</doneDate><time reference="../../../parent/children/projects/children/project/children/project[2]/children/project[2]/children/action/time"/><success></success><modified>2012-02-29 14:59:49.256 CST</modified></action><action><id>11237</id><created>2012-02-28 17:58:01.562 CST</created><thought><created>2012-02-28 15:07:07.9 CST</created><description>Questions on discussion about jquery table</description><topic reference="../../../../../../../../../topics/items/topic[3]"/><processed>true</processed><notes>the entries number in a page can be customized?&#x0D;
How to handle in controller if not the db case</notes><id>11223</id></thought><parent class="actions" reference="../../.."/><description>Questions on discussion about jquery table</description><topic reference="../../../../../../../../topics/items/topic[3]"/><context reference="../../../../../../../../contexts/items/context[3]"/><state class="actionStateScheduled"><date>2012-02-29 00:00:00.0 CST</date><durationHours>0</durationHours><durationMinutes>0</durationMinutes><created>2012-02-28 17:58:35.1 CST</created></state><notes>the entries number in a page can be customized?&#x0D;
How to handle in controller if not the db case</notes><done>true</done><doneDate>2012-02-29 00:00:00.0 CST</doneDate><success>Get the answer</success><modified>2012-02-29 13:22:33.76 CST</modified></action><action><id>11238</id><created>2012-02-28 17:58:35.5 CST</created><thought><created>2012-02-28 17:30:31.239 CST</created><description>select width in css attribute doesn&apos;t work in firefox. IE is ok. Invstigation</description><topic reference="../../../../../../../../../topics/items/topic[4]"/><processed>true</processed><notes>select{width:100px}</notes><id>11225</id></thought><parent class="actions" reference="../../.."/><description>select width in css attribute doesn&apos;t work in firefox. IE is ok.</description><topic reference="../../../../../../../../topics/items/topic[4]"/><context reference="../../../../../../../../contexts/items/context[4]"/><state class="actionStateInactive"><created>2012-02-28 17:59:35.294 CST</created></state><notes>select{width:100px}</notes><done>false</done><success>Kown why or know how</success><modified>2012-02-28 17:59:35.295 CST</modified></action><action><id>11244</id><created>2012-02-29 04:24:55.531 CST</created><parent class="actions" reference="../../.."/><description>记账</description><topic reference="../../../../../../../../topics/items/topic[2]"/><context reference="../../../../../../../../contexts/items/context[8]"/><state class="actionStateScheduled"><date>2012-03-01 22:00:00.0 CST</date><durationHours>0</durationHours><durationMinutes>0</durationMinutes><recurrence reference="../../../action[16]/state/recurrence"/><created>2012-02-29 04:24:55.578 CST</created></state><notes></notes><done>true</done><doneDate>2012-03-01 21:20:04.592 CST</doneDate><time reference="../../action[16]/state/recurrence/time"/><priority reference="../../../parent/children/projects/children/project/children/project/children/project[3]/children/project/children/action/priority"/><success></success><modified>2012-03-01 21:20:04.592 CST</modified></action><action><id>11245</id><created>2012-02-29 04:24:55.671 CST</created><parent class="actions" reference="../../.."/><description>Read reader</description><topic reference="../../../../../../../../topics/items/topic[4]"/><context reference="../../../../../../../../contexts/items/context[4]"/><state class="actionStateScheduled"><date>2012-03-01 00:00:00.0 CST</date><durationHours>0</durationHours><durationMinutes>0</durationMinutes><recurrence reference="../../../action[34]/state/recurrence"/><created>2012-02-29 04:24:55.671 CST</created></state><notes></notes><done>true</done><doneDate>2012-03-01 11:59:25.585 CST</doneDate><time reference="../../../parent/children/projects/children/project/children/project/children/project[3]/children/project/children/action[3]/time"/><energy reference="../../action[34]/state/recurrence/energy"/><priority reference="../../../parent/children/projects/children/project/children/project/children/project[3]/children/project/children/action/priority"/><success></success><modified>2012-03-01 11:59:25.585 CST</modified></action><action><id>11246</id><created>2012-02-29 04:24:55.702 CST</created><parent class="actions" reference="../../.."/><description>每日一读</description><topic reference="../../../../../../../../topics/items/topic[4]"/><context reference="../../../../../../../../contexts/items/context[5]"/><state class="actionStateScheduled"><date>2012-03-01 08:30:00.0 CST</date><durationHours>8</durationHours><durationMinutes>35</durationMinutes><recurrence reference="../../../action[41]/state/recurrence"/><created>2012-02-29 04:24:55.702 CST</created></state><notes>当天的行事历和任务清单&#x0D;
先做最重要和最困难的事&#x0D;
设置预期效果</notes><done>true</done><doneDate>2012-03-01 00:00:00.0 CST</doneDate><time reference="../../action[16]/state/recurrence/time"/><success></success><modified>2012-03-01 09:30:17.495 CST</modified></action><action><id>11268</id><created>2012-02-29 14:08:00.626 CST</created><thought><created>2012-02-29 13:48:58.12 CST</created><description>阅读《晨间日记的奇迹》</description><topic reference="../../../../../../../../../topics/items/topic[10]"/><processed>true</processed><id>11254</id></thought><parent class="actions" reference="../../.."/><description>阅读《晨间日记的奇迹》</description><topic reference="../../../../../../../../topics/items/topic[10]"/><context reference="../../../../../../../../contexts/items/context[5]"/><state class="actionStateInactive"><created>2012-02-29 14:09:07.641 CST</created></state><notes></notes><done>false</done><success>Draw 思维导向图</success><modified>2012-02-29 14:09:07.641 CST</modified></action><action><id>11269</id><created>2012-02-29 14:09:07.643 CST</created><thought><created>2012-02-29 14:07:10.508 CST</created><description>learn rspec</description><topic reference="../../../../../../../../../topics/items/topic[4]"/><processed>true</processed><id>11261</id></thought><parent class="actions" reference="../../.."/><description>learn rspec</description><topic reference="../../../../../../../../topics/items/topic[4]"/><context reference="../../../../../../../../contexts/items/context[4]"/><state class="actionStateInactive"><created>2012-03-05 17:49:30.658 CST</created></state><notes>http://www.slideshare.net/ihower/rspec-7394497 64页</notes><done>false</done><success>Be able to use rspec to test?</success><modified>2012-03-05 17:49:30.659 CST</modified></action><action><id>11283</id><created>2012-03-01 00:02:00.2 CST</created><parent class="actions" reference="../../.."/><description>还房贷</description><topic reference="../../../../../../../../topics/items/topic[2]"/><context reference="../../../../../../../../contexts/items/context[2]"/><state class="actionStateScheduled"><date reference="../../../action[9]/state/recurrence/genToDate"/><durationHours>18</durationHours><durationMinutes>0</durationMinutes><recurrence reference="../../../action[9]/state/recurrence"/><created>2012-03-01 00:02:00.2 CST</created></state><notes>转帐2000到中国银行</notes><done>false</done><priority reference="../../../parent/children/projects/children/project/children/action/priority"/><success></success><modified>2012-03-01 00:02:00.2 CST</modified></action><action><id>11284</id><created>2012-03-01 00:02:00.18 CST</created><parent class="actions" reference="../../.."/><description>记账</description><topic reference="../../../../../../../../topics/items/topic[2]"/><context reference="../../../../../../../../contexts/items/context[8]"/><state class="actionStateScheduled"><date>2012-03-02 22:00:00.0 CST</date><durationHours>0</durationHours><durationMinutes>0</durationMinutes><recurrence reference="../../../action[16]/state/recurrence"/><created>2012-03-01 00:02:00.18 CST</created></state><notes></notes><done>true</done><doneDate>2012-03-05 00:00:00.0 CST</doneDate><time reference="../../action[16]/state/recurrence/time"/><priority reference="../../../parent/children/projects/children/project/children/project/children/project[3]/children/project/children/action/priority"/><success></success><modified>2012-03-05 10:40:53.32 CST</modified></action><action><id>11286</id><created>2012-03-01 00:02:00.39 CST</created><parent class="actions" reference="../../.."/><description>每日一读</description><topic reference="../../../../../../../../topics/items/topic[4]"/><context reference="../../../../../../../../contexts/items/context[5]"/><state class="actionStateScheduled"><date>2012-03-02 08:30:00.0 CST</date><durationHours>8</durationHours><durationMinutes>35</durationMinutes><recurrence reference="../../../action[41]/state/recurrence"/><created>2012-03-01 00:02:00.39 CST</created></state><notes>当天的行事历和任务清单&#x0D;
先做最重要和最困难的事&#x0D;
设置预期效果</notes><done>true</done><doneDate>2012-03-02 00:00:00.0 CST</doneDate><time reference="../../action[16]/state/recurrence/time"/><success></success><modified>2012-03-02 09:37:51.175 CST</modified></action><action><id>11288</id><created>2012-03-01 09:32:11.119 CST</created><thought><created>2012-02-29 14:38:51.621 CST</created><description>learn how to use dried</description><topic reference="../../../../../../../../../topics/items/topic[4]"/><processed>true</processed><id>11270</id></thought><parent class="actions" reference="../../.."/><description>learn how to use dried</description><topic reference="../../../../../../../../topics/items/topic[4]"/><context reference="../../../../../../../../contexts/items/context[4]"/><state class="actionStateInactive"><created>2012-03-06 18:37:50.164 CST</created></state><notes></notes><done>false</done><success>Be able to use dried</success><modified>2012-03-06 18:37:50.164 CST</modified></action><action><id>11291</id><created>2012-03-01 09:34:01.118 CST</created><thought><created>2012-02-29 15:32:28.891 CST</created><description>调出thinkingrock with system shortcut </description><topic reference="../../../../../../../../../topics/items/topic[4]"/><processed>true</processed><id>11276</id></thought><parent class="actions" reference="../../.."/><description>调出thinkingrock with system shortcut </description><topic reference="../../../../../../../../topics/items/topic[4]"/><context reference="../../../../../../../../contexts/items/context[3]"/><state class="actionStateASAP"><created>2012-03-01 09:34:16.666 CST</created></state><notes>alt+tab</notes><done>true</done><doneDate>2012-03-01 00:00:00.0 CST</doneDate><time reference="../../../parent/children/projects/children/project/children/project[2]/children/project[2]/children/action/time"/><success></success><modified>2012-03-01 10:29:24.278 CST</modified></action><action><id>11296</id><created>2012-03-01 09:36:36.672 CST</created><thought><created>2012-03-01 09:35:34.75 CST</created><description>Review the table pattern and check with Yun  if the table id can be got </description><topic reference="../../../../../../../../../topics/items/topic[3]"/><processed>true</processed><id>11292</id></thought><parent class="actions" reference="../../.."/><description>Review the table pattern and check with Yun  if the table id can be got </description><topic reference="../../../../../../../../topics/items/topic[3]"/><context reference="../../../../../../../../contexts/items/context[3]"/><state class="actionStateDelegated"><to>Qin, Yun</to><chase>2012-03-07 00:00:00.0 CST</chase><created>2012-03-01 11:25:03.349 CST</created></state><notes>Wait for Yun&apos;s reply to check if it can support dynamic change url</notes><done>false</done><time reference="../../../parent/children/projects/children/project/children/project/children/project[3]/children/project/children/action[3]/time"/><success></success><modified>2012-03-01 18:23:23.426 CST</modified></action><action><id>11320</id><created>2012-03-02 09:36:29.540 CST</created><parent class="actions" reference="../../.."/><description>记账</description><topic reference="../../../../../../../../topics/items/topic[2]"/><context reference="../../../../../../../../contexts/items/context[8]"/><state class="actionStateScheduled"><date>2012-03-03 22:00:00.0 CST</date><durationHours>0</durationHours><durationMinutes>0</durationMinutes><recurrence reference="../../../action[16]/state/recurrence"/><created>2012-03-02 09:36:29.540 CST</created></state><notes></notes><done>true</done><doneDate>2012-03-05 10:32:02.331 CST</doneDate><time reference="../../action[16]/state/recurrence/time"/><priority reference="../../../parent/children/projects/children/project/children/project/children/project[3]/children/project/children/action/priority"/><success></success><modified>2012-03-05 10:32:02.331 CST</modified></action><action><id>11332</id><created>2012-03-02 09:48:22.950 CST</created><thought><created>2012-03-01 12:02:35.135 CST</created><description>给yinwei带折耳根</description><topic reference="../../../../../../../../../topics/items/topic[2]"/><processed>true</processed><id>11309</id></thought><parent class="actions" reference="../../.."/><description>给yinwei带折耳根</description><topic reference="../../../../../../../../topics/items/topic[2]"/><context reference="../../../../../../../../contexts/items/context[6]"/><state class="actionStateASAP"><created>2012-03-02 09:49:02.755 CST</created></state><notes></notes><done>true</done><doneDate>2012-03-02 00:00:00.0 CST</doneDate><success></success><modified>2012-03-02 09:49:02.755 CST</modified></action><action><id>11333</id><created>2012-03-02 09:49:02.755 CST</created><thought><created>2012-03-01 13:45:56.468 CST</created><description>ask tony how to veify is call is success or not</description><topic reference="../../../../../../../../../topics/items/topic[3]"/><processed>true</processed><id>11311</id></thought><parent class="actions" reference="../../.."/><description>ask tony how to veify is call is success or not</description><topic reference="../../../../../../../../topics/items/topic[3]"/><context reference="../../../../../../../../contexts/items/context[3]"/><state class="actionStateASAP"><created>2012-03-02 09:49:39.851 CST</created></state><notes></notes><done>true</done><doneDate>2012-03-02 00:00:00.0 CST</doneDate><success>Know the answer</success><modified>2012-03-02 10:55:09.608 CST</modified></action><action><id>11337</id><created>2012-03-02 09:51:29.990 CST</created><thought><created>2012-03-01 13:53:22.486 CST</created><description>了解zen coding</description><topic reference="../../../../../../../../../topics/items/topic[4]"/><processed>true</processed><notes>http://www.qianduan.net/zen-coding-a-new-way-to-write-html-code.html</notes><id>11316</id></thought><parent class="actions" reference="../../.."/><description>了解zen coding</description><topic reference="../../../../../../../../topics/items/topic[4]"/><context reference="../../../../../../../../contexts/items/context[3]"/><state class="actionStateInactive"><created>2012-03-05 18:43:45.458 CST</created></state><notes>http://www.qianduan.net/zen-coding-a-new-way-to-write-html-code.html</notes><done>false</done><success>know what and the advantage</success><modified>2012-03-05 18:43:45.458 CST</modified></action><action><id>11338</id><created>2012-03-02 09:51:55.69 CST</created><thought><created>2012-03-01 17:23:14.718 CST</created><description>电话check 利率调整后房贷还款</description><topic reference="../../../../../../../../../topics/items/topic[2]"/><processed>true</processed><id>11318</id></thought><parent class="actions" reference="../../.."/><description>电话check 利率调整后房贷还款</description><topic reference="../../../../../../../../topics/items/topic[2]"/><context reference="../../../../../../../../contexts/items/context[7]"/><state class="actionStateScheduled"><date>2012-03-12 00:00:00.0 CST</date><durationHours>0</durationHours><durationMinutes>0</durationMinutes><created>2012-03-02 17:02:28.217 CST</created></state><notes></notes><done>false</done><success>know how much I need pay form now on</success><modified>2012-03-02 17:02:28.217 CST</modified></action><action><id>11347</id><created>2012-03-02 17:04:03.346 CST</created><thought><created>2012-03-02 11:05:21.427 CST</created><description>了解159915</description><topic reference="../../../../../../../../../topics/items/topic[5]"/><processed>true</processed><notes>稳健&#x0D;
创指反弹肯定会涨</notes><id>11341</id></thought><parent class="actions" reference="../../.."/><description>了解159915</description><topic reference="../../../../../../../../topics/items/topic[5]"/><context reference="../../../../../../../../contexts/items/context[2]"/><state class="actionStateScheduled"><date>2012-03-05 00:00:00.0 CST</date><durationHours>0</durationHours><durationMinutes>0</durationMinutes><created>2012-03-05 18:37:57.208 CST</created></state><notes>稳健&#x0D;
创指反弹肯定会涨</notes><done>true</done><doneDate>2012-03-05 00:00:00.0 CST</doneDate><success></success><modified>2012-03-05 21:53:24.531 CST</modified></action><action><id>11348</id><created>2012-03-02 17:04:18.510 CST</created><thought><created>2012-03-02 17:03:33.191 CST</created><description>Try mac GTD SW </description><topic reference="../../../../../../../../../topics/items/topic[4]"/><processed>true</processed><id>11344</id></thought><parent class="actions" reference="../../.."/><description>Try mac GTD SW </description><topic reference="../../../../../../../../topics/items/topic[4]"/><context reference="../../../../../../../../contexts/items/context[2]"/><state class="actionStateASAP"><created>2012-03-02 17:04:26.904 CST</created></state><notes></notes><done>true</done><doneDate>2012-03-05 00:00:00.0 CST</doneDate><success></success><modified>2012-03-05 09:58:38.669 CST</modified></action><action><id>11349</id><created>2012-03-03 20:43:27.348 CST</created><parent class="actions" reference="../../.."/><description>记账</description><topic reference="../../../../../../../../topics/items/topic[2]"/><context reference="../../../../../../../../contexts/items/context[8]"/><state class="actionStateScheduled"><date>2012-03-04 22:00:00.0 CST</date><durationHours>0</durationHours><durationMinutes>0</durationMinutes><recurrence reference="../../../action[16]/state/recurrence"/><created>2012-03-03 20:43:27.348 CST</created></state><notes></notes><done>true</done><doneDate>2012-03-05 10:32:10.667 CST</doneDate><time reference="../../action[16]/state/recurrence/time"/><priority reference="../../../parent/children/projects/children/project/children/project/children/project[3]/children/project/children/action/priority"/><success></success><modified>2012-03-05 10:32:10.667 CST</modified></action><action><id>11350</id><created>2012-03-03 20:43:27.363 CST</created><parent class="actions" reference="../../.."/><description>Read reader</description><topic reference="../../../../../../../../topics/items/topic[4]"/><context reference="../../../../../../../../contexts/items/context[4]"/><state class="actionStateScheduled"><date>2012-03-04 00:00:00.0 CST</date><durationHours>0</durationHours><durationMinutes>0</durationMinutes><recurrence reference="../../../action[34]/state/recurrence"/><created>2012-03-03 20:43:27.363 CST</created></state><notes></notes><done>true</done><doneDate>2012-03-05 09:58:13.597 CST</doneDate><time reference="../../../parent/children/projects/children/project/children/project/children/project[3]/children/project/children/action[3]/time"/><energy reference="../../action[34]/state/recurrence/energy"/><priority reference="../../../parent/children/projects/children/project/children/project/children/project[3]/children/project/children/action/priority"/><success></success><modified>2012-03-05 09:58:13.597 CST</modified></action><action><id>11352</id><created>2012-03-04 00:02:00.8 CST</created><parent class="actions" reference="../../.."/><description>记账</description><topic reference="../../../../../../../../topics/items/topic[2]"/><context reference="../../../../../../../../contexts/items/context[8]"/><state class="actionStateScheduled"><date>2012-03-05 22:00:00.0 CST</date><durationHours>0</durationHours><durationMinutes>0</durationMinutes><recurrence reference="../../../action[16]/state/recurrence"/><created>2012-03-04 00:02:00.8 CST</created></state><notes></notes><done>true</done><doneDate>2012-03-05 21:16:19.643 CST</doneDate><time reference="../../action[16]/state/recurrence/time"/><priority reference="../../../parent/children/projects/children/project/children/project/children/project[3]/children/project/children/action/priority"/><success></success><modified>2012-03-05 21:16:19.643 CST</modified></action><action><id>11353</id><created>2012-03-04 00:02:00.18 CST</created><parent class="actions" reference="../../.."/><description>Read reader</description><topic reference="../../../../../../../../topics/items/topic[4]"/><context reference="../../../../../../../../contexts/items/context[4]"/><state class="actionStateScheduled"><date>2012-03-05 00:00:00.0 CST</date><durationHours>0</durationHours><durationMinutes>0</durationMinutes><recurrence reference="../../../action[34]/state/recurrence"/><created>2012-03-04 00:02:00.18 CST</created></state><notes></notes><done>true</done><doneDate>2012-03-05 12:55:37.765 CST</doneDate><time reference="../../../parent/children/projects/children/project/children/project/children/project[3]/children/project/children/action[3]/time"/><energy reference="../../action[34]/state/recurrence/energy"/><priority reference="../../../parent/children/projects/children/project/children/project/children/project[3]/children/project/children/action/priority"/><success></success><modified>2012-03-05 12:55:37.765 CST</modified></action><action><id>11357</id><created>2012-03-05 09:55:11.248 CST</created><parent class="actions" reference="../../.."/><description>记账</description><topic reference="../../../../../../../../topics/items/topic[2]"/><context reference="../../../../../../../../contexts/items/context[8]"/><state class="actionStateScheduled"><date>2012-03-06 22:00:00.0 CST</date><durationHours>0</durationHours><durationMinutes>0</durationMinutes><recurrence reference="../../../action[16]/state/recurrence"/><created>2012-03-05 09:55:11.249 CST</created></state><notes></notes><done>false</done><time reference="../../action[16]/state/recurrence/time"/><priority reference="../../../parent/children/projects/children/project/children/project/children/project[3]/children/project/children/action/priority"/><success></success><modified>2012-03-05 09:55:11.249 CST</modified></action><action><id>11358</id><created>2012-03-05 09:55:11.290 CST</created><parent class="actions" reference="../../.."/><description>Read reader</description><topic reference="../../../../../../../../topics/items/topic[4]"/><context reference="../../../../../../../../contexts/items/context[4]"/><state class="actionStateScheduled"><date>2012-03-06 00:00:00.0 CST</date><durationHours>0</durationHours><durationMinutes>0</durationMinutes><recurrence reference="../../../action[34]/state/recurrence"/><created>2012-03-05 09:55:11.310 CST</created></state><notes></notes><done>true</done><doneDate>2012-03-06 00:00:00.0 CST</doneDate><time reference="../../../parent/children/projects/children/project/children/project/children/project[3]/children/project/children/action[3]/time"/><energy reference="../../action[34]/state/recurrence/energy"/><priority reference="../../../parent/children/projects/children/project/children/project/children/project[3]/children/project/children/action/priority"/><success></success><modified>2012-03-06 19:01:23.723 CST</modified></action><action><id>11367</id><created>2012-03-05 15:30:16.779 CST</created><thought><created>2012-03-05 13:52:38.648 CST</created><description>Set the plan to learn meta ruby</description><topic><name>None</name><description>No topic.</description><color><red>0</red><green>0</green><blue>0</blue><alpha>255</alpha></color><background><red>255</red><green>255</green><blue>255</blue><alpha>255</alpha></background><id>8</id></topic><processed>true</processed><id>11361</id></thought><parent class="actions" reference="../../.."/><description>lean meta ruby</description><topic><name>None</name><description>No topic.</description><color><red>0</red><green>0</green><blue>0</blue><alpha>255</alpha></color><background><red>255</red><green>255</green><blue>255</blue><alpha>255</alpha></background><id>8</id></topic><context reference="../../../../../../../../contexts/items/context[5]"/><state class="actionStateInactive"><created>2012-03-05 15:31:11.943 CST</created></state><notes></notes><done>false</done><success>Get the study plan</success><modified>2012-03-05 15:31:11.943 CST</modified></action><action><id>11368</id><created>2012-03-05 15:31:11.949 CST</created><thought><created>2012-03-05 15:23:51.789 CST</created><description>Install toggl</description><topic reference="../../../action[86]/thought/topic"/><processed>true</processed><id>11363</id></thought><parent class="actions" reference="../../.."/><description>Install toggl</description><topic reference="../../action[86]/topic"/><context reference="../../../../../../../../contexts/items/context[4]"/><state class="actionStateASAP"><created>2012-03-05 15:31:24.854 CST</created></state><notes></notes><done>true</done><doneDate>2012-03-05 00:00:00.0 CST</doneDate><time reference="../../../parent/children/projects/children/project/children/project[2]/children/project[2]/children/action/time"/><success></success><modified>2012-03-05 18:31:27.451 CST</modified></action><action><id>11376</id><created>2012-03-05 16:07:16.371 CST</created><thought><created>2012-03-05 15:56:32.345 CST</created><description>check stock</description><topic reference="../../../../../../../../../topics/items/topic[5]"/><processed>true</processed><id>11370</id></thought><parent class="actions" reference="../../.."/><description>check stock</description><topic reference="../../../../../../../../topics/items/topic[5]"/><context reference="../../../../../../../../contexts/items/context[2]"/><state class="actionStateScheduled"><date>2012-03-05 20:00:00.0 CST</date><durationHours>0</durationHours><durationMinutes>0</durationMinutes><created>2012-03-05 16:07:46.21 CST</created></state><notes></notes><done>true</done><doneDate>2012-03-05 21:53:21.848 CST</doneDate><time reference="../../../parent/children/projects/children/project/children/project[5]/children/project/children/project/children/action/time"/><success></success><modified>2012-03-05 21:53:21.848 CST</modified></action><action><id>11377</id><created>2012-03-05 16:07:46.32 CST</created><thought><created>2012-03-05 16:06:41.811 CST</created><description>Try to use textmate on atmos work</description><topic reference="../../../../../../../../../topics/items/topic[4]"/><processed>true</processed><id>11373</id></thought><parent class="actions" reference="../../.."/><description>Try to use textmate on atmos work</description><topic reference="../../../../../../../../topics/items/topic[4]"/><context reference="../../../../../../../../contexts/items/context[3]"/><state class="actionStateASAP"><created>2012-03-05 16:08:04.288 CST</created></state><notes>Failed. 
1.Cannot find a good way to edit the remote file
2.Too slow when editing atmos gui code even in local</notes><done>true</done><doneDate>2012-03-05 00:00:00.0 CST</doneDate><success></success><modified>2012-03-05 18:27:41.846 CST</modified></action><action><id>11378</id><created>2012-03-05 17:51:02.408 CST</created><parent class="actions" reference="../../.."/><description>每日一读</description><topic reference="../../../../../../../../topics/items/topic[4]"/><context reference="../../../../../../../../contexts/items/context[5]"/><state class="actionStateScheduled"><date>2012-03-06 08:30:00.0 CST</date><durationHours>8</durationHours><durationMinutes>35</durationMinutes><recurrence reference="../../../action[41]/state/recurrence"/><created>2012-03-05 17:51:02.409 CST</created></state><notes>当天的行事历和任务清单&#x0D;
先做最重要和最困难的事&#x0D;
设置预期效果</notes><done>true</done><doneDate>2012-03-06 00:00:00.0 CST</doneDate><time reference="../../action[16]/state/recurrence/time"/><success></success><modified>2012-03-06 09:38:14.538 CST</modified></action><action><id>11379</id><created>2012-03-05 17:51:02.435 CST</created><parent class="actions" reference="../../.."/><description>每日一读</description><topic reference="../../../../../../../../topics/items/topic[4]"/><context reference="../../../../../../../../contexts/items/context[5]"/><state class="actionStateScheduled"><date>2012-03-09 08:30:00.0 CST</date><durationHours>8</durationHours><durationMinutes>35</durationMinutes><recurrence reference="../../../action[41]/state/recurrence"/><created>2012-03-05 17:51:02.436 CST</created></state><notes>当天的行事历和任务清单&#x0D;
先做最重要和最困难的事&#x0D;
设置预期效果</notes><done>false</done><time reference="../../action[16]/state/recurrence/time"/><success></success><modified>2012-03-05 17:51:02.436 CST</modified></action><action><id>11380</id><created>2012-03-05 17:51:02.457 CST</created><parent class="actions" reference="../../.."/><description>每日一读</description><topic reference="../../../../../../../../topics/items/topic[4]"/><context reference="../../../../../../../../contexts/items/context[5]"/><state class="actionStateScheduled"><date reference="../../../action[41]/state/recurrence/startDate"/><durationHours>8</durationHours><durationMinutes>35</durationMinutes><recurrence reference="../../../action[41]/state/recurrence"/><created>2012-03-05 17:51:02.457 CST</created></state><notes>当天的行事历和任务清单&#x0D;
先做最重要和最困难的事&#x0D;
设置预期效果</notes><done>false</done><time reference="../../action[16]/state/recurrence/time"/><success></success><modified>2012-03-05 17:51:02.460 CST</modified></action><action><id>11382</id><created>2012-03-05 17:52:14.252 CST</created><parent class="actions" reference="../../.."/><description>每日一读</description><topic reference="../../../../../../../../topics/items/topic[4]"/><context reference="../../../../../../../../contexts/items/context[5]"/><state class="actionStateScheduled"><date>2012-03-16 08:30:00.0 CST</date><durationHours>8</durationHours><durationMinutes>35</durationMinutes><recurrence reference="../../../action[41]/state/recurrence"/><created>2012-03-05 17:52:14.252 CST</created></state><notes>当天的行事历和任务清单&#x0D;
先做最重要和最困难的事&#x0D;
设置预期效果</notes><done>false</done><time reference="../../action[16]/state/recurrence/time"/><success></success><modified>2012-03-05 17:52:14.252 CST</modified></action><action><id>11386</id><created>2012-03-05 18:33:43.290 CST</created><thought><created>2012-03-05 18:33:15.354 CST</created><description>learn 技术流光盘</description><topic reference="../../../../../../../../../topics/items/topic[5]"/><processed>true</processed><id>11383</id></thought><parent class="actions" reference="../../.."/><description>learn 技术流光盘</description><topic reference="../../../../../../../../topics/items/topic[5]"/><context reference="../../../../../../../../contexts/items/context[2]"/><state class="actionStateScheduled"><date>2012-03-05 00:00:00.0 CST</date><durationHours>0</durationHours><durationMinutes>0</durationMinutes><created>2012-03-05 18:34:02.19 CST</created></state><notes></notes><done>true</done><doneDate>2012-03-06 09:37:11.222 CST</doneDate><success>Get 相关思维导向图 </success><modified>2012-03-06 09:37:11.242 CST</modified></action><action><id>11396</id><created>2012-03-05 18:47:32.475 CST</created><thought><created>2012-03-05 18:46:34.531 CST</created><description>Learn onmifocus according to the tutorial video</description><topic reference="../../../../../../../../../topics/items/topic[4]"/><processed>true</processed><id>11392</id></thought><parent class="actions" reference="../../.."/><description>Learn onmifocus according to the tutorial video</description><topic reference="../../../../../../../../topics/items/topic[4]"/><context reference="../../../../../../../../contexts/items/context[4]"/><state class="actionStateInactive"><created>2012-03-06 18:35:44.995 CST</created></state><notes></notes><done>false</done><success>Use it frequently</success><modified>2012-03-06 18:35:44.995 CST</modified></action><action><id>11399</id><created>2012-03-06 00:02:00.8 CST</created><parent class="actions" reference="../../.."/><description>记账</description><topic reference="../../../../../../../../topics/items/topic[2]"/><context reference="../../../../../../../../contexts/items/context[8]"/><state class="actionStateScheduled"><date reference="../../../action[16]/state/recurrence/genToDate"/><durationHours>0</durationHours><durationMinutes>0</durationMinutes><recurrence reference="../../../action[16]/state/recurrence"/><created>2012-03-06 00:02:00.8 CST</created></state><notes></notes><done>false</done><time reference="../../action[16]/state/recurrence/time"/><priority reference="../../../parent/children/projects/children/project/children/project/children/project[3]/children/project/children/action/priority"/><success></success><modified>2012-03-06 00:02:00.8 CST</modified></action><action><id>11400</id><created>2012-03-06 00:02:00.147 CST</created><parent class="actions" reference="../../.."/><description>Read reader</description><topic reference="../../../../../../../../topics/items/topic[4]"/><context reference="../../../../../../../../contexts/items/context[4]"/><state class="actionStateScheduled"><date reference="../../../action[34]/state/recurrence/genToDate"/><durationHours>0</durationHours><durationMinutes>0</durationMinutes><recurrence reference="../../../action[34]/state/recurrence"/><created>2012-03-06 00:02:00.148 CST</created></state><notes></notes><done>false</done><time reference="../../../parent/children/projects/children/project/children/project/children/project[3]/children/project/children/action[3]/time"/><energy reference="../../action[34]/state/recurrence/energy"/><priority reference="../../../parent/children/projects/children/project/children/project/children/project[3]/children/project/children/action/priority"/><success></success><modified>2012-03-06 00:02:00.173 CST</modified></action><action><id>11401</id><created>2012-03-06 09:37:11.223 CST</created><parent class="actions" reference="../../.."/><description>learn 技术流光盘</description><topic reference="../../../../../../../../topics/items/topic[5]"/><context reference="../../../../../../../../contexts/items/context[2]"/><state class="actionStateScheduled"><date>2012-03-07 21:00:00.0 CST</date><durationHours>0</durationHours><durationMinutes>0</durationMinutes><recurrence><id>11388</id><project class="actions" reference="../../../../.."/><description>learn 技术流光盘</description><topic reference="../../../../../../../../../../topics/items/topic[5]"/><context reference="../../../../../../../../../../contexts/items/context[2]"/><time reference="../../../../action[16]/state/recurrence/time"/><scheduleHours>21</scheduleHours><scheduleMins>0</scheduleMins><durationHours>0</durationHours><durationMins>0</durationMins><basisID>2</basisID><startDate>2012-03-05 00:00:00.0 CST</startDate><periodID>0</periodID><frequency>1</frequency><advanceNbr>4</advanceNbr><genNbr>1</genNbr><genToDate reference="../../date"/><success>画出思维导向图</success><notes></notes><period class="tr.model.action.PeriodDay"/></recurrence><created>2012-03-06 09:37:11.225 CST</created></state><notes></notes><done>false</done><time reference="../../action[16]/state/recurrence/time"/><success>画出思维导向图</success><modified>2012-03-06 09:37:11.225 CST</modified></action><action><id>11411</id><created>2012-03-06 18:34:34.403 CST</created><thought><created>2012-03-06 13:30:54.732 CST</created><description>update 招行Ukey</description><topic reference="../../../../../../../../../topics/items/topic[2]"/><processed>true</processed><id>11406</id></thought><parent class="actions" reference="../../.."/><description>update 招行Ukey</description><topic reference="../../../../../../../../topics/items/topic[2]"/><context><name>None</name><description>No context.</description><id>9</id></context><state class="actionStateScheduled"><date>2012-03-06 20:00:00.0 CST</date><durationHours>0</durationHours><durationMinutes>0</durationMinutes><created>2012-03-06 18:35:02.566 CST</created></state><notes></notes><done>false</done><success></success><modified>2012-03-06 18:35:02.566 CST</modified></action><action><id>11418</id><created>2012-03-06 18:39:21.896 CST</created><thought><created>2012-03-06 18:38:49.82 CST</created><description>Transfer dev env to thinkpad</description><topic reference="../../../../../../../../../topics/items/topic[4]"/><processed>true</processed><id>11414</id></thought><parent class="actions" reference="../../.."/><description>Transfer dev env to thinkpad</description><topic reference="../../../../../../../../topics/items/topic[4]"/><context reference="../../../../../../../../contexts/items/context[2]"/><state class="actionStateScheduled"><date>2012-03-06 20:00:00.0 CST</date><durationHours>0</durationHours><durationMinutes>0</durationMinutes><created>2012-03-06 18:39:39.653 CST</created></state><notes></notes><done>false</done><success></success><modified>2012-03-06 18:39:39.654 CST</modified></action><action><id>11427</id><created>2012-03-06 19:03:34.106 CST</created><thought><created>2012-03-06 18:59:06.198 CST</created><description>check stock</description><topic reference="../../../../../../../../../topics/items/topic[5]"/><processed>true</processed><id>11419</id></thought><parent class="actions" reference="../../.."/><description>check stock</description><topic reference="../../../../../../../../topics/items/topic[5]"/><context reference="../../../../../../../../contexts/items/context[2]"/><state class="actionStateScheduled"><date>2012-03-06 20:00:00.0 CST</date><durationHours>0</durationHours><durationMinutes>0</durationMinutes><recurrence><id>11429</id><project class="actions" reference="../../../../.."/><description>check stock</description><topic reference="../../../../../../../../../../topics/items/topic[5]"/><context reference="../../../../../../../../../../contexts/items/context[2]"/><scheduleHours>20</scheduleHours><scheduleMins>0</scheduleMins><durationHours>0</durationHours><durationMins>0</durationMins><basisID>2</basisID><startDate>2012-03-06 00:00:00.0 CST</startDate><periodID>0</periodID><frequency>1</frequency><advanceNbr>4</advanceNbr><genNbr>0</genNbr><success>Summary today&apos;s experience and the targets tommorrow</success><notes></notes><period class="tr.model.action.PeriodWeekday"/></recurrence><created>2012-03-06 19:03:57.902 CST</created></state><notes></notes><done>false</done><success></success><modified>2012-03-06 19:04:46.456 CST</modified></action></children><topic reference="../../../../../../topics/items/topic"/><description></description><purpose></purpose><success></success><brainstorming></brainstorming><organising></organising><done>false</done><sequence>false</sequence><modified>2012-03-06 19:04:46.456 CST</modified></parent><description>Create a sw list for setup dev env in win</description><topic reference="../../../../../topics/items/topic[4]"/><context reference="../../../../../contexts/items/context[3]"/><state class="actionStateASAP"><created>2012-03-06 12:44:44.832 CST</created></state><notes>Common:&#x0D;
launcy&#x0D;
pagent&#x0D;
chrome&#x0D;
firefox&#x0D;
ahk&#x0D;
gvim&#x0D;
7zip&#x0D;
office&#x0D;
pdf reader&#x0D;
sweepram&#x0D;
jdk&#x0D;
evernote&#x0D;
clipx&#x0D;
google pinyin&#x0D;
goagent&#x0D;
&#x0D;
work:&#x0D;
vm-client&#x0D;
</notes><done>false</done><success></success><modified>2012-03-06 13:19:59.665 CST</modified></action><id>11409</id></thought><thought reference="../thought/action/parent/parent/children/projects/children/project/children/project[5]/children/project[2]/children/action[2]/thought"/><thought><created>2012-03-01 09:56:11.46 CST</created><description>disable track-pad</description><topic reference="../../../../topics/items/topic[11]"/><processed>true</processed><action><id>11290</id><created>2012-03-01 09:33:44.811 CST</created><thought><created>2012-02-29 15:32:13.547 CST</created><description>disable track-pad</description><topic><name>None</name><description>No topic.</description><color reference="../../../../../../../topics/items/topic[10]/color"/><background reference="../../../../../../../topics/items/topic[10]/background"/><id>8</id></topic><processed>true</processed><id>11275</id></thought><parent class="actions" reference="../../../thought/action/parent"/><description>disable track-pad</description><topic><name>None</name><description>No topic.</description><color><red>0</red><green>0</green><blue>0</blue><alpha>255</alpha></color><background><red>255</red><green>255</green><blue>255</blue><alpha>255</alpha></background><id>8</id></topic><context reference="../../../../../contexts/items/context[5]"/><state class="actionStateASAP"><created>2012-03-01 09:34:01.117 CST</created></state><notes>安装驱动软件UltraNav</notes><done>false</done><time reference="../../../thought/action/parent/children/action[16]/state/recurrence/time"/><success></success><modified>2012-03-01 09:55:41.94 CST</modified></action><id>11297</id></thought><thought><created>2012-02-29 16:52:58.648 CST</created><description>Setup google app engin proxy</description><topic reference="../../../../topics/items/topic[7]"/><processed>true</processed><action><id>11211</id><created>2012-02-28 09:58:18.571 CST</created><thought><created>2012-02-28 09:55:50.972 CST</created><description>setup proxy in the office</description><topic reference="../../../../../../topics/items/topic[4]"/><processed>true</processed><id>11196</id></thought><parent class="actions" reference="../../../thought/action/parent"/><description>setup proxy in the office</description><topic reference="../../../../../topics/items/topic[4]"/><context reference="../../../../../contexts/items/context[3]"/><state class="actionStateScheduled"><date>2012-02-29 00:00:00.0 CST</date><durationHours>0</durationHours><durationMinutes>0</durationMinutes><created>2012-02-28 18:09:10.732 CST</created></state><notes>Setup goagent and gappproxy 

gapproxy
app id: sesaon2012.appspot.com

goagent
app id: core-proxy.appspot.com</notes><done>false</done><time reference="../../../thought/action/parent/parent/children/projects/children/project/children/project[5]/children/project/children/project/children/action/time"/><success></success><modified>2012-02-29 16:52:48.106 CST</modified></action><id>11278</id></thought><thought reference="../thought/action/parent/parent/children/projects/children/project[6]/children/action/thought"/><thought><created>2012-02-27 11:41:38.275 CST</created><description>Think a way to do parameter validation on backend side</description><topic reference="../../../../topics/items/topic[7]"/><processed>true</processed><action><id>11163</id><created>2012-02-27 09:45:28.463 CST</created><thought><created>2012-02-24 17:18:46.897 CST</created><description>Think a way to do parameter validation on backend side</description><topic><name>None</name><description>No topic.</description><color><red>0</red><green>0</green><blue>0</blue><alpha>255</alpha></color><background><red>255</red><green>255</green><blue>255</blue><alpha>255</alpha></background><id>8</id></topic><processed>true</processed><id>11148</id></thought><parent class="actions" reference="../../../thought/action/parent"/><description>Think a way to do parameter validation on backend side</description><topic reference="../../../../../topics/items/topic[3]"/><context reference="../../../../../contexts/items/context[3]"/><state class="actionStateASAP"><created>2012-02-27 09:45:56.808 CST</created></state><notes>Keep the validation in the model and service.Since the controller should not kown the internal of the data.
Optional solution:
http://validatable.rubyforge.org/
http://www.prestonlee.com/2007/12/29/rails-20-validations-without-extending-activerecordbase/

And it seemed that rails 3 has much more better solution
http://thelucid.com/2010/01/08/sexy-validation-in-edge-rails-rails-3/</notes><done>false</done><time reference="../../../thought/action/parent/parent/children/projects/children/project/children/project/children/project[3]/children/project/children/action[3]/time"/><success></success><modified>2012-02-27 11:41:22.961 CST</modified></action><id>11183</id></thought><thought><created>2012-02-23 19:22:42.332 CST</created><description>制定作息时间</description><topic reference="../../../../topics/items/topic[2]"/><processed>true</processed><action><id>11101</id><created>2012-02-23 18:15:50.111 CST</created><thought><created>2012-02-23 16:37:18.306 CST</created><description>指定作息时间</description><topic reference="../../../../../../topics/items/topic[2]"/><processed>true</processed><notes>00：00～01：00  浅眠期  多梦而敏感，身体不适者易在此时痛醒。&#x0D;
01：00～02：00  排毒期  此时肝脏为排除毒素而活动旺盛，应让身体进入睡眠状态，让肝脏得以完成代谢废物。&#x0D;
02：00～03：00 休眠期   重症病人最易发病的时刻，常有患病者在此时死亡，熬夜最好勿超过这个时间。&#x0D;
09：00～11：00 精华期   此时为注意力及记忆力最好，且工作与学习的最佳时段。&#x0D;
12：00～13：00 午休期&#x0D;
14：00～15：00 高峰期   是分析力和创造力得以发挥淋漓的极致时段！&#x0D;
16：00～17：00 低潮期   体力耗弱的阶段，最好补充水果来解馋，避免因饥饿而贪食致肥胖。&#x0D;
17：00～18：00 松散期   此时血糖略增，嗅觉与味觉最敏感，不妨准备晚膳来提振精神。&#x0D;
19：00～20：00 暂憩期   最好能在饭后３０分钟去散个步或沐浴，放松一下，纾 解一日的疲倦困顿。&#x0D;
20：00～22：00 夜修期   此为晚上活动的巅峰时段，建议您善用此时进行商议， 进修等需要思虑周密的活动。&#x0D;
23：00～24：00 夜眠期   经过整日忙碌，此时应该放松心情进入梦乡，千万别让身体过度负荷，那可得不偿失哦！</notes><id>11094</id></thought><parent class="actions" reference="../../../thought/action/parent"/><description>制定作息时间</description><topic reference="../../../../../topics/items/topic[2]"/><context reference="../../../../../contexts/items/context[5]"/><state class="actionStateASAP"><created>2012-02-23 18:16:37.274 CST</created></state><notes>计划：&#x0D;
5:00 ~ 7:00	起床, 厕所，股票（记录几天的股票操作）&#x0D;
7:00 ~ 9:00	吃饭，出门上班，review action，安排一天action&#x0D;
9:00 ~ 12:00	Work&#x0D;
12:00 ~ 14:00	午饭，休息&#x0D;
14:00 ~ 16:00	Work&#x0D;
16:00 ~ 18:00	sel-work&#x0D;
18:00 ~ 20:00	回家，吃饭， &#x0D;
20:00 ~ 22:00	学习，上床睡觉&#x0D;
22:00 ~ 5:00	睡觉&#x0D;
&#x0D;
&#x0D;
&#x0D;
00：00～01：00  浅眠期  多梦而敏感，身体不适者易在此时痛醒。&#x0D;
01：00～02：00  排毒期  此时肝脏为排除毒素而活动旺盛，应让身体进入睡眠状态，让肝脏得以完成代谢废物。&#x0D;
02：00～03：00 休眠期   重症病人最易发病的时刻，常有患病者在此时死亡，熬夜最好勿超过这个时间。&#x0D;
09：00～11：00 精华期   此时为注意力及记忆力最好，且工作与学习的最佳时段。&#x0D;
12：00～13：00 午休期&#x0D;
14：00～15：00 高峰期   是分析力和创造力得以发挥淋漓的极致时段！&#x0D;
16：00～17：00 低潮期   体力耗弱的阶段，最好补充水果来解馋，避免因饥饿而贪食致肥胖。&#x0D;
17：00～18：00 松散期   此时血糖略增，嗅觉与味觉最敏感，不妨准备晚膳来提振精神。&#x0D;
19：00～20：00 暂憩期   最好能在饭后３０分钟去散个步或沐浴，放松一下，纾 解一日的疲倦困顿。&#x0D;
20：00～22：00 夜修期   此为晚上活动的巅峰时段，建议您善用此时进行商议， 进修等需要思虑周密的活动。&#x0D;
23：00～24：00 夜眠期   经过整日忙碌，此时应该放松心情进入梦乡，千万别让身体过度负荷，那可得不偿失哦！</notes><done>true</done><doneDate>2012-02-23 00:00:00.0 CST</doneDate><time reference="../../../thought/action/parent/parent/children/projects/children/project/children/project/children/project[3]/children/project/children/action[3]/time"/><success></success><dueDate>2012-02-23 00:00:00.0 CST</dueDate><modified>2012-02-23 19:21:45.753 CST</modified></action><id>11111</id></thought><thought><created>2012-02-22 19:28:37.9 CST</created><description>Engineering LongLasting Software</description><topic reference="../../../../topics/items/topic[9]"/><processed>true</processed><action><id>11022</id><created>2012-02-22 19:18:37.408 CST</created><thought><created>2012-02-22 17:01:12.31 CST</created><description>Engineering LongLasting Software</description><topic reference="../../../../../../topics/items/topic[9]"/><processed>true</processed><notes>book to read</notes><id>11000</id></thought><parent class="actions" reference="../../../thought/action/parent"/><description>Engineering LongLasting Software</description><topic reference="../../../../../topics/items/topic[9]"/><context><name>None</name><description>No context.</description><id>9</id></context><state class="actionStateASAP"><created>2012-02-22 19:18:54.302 CST</created></state><notes>book to read</notes><done>false</done><success></success><modified>2012-02-22 19:18:54.302 CST</modified></action><id>11029</id></thought><thought><created>2012-02-20 14:07:11.982 CST</created><description>Learn to use thinkingrock</description><topic reference="../../../../topics/items/topic[4]"/><processed>true</processed><action><id>153</id><created>2012-02-20 14:05:52.446 CST</created><thought reference="../.."/><parent><id>157</id><created>2012-02-20 14:08:53.635 CST</created><thought reference="../../.."/><parent reference="../../../../thought/action/parent/parent/children/projects/children/project[8]"/><children><action reference="../../.."/></children><topic reference="../../../../../../topics/items/topic[4]"/><description>Learn to use thinkingrocky</description><purpose></purpose><success>Be able to use thinkingrock to GTD</success><brainstorming></brainstorming><organising></organising><done>false</done><sequence>false</sequence><sequencing reference="../../../../thought/action/parent/parent/children/projects/children/project/children/project/children/project/sequencing"/><notes></notes><modified>2012-02-20 14:08:53.635 CST</modified></parent><description>Learn to use thinkingrocky</description><topic reference="../../../../../topics/items/topic[4]"/><context reference="../../../../../contexts/items/context[5]"/><state class="actionStateASAP"><created>2012-02-20 14:08:53.635 CST</created></state><notes></notes><done>false</done><success>Be able to use thinkingrock to GTD</success><modified>2012-02-20 14:08:53.635 CST</modified></action><id>156</id></thought><thought reference="../thought/action/parent/parent/children/projects/children/project[8]/thought"/><thought><created>2012-02-20 14:17:04.258 CST</created><description>Tips about 选股</description><topic reference="../../../../topics/items/topic[5]"/><processed>true</processed><notes>啊啊撒擦除的撒旦 </notes><id>163</id></thought><thought reference="../thought/action/parent/parent/children/projects/children/project[4]/thought"/><thought reference="../thought/action/parent/parent/children/projects/children/project[8]/children/action[6]/thought"/><thought reference="../thought/action/parent/parent/children/projects/children/project[8]/children/action[5]/thought"/><thought reference="../thought/action/parent/children/action/thought"/><thought reference="../thought/action/parent/children/action[4]/thought"/><thought reference="../thought/action/parent/children/action[3]/thought"/><thought><created>2012-02-20 15:38:05.986 CST</created><description>记账</description><topic reference="../../thought/action/parent/parent/children/projects/children/project[9]/thought/topic"/><processed>true</processed><id>199</id></thought><thought reference="../thought/action/parent/children/action[5]/thought"/><thought><created>2012-02-20 15:38:39.604 CST</created><description>完成GTD表格</description><topic reference="../../thought/action/parent/parent/children/projects/children/project[9]/thought/topic"/><processed>true</processed><notes>时间黑洞测试&#x0D;
时间日志&#x0D;
时间日志比例&#x0D;
</notes><id>201</id></thought><thought reference="../thought/action/parent/children/action[6]/thought"/><thought><created>2012-02-20 15:39:33.3 CST</created><description>还房贷</description><topic reference="../../thought/action/parent/parent/children/projects/children/project[9]/thought/topic"/><processed>true</processed><id>203</id></thought><thought reference="../thought/action/parent/children/action[7]/thought"/><thought reference="../thought/action/parent/children/action[8]/thought"/><thought reference="../thought/action/parent/children/action[10]/thought"/><thought reference="../thought/action/parent/parent/children/projects/children/project[10]/thought"/><thought reference="../thought/action/parent/parent/children/projects/children/project[17]/thought"/><thought><created>2012-02-20 15:42:18.344 CST</created><description>新年计划参考文章</description><topic reference="../../thought/action/parent/parent/children/projects/children/project[9]/thought/topic"/><processed>true</processed><notes>by 弥缝&#x0D;
就要重新投入工作学习环境中，你有没有从新年的氛围中静下心来回答过这些问题呢？如果没有的话，我建议你做做这份小问答。跨过去年的喜和悲，得与失，在新的一年取得更多的进步！&#x0D;
在回答这些问题时，你可以从生活、健康、情感、心智、自我、理财、家庭、工作、休闲等各个方面来回答。&#x0D;
回顾过去的一年：&#x0D;
	1. 过去一年，你有完成了哪些任务，项目和目标？&#x0D;
	2. 过去一年，你取得的最大成果是什么？&#x0D;
	3. 过去一年，你最明智的决定是什么？&#x0D;
	4. 过去一年，你学会或收获的最重要的是什么？&#x0D;
	5. 过去一年，你为家庭、周围的人或社区做过的最大贡献是什么？&#x0D;
	6. 过去一年，你最想实现却没有完成的是什么？&#x0D;
	7. 过去一年，你做得最自豪的事情是什么？&#x0D;
	8. 过去一年，对你影响最深的三个人是谁？&#x0D;
	9. 过去一年，你做过的最有挑战的是什么？&#x0D;
	10. 过去一年，你觉得最惊喜的是什么？&#x0D;
	11. 过去一年，在情感关系、人际关系上取得的最大进步是什么？&#x0D;
	12. 过去一年，你觉得最应该得到的表扬是什么？&#x0D;
	13. 过去一年，你觉得最应该给予的表扬是什么？&#x0D;
	14. 过去一年，你觉得遗憾的、需要改进的是什么？&#x0D;
	15. 请用几个词句总结你的过去的一年。&#x0D;
&#x0D;
展望新的一年：&#x0D;
	1. 新一年，你最想取得的成果是什么？&#x0D;
	2. 新一年，你想给自己的一些忠告是什么？&#x0D;
	3. 新一年，去做到什么会让你特高兴？&#x0D;
	4. 新一年，你觉得可以适当纵容的是什么？&#x0D;
	5. 新一年，你最想改变自己的是什么？&#x0D;
	6. 新一年，你期待能够学习或体会什么？&#x0D;
	7. 新一年，你觉得可能会碰到的危机是什么？&#x0D;
	8. 新一年，在工作上你觉得应该改变或提升的是什么？&#x0D;
	9. 新一年，在理财方面你最想取得的进步是什么？&#x0D;
	10. 新一年，你觉得应该挖掘自己哪方面的才能？&#x0D;
	11. 新一年，你应该在那些你钟情的事情上做些什么？&#x0D;
	12. 新一年，你觉得应该与谁或什么事取得更进一步的发展？&#x0D;
	13. 请用几个词句来描述你要实现的新的一年。&#x0D;
&#x0D;
</notes><id>209</id></thought><thought><created>2012-02-20 15:42:44.318 CST</created><description>学习小强升职记</description><topic reference="../../thought/action/parent/parent/children/projects/children/project[9]/thought/topic"/><processed>true</processed><notes>[ ]阅读&#x0D;
[ ]测试&#x0D;
[ ]根据书中建议改善自己&#x0D;
     [ ]实践避开时间黑洞建议&#x0D;
&#x0D;
&#x0D;
测试结果&#x0D;
职业价值观&#x0D;
得分最高三项：经济报酬，独立性，智力刺激和成就感并列&#x0D;
最低三项：美感，管理，利他主义&#x0D;
 [file:/D:/shawn/document/GTD/小强升职记/forms/File10/避开时间黑洞建议.pdf] </notes><id>210</id></thought><thought reference="../thought/action/parent/parent/children/projects/children/project[9]/thought"/><thought reference="../thought/action/parent/children/action[12]/thought"/><thought reference="../thought/action/parent/children/action[11]/thought"/><thought reference="../thought/action/parent/children/action[13]/thought"/><thought reference="../thought/action/parent/parent/children/projects/children/project[11]/thought"/><thought reference="../thought/action/parent/children/action[15]/thought"/><thought><created>2012-02-20 15:49:51.600 CST</created><description>选股标准</description><topic reference="../../thought/action/parent/parent/children/projects/children/project[9]/thought/topic"/><processed>true</processed><notes>学习资料，逐步完善


Draft：
1.均线走平
2.前期涨幅不大
3.高送转潜力
4.股本不大
5.朝阳行业
</notes><id>217</id></thought><thought><created>2012-02-20 15:50:18.900 CST</created><description>新年目标参考 - 褪墨</description><topic reference="../../thought/action/parent/parent/children/projects/children/project[9]/thought/topic"/><processed>true</processed><notes>[http://www.mifengtd.cn/articles/how-to-define-successful-new-years-resolutions.html]&#x0D;
http://www.mifengtd.cn/articles/define_goal_destination_devise_a_plan_to_get_there.html&#x0D;
http://www.mifengtd.cn/articles/three-steps-to-successful-resolutions.html</notes><id>219</id></thought><thought><created>2012-02-20 16:05:53.306 CST</created><description>Backup tr db daily</description><topic reference="../../../../topics/items/topic[4]"/><processed>true</processed><id>9969</id></thought><thought><created>2012-02-20 17:25:10.55 CST</created><description>记录如何让TR打印中文</description><topic><name>None</name><description>No topic.</description><color><red>0</red><green>0</green><blue>0</blue><alpha>255</alpha></color><background><red>255</red><green>255</green><blue>255</blue><alpha>255</alpha></background><id>8</id></topic><processed>true</processed><notes>1.下载中文字体&#x0D;
2.在C:\Program Files (x86)\TR-2.2.1\tr\resource\fop 目录下edit fop.xconf, 加入&#x0D;
&lt;font metrics-url=&quot;fzdbsjw.xml&quot; kerning=&quot;yes&quot; embed-url=&quot;fzdbsjw.ttf&quot;&gt;&#x0D;
&lt;font-triplet name=&quot;Chinese-Mifeng.cn&quot; style=&quot;normal&quot; weight=&quot;normal&quot;/&gt;&#x0D;
&lt;/font&gt;&#x0D;
&lt;font metrics-url=&quot;fzdbsjw.xml&quot; kerning=&quot;yes&quot; embed-url=&quot;fzdbsjw.ttf&quot;&gt;&#x0D;
&lt;font-triplet name=&quot;Chinese-Mifeng.cn&quot; style=&quot;normal&quot; weight=&quot;bold&quot;/&gt;&#x0D;
&lt;/font&gt;&#x0D;
&lt;font metrics-url=&quot;fzdbsjw.xml&quot; kerning=&quot;yes&quot; embed-url=&quot;fzdbsjw.ttf&quot;&gt;&#x0D;
&lt;font-triplet name=&quot;Chinese-Mifeng.cn&quot; style=&quot;italic&quot; weight=&quot;normal&quot;/&gt;&#x0D;
&lt;/font&gt;&#x0D;
3 将目录下所有其他文件保留名字，文件改成对应的fzdbsjw 的ttf 或者xml</notes><id>10837</id></thought><thought reference="../thought/action/parent/parent/children/projects/children/project[5]/thought"/><thought reference="../thought/action/parent/children/action[14]/thought"/><thought reference="../thought/action/parent/children/action[17]/thought"/><thought><created>2012-02-20 23:30:59.242 CST</created><description>选中股票</description><topic><name>None</name><description>No topic.</description><color><red>0</red><green>0</green><blue>0</blue><alpha>255</alpha></color><background><red>255</red><green>255</green><blue>255</blue><alpha>255</alpha></background><id>8</id></topic><processed>true</processed><notes>回复G--老沈(1748496160) 10:49:16 PM &#x0D;
我看中300107.2427.300134.300128</notes><id>10854</id></thought><thought reference="../thought/action/parent/children/action[18]/thought"/><thought reference="../thought/action/parent/children/action[21]/thought"/><thought reference="../thought/action/parent/children/action[22]/thought"/><thought><created>2012-02-21 18:49:29.867 CST</created><description>Try dropbox beta version</description><topic reference="../../../../topics/items/topic[2]"/><processed>true</processed><id>10914</id></thought><thought reference="../thought/action/parent/children/action[2]/thought"/><thought reference="../thought/action/parent/children/action[24]/thought"/><thought reference="../thought/action/parent/parent/children/projects/children/project[12]/thought"/><thought reference="../thought/action/parent/children/action[25]/thought"/><thought><created>2012-02-22 13:26:34.618 CST</created><description>什么是ETF基金</description><topic reference="../../../../topics/items/topic[5]"/><processed>true</processed><id>10939</id></thought><thought><created>2012-02-22 13:33:29.743 CST</created><description>老妖成精法则</description><topic reference="../../../../topics/items/topic[5]"/><processed>true</processed><id>10947</id></thought><thought><created>2012-02-22 13:40:10.127 CST</created><description>股票池</description><topic><name>None</name><description>No topic.</description><color><red>0</red><green>0</green><blue>0</blue><alpha>255</alpha></color><background><red>255</red><green>255</green><blue>255</blue><alpha>255</alpha></background><id>8</id></topic><processed>true</processed><id>10953</id></thought><thought reference="../thought/action/parent/children/action[26]/thought"/><thought><created>2012-02-22 14:29:21.615 CST</created><description>learn rspec</description><topic reference="../../thought/action/parent/parent/children/projects/children/project[13]/thought/topic"/><processed>true</processed><id>10961</id></thought><thought reference="../thought/action/parent/parent/children/projects/children/project[13]/thought"/><thought><created>2012-02-22 14:32:23.619 CST</created><description>ruby &amp; rails forum</description><topic reference="../../thought/action/parent/parent/children/projects/children/project[13]/thought/topic"/><processed>true</processed><notes>http://www.ruby-lang.org.cn&#x0D;
http://www.iteye.com/login&#x0D;
http://ruby-china.org&#x0D;
&#x0D;
http://www.ruby-forum.com/&#x0D;
&#x0D;
subscirbe mailing lists from ruby-talk and ruby-doc in http://www.ruby-lang.org/en/community/mailing-lists/</notes><id>10964</id></thought><thought><created>2012-02-22 14:54:41.563 CST</created><description>刘晶晶</description><topic reference="../../../../topics/items/topic[6]"/><processed>true</processed><notes>分机 3187</notes><id>10978</id></thought><thought reference="../thought/action/parent/children/action[27]/thought"/><thought reference="../thought/action/parent/children/action[28]/thought"/><thought reference="../thought/action/parent/children/action[29]/thought"/><thought reference="../thought/action/parent/children/action[30]/thought"/><thought reference="../thought[8]/action/thought"/><thought><created>2012-02-22 17:02:40.751 CST</created><description>https://www.coursera.org/saas/lecture/index</description><topic reference="../../../../topics/items/topic[7]"/><processed>true</processed><notes>course about software engineering for saas with rails</notes><id>11003</id></thought><thought reference="../thought/action/parent/parent/children/projects/children/project[16]/thought"/><thought reference="../thought/action/parent/parent/children/projects/children/project[7]/thought"/><thought><created>2012-02-22 19:14:57.817 CST</created><description>markdownpad</description><topic reference="../../../../topics/items/topic[8]"/><processed>true</processed><notes>Evernote</notes><id>11011</id></thought><thought reference="../thought/action/parent/parent/children/projects/children/project[2]/thought"/><thought><created>2012-02-23 10:27:49.952 CST</created><description>弄只好写的笔放在公司随手记录</description><topic reference="../../../../topics/items/topic[2]"/><processed>true</processed><id>11037</id></thought><thought reference="../thought/action/parent/children/action[32]/thought"/><thought reference="../thought/action/parent/children/action[33]/thought"/><thought reference="../thought/action/parent/children/action[34]/thought"/><thought reference="../thought/action/parent/parent/children/projects/children/project[15]/thought"/><thought reference="../thought/action/parent/children/action[36]/thought"/><thought reference="../thought/action/parent/children/action[37]/thought"/><thought reference="../thought/action/parent/parent/children/projects/children/project[6]/thought"/><thought reference="../thought[7]/action/thought"/><thought><created>2012-02-23 18:12:53.859 CST</created><description>truecrypt</description><topic reference="../../../../topics/items/topic[8]"/><processed>true</processed><notes>目前最强大的加密软件 6:13:25 PM Thu Feb 23 2012

www.truecrypt.or</notes><id>11097</id></thought><thought reference="../thought/action/parent/children/action[38]/thought"/><thought reference="../thought/action/parent/children/action[39]/thought"/><thought reference="../thought/action/parent/parent/children/projects/children/project[14]/thought"/><thought reference="../thought/action/parent/children/action[41]/thought"/><thought reference="../thought/action/parent/children/action[43]/thought"/><thought reference="../thought/action/parent/children/action[46]/thought"/><thought reference="../thought[6]/action/thought"/><thought reference="../thought/action/parent/children/action[54]/thought"/><thought><created>2012-02-25 00:38:07.858 CST</created><description>下周跌得太多也是正常的，紧盯上海东证和光大期货的动向 </description><topic reference="../../../../topics/items/topic[5]"/><processed>true</processed><id>11156</id></thought><thought reference="../thought/action/parent/children/action[55]/thought"/><thought reference="../thought/action/parent/children/action[59]/thought"/><thought><created>2012-02-27 13:57:18.686 CST</created><description>邮编地址</description><topic><name>None</name><description>No topic.</description><color><red>0</red><green>0</green><blue>0</blue><alpha>255</alpha></color><background><red>255</red><green>255</green><blue>255</blue><alpha>255</alpha></background><id>8</id></topic><processed>true</processed><notes>淞沪路252号创智天地2号楼2楼 200000
世界路43弄38号304 200048
</notes><id>11190</id></thought><thought><created>2012-02-27 14:32:42.290 CST</created><description>LastPass</description><topic reference="../../../../topics/items/topic[8]"/><processed>true</processed><notes>A sw which store your password and intergrated with browser</notes><id>11192</id></thought><thought><created>2012-02-27 17:03:12.945 CST</created><description>https://primemars@github.com/primemars/config-github.git</description><topic reference="../../thought[91]/topic"/><processed>true</processed><notes>git hub repos</notes><id>11194</id></thought><thought reference="../thought[4]/action/thought"/><thought reference="../thought/action/parent/parent/children/projects/children/project[18]/thought"/><thought><created>2012-02-28 12:41:14.547 CST</created><description>生命本来多轻盈，都是被这肉体和各种欲望的污浊给拖住</description><topic reference="../../../../topics/items/topic[2]"/><processed>true</processed><notes>我们的生命本来多轻盈，都是被这肉体和各种欲望的污浊给拖住。阿太，我记住了，“肉体是拿来用的，不是拿来伺候的。”请一定来看望我。一个活到99岁阿太的故事，一个坚强的女人的故事。&#x0D;
&#x0D;
&#x0D;
&#x0D;
原题：皮囊&#x0D;
&#x0D;
文/蔡崇达&#x0D;
&#x0D;
我那个活到99岁的阿太（我外婆的母亲），是个很牛的人。外婆50多岁突然撒手，阿太白发人送黑发人。亲戚怕她想不开，轮流看着。她却不知道哪里来的一股愤怒，嘴里骂骂咧咧，一个人跑来跑去。一会掀开棺材看看外婆的样子，一会到厨房看看那祭祀的供品做得如何，走到大厅听见有人杀一只鸡没割中动脉，那只鸡洒着血到处跳，阿太小跑出来，一把抓住那只鸡，狠狠往地上一摔。&#x0D;
&#x0D;
鸡的脚挣扎了一下，终于停歇了。“这不结了——别让这肉体在折腾它的魂灵”。阿太不是个文化人，但是个神婆。所以讲话总偶尔文绉绉。&#x0D;
&#x0D;
众人皆喑哑。&#x0D;
&#x0D;
那场葬礼，阿太一声都没哭。即使看着外婆的躯体要进入焚化炉，她也只是斜乜着眼，像是对其他嚎哭的人的不屑，又似乎是老人平静的打盹。&#x0D;
&#x0D;
那年我刚上小学一年级，很不理解阿太冰冷的无情。几次走过去问她，阿太你怎么不难过。阿太满是寿斑的脸，竟轻微舒展开，那是笑——“因为我很舍得”。&#x0D;
&#x0D;
这句话在后来的生活中很经常听到。外婆去世后，阿太经常到我家来住，她说，外婆临死前交待，黑狗达没爷爷奶奶、父母都在忙，你要帮着照顾。我因而更能感受她所谓的“舍得”。&#x0D;
&#x0D;
阿太是个很狠的人，连切菜都要像切排骨那样用力。有次她在厨房很冷静地喊哎呀一声，在厅里的我大声问，阿太怎么了？“没事，就是手指头切断了”。接下来，慌乱的是我们一家人，她自始至终，都一副事不关己的样子。&#x0D;
&#x0D;
病房里正在帮阿太缝合手指头，母亲在病房外的长椅上和我讲阿太的故事。她曾经把不会游泳的、还年幼舅公扔到海里，让他学游泳，舅公差点溺死，邻居看不过去跳到水里把他救起来。没过几天邻居又看她把舅公再次扔到水里。所有邻居都骂她没良心，她冷冷地说：“肉体就是拿来用的，不是拿来伺候的。”&#x0D;
&#x0D;
等阿太出院，我终于还是没忍住问她故事的真假。她淡淡地说：“是真的啊，如果你整天伺候你这个皮囊，不会有出息的，只有会用肉体的人才能成才。”说实话，我当时没听懂。&#x0D;
&#x0D;
我因此总觉得阿太像块石头，坚硬到什么都伤不了。她甚至是我们小镇出了名的硬骨头，即使九十多岁了，依然坚持用她那缠过的小脚，自己从村里走到镇上我老家。每回要雇车送她回去，她总是异常生气：“就两个选择，要嘛你扶着我慢慢走回去，要么我自己走回去。”也因此，老家那条石板路，总可以看到一个少年扶着一个老人慢慢地往镇外挪。&#x0D;
&#x0D;
然而我还是看到阿太哭了。那是她92岁的时候，一次她攀到屋顶要补一个窟窿，一不小心她摔下来了，躺在家里动不了。我去探望她，她远远就听到了，还没进门，她就哭着喊，我的乖曾孙，阿太动不了了，阿太被困住了。虽然第二周她就倔强地想落地走路，然而没走几步又摔倒了。她哭着叮嘱我说，要我常过来看她，从此每天依靠一把椅子支撑，慢慢挪到门口，坐在那，等一整天我的身影。我也时常往阿太家跑，特别遇到事情的时候，总觉得和她坐在一起，有种说不出的安宁和踏实。&#x0D;
&#x0D;
后来我上大学了、再后来到外地工作，见她分外少了。然而每次遇到挫折，我总是请假往老家跑——一个重要的事情，就是去和阿太坐一个下午，虽然我说的苦恼，她不一定听得懂，甚至不一定听得到（她已经耳背了），但每次看到她不甚明白地笑，展开那岁月雕刻出的层层叠叠的皱纹，我就莫名其妙地释然了许多。&#x0D;
&#x0D;
知道阿太去世，是在很平常的一个早上。母亲打电话给我，说你阿太走了。然后两边的人抱着电话一起哭。母亲说阿太最后留了一句话给我：“黑狗达不准哭。死不就是脚一蹬的事情吗，要是诚心想念我，我自然会来看你。因为从此之后，我已经没有皮囊这个包袱。来去多方便”。&#x0D;
&#x0D;
那一刻才明白阿太曾经对我说过的一句话，才明白阿太的生活观：我们的生命本来多轻盈，都是被这肉体和各种欲望的污浊给拖住。阿太，我记住了，“肉体是拿来用的，不是拿来伺候的。”请一定来看望我。（来源）</notes><id>11216</id></thought><thought reference="../thought/action/parent/parent/children/projects/children/project[19]/thought"/><thought><created>2012-02-28 14:09:40.26 CST</created><description>Add row to table via jquery</description><topic reference="../../../../topics/items/topic[7]"/><processed>true</processed><notes>$(&apos;#myTable tr:last&apos;).after(&apos;&lt;tr&gt;...&lt;/tr&gt;&lt;tr&gt;...&lt;/tr&gt;&apos;);</notes><id>11220</id></thought><thought><created>2012-02-28 14:09:55.565 CST</created><description>画《小强升职记》的思维导向图</description><topic reference="../../../../topics/items/topic[4]"/><processed>true</processed><id>11221</id></thought><thought reference="../thought/action/parent/children/action[60]/thought"/><thought reference="../thought/action/parent/children/action[61]/thought"/><thought reference="../thought/action/parent/parent/children/projects/children/project[20]/thought"/><thought><created>2012-02-29 12:30:26.484 CST</created><description>Edit remote file with emacs</description><topic reference="../../../../topics/items/topic[7]"/><processed>true</processed><notes>Example &#x0D;
emacs /ssh:zhanga5@10.32.110.45:merge/upgrade_3</notes><id>11248</id></thought><thought reference="../thought/action/parent/children/action[65]/thought"/><thought reference="../thought/action/parent/children/action[66]/thought"/><thought reference="../thought/action/parent/children/action[70]/thought"/><thought reference="../thought[3]/action/thought"/><thought reference="../thought/action/parent/children/action[71]/thought"/><thought reference="../thought/action/parent/children/action[72]/thought"/><thought reference="../thought/action/parent/parent/children/projects/children/project[21]/thought"/><thought reference="../thought/action/parent/parent/children/projects/children/project[22]/thought"/><thought reference="../thought/action/parent/children/action[74]/thought"/><thought reference="../thought/action/parent/children/action[75]/thought"/><thought><created>2012-03-01 13:46:18.558 CST</created><description>了解zen coding</description><topic reference="../../../../topics/items/topic[4]"/><processed>true</processed><id>11312</id></thought><thought reference="../thought/action/parent/children/action[76]/thought"/><thought reference="../thought/action/parent/children/action[77]/thought"/><thought><created>2012-03-02 09:42:06.340 CST</created><description> Remove known host in ssh</description><topic reference="../../../../topics/items/topic[7]"/><processed>true</processed><notes> ssh-keygen -f &quot;/home/shawn/.ssh/known_hosts&quot; -R 10.32.119.251</notes><id>11325</id></thought><thought reference="../thought/action/parent/children/action[78]/thought"/><thought reference="../thought/action/parent/children/action[79]/thought"/><thought reference="../thought/action/parent/children/action[86]/thought"/><thought reference="../thought/action/parent/children/action[87]/thought"/><thought reference="../thought/action/parent/children/action[88]/thought"/><thought reference="../thought/action/parent/children/action[89]/thought"/><thought reference="../thought/action/parent/children/action[94]/thought"/><thought reference="../thought/action/parent/children/action[95]/thought"/><thought reference="../thought/action/parent/parent/children/projects/children/project[3]/thought"/><thought reference="../thought/action/thought"/><thought reference="../thought/action/parent/children/action[99]/thought"/><thought reference="../thought/action/parent/children/action[100]/thought"/><thought reference="../thought/action/parent/children/action[101]/thought"/></items></thoughts><rootProject class="projects" reference="../thoughts/items/thought/action/parent/parent/children/projects"/><rootActions class="actions" reference="../thoughts/items/thought/action/parent"/><rootTemplates class="tr.model.project.ProjectTemplates"><id>3</id><created>2012-02-20 13:37:47.49 CST</created><children/><topic reference="../../topics/items/topic"/><description></description><purpose></purpose><success></success><brainstorming></brainstorming><organising></organising><done>false</done><sequence>false</sequence><modified>2012-02-20 13:37:47.49 CST</modified></rootTemplates><rootFutures class="tr.model.project.ProjectFutures"><id>4</id><created>2012-02-20 13:37:47.49 CST</created><children/><topic reference="../../topics/items/topic"/><description></description><purpose></purpose><success></success><brainstorming></brainstorming><organising></organising><done>false</done><sequence>false</sequence><modified>2012-02-20 13:37:47.49 CST</modified></rootFutures><timeCriterion><name>Time</name><use>true</use><values><items><value reference="../../../../thoughts/items/thought/action/parent/children/action[16]/state/recurrence/time"/><value reference="../../../../thoughts/items/thought/action/parent/parent/children/projects/children/project/children/project[2]/children/project[2]/children/action/time"/><value reference="../../../../thoughts/items/thought/action/parent/parent/children/projects/children/project/children/project/children/project[3]/children/project/children/action[3]/time"/><value reference="../../../../thoughts/items/thought/action/parent/parent/children/projects/children/project[16]/children/action/time"/><value reference="../../../../thoughts/items/thought/action/parent/parent/children/projects/children/project/children/project[5]/children/project/children/project/children/action/time"/><value><id>108</id><name>1.5 hrs</name></value><value reference="../../../../thoughts/items/thought/action/parent/parent/children/projects/children/project[20]/children/action/time"/><value><id>111</id><name>3 hrs</name></value><value reference="../../../../thoughts/items/thought/action/parent/parent/children/projects/children/project/children/project[2]/children/action[3]/time"/><value><id>114</id><name>6 hrs</name></value><value><id>11129</id><name>5 hrs</name></value><value><id>116</id><name>8 hrs</name></value></items></values></timeCriterion><energyCriterion><name>Energy</name><use>true</use><values><items><value><id>117</id><name>None</name></value><value reference="../../../../thoughts/items/thought/action/parent/children/action[34]/state/recurrence/energy"/><value><id>119</id><name>Med Mental</name></value><value reference="../../../../thoughts/items/thought/action/parent/children/action[37]/state/recurrence/energy"/><value><id>121</id><name>Low Physical</name></value><value><id>122</id><name>Med Physical</name></value><value><id>123</id><name>High Physical</name></value></items></values></energyCriterion><priorityCriterion><name>Priority</name><use>true</use><values><items><value reference="../../../../thoughts/items/thought/action/parent/parent/children/projects/children/project/children/action/priority"/><value reference="../../../../thoughts/items/thought/action/parent/parent/children/projects/children/project/children/project/children/project[3]/children/project/children/action/priority"/><value><id>171</id><name>3</name></value><value><id>172</id><name>4</name></value></items></values></priorityCriterion><maxLogID>0</maxLogID></data>