<data><version>4</version><maxID>12995</maxID><topics><items><topic><name>None</name><description>No topic.</description><color><red>0</red><green>0</green><blue>0</blue><alpha>255</alpha></color><background><red>255</red><green>255</green><blue>255</blue><alpha>255</alpha></background><id>8</id></topic><topic><name>Life</name><description></description><color><red>0</red><green>0</green><blue>0</blue><alpha>255</alpha></color><background><red>255</red><green>255</green><blue>255</blue><alpha>255</alpha></background><id>136</id></topic><topic><name>Work</name><description></description><color><red>0</red><green>0</green><blue>0</blue><alpha>255</alpha></color><background reference="../../topic[2]/background"/><id>137</id></topic><topic><name>Sel Improve</name><description></description><color reference="../../topic[2]/color"/><background reference="../../topic[2]/background"/><id>138</id></topic><topic><name>Stock</name><description></description><color reference="../../topic[2]/color"/><background reference="../../topic[2]/background"/><id>139</id></topic><topic><name>ToRead</name><description>Read it later</description><color><red>0</red><green>0</green><blue>0</blue><alpha>255</alpha></color><background><red>255</red><green>255</green><blue>255</blue><alpha>255</alpha></background><id>12237</id></topic></items></topics><contexts><items><context><name>None</name><description>No context.</description><id>9</id></context><context><name>Home</name><description></description><id>128</id></context><context><name>Office</name><description></description><id>129</id></context><context><name>Internet</name><description></description><id>130</id></context><context><name>Computer</name><description></description><id>131</id></context><context><name>Shopping</name><description></description><id>132</id></context><context><name>Call</name><description></description><id>134</id></context><context><name>Anywhere</name><description></description><id>150</id></context><context><name>wujiaochang</name><description></description><id>11913</id></context></items></contexts><information><items/></information><futures><items><future><created>2012-03-09 18:18:27.583 CST</created><thought><created>2012-03-09 18:18:13.75 CST</created><description>Learn javascript template</description><topic reference="../../../../../topics/items/topic[4]"/><processed>true</processed><action><id>11446</id><created>2012-03-07 15:32:32.767 CST</created><thought><created>2012-03-07 15:31:24.201 CST</created><description>Learn javascript template</description><topic reference="../../../../../../../topics/items/topic[4]"/><processed>true</processed><notes>email</notes><id>11444</id></thought><parent class="actions"><id>2</id><created>2012-02-20 13:37:47.49 CST</created><parent class="tr.model.project.ProjectRoot"><id>0</id><created>2012-02-20 13:37:47.65 CST</created><children><projects><id>1</id><created>2012-02-20 13:37:47.49 CST</created><parent class="tr.model.project.ProjectRoot" reference="../../.."/><children><project><id>11043</id><created>2012-02-23 10:31:29.101 CST</created><thought><created>2012-02-23 10:27:08.653 CST</created><description>如何保持一个合适的发型</description><topic reference="../../../../../../../../../../../../../topics/items/topic[2]"/><processed>true</processed><id>11036</id></thought><parent class="projects" reference="../../.."/><children><action><id>11042</id><created>2012-02-23 10:30:12.754 CST</created><thought reference="../../../thought"/><parent reference="../../.."/><description>如何保持一个合适的发型</description><topic reference="../../../../../../../../../../../../../../topics/items/topic[2]"/><context reference="../../../../../../../../../../../../../../contexts/items/context[2]"/><state class="actionStateScheduled"><date>2012-03-13 00:00:00.0 CST</date><durationHours>0</durationHours><durationMinutes>0</durationMinutes><created>2012-02-23 19:28:02.706 CST</created></state><notes></notes><done>true</done><doneDate>2012-03-14 00:00:00.0 CST</doneDate><time><id>105</id><name>30 min</name></time><success></success><modified>2012-03-14 11:41:47.139 CST</modified></action></children><topic reference="../../../../../../../../../../../../topics/items/topic[2]"/><description>如何保持一个合适的发型</description><purpose></purpose><success></success><brainstorming></brainstorming><organising></organising><done>true</done><doneDate>2012-03-20 08:47:03.748 CST</doneDate><sequence>false</sequence><sequencing>INTO_SUBPROJECTS</sequencing><notes></notes><modified>2012-03-20 08:47:03.748 CST</modified></project><project><id>11398</id><created>2012-03-05 18:48:54.257 CST</created><thought><created>2012-03-05 18:47:01.499 CST</created><description>Speed up the office desktop</description><topic reference="../../../../../../../../../../../../../topics/items/topic[4]"/><processed>true</processed><id>11393</id></thought><parent class="projects" reference="../../.."/><children><action><id>11397</id><created>2012-03-05 18:48:06.583 CST</created><thought reference="../../../thought"/><parent reference="../../.."/><description>Speed up the office desktop</description><topic reference="../../../../../../../../../../../../../../topics/items/topic[4]"/><context reference="../../../../../../../../../../../../../../contexts/items/context[3]"/><state class="actionStateASAP"><created>2012-03-05 18:49:28.618 CST</created></state><notes></notes><done>true</done><doneDate>2012-03-06 18:35:18.398 CST</doneDate><success>Get a quick response desktop</success><modified>2012-03-06 18:35:18.400 CST</modified></action></children><topic reference="../../../../../../../../../../../../topics/items/topic[4]"/><description>Speed up the office desktop</description><purpose></purpose><success>Get a quick response desktop</success><brainstorming></brainstorming><organising></organising><done>true</done><doneDate>2012-03-12 09:51:11.879 CST</doneDate><sequence>false</sequence><sequencing reference="../../project/sequencing"/><notes></notes><modified>2012-03-12 09:51:11.879 CST</modified></project><project><id>186</id><created>2012-02-20 15:10:47.855 CST</created><thought><created>2012-02-20 15:00:11.320 CST</created><description>Try to use TR to manage time</description><topic reference="../../../../../../../../../../../../../topics/items/topic[4]"/><processed>true</processed><id>175</id></thought><parent class="projects" reference="../../.."/><children><action><id>179</id><created>2012-02-20 15:01:50.992 CST</created><thought reference="../../../thought"/><parent reference="../../.."/><description>Use TR to manage new task</description><topic reference="../../../../../../../../../../../../../../topics/items/topic[4]"/><context reference="../../../../../../../../../../../../../../contexts/items/context[5]"/><state class="actionStateASAP"><created>2012-02-20 15:09:35.420 CST</created></state><notes></notes><done>true</done><doneDate>2012-02-20 00:00:00.0 CST</doneDate><priority><id>170</id><name>2</name></priority><success>Manage time with TR</success><modified>2012-02-20 15:14:37.675 CST</modified></action><action><id>187</id><created>2012-02-20 15:11:16.474 CST</created><parent reference="../../.."/><description>Migrate privous tasks un-done from evernote to TR</description><topic reference="../../../../../../../../../../../../../../topics/items/topic[4]"/><context reference="../../../../../../../../../../../../../../contexts/items/context[5]"/><state class="actionStateASAP"><created>2012-02-20 15:11:16.474 CST</created></state><notes>[file:/D:/shawn/document/My Artical/用Evernote和ThinkingRock进行GTD的优势和缺陷.docx]</notes><done>true</done><doneDate>2012-02-20 00:00:00.0 CST</doneDate><priority reference="../../action/priority"/><success></success><modified>2012-02-22 17:45:12.611 CST</modified></action></children><topic reference="../../../../../../../../../../../../topics/items/topic[4]"/><description>Use TR to manage time</description><purpose></purpose><success></success><brainstorming></brainstorming><organising></organising><done>true</done><doneDate>2012-02-20 21:08:53.577 CST</doneDate><sequence>false</sequence><sequencing reference="../../project/sequencing"/><notes></notes><priority reference="../children/action/priority"/><modified>2012-02-20 21:08:53.577 CST</modified></project><project><id>10847</id><created>2012-02-20 18:31:50.629 CST</created><thought><created>2012-02-20 17:54:58.798 CST</created><description>use git to sync TR db</description><topic><name>None</name><description>No topic.</description><color><red>0</red><green>0</green><blue>0</blue><alpha>255</alpha></color><background><red>255</red><green>255</green><blue>255</blue><alpha>255</alpha></background><id>8</id></topic><processed>true</processed><id>10839</id></thought><parent class="projects" reference="../../.."/><children><action><id>10846</id><created>2012-02-20 18:31:26.885 CST</created><thought reference="../../../thought"/><parent reference="../../.."/><description>use git to sync TR db</description><topic reference="../../../../../../../../../../../../../../topics/items/topic[4]"/><context reference="../../../../../../../../../../../../../../contexts/items/context[4]"/><state class="actionStateScheduled"><date>2012-02-20 00:00:00.0 CST</date><durationHours>0</durationHours><durationMinutes>0</durationMinutes><created>2012-02-20 19:03:42.535 CST</created></state><notes></notes><done>true</done><doneDate>2012-02-20 00:00:00.0 CST</doneDate><priority reference="../../../../project[3]/children/action/priority"/><success></success><modified>2012-02-20 21:07:50.926 CST</modified></action></children><topic reference="../thought/topic"/><description>use git to sync TR db</description><purpose></purpose><success></success><brainstorming></brainstorming><organising></organising><done>true</done><doneDate>2012-02-20 21:08:49.941 CST</doneDate><sequence>false</sequence><sequencing reference="../../project/sequencing"/><notes></notes><modified>2012-02-20 21:08:49.941 CST</modified></project><project><id>12353</id><created>2012-04-01 11:13:20.872 CST</created><parent class="projects" reference="../../.."/><children><project><id>193</id><created>2012-02-20 15:33:45.749 CST</created><parent reference="../../.."/><children><action><id>194</id><created>2012-02-20 15:34:16.172 CST</created><parent reference="../../.."/><description>Send env to Andrea to help event mgmt fake data</description><topic reference="../../../../../../../../../../../../../../../../topics/items/topic[3]"/><context reference="../../../../../../../../../../../../../../../../contexts/items/context[3]"/><state class="actionStateDelegated"><chase>2012-02-21 00:00:00.0 CST</chase><created>2012-02-20 18:49:01.413 CST</created></state><notes></notes><done>true</done><doneDate>2012-02-21 00:00:00.0 CST</doneDate><priority><id>169</id><name>1</name></priority><success>Got fake data</success><modified>2012-02-21 10:13:44.586 CST</modified></action><action><id>195</id><created>2012-02-20 15:35:44.203 CST</created><parent reference="../../.."/><description>Merge sumatru-ui branch to event mgmt</description><topic reference="../../../../../../../../../../../../../../../../topics/items/topic[3]"/><context reference="../../../../../../../../../../../../../../../../contexts/items/context[3]"/><state class="actionStateASAP"><created>2012-02-20 15:35:44.203 CST</created></state><notes></notes><done>true</done><doneDate>2012-02-20 00:00:00.0 CST</doneDate><priority reference="../../action/priority"/><success>branch merge success</success><modified>2012-02-20 18:48:50.395 CST</modified></action><project><id>221</id><created>2012-02-20 15:52:58.137 CST</created><parent reference="../../.."/><children><project><id>233</id><created>2012-02-20 15:56:25.920 CST</created><parent reference="../../.."/><children><action><id>4968</id><created>2012-02-20 16:03:09.19 CST</created><parent reference="../../.."/><description>CLI deletion</description><topic reference="../../../../../../../../../../../../../../../../../../../../topics/items/topic[3]"/><context><name>None</name><description>No context.</description><id>9</id></context><state class="actionStateASAP"><created>2012-02-20 16:03:09.19 CST</created></state><notes></notes><done>true</done><doneDate>2012-02-13 00:00:00.0 CST</doneDate><modified>2012-02-20 16:03:21.577 CST</modified></action></children><topic reference="../../../../../../../../../../../../../../../../../../topics/items/topic[3]"/><description>CLI</description><purpose></purpose><success></success><brainstorming></brainstorming><organising></organising><done>true</done><doneDate>2012-02-29 13:59:36.755 CST</doneDate><sequence>false</sequence><sequencing reference="../../../../../../../../project/sequencing"/><notes></notes><modified>2012-02-29 13:59:36.755 CST</modified></project><action><id>11259</id><created>2012-02-29 14:00:45.508 CST</created><parent reference="../../.."/><description>Dev controller side</description><topic reference="../../../../../../../../../../../../../../../../../../topics/items/topic[3]"/><context reference="../../../../../../../../../../../../../../../../../../contexts/items/context[3]"/><state class="actionStateScheduled"><date>2012-03-07 00:00:00.0 CST</date><durationHours>0</durationHours><durationMinutes>0</durationMinutes><created>2012-02-29 14:01:10.528 CST</created></state><notes>Continue tomorrw</notes><done>true</done><doneDate>2012-03-07 18:50:15.447 CST</doneDate><success></success><modified>2012-03-07 18:50:15.447 CST</modified></action><action><id>11260</id><created>2012-02-29 14:02:49.941 CST</created><parent reference="../../.."/><description>test controller with unit test</description><topic reference="../../../../../../../../../../../../../../../../../../topics/items/topic[3]"/><context reference="../../../../../../../../../../../../../../../../../../contexts/items/context[4]"/><state class="actionStateASAP"><created>2012-03-07 18:49:55.51 CST</created></state><notes>Failed to run rspec in rails 2.x. Maybe try later
Successful to run rspec
1.how to test view
2.integrate test</notes><done>true</done><doneDate>2012-03-09 16:48:46.174 CST</doneDate><time reference="../../../../../../../../project/children/action/time"/><success></success><dueDate>2012-03-09 00:00:00.0 CST</dueDate><modified>2012-03-09 16:48:46.175 CST</modified></action><action><id>11258</id><created>2012-02-29 13:59:51.247 CST</created><parent reference="../../.."/><description>Dev gui view</description><topic reference="../../../../../../../../../../../../../../../../../../topics/items/topic[3]"/><context reference="../../../../../../../../../../../../../../../../../../contexts/items/context[3]"/><state class="actionStateScheduled"><date>2012-03-07 00:00:00.0 CST</date><durationHours>0</durationHours><durationMinutes>0</durationMinutes><created>2012-02-29 14:00:21.896 CST</created></state><notes></notes><done>true</done><doneDate>2012-03-07 00:00:00.0 CST</doneDate><time><id>11128</id><name>4 hrs</name></time><success></success><modified>2012-03-07 18:50:11.411 CST</modified></action><action><id>12145</id><created>2012-03-26 18:11:33.322 CST</created><parent reference="../../.."/><description>Test the code with tony on latest trunk iso</description><topic reference="../../../../../../../../../../../../../../../../../../topics/items/topic[3]"/><context reference="../../../../../../../../../../../../../../../../../../contexts/items/context[3]"/><state class="actionStateASAP"><created>2012-03-26 18:11:33.322 CST</created></state><notes></notes><done>true</done><doneDate>2012-03-28 15:04:02.21 CST</doneDate><success></success><modified>2012-03-28 15:04:02.21 CST</modified></action></children><topic reference="../../../../../../../../../../../../../../../../topics/items/topic[3]"/><description>SYR</description><purpose></purpose><success></success><brainstorming></brainstorming><organising></organising><done>false</done><sequence>true</sequence><sequencing reference="../../../../../../project/sequencing"/><notes></notes><modified>2012-04-25 10:29:00.334 CST</modified><seqIncludeProjects>true</seqIncludeProjects><seqIncludeScheduled>false</seqIncludeScheduled></project><project><id>222</id><created>2012-02-20 15:53:07.704 CST</created><parent reference="../../.."/><children><project><id>10943</id><created>2012-02-22 13:27:56.14 CST</created><thought><created>2012-02-22 11:00:45.878 CST</created><description>Remove miniseverity from rsyslog part</description><topic><name>None</name><description>No topic.</description><color><red>0</red><green>0</green><blue>0</blue><alpha>255</alpha></color><background><red>255</red><green>255</green><blue>255</blue><alpha>255</alpha></background><id>8</id></topic><processed>true</processed><id>10932</id></thought><parent reference="../../.."/><children><action><id>10942</id><created>2012-02-22 13:27:07.700 CST</created><thought reference="../../../thought"/><parent reference="../../.."/><description>Remove miniseverity from rsyslog part</description><topic reference="../../../thought/topic"/><context reference="../../../../../../../../../../../../../../../../../../../../contexts/items/context[3]"/><state class="actionStateDelegated"><to>Andrea</to><chase>2012-02-28 00:00:00.0 CST</chase><created>2012-02-23 10:59:45.141 CST</created></state><notes></notes><done>true</done><doneDate>2012-02-23 00:00:00.0 CST</doneDate><time><id>107</id><name>1 hr</name></time><priority reference="../../../../../../../../../../project[3]/children/action/priority"/><success></success><modified>2012-02-23 10:59:45.141 CST</modified></action></children><topic reference="../thought/topic"/><description>Remove miniseverity from rsyslog part</description><purpose></purpose><success></success><brainstorming></brainstorming><organising></organising><done>false</done><sequence>false</sequence><sequencing reference="../../../../../../../../project/sequencing"/><notes></notes><modified>2012-03-25 20:25:19.0 CST</modified></project><project><id>433</id><created>2012-02-20 15:56:50.568 CST</created><parent reference="../../.."/><children><action><id>623</id><created>2012-02-20 15:56:56.855 CST</created><parent reference="../../.."/><description>FInish configure CLI</description><topic reference="../../../../../../../../../../../../../../../../../../../../topics/items/topic[3]"/><context reference="../../../../../../project/children/project/children/action/context"/><state class="actionStateASAP"><created>2012-02-20 15:56:56.855 CST</created></state><notes></notes><done>true</done><doneDate>2012-02-13 00:00:00.0 CST</doneDate><modified>2012-02-20 15:58:24.56 CST</modified></action><action><id>893</id><created>2012-02-20 15:57:36.199 CST</created><parent reference="../../.."/><description>Finish delete CLI</description><topic reference="../../../../../../../../../../../../../../../../../../../../topics/items/topic[3]"/><context reference="../../../../../../project/children/project/children/action/context"/><state class="actionStateASAP"><created>2012-02-20 15:57:36.200 CST</created></state><notes></notes><done>true</done><doneDate>2012-02-20 00:00:00.0 CST</doneDate><success></success><modified>2012-02-24 18:10:39.530 CST</modified></action></children><topic reference="../../../../../../../../../../../../../../../../../../topics/items/topic[3]"/><description>CLI</description><purpose></purpose><success></success><brainstorming></brainstorming><organising></organising><done>true</done><doneDate>2012-02-24 18:14:23.42 CST</doneDate><sequence>false</sequence><sequencing reference="../../../../../../../../project/sequencing"/><modified>2012-02-24 18:15:05.968 CST</modified></project><project><id>431</id><created>2012-02-20 15:56:50.568 CST</created><parent reference="../../.."/><children/><topic reference="../../../../../../../../../../../../../../../../../../topics/items/topic[3]"/><description>GUI view</description><purpose></purpose><success></success><brainstorming></brainstorming><organising></organising><done>false</done><sequence>false</sequence><sequencing reference="../../../../../../../../project/sequencing"/><notes>1 day
</notes><modified>2012-02-20 16:04:05.23 CST</modified></project><project><id>434</id><created>2012-02-20 15:56:50.568 CST</created><parent reference="../../.."/><children><action><id>1170</id><created>2012-02-20 15:58:02.356 CST</created><parent reference="../../.."/><description>Integrate CLI with backend feature</description><topic reference="../../../../../../../../../../../../../../../../../../../../topics/items/topic[3]"/><context reference="../../../../../../../../../../../../../../../../../../../../contexts/items/context[3]"/><state class="actionStateASAP"><created>2012-04-09 09:45:35.63 CST</created></state><notes>Wait for rsyslog ready
Andrea said it is ready
Wait the new iso built</notes><done>true</done><doneDate>2012-04-09 00:00:00.0 CST</doneDate><success></success><modified>2012-04-09 20:14:49.515 CST</modified></action><action><id>1791</id><created>2012-02-20 15:59:16.254 CST</created><parent reference="../../.."/><description>Integrate GUI  with backend feature</description><topic reference="../../../../../../../../../../../../../../../../../../../../topics/items/topic[3]"/><context reference="../../../../../../../../../../../../../../../../../../../../contexts/items/context[3]"/><state class="actionStateASAP"><created>2012-04-09 09:45:38.511 CST</created></state><notes>Wait for rsyslog backend ready
Andrea said it is ready
Wait the new iso built</notes><done>true</done><doneDate>2012-04-09 00:00:00.0 CST</doneDate><success></success><modified>2012-04-09 20:14:53.507 CST</modified></action></children><topic reference="../../../../../../../../../../../../../../../../../../topics/items/topic[3]"/><description>Integration</description><purpose></purpose><success></success><brainstorming></brainstorming><organising></organising><done>false</done><sequence>false</sequence><sequencing reference="../../../../../../../../project/sequencing"/><notes>1 day
</notes><modified>2012-02-20 16:04:23.294 CST</modified></project></children><topic reference="../../../../../../../../../../../../../../../../topics/items/topic[3]"/><description>rSyslog</description><purpose></purpose><success></success><brainstorming></brainstorming><organising></organising><done>false</done><sequence>true</sequence><sequencing reference="../../../../../../project/sequencing"/><dueDate>2012-03-30 00:00:00.0 CST</dueDate><notes></notes><modified>2012-03-25 20:25:19.3 CST</modified><seqIncludeProjects>true</seqIncludeProjects></project><project><id>224</id><created>2012-02-20 15:53:42.60 CST</created><parent reference="../../.."/><children><project><id>2224</id><created>2012-02-20 16:01:52.118 CST</created><parent reference="../../.."/><children/><topic reference="../../../../../../../../../../../../../../../../../../topics/items/topic[3]"/><description>Controller</description><purpose></purpose><success></success><brainstorming></brainstorming><organising></organising><done>false</done><sequence>false</sequence><sequencing reference="../../../../../../../../project/sequencing"/><notes>1 day</notes><modified>2012-02-20 16:05:12.60 CST</modified></project><project><id>2225</id><created>2012-02-20 16:01:52.118 CST</created><parent reference="../../.."/><children><action><id>2226</id><created>2012-02-20 16:01:52.118 CST</created><parent reference="../../.."/><description>Integrate notification policy CLI with backend feature</description><topic reference="../../../../../../../../../../../../../../../../../../../../topics/items/topic[3]"/><context reference="../../../../../../../../../../../../../../../../../../../../contexts/items/context[3]"/><state class="actionStateASAP"><created>2012-04-10 20:05:27.218 CST</created></state><notes>Wait for backend ready
Andrea said it is ready
Wait the new iso built
Email sent Tue, 10 Apr 2012</notes><done>true</done><doneDate>2012-04-10 00:00:00.0 CST</doneDate><success></success><modified>2012-04-10 20:05:34.295 CST</modified></action><action><id>2227</id><created>2012-02-20 16:01:52.118 CST</created><parent reference="../../.."/><description>Integrate GUI  with backend feature</description><topic reference="../../../../../../../../../../../../../../../../../../../../topics/items/topic[3]"/><context reference="../../../../../../../../../../../../../../../../../../../../contexts/items/context[3]"/><state class="actionStateASAP"><created>2012-04-10 20:05:30.16 CST</created></state><notes>Wait for backend ready
Andrea said it is ready
Wait the new iso built</notes><done>true</done><doneDate>2012-04-10 00:00:00.0 CST</doneDate><modified>2012-04-10 20:05:32.226 CST</modified></action></children><topic reference="../../../../../../../../../../../../../../../../../../topics/items/topic[3]"/><description>Integration</description><purpose></purpose><success></success><brainstorming></brainstorming><organising></organising><done>false</done><sequence>false</sequence><sequencing reference="../../../../../../../../project/sequencing"/><notes>1 day</notes><modified>2012-02-20 16:05:15.991 CST</modified></project></children><topic reference="../../../../../../../../../../../../../../../../topics/items/topic[3]"/><description>Notification policy</description><purpose></purpose><success></success><brainstorming></brainstorming><organising></organising><done>false</done><sequence>false</sequence><sequencing reference="../../../../../../project/sequencing"/><dueDate>2012-03-30 00:00:00.0 CST</dueDate><notes></notes><modified>2012-03-25 20:24:29.440 CST</modified></project><project><id>225</id><created>2012-02-20 15:53:49.95 CST</created><parent reference="../../.."/><children><action><id>11724</id><created>2012-03-12 11:25:53.721 CST</created><thought><created>2012-03-12 11:25:28.755 CST</created><description>Integrate new table pattern to event detail table</description><topic reference="../../../../../../../../../../../../../../../../../../../topics/items/topic[3]"/><processed>true</processed><id>11720</id></thought><parent reference="../../.."/><description>Integrate new table pattern to event detail table</description><topic reference="../../../../../../../../../../../../../../../../../../topics/items/topic[3]"/><context reference="../../../../../../../../../../../../../../../../../../contexts/items/context[3]"/><state class="actionStateASAP"><created>2012-03-16 17:18:34.60 CST</created></state><notes>Wait for rebase from trunk to get table pattern</notes><done>true</done><doneDate>2012-03-19 00:00:00.0 CST</doneDate><success></success><modified>2012-03-19 13:44:54.427 CST</modified></action><action><id>11938</id><created>2012-03-19 19:23:41.310 CST</created><parent reference="../../.."/><description>Add yui calendar feature on &apos;from&apos; and &apos;to&apos; input box</description><topic reference="../../../../../../../../../../../../../../../../../../topics/items/topic[3]"/><context reference="../../../../../../../../../../../../../../../../../../contexts/items/context[3]"/><state class="actionStateASAP"><created>2012-03-19 19:23:41.311 CST</created></state><notes></notes><done>true</done><doneDate>2012-03-20 00:00:00.0 CST</doneDate><modified>2012-03-20 16:11:20.730 CST</modified></action><action><id>11953</id><created>2012-03-20 16:11:45.330 CST</created><parent reference="../../.."/><description>Use namespace to organizae the event js </description><topic reference="../../../../../../../../../../../../../../../../../../topics/items/topic[3]"/><context reference="../../../../../../../../../../../../../../../../../../contexts/items/context[3]"/><state class="actionStateASAP"><created>2012-03-20 16:11:45.330 CST</created></state><notes></notes><done>true</done><doneDate>2012-03-20 00:00:00.0 CST</doneDate><modified>2012-03-20 17:24:58.595 CST</modified></action><action><id>11939</id><created>2012-03-19 19:24:45.325 CST</created><parent reference="../../.."/><description>Get the fitler data from backend when click search button in alert detail</description><topic reference="../../../../../../../../../../../../../../../../../../topics/items/topic[3]"/><context reference="../../../../../../../../../../../../../../../../../../contexts/items/context[3]"/><state class="actionStateASAP"><created>2012-03-19 19:24:45.325 CST</created></state><notes></notes><done>true</done><doneDate>2012-03-20 00:00:00.0 CST</doneDate><modified>2012-03-20 18:53:53.750 CST</modified></action><action><id>11954</id><created>2012-03-20 17:59:42.705 CST</created><parent reference="../../.."/><description>Add page feature to event detail</description><topic reference="../../../../../../../../../../../../../../../../../../topics/items/topic[3]"/><context reference="../../../../../../../../../../../../../../../../../../contexts/items/context[3]"/><state class="actionStateASAP"><created>2012-03-20 17:59:42.706 CST</created></state><notes></notes><done>true</done><doneDate>2012-03-21 00:00:00.0 CST</doneDate><modified>2012-03-21 14:30:53.237 CST</modified></action><action><id>11864</id><created>2012-03-16 15:09:53.390 CST</created><parent reference="../../.."/><description>Check in the code after Xuan build the iso</description><topic reference="../../../../../../../../../../../../../../../../../../topics/items/topic[3]"/><context reference="../../../../../../../../../../../../../../../../../../contexts/items/context[3]"/><state class="actionStateASAP"><created>2012-03-19 19:18:43.904 CST</created></state><notes></notes><done>true</done><doneDate>2012-03-21 00:00:00.0 CST</doneDate><success></success><modified>2012-03-21 16:01:02.60 CST</modified></action><action><id>11968</id><created>2012-03-21 16:02:31.751 CST</created><parent reference="../../.."/><description>Test event summay and event detail on node scope</description><topic reference="../../../../../../../../../../../../../../../../../../topics/items/topic[3]"/><context reference="../../../../../../../../../../../../../../../../../../contexts/items/context[3]"/><state class="actionStateASAP"><created>2012-03-21 16:02:31.751 CST</created></state><notes></notes><done>true</done><doneDate>2012-03-22 00:00:00.0 CST</doneDate><success></success><modified>2012-03-22 10:40:55.835 CST</modified></action><action><id>11941</id><created>2012-03-19 19:27:09.974 CST</created><parent reference="../../.."/><description>tenant summary GUI</description><topic reference="../../../../../../../../../../../../../../../../../../topics/items/topic[3]"/><context reference="../../../../../../../../../../../../../../../../../../contexts/items/context[3]"/><state class="actionStateASAP"><created>2012-03-19 19:27:09.974 CST</created></state><notes></notes><done>true</done><doneDate>2012-03-22 00:00:00.0 CST</doneDate><success></success><modified>2012-03-22 16:25:03.247 CST</modified></action><action><id>228</id><created>2012-02-20 15:54:32.329 CST</created><parent reference="../../.."/><description>Test event detail table with big data</description><topic reference="../../../../../../../../../../../../../../../../../../topics/items/topic[3]"/><context reference="../../../../../../../../../../../../../../../../../../contexts/items/context[3]"/><state class="actionStateScheduled"><date>2012-03-23 00:00:00.0 CST</date><durationHours>0</durationHours><durationMinutes>0</durationMinutes><created>2012-02-23 10:51:10.92 CST</created></state><notes></notes><done>true</done><doneDate>2012-03-21 00:00:00.0 CST</doneDate><success></success><modified>2012-03-21 14:30:47.66 CST</modified></action><action><id>10897</id><created>2012-02-21 17:40:45.111 CST</created><parent reference="../../.."/><description>Integrate tenant event summary  CLI with backend feature</description><topic reference="../../../../../../../../../../../../../../../../../../topics/items/topic[3]"/><context reference="../../../../../../../../../../../../../../../../../../contexts/items/context[3]"/><state class="actionStateASAP"><created>2012-03-19 15:03:45.510 CST</created></state><notes>Cannot create tenant. Wait for Xuan rebase the trunk code to branch 
cosevent --list_summary --tenantlevel -t t1 -u t1a -p password</notes><done>true</done><doneDate>2012-03-22 00:00:00.0 CST</doneDate><priority reference="../../../../../../../../project[3]/children/action/priority"/><success></success><modified>2012-03-22 17:39:03.942 CST</modified></action><action><id>11940</id><created>2012-03-19 19:25:57.291 CST</created><parent reference="../../.."/><description>Node detail GUI on tenant scope</description><topic reference="../../../../../../../../../../../../../../../../../../topics/items/topic[3]"/><context reference="../../../../../../../../../../../../../../../../../../contexts/items/context[3]"/><state class="actionStateASAP"><created>2012-03-19 19:25:57.291 CST</created></state><notes></notes><done>true</done><doneDate>2012-03-22 16:25:12.199 CST</doneDate><modified>2012-03-22 16:25:12.199 CST</modified></action><action><id>11136</id><created>2012-02-24 09:16:55.799 CST</created><parent reference="../../.."/><description>node detail CLI on tenant scope</description><topic reference="../../../../../../../../../../../../../../../../../../topics/items/topic[3]"/><context reference="../../../../../../../../../../../../../../../../../../contexts/items/context[3]"/><state class="actionStateASAP"><created>2012-03-19 15:03:37.566 CST</created></state><notes>Wait for code rebase from trunk</notes><done>true</done><doneDate>2012-03-22 18:14:11.7 CST</doneDate><time><id>103</id><name>15 min</name></time><success></success><modified>2012-03-22 18:14:11.7 CST</modified></action><action><id>12005</id><created>2012-03-22 17:44:35.729 CST</created><parent reference="../../.."/><description>test all options for event detail cli</description><topic reference="../../../../../../../../../../../../../../../../../../topics/items/topic[3]"/><context reference="../../../../../../../../../../../../../../../../../../contexts/items/context[3]"/><state class="actionStateASAP"><created>2012-03-22 17:44:35.729 CST</created></state><notes></notes><done>true</done><doneDate>2012-03-23 11:12:34.146 CST</doneDate><modified>2012-03-23 11:12:34.147 CST</modified></action><action><id>11966</id><created>2012-03-21 09:44:52.698 CST</created><parent reference="../../.."/><description>fix firefox event detail issue</description><topic reference="../../../../../../../../../../../../../../../../../../topics/items/topic[3]"/><context reference="../../../../../../../../../../../../../../../../../../contexts/items/context[3]"/><state class="actionStateASAP"><created>2012-03-21 09:44:52.698 CST</created></state><notes></notes><done>true</done><doneDate>2012-03-21 00:00:00.0 CST</doneDate><modified>2012-03-21 16:01:08.577 CST</modified></action><action><id>11967</id><created>2012-03-21 14:34:43.947 CST</created><parent reference="../../.."/><description>Test event detail with ie9</description><topic reference="../../../../../../../../../../../../../../../../../../topics/items/topic[3]"/><context reference="../../../../../../../../../../../../../../../../../../contexts/items/context[3]"/><state class="actionStateASAP"><created>2012-03-21 14:34:43.947 CST</created></state><notes></notes><done>true</done><doneDate>2012-03-21 00:00:00.0 CST</doneDate><modified>2012-03-21 16:01:11.445 CST</modified></action><action><id>11952</id><created>2012-03-20 11:19:35.565 CST</created><parent reference="../../.."/><description>add combox on event summary icon</description><topic reference="../../../../../../../../../../../../../../../../../../topics/items/topic[3]"/><context reference="../../../../../../../../../../../../../../../../../../contexts/items/context[3]"/><state class="actionStateASAP"><created>2012-03-20 11:19:35.566 CST</created></state><notes></notes><done>true</done><doneDate>2012-03-23 19:10:09.292 CST</doneDate><modified>2012-03-23 19:10:09.292 CST</modified></action><action><id>12093</id><created>2012-03-23 15:58:49.489 CST</created><parent reference="../../.."/><description>Event detail on tenant scope need add a node filter</description><topic reference="../../../../../../../../../../../../../../../../../../topics/items/topic[3]"/><context reference="../../../../../../../../../../../../../../../../../../contexts/items/context[3]"/><state class="actionStateASAP"><created>2012-03-23 15:58:49.489 CST</created></state><notes></notes><done>true</done><doneDate>2012-03-26 00:00:00.0 CST</doneDate><modified>2012-03-26 11:09:41.69 CST</modified></action><action><id>12137</id><created>2012-03-26 11:04:59.313 CST</created><parent reference="../../.."/><description>add validation on html</description><topic reference="../../../../../../../../../../../../../../../../../../topics/items/topic[3]"/><context><name>None</name><description>No context.</description><id>9</id></context><state class="actionStateASAP"><created>2012-03-26 11:04:59.314 CST</created></state><notes></notes><done>true</done><doneDate>2012-03-27 15:00:38.747 CST</doneDate><modified>2012-03-27 15:00:38.747 CST</modified></action><action><id>12004</id><created>2012-03-22 17:39:07.62 CST</created><parent reference="../../.."/><description>Get the nodes belong to tenant in the controller when get tenant summay</description><topic reference="../../../../../../../../../../../../../../../../../../topics/items/topic[3]"/><context reference="../../../../../../../../../../../../../../../../../../contexts/items/context[3]"/><state class="actionStateASAP"><created>2012-03-22 17:39:07.63 CST</created></state><notes></notes><done>true</done><doneDate>2012-03-26 16:47:13.330 CST</doneDate><success></success><modified>2012-03-26 16:47:13.330 CST</modified></action><action><id>12090</id><created>2012-03-23 09:14:26.251 CST</created><parent reference="../../.."/><description>Call category api to get the categories in event detail</description><topic reference="../../../../../../../../../../../../../../../../../../topics/items/topic[3]"/><context><name>None</name><description>No context.</description><id>9</id></context><state class="actionStateASAP"><created>2012-03-23 09:14:26.254 CST</created></state><notes></notes><done>true</done><doneDate>2012-03-26 17:58:46.582 CST</doneDate><modified>2012-03-26 17:58:46.582 CST</modified></action><action><id>12104</id><created>2012-03-23 20:34:06.841 CST</created><thought><created>2012-03-23 09:51:52.858 CST</created><description>finish all &apos;fix me&apos;</description><topic reference="../../../../../../../../../../../../../../../../../../../topics/items/topic[3]"/><processed>true</processed><id>12091</id></thought><parent reference="../../.."/><description>finish all &apos;fix me&apos;</description><topic reference="../../../../../../../../../../../../../../../../../../topics/items/topic[3]"/><context reference="../../../../../../../../../../../../../../../../../../contexts/items/context[3]"/><state class="actionStateDelegated"><to></to><chase>2012-04-13 00:00:00.0 CST</chase><created>2012-03-26 18:09:48.888 CST</created></state><notes></notes><done>true</done><doneDate>2012-04-11 00:00:00.0 CST</doneDate><success></success><modified>2012-04-11 17:06:14.860 CST</modified></action><action><id>11133</id><created>2012-02-24 09:15:19.350 CST</created><thought><created>2012-03-05 15:29:59.25 CST</created><description>Change to call real api</description><topic reference="../../../../../../../../../../../../../../../../../../../topics/items/topic[3]"/><processed>true</processed><action reference="../.."/><id>11365</id></thought><parent reference="../../.."/><description>Change to call real event detail api</description><topic reference="../../../../../../../../../../../../../../../../../../topics/items/topic[3]"/><context reference="../../../../../../../../../../../../../../../../../../contexts/items/context[3]"/><state class="actionStateASAP"><created>2012-04-16 17:43:12.144 CST</created></state><notes>Wait for the real api done
Got the iso
Wait Qiang to slove the issue &apos;crashed when call the api&apos;
Finish call system event detail api
Wait the new iso to test the tenant event detail api</notes><done>true</done><doneDate>2012-04-16 00:00:00.0 CST</doneDate><time reference="../../../../../../../../project/children/action/time"/><success></success><modified>2012-04-16 19:18:27.603 CST</modified></action><action><id>11969</id><created>2012-03-21 16:48:02.494 CST</created><parent reference="../../.."/><description>Add cosevent into ui/cli/scripts/executables</description><topic reference="../../../../../../../../../../../../../../../../../../topics/items/topic[3]"/><context reference="../../../../../../../../../../../../../../../../../../contexts/items/context[3]"/><state class="actionStateScheduled"><date>2012-03-29 00:00:00.0 CST</date><durationHours>0</durationHours><durationMinutes>0</durationMinutes><created>2012-03-26 18:10:51.561 CST</created></state><notes></notes><done>true</done><doneDate>2012-03-29 11:16:08.198 CST</doneDate><modified>2012-03-29 11:16:08.198 CST</modified></action><action><id>12209</id><created>2012-03-27 15:04:03.258 CST</created><parent reference="../../.."/><description>ruby api on event detail</description><topic reference="../../../../../../../../../../../../../../../../../../topics/items/topic[3]"/><context reference="../../../../../../../../../../../../../../../../../../contexts/items/context[3]"/><state class="actionStateASAP"><created>2012-03-27 15:04:03.258 CST</created></state><notes></notes><done>true</done><doneDate>2012-03-27 00:00:00.0 CST</doneDate><modified>2012-03-27 19:13:57.815 CST</modified></action><action><id>12257</id><created>2012-03-28 19:05:41.831 CST</created><parent reference="../../.."/><description>Return &apos;n/a&apos; when get false from event api</description><topic reference="../../../../../../../../../../../../../../../../../../topics/items/topic[3]"/><context reference="../../../../../../../../../../../../../../../../../../contexts/items/context[3]"/><state class="actionStateASAP"><created>2012-03-28 19:05:41.831 CST</created></state><notes></notes><done>true</done><doneDate>2012-03-29 00:00:00.0 CST</doneDate><modified>2012-03-29 10:32:30.320 CST</modified></action><action><id>12556</id><created>2012-04-12 11:36:07.43 CST</created><parent reference="../../.."/><description>Remove error from notifcation policy and rsyslog when setting to lower api</description><topic reference="../../../../../../../../../../../../../../../../../../topics/items/topic[3]"/><context reference="../../../../../../../../../../../../../../../../../../contexts/items/context[3]"/><state class="actionStateASAP"><created>2012-04-16 17:43:22.666 CST</created></state><notes>configmgr.py -g Rsyslog
{&quot;errors&quot;: [], &quot;hostname&quot;: &quot;test-default&quot;, &quot;port&quot;: &quot;514&quot;}
Finish rsyslog
wait for notificaoitn policy </notes><done>true</done><doneDate>2012-04-16 00:00:00.0 CST</doneDate><success></success><modified>2012-04-16 18:09:33.740 CST</modified></action><action><id>12620</id><created>2012-04-16 19:18:33.895 CST</created><parent reference="../../.."/><description>Change event summary on tenant scope implementation</description><topic reference="../../../../../../../../../../../../../../../../../../topics/items/topic[3]"/><context reference="../../../../../../../../../../../../../../../../../../contexts/items/context[3]"/><state class="actionStateASAP"><created>2012-04-18 13:57:55.608 CST</created></state><notes>wait iso</notes><done>true</done><doneDate>2012-04-18 00:00:00.0 CST</doneDate><modified>2012-04-18 20:34:50.701 CST</modified></action></children><topic reference="../../../../../../../../../../../../../../../../topics/items/topic[3]"/><description>Event</description><purpose></purpose><success></success><brainstorming></brainstorming><organising></organising><done>false</done><sequence>false</sequence><sequencing reference="../../../../../../project/sequencing"/><dueDate>2012-03-15 00:00:00.0 CST</dueDate><modified>2012-04-19 08:00:40.364 CST</modified></project><action><id>226</id><created>2012-02-20 15:54:08.788 CST</created><parent reference="../../.."/><description>Change Default scope can be removed</description><topic reference="../../../../../../../../../../../../../../../../topics/items/topic[3]"/><context reference="../../../../../../../../../../../../../../../../contexts/items/context[3]"/><state class="actionStateScheduled"><date>2012-02-27 14:00:00.0 CST</date><durationHours>15</durationHours><durationMinutes>0</durationMinutes><created>2012-02-23 17:30:54.836 CST</created></state><notes></notes><done>true</done><doneDate>2012-02-27 00:00:00.0 CST</doneDate><time reference="../../project[2]/children/project/children/action/time"/><success></success><modified>2012-02-27 15:43:11.472 CST</modified></action><action><id>12248</id><created>2012-03-28 11:00:41.577 CST</created><parent reference="../../.."/><description>Fix bugs</description><topic reference="../../../../../../../../../../../../../../../../topics/items/topic[3]"/><context reference="../../../../../../../../../../../../../../../../contexts/items/context[3]"/><state class="actionStateScheduled"><date>2012-04-25 00:00:00.0 CST</date><durationHours>0</durationHours><durationMinutes>0</durationMinutes><created>2012-04-17 16:50:13.789 CST</created></state><notes>22358 ， 22183，22143，22139，21578 should be done. Verify it  after a formal iso built

18270, move to rc 8</notes><done>true</done><doneDate>2012-04-25 00:00:00.0 CST</doneDate><modified>2012-04-25 09:20:41.558 CST</modified></action><action><id>11495</id><created>2012-03-08 18:08:58.831 CST</created><thought><created>2012-04-06 10:09:50.442 CST</created><description>Write down the CLI change on wiki before rc7</description><topic reference="../../../../../../../../../../../../../../../../../topics/items/topic[3]"/><processed>true</processed><action reference="../.."/><id>12440</id></thought><parent reference="../../.."/><description>Write down the CLI change on wiki before rc7</description><topic reference="../../../../../../../../../../../../../../../../topics/items/topic[3]"/><context reference="../../../../../../../../../../../../../../../../contexts/items/context[3]"/><state class="actionStateASAP"><created>2012-04-06 10:10:07.228 CST</created></state><notes></notes><done>true</done><doneDate>2012-04-11 00:00:00.0 CST</doneDate><success></success><modified>2012-04-11 15:10:40.701 CST</modified></action><action><id>12508</id><created>2012-04-09 16:42:33.609 CST</created><parent reference="../../.."/><description>Improve configure framework when no avaiable scope exist</description><topic reference="../../../../../../../../../../../../../../../../topics/items/topic[3]"/><context reference="../../../../../../../../../../../../../../../../contexts/items/context[3]"/><state class="actionStateASAP"><created>2012-04-09 16:42:33.610 CST</created></state><notes></notes><done>true</done><doneDate>2012-04-10 00:00:00.0 CST</doneDate><modified>2012-04-10 10:55:50.527 CST</modified></action><action><id>12532</id><created>2012-04-11 09:46:08.364 CST</created><thought><created>2012-04-11 08:39:50.544 CST</created><description>Check in 导致node dashboard js错误的code</description><topic reference="../../../../../../../../../../../../../../../../../topics/items/topic[3]"/><processed>true</processed><id>12528</id></thought><parent reference="../../.."/><description>Check in 导致node dashboard js错误的code</description><topic reference="../../../../../../../../../../../../../../../../topics/items/topic[3]"/><context reference="../../../../../../../../../../../../../../../../contexts/items/context[3]"/><state class="actionStateASAP"><created>2012-04-11 09:46:35.216 CST</created></state><notes></notes><done>true</done><doneDate>2012-04-11 11:36:39.837 CST</doneDate><success></success><modified>2012-04-11 11:36:39.837 CST</modified></action><action><id>12539</id><created>2012-04-11 16:44:21.278 CST</created><parent reference="../../.."/><description>Handle the case when adding the 2nd un-configured scope in multi-scop frameworks</description><topic reference="../../../../../../../../../../../../../../../../topics/items/topic[3]"/><context reference="../../../../../../../../../../../../../../../../contexts/items/context[3]"/><state class="actionStateASAP"><created>2012-04-11 16:44:21.278 CST</created></state><notes>Prosible soulution:give warning, if continue, the 2nd one replace the first one
</notes><done>true</done><doneDate>2012-04-16 00:00:00.0 CST</doneDate><modified>2012-04-16 17:08:12.214 CST</modified></action><action><id>12644</id><created>2012-04-17 16:42:07.225 CST</created><parent reference="../../.."/><description>Add feature to multi-scope framework to treat default specially</description><topic reference="../../../../../../../../../../../../../../../../topics/items/topic[3]"/><context reference="../../../../../../../../../../../../../../../../contexts/items/context[3]"/><state class="actionStateASAP"><created>2012-04-17 16:42:07.226 CST</created></state><notes></notes><done>true</done><doneDate>2012-04-18 00:00:00.0 CST</doneDate><modified>2012-04-18 08:22:14.792 CST</modified></action><action><id>12728</id><created>2012-04-24 09:50:45.857 CST</created><parent reference="../../.."/><description>Fix typo in notification policy</description><topic reference="../../../../../../../../../../../../../../../../topics/items/topic[3]"/><context reference="../../../../../../../../../../../../../../../../contexts/items/context[3]"/><state class="actionStateASAP"><created>2012-04-24 09:50:45.857 CST</created></state><notes></notes><done>true</done><doneDate>2012-04-24 00:00:00.0 CST</doneDate><modified>2012-04-24 14:53:14.456 CST</modified></action></children><topic reference="../../../../../../../../../../../../../../topics/items/topic[3]"/><description>RC7</description><purpose></purpose><success></success><brainstorming></brainstorming><organising></organising><done>false</done><sequence>false</sequence><sequencing reference="../../../../project/sequencing"/><modified>2012-04-25 10:28:51.426 CST</modified><seqIncludeScheduled>false</seqIncludeScheduled></project><project><id>12354</id><created>2012-04-01 11:13:53.301 CST</created><parent reference="../../.."/><children><project><id>11755</id><created>2012-03-13 10:36:31.812 CST</created><thought><created>2012-03-13 10:35:44.622 CST</created><description>Move to mongrel cluster</description><topic reference="../../../../../../../../../../../../../../../../../topics/items/topic[3]"/><processed>true</processed><id>11750</id></thought><parent reference="../../.."/><children><action><id>11754</id><created>2012-03-13 10:36:07.601 CST</created><thought reference="../../../thought"/><parent reference="../../.."/><description>Check with Natchev about the mongrel cluster package</description><topic reference="../../../../../../../../../../../../../../../../../../topics/items/topic[3]"/><context reference="../../../../../../../../../../../../../../../../../../contexts/items/context[3]"/><state class="actionStateASAP"><created>2012-03-13 10:36:31.812 CST</created></state><notes></notes><done>true</done><doneDate>2012-03-13 11:27:22.290 CST</doneDate><success></success><modified>2012-03-13 11:27:22.290 CST</modified></action><action><id>11756</id><created>2012-03-13 10:38:58.233 CST</created><parent reference="../../.."/><description>Check with andy about the apache configuration change</description><topic reference="../../../../../../../../../../../../../../../../../../topics/items/topic[3]"/><context reference="../../../../../../../../../../../../../../../../../../contexts/items/context[3]"/><state class="actionStateASAP"><created>2012-03-13 10:38:58.233 CST</created></state><notes></notes><done>true</done><doneDate>2012-03-13 11:27:17.891 CST</doneDate><modified>2012-03-13 11:27:17.891 CST</modified></action><action><id>11757</id><created>2012-03-13 10:39:34.425 CST</created><parent reference="../../.."/><description>Notify with Liping about the change an check if any issue exist</description><topic reference="../../../../../../../../../../../../../../../../../../topics/items/topic[3]"/><context reference="../../../../../../../../../../../../../../../../../../contexts/items/context[3]"/><state class="actionStateASAP"><created>2012-03-13 10:39:34.425 CST</created></state><notes></notes><done>true</done><doneDate>2012-03-13 11:27:23.569 CST</doneDate><modified>2012-03-13 11:27:23.569 CST</modified></action><action><id>11758</id><created>2012-03-13 10:40:01.90 CST</created><parent reference="../../.."/><description>Verify if  the change is work on the iso</description><topic reference="../../../../../../../../../../../../../../../../../../topics/items/topic[3]"/><context reference="../../../../../../../../../../../../../../../../../../contexts/items/context[3]"/><state class="actionStateInactive"><created>2012-04-25 15:20:58.139 CST</created></state><notes>Wait for rc7 tag</notes><done>false</done><success></success><modified>2012-04-25 15:20:58.139 CST</modified></action><action><id>12739</id><created>2012-04-25 10:50:44.789 CST</created><parent reference="../../.."/><description>Ask Terry for build a new iso about all the changes</description><topic reference="../../../../../../../../../../../../../../../../../../topics/items/topic[3]"/><context reference="../../../../../../../../../../../../../../../../../../contexts/items/context[3]"/><state class="actionStateInactive"><created>2012-04-25 15:21:01.212 CST</created></state><notes></notes><done>false</done><modified>2012-04-25 15:21:01.212 CST</modified></action></children><topic reference="../../../../../../../../../../../../../../../../topics/items/topic[3]"/><description>Move to mongrel cluster</description><purpose></purpose><success></success><brainstorming></brainstorming><organising></organising><done>false</done><sequence>true</sequence><sequencing reference="../../../../../../project/sequencing"/><notes></notes><modified>2012-04-25 10:50:44.789 CST</modified><seqIncludeDelegated>false</seqIncludeDelegated></project><action><id>12719</id><created>2012-04-23 15:22:28.973 CST</created><parent reference="../../.."/><description>Remove the icon on the left navi tree if the node is a leaf</description><topic reference="../../../../../../../../../../../../../../../../topics/items/topic[3]"/><context><name>None</name><description>No context.</description><id>9</id></context><state class="actionStateInactive"><created>2012-05-10 19:58:36.217 CST</created></state><notes>patch done at /nfs/patch named navi_tree.diff</notes><done>false</done><modified>2012-05-10 19:58:36.217 CST</modified></action><action><id>227</id><created>2012-02-20 15:54:20.67 CST</created><parent reference="../../.."/><description>Check command and SQL injection for atmos GUI</description><topic reference="../../../../../../../../../../../../../../../../topics/items/topic[3]"/><context reference="../../../../../../../../../../../../../../../../contexts/items/context[3]"/><state class="actionStateInactive"><created>2012-03-19 15:04:05.236 CST</created></state><notes></notes><done>false</done><priority reference="../../../../../../project[3]/children/action/priority"/><success></success><modified>2012-04-25 10:28:51.426 CST</modified></action><action><id>12645</id><created>2012-04-17 16:46:58.776 CST</created><parent reference="../../.."/><description>remove disable/enable from syr</description><topic reference="../../../../../../../../../../../../../../../../topics/items/topic[3]"/><context reference="../../../../../../../../../../../../../../../../contexts/items/context[3]"/><state class="actionStateDelegated"><chase>2012-05-07 00:00:00.0 CST</chase><created>2012-04-24 16:38:11.54 CST</created></state><notes>Wait for rc7 tag</notes><done>true</done><doneDate>2012-05-08 09:30:53.50 CST</doneDate><success></success><modified>2012-05-08 09:30:53.51 CST</modified></action></children><topic><name>None</name><description>No topic.</description><color><red>0</red><green>0</green><blue>0</blue><alpha>255</alpha></color><background><red>255</red><green>255</green><blue>255</blue><alpha>255</alpha></background><id>8</id></topic><description>post-rc7</description><purpose></purpose><success></success><brainstorming></brainstorming><organising></organising><done>false</done><sequence>true</sequence><sequencing reference="../../../../project/sequencing"/><modified>2012-04-25 10:29:00.334 CST</modified><seqIncludeProjects>true</seqIncludeProjects></project></children><topic reference="../children/project[2]/topic"/><description>Sumatra</description><purpose></purpose><success></success><brainstorming></brainstorming><organising></organising><done>false</done><sequence>true</sequence><sequencing reference="../../project/sequencing"/><notes></notes><modified>2012-04-01 11:15:01.421 CST</modified><seqIncludeProjects>true</seqIncludeProjects></project><project><id>11092</id><created>2012-02-23 16:08:59.566 CST</created><thought><created>2012-02-23 15:54:47.568 CST</created><description>学习思维导向方法</description><topic reference="../../../../../../../../../../../../../topics/items/topic[4]"/><processed>true</processed><id>11083</id></thought><parent class="projects" reference="../../.."/><children><action><id>11236</id><created>2012-02-28 17:57:30.762 CST</created><thought><created>2012-02-28 18:03:43.862 CST</created><description>画《小强升职记》的思维导向图</description><topic reference="../../../../../../../../../../../../../../../topics/items/topic[4]"/><processed>true</processed><action reference="../.."/><id>11239</id></thought><parent reference="../../.."/><description>画《小强升职记》的思维导向图</description><topic reference="../../../../../../../../../../../../../../topics/items/topic[4]"/><context reference="../../../../../../../../../../../../../../contexts/items/context[5]"/><state class="actionStateASAP"><created>2012-03-05 09:55:47.41 CST</created></state><notes>Continue from 第二章</notes><done>false</done><time reference="../../../../project/children/action/time"/><success>Get 思维导向图</success><modified>2012-03-15 18:03:44.770 CST</modified></action><action><id>11240</id><created>2012-02-28 18:04:10.891 CST</created><parent reference="../../.."/><description>找到相关书籍， 确定如何学习</description><topic reference="../../../../../../../../../../../../../../topics/items/topic[4]"/><context reference="../../../../../../../../../../../../../../contexts/items/context[4]"/><state class="actionStateInactive"><created>2012-03-05 09:55:59.94 CST</created></state><notes></notes><done>false</done><time reference="../../../../project[5]/children/project/children/project[2]/children/project/children/action/time"/><success>知道通过什么来学习</success><modified>2012-03-05 09:55:59.94 CST</modified></action><action><id>11091</id><created>2012-02-23 16:08:29.933 CST</created><thought reference="../../../thought"/><parent reference="../../.."/><description>根据找到的方法学习</description><topic reference="../../../../../../../../../../../../../../topics/items/topic[4]"/><context reference="../../../../../../../../../../../../../../contexts/items/context[4]"/><state class="actionStateInactive"><created>2012-03-05 09:56:04.712 CST</created></state><notes></notes><done>false</done><time reference="../../../../project[5]/children/project/children/project[2]/children/project/children/action/time"/><priority reference="../../../../project[3]/children/action/priority"/><success></success><modified>2012-03-05 09:56:04.712 CST</modified></action><action><id>11547</id><created>2012-03-12 09:53:28.257 CST</created><parent reference="../../.."/><description>学习使用xmind</description><topic reference="../../../../../../../../../../../../../../topics/items/topic[4]"/><context><name>None</name><description>No context.</description><id>9</id></context><state class="actionStateASAP"><created>2012-03-12 09:53:28.257 CST</created></state><notes></notes><done>true</done><doneDate>2012-03-12 00:00:00.0 CST</doneDate><modified>2012-03-12 09:53:56.444 CST</modified></action></children><topic reference="../../../../../../../../../../../../topics/items/topic[4]"/><description>学习思维导向方法</description><purpose></purpose><success></success><brainstorming></brainstorming><organising></organising><done>false</done><sequence>true</sequence><sequencing reference="../../project/sequencing"/><notes></notes><modified>2012-03-12 09:53:53.725 CST</modified></project><project><id>11389</id><created>2012-03-05 18:38:29.255 CST</created><thought><created>2012-02-22 19:05:59.22 CST</created><description>read metaprogramming in ruby</description><topic reference="../../../../../../../../../../../../../topics/items/topic[4]"/><processed>true</processed><notes>http://yehudakatz.com/2009/11/15/metaprogramming-in-ruby-its-all-about-the-self/</notes><id>11009</id></thought><parent class="projects" reference="../../.."/><children><action><id>11390</id><created>2012-03-05 18:40:03.609 CST</created><parent reference="../../.."/><description>Learn the book ruby 元编程 every day</description><topic reference="../../../../../../../../../../../../../../topics/items/topic[4]"/><context reference="../../../../../../../../../../../../../../contexts/items/context[8]"/><state class="actionStateScheduled"><date>2012-03-06 20:00:00.0 CST</date><durationHours>0</durationHours><durationMinutes>0</durationMinutes><created>2012-03-06 18:37:09.343 CST</created></state><notes></notes><done>true</done><doneDate>2012-03-07 09:59:45.900 CST</doneDate><success>思维导向图</success><modified>2012-03-07 09:59:45.903 CST</modified></action><action><id>11026</id><created>2012-02-22 19:20:07.911 CST</created><thought reference="../../../thought"/><parent reference="../../.."/><description>Other material about ruby meta-programming</description><topic reference="../../../../../../../../../../../../../../topics/items/topic[4]"/><context reference="../../../../../../../../../../../../../../contexts/items/context[4]"/><state class="actionStateASAP"><created>2012-05-02 17:32:29.655 CST</created></state><notes>http://yehudakatz.com/2009/11/15/metaprogramming-in-ruby-its-all-about-the-self/</notes><done>false</done><time reference="../../../../project[5]/children/project/children/project[2]/children/project/children/action/time"/><success></success><modified>2012-05-02 17:32:29.655 CST</modified></action><project><id>12011</id><created>2012-03-22 20:23:05.177 CST</created><parent reference="../../.."/><children><action><id>11412</id><created>2012-03-06 18:36:24.992 CST</created><parent reference="../../.."/><description>Draw 第一章 思维导向图</description><topic reference="../../../../../../../../../../../../../../../../topics/items/topic[4]"/><context reference="../../../../../../../../../../../../../../../../contexts/items/context[5]"/><state class="actionStateASAP"><created>2012-03-22 20:22:41.215 CST</created></state><notes>
</notes><done>true</done><doneDate>2012-03-22 00:00:00.0 CST</doneDate><success>get 思维导向图</success><modified>2012-03-22 20:24:34.729 CST</modified></action><action><id>12012</id><created>2012-03-22 20:23:32.317 CST</created><parent reference="../../.."/><description>Draw 第二章 思维导向图</description><topic reference="../../../../../../../../../../../../../../../../topics/items/topic[4]"/><context reference="../../../../../../../../../../../../../../../../contexts/items/context[3]"/><state class="actionStateASAP"><created>2012-03-22 20:23:32.317 CST</created></state><notes></notes><done>false</done><success>get 思维导向图</success><modified>2012-03-22 20:23:48.683 CST</modified></action><action><id>12195</id><created>2012-03-26 19:48:52.395 CST</created><parent reference="../../.."/><description>Review the books according to the 法术</description><topic reference="../../../../../../../../../../../../../../../../topics/items/topic[4]"/><context reference="../../../../../../../../../../../../../../../../contexts/items/context[5]"/><state class="actionStateASAP"><created>2012-03-26 19:48:52.396 CST</created></state><notes></notes><done>false</done><success>thought graph about 法术</success><modified>2012-03-26 19:49:48.412 CST</modified></action></children><topic reference="../../../../../../../../../../../../../../topics/items/topic[4]"/><description>Draw 思维导向图 for ruby meta programming</description><purpose>以思维导向图的方式总结ruby meta programming全书</purpose><success></success><brainstorming></brainstorming><organising></organising><done>false</done><sequence>false</sequence><sequencing reference="../../../../project/sequencing"/><notes>[file:/D:/shawn/dropbox/selF/Artical/ruby_meta_programming.xmind]
</notes><modified>2012-03-26 19:48:52.396 CST</modified></project><action><id>11433</id><created>2012-03-07 09:59:45.900 CST</created><parent reference="../../.."/><description>Learn the book every day ruby meta-programming </description><topic reference="../../../../../../../../../../../../../../topics/items/topic[4]"/><context reference="../../../../../../../../../../../../../../contexts/items/context[8]"/><state class="actionStateScheduled"><date>2012-03-08 20:00:00.0 CST</date><durationHours>0</durationHours><durationMinutes>0</durationMinutes><created>2012-03-07 09:59:45.901 CST</created></state><notes></notes><done>true</done><doneDate>2012-03-08 00:00:00.0 CST</doneDate><success>思维导向图</success><modified>2012-03-08 23:21:56.514 CST</modified></action><action><id>11498</id><created>2012-03-08 23:21:56.514 CST</created><parent reference="../../.."/><description>Learn the ruby-meta programming book every day</description><topic reference="../../../../../../../../../../../../../../topics/items/topic[4]"/><context reference="../../../../../../../../../../../../../../contexts/items/context[8]"/><state class="actionStateScheduled"><date>2012-03-09 20:00:00.0 CST</date><durationHours>0</durationHours><durationMinutes>0</durationMinutes><created>2012-03-08 23:21:56.514 CST</created></state><notes></notes><done>true</done><doneDate>2012-03-10 13:56:48.704 CST</doneDate><success>思维导向图</success><modified>2012-03-10 13:56:48.704 CST</modified></action><action><id>11519</id><created>2012-03-10 13:56:48.704 CST</created><parent reference="../../.."/><description>Learn the ruby-meta programming book every day</description><topic reference="../../../../../../../../../../../../../../topics/items/topic[4]"/><context reference="../../../../../../../../../../../../../../contexts/items/context[8]"/><state class="actionStateScheduled"><date>2012-03-11 20:00:00.0 CST</date><durationHours>0</durationHours><durationMinutes>0</durationMinutes><created>2012-03-10 13:56:48.704 CST</created></state><notes></notes><done>true</done><doneDate>2012-03-11 22:24:37.884 CST</doneDate><success>思维导向图</success><modified>2012-03-11 22:24:37.887 CST</modified></action><action><id>11530</id><created>2012-03-11 22:24:37.885 CST</created><parent reference="../../.."/><description>Learn the ruby-meta programming book every day</description><topic reference="../../../../../../../../../../../../../../topics/items/topic[4]"/><context reference="../../../../../../../../../../../../../../contexts/items/context[8]"/><state class="actionStateScheduled"><date>2012-03-12 20:00:00.0 CST</date><durationHours>0</durationHours><durationMinutes>0</durationMinutes><created>2012-03-11 22:24:37.886 CST</created></state><notes></notes><done>true</done><doneDate>2012-03-13 00:00:00.0 CST</doneDate><success>思维导向图</success><modified>2012-03-13 09:38:57.71 CST</modified></action><action><id>11747</id><created>2012-03-13 09:38:57.71 CST</created><parent reference="../../.."/><description>Learn the ruby-meta programming book every day</description><topic reference="../../../../../../../../../../../../../../topics/items/topic[4]"/><context reference="../../../../../../../../../../../../../../contexts/items/context[8]"/><state class="actionStateScheduled"><date>2012-03-14 20:00:00.0 CST</date><durationHours>0</durationHours><durationMinutes>0</durationMinutes><created>2012-03-13 09:38:57.71 CST</created></state><notes></notes><done>true</done><doneDate>2012-03-15 00:00:00.0 CST</doneDate><success>思维导向图</success><modified>2012-03-15 08:21:55.111 CST</modified></action><action><id>11777</id><created>2012-03-15 08:21:55.109 CST</created><parent reference="../../.."/><description>Learn the ruby-meta programming book every day</description><topic reference="../../../../../../../../../../../../../../topics/items/topic[4]"/><context reference="../../../../../../../../../../../../../../contexts/items/context[8]"/><state class="actionStateScheduled"><date>2012-03-16 20:00:00.0 CST</date><durationHours>0</durationHours><durationMinutes>0</durationMinutes><created>2012-03-15 08:21:55.109 CST</created></state><notes></notes><done>true</done><doneDate>2012-03-17 11:39:55.192 CST</doneDate><success>思维导向图</success><modified>2012-03-17 11:39:55.193 CST</modified></action><action><id>11868</id><created>2012-03-17 11:39:55.192 CST</created><parent reference="../../.."/><description>Learn the ruby-meta programming book every day</description><topic reference="../../../../../../../../../../../../../../topics/items/topic[4]"/><context reference="../../../../../../../../../../../../../../contexts/items/context[8]"/><state class="actionStateScheduled"><date>2012-03-18 20:00:00.0 CST</date><durationHours>0</durationHours><durationMinutes>0</durationMinutes><created>2012-03-17 11:39:55.193 CST</created></state><notes></notes><done>true</done><doneDate>2012-03-19 00:00:00.0 CST</doneDate><success>思维导向图</success><modified>2012-03-19 08:30:30.247 CST</modified></action><action><id>11900</id><created>2012-03-19 08:30:30.245 CST</created><parent reference="../../.."/><description>Learn the ruby-meta programming book every day</description><topic reference="../../../../../../../../../../../../../../topics/items/topic[4]"/><context reference="../../../../../../../../../../../../../../contexts/items/context[8]"/><state class="actionStateScheduled"><date>2012-03-20 20:00:00.0 CST</date><durationHours>0</durationHours><durationMinutes>0</durationMinutes><created>2012-03-19 08:30:30.245 CST</created></state><notes></notes><done>true</done><doneDate>2012-03-20 21:25:25.191 CST</doneDate><success>思维导向图</success><modified>2012-03-20 21:25:25.193 CST</modified></action><action><id>11956</id><created>2012-03-20 21:25:25.191 CST</created><parent reference="../../.."/><description>Learn the ruby-meta programming book every day</description><topic reference="../../../../../../../../../../../../../../topics/items/topic[4]"/><context reference="../../../../../../../../../../../../../../contexts/items/context[8]"/><state class="actionStateScheduled"><date>2012-03-21 20:00:00.0 CST</date><durationHours>0</durationHours><durationMinutes>0</durationMinutes><created>2012-03-20 21:25:25.191 CST</created></state><notes></notes><done>true</done><doneDate>2012-03-21 00:00:00.0 CST</doneDate><success>思维导向图</success><modified>2012-03-21 20:36:43.633 CST</modified></action><action><id>11987</id><created>2012-03-21 20:36:43.631 CST</created><parent reference="../../.."/><description>Learn the ruby-meta programming book every day</description><topic reference="../../../../../../../../../../../../../../topics/items/topic[4]"/><context reference="../../../../../../../../../../../../../../contexts/items/context[8]"/><state class="actionStateScheduled"><date>2012-03-22 20:00:00.0 CST</date><durationHours>0</durationHours><durationMinutes>0</durationMinutes><created>2012-03-21 20:36:43.631 CST</created></state><notes></notes><done>true</done><doneDate>2012-03-23 00:00:00.0 CST</doneDate><success>思维导向图</success><modified>2012-03-23 06:08:04.90 CST</modified></action><action><id>12076</id><created>2012-03-23 06:08:04.88 CST</created><parent reference="../../.."/><description>Learn the ruby-meta programming book every day</description><topic reference="../../../../../../../../../../../../../../topics/items/topic[4]"/><context reference="../../../../../../../../../../../../../../contexts/items/context[8]"/><state class="actionStateScheduled"><date>2012-03-24 20:00:00.0 CST</date><durationHours>0</durationHours><durationMinutes>0</durationMinutes><created>2012-03-23 06:08:04.88 CST</created></state><notes></notes><done>true</done><doneDate>2012-03-25 00:00:00.0 CST</doneDate><success>思维导向图</success><modified>2012-03-25 09:05:20.203 CST</modified></action><action><id>12110</id><created>2012-03-24 11:10:15.925 CST</created><parent reference="../../.."/><description>Learn the ruby-meta programming book every day</description><topic reference="../../../../../../../../../../../../../../topics/items/topic[4]"/><context reference="../../../../../../../../../../../../../../contexts/items/context[8]"/><state class="actionStateScheduled"><date>2012-03-25 20:00:00.0 CST</date><durationHours>0</durationHours><durationMinutes>0</durationMinutes><created>2012-03-24 11:10:15.925 CST</created></state><notes></notes><done>true</done><doneDate>2012-03-26 06:59:20.944 CST</doneDate><success>思维导向图</success><modified>2012-03-26 06:59:20.945 CST</modified></action><action><id>11862</id><created>2012-03-16 13:36:01.574 CST</created><thought><created>2012-04-01 11:07:51.871 CST</created><description>ruby 元编程文章</description><topic reference="../../../../../../../../../../../../../../../topics/items/topic[4]"/><processed>true</processed><action reference="../.."/><id>12344</id></thought><parent reference="../../.."/><description>ruby 元编程文章</description><topic reference="../../../../../../../../../../../../../../topics/items/topic[4]"/><context reference="../../../../../../../../../../../../../../contexts/items/context[4]"/><state class="actionStateASAP"><created>2012-04-01 11:08:09.328 CST</created></state><notes>evernote</notes><done>true</done><doneDate>2012-04-06 00:00:00.0 CST</doneDate><success></success><modified>2012-04-06 15:41:32.32 CST</modified></action></children><topic reference="../../../../../../../../../../../../topics/items/topic[4]"/><description>学习ruby meta-programmng</description><purpose></purpose><success></success><brainstorming></brainstorming><organising></organising><done>false</done><sequence>false</sequence><sequencing reference="../../project/sequencing"/><notes></notes><modified>2012-04-01 11:08:09.328 CST</modified></project><project><id>10826</id><created>2012-02-20 16:27:23.163 CST</created><thought><created>2012-02-20 15:45:45.751 CST</created><description>Learn atmos</description><topic><name>None</name><description>No topic.</description><color><red>0</red><green>0</green><blue>0</blue><alpha>255</alpha></color><background><red>255</red><green>255</green><blue>255</blue><alpha>255</alpha></background><id>8</id></topic><processed>true</processed><notes>[http://\\cigdogfood.lss.emc.com\share\AtmosTraining\CIG Sustaining Training 201103|atmos material]</notes><id>211</id></thought><parent class="projects" reference="../../.."/><children><action><id>10825</id><created>2012-02-20 16:26:55.464 CST</created><thought><created>2012-03-12 09:52:15.102 CST</created><description>Learn atmos</description><topic><name>None</name><description>No topic.</description><color><red>0</red><green>0</green><blue>0</blue><alpha>255</alpha></color><background><red>255</red><green>255</green><blue>255</blue><alpha>255</alpha></background><id>8</id></topic><processed>true</processed><action reference="../.."/><id>11546</id></thought><parent reference="../../.."/><description>Learn atmos</description><topic reference="../../../thought/topic"/><context reference="../../../../../../../../../../../../../../contexts/items/context[5]"/><state class="actionStateInactive"><created>2012-03-12 09:52:24.425 CST</created></state><notes>[http://\\cigdogfood.lss.emc.com\share\AtmosTraining\CIG Sustaining Training 201103|atmos material]</notes><done>false</done><priority reference="../../../../project[3]/children/action/priority"/><success>Know detail about atmos</success><modified>2012-03-12 09:52:24.425 CST</modified></action></children><topic reference="../../../../../../../../../../../../topics/items/topic[3]"/><description>Learn atmos</description><purpose></purpose><success>Know detail about atmos</success><brainstorming></brainstorming><organising></organising><done>false</done><sequence>false</sequence><sequencing reference="../../project/sequencing"/><notes>[http://\\cigdogfood.lss.emc.com\share\AtmosTraining\CIG Sustaining Training 201103|atmos material]</notes><modified>2012-03-12 09:52:24.425 CST</modified></project><project><id>10930</id><created>2012-02-22 10:57:40.908 CST</created><thought><created>2012-02-20 15:48:35.196 CST</created><description>安排计划定期访问ruby&amp;rails论坛</description><topic reference="../../../project[8]/thought/topic"/><processed>true</processed><id>215</id></thought><parent class="projects" reference="../../.."/><children><action><id>10931</id><created>2012-02-22 10:57:48.334 CST</created><parent reference="../../.."/><description>find valuable ruby&amp;rails bbs</description><topic reference="../../../../../../../../../../../../../../topics/items/topic[4]"/><context><name>None</name><description>No context.</description><id>9</id></context><state class="actionStateASAP"><created>2012-02-22 10:57:48.334 CST</created></state><notes>http://www.ruby-lang.org.cn
http://www.iteye.com/login
http://ruby-china.org

http://www.ruby-forum.com/

subscirbe mailing lists from ruby-talk and ruby-doc in http://www.ruby-lang.org/en/community/mailing-lists/</notes><done>true</done><doneDate>2012-02-22 00:00:00.0 CST</doneDate><time reference="../../../../project/children/action/time"/><priority reference="../../../../project[3]/children/action/priority"/><modified>2012-02-22 14:40:13.457 CST</modified></action><action><id>10935</id><created>2012-02-22 11:04:10.129 CST</created><parent reference="../../.."/><description>Quickly check the bbs content</description><topic reference="../../../../../../../../../../../../../../topics/items/topic[4]"/><context reference="../../action/context"/><state class="actionStateASAP"><created>2012-02-22 11:04:10.129 CST</created></state><notes></notes><done>true</done><doneDate>2012-02-22 00:00:00.0 CST</doneDate><time reference="../../../../project[5]/children/project/children/project[2]/children/project/children/action/time"/><priority reference="../../../../project[3]/children/action/priority"/><modified>2012-02-22 15:31:46.882 CST</modified></action><action><id>10936</id><created>2012-02-22 11:04:54.885 CST</created><parent reference="../../.."/><description>Setup a plan to check bbs </description><topic reference="../../../../../../../../../../../../../../topics/items/topic[4]"/><context reference="../../action/context"/><state class="actionStateASAP"><created>2012-02-22 11:04:54.885 CST</created></state><notes>20 min
Check ruby-china,org daily
Check mail list from ruby-talk and ruby-doc daily
Check www.iteye.com daily
</notes><done>true</done><doneDate>2012-02-22 00:00:00.0 CST</doneDate><time reference="../../../../project/children/action/time"/><priority reference="../../../../project[3]/children/action/priority"/><modified>2012-02-22 15:41:58.104 CST</modified></action></children><topic reference="../../../../../../../../../../../../topics/items/topic[4]"/><description>安排计划定期访问ruby&amp;rails论坛</description><purpose></purpose><success></success><brainstorming></brainstorming><organising></organising><done>true</done><doneDate>2012-03-12 09:52:47.273 CST</doneDate><sequence>false</sequence><sequencing reference="../../project/sequencing"/><notes></notes><priority reference="../../project[3]/children/action/priority"/><modified>2012-03-12 09:52:47.273 CST</modified></project><project><id>11117</id><created>2012-02-23 19:24:32.420 CST</created><thought><created>2012-02-23 19:23:50.236 CST</created><description>Set a plan to learn jishuliu CD</description><topic reference="../../../../../../../../../../../../../topics/items/topic[5]"/><processed>true</processed><id>11114</id></thought><parent class="projects" reference="../../.."/><children/><topic reference="../../../../../../../../../../../../topics/items/topic[5]"/><description>Set a plan to learn jishuliu CD</description><purpose></purpose><success></success><brainstorming></brainstorming><organising></organising><done>true</done><doneDate>2012-03-05 18:33:06.348 CST</doneDate><sequence>true</sequence><sequencing reference="../../project/sequencing"/><notes></notes><modified>2012-03-05 18:33:06.348 CST</modified></project><project><id>10929</id><created>2012-02-22 10:56:53.0 CST</created><thought><created>2012-02-20 15:41:09.105 CST</created><description>学习邹鑫blog 所有文章</description><topic reference="../../../project[8]/thought/topic"/><processed>true</processed><id>207</id></thought><parent class="projects" reference="../../.."/><children><action><id>10819</id><created>2012-02-20 16:24:17.748 CST</created><thought reference="../../../thought"/><parent reference="../../.."/><description>学习邹鑫blog 所有文章</description><topic reference="../../../../../../../../../../../../../../topics/items/topic[4]"/><context reference="../../../../../../../../../../../../../../contexts/items/context[4]"/><state class="actionStateInactive"><created>2012-02-22 10:57:12.126 CST</created></state><notes></notes><done>false</done><priority reference="../../../../project[3]/children/action/priority"/><success>Know the detail about GTD</success><modified>2012-02-22 10:57:12.126 CST</modified></action></children><topic reference="../../../../../../../../../../../../topics/items/topic[4]"/><description>学习邹鑫blog 所有文章</description><purpose></purpose><success></success><brainstorming></brainstorming><organising></organising><done>false</done><sequence>false</sequence><sequencing reference="../../project/sequencing"/><notes></notes><priority reference="../../project[3]/children/action/priority"/><modified>2012-02-22 10:56:53.16 CST</modified></project><project><id>11065</id><created>2012-02-23 11:25:30.329 CST</created><thought><created>2012-02-23 11:23:49.83 CST</created><description>阅读GTD相关书籍</description><topic reference="../../../../../../../../../../../../../topics/items/topic[4]"/><processed>true</processed><id>11060</id></thought><parent class="projects" reference="../../.."/><children><action><id>11064</id><created>2012-02-23 11:24:34.629 CST</created><thought reference="../../../thought"/><parent reference="../../.."/><description> 阅读尽管去做(Get thing done)</description><topic reference="../../../../../../../../../../../../../../topics/items/topic[4]"/><context reference="../../../../../../../../../../../../../../contexts/items/context[5]"/><state class="actionStateScheduled"><date>2012-02-28 00:00:00.0 CST</date><durationHours>0</durationHours><durationMinutes>0</durationMinutes><created>2012-02-23 11:25:30.329 CST</created></state><notes></notes><done>true</done><doneDate>2012-02-29 00:00:00.0 CST</doneDate><success></success><modified>2012-02-29 10:24:18.184 CST</modified></action></children><topic reference="../../../../../../../../../../../../topics/items/topic[4]"/><description>阅读GTD相关书籍</description><purpose></purpose><success></success><brainstorming></brainstorming><organising></organising><done>false</done><sequence>true</sequence><sequencing reference="../../project/sequencing"/><notes></notes><modified>2012-02-23 11:25:30.330 CST</modified></project><project><id>11229</id><created>2012-02-28 17:56:04.736 CST</created><thought><created>2012-02-28 12:01:32.475 CST</created><description>学习css3</description><topic reference="../../../../../../../../../../../../../topics/items/topic[4]"/><processed>true</processed><id>11212</id></thought><parent class="projects" reference="../../.."/><children><action><id>11228</id><created>2012-02-28 17:54:33.928 CST</created><thought reference="../../../thought"/><parent reference="../../.."/><description>了解css3</description><topic reference="../../../../../../../../../../../../../../topics/items/topic[4]"/><context reference="../../../../../../../../../../../../../../contexts/items/context[4]"/><state class="actionStateASAP"><created>2012-04-22 20:54:37.572 CST</created></state><notes></notes><done>true</done><doneDate>2012-05-10 00:00:00.0 CST</doneDate><success>掌握css3常用概念，常用设置</success><modified>2012-05-10 19:58:56.889 CST</modified></action></children><topic reference="../../../../../../../../../../../../topics/items/topic[4]"/><description>学习css3</description><purpose></purpose><success>掌握css3常用概念，常用设置</success><brainstorming></brainstorming><organising></organising><done>false</done><sequence>true</sequence><sequencing reference="../../project/sequencing"/><notes></notes><modified>2012-02-28 17:56:04.736 CST</modified></project><project><id>11281</id><created>2012-02-29 17:35:25.182 CST</created><thought><created>2012-02-28 18:14:22.758 CST</created><description>learn rake to process task</description><topic reference="../../../../../../../../../../../../../topics/items/topic[4]"/><processed>true</processed><id>11241</id></thought><parent class="projects" reference="../../.."/><children><action><id>11251</id><created>2012-02-29 12:30:44.980 CST</created><thought reference="../../../thought"/><parent reference="../../.."/><description>learn rake basic usage and draw 思维导向图</description><topic reference="../../../../../../../../../../../../../../topics/items/topic[4]"/><context reference="../../../../../../../../../../../../../../contexts/items/context[3]"/><state class="actionStateInactive"><created>2012-03-05 15:48:22.249 CST</created></state><notes>http://rake.rubyforge.org/
http://onestepback.org/articles/buildingwithrake/

rake -T list all the commands can be used with the rakefile</notes><done>true</done><doneDate>2012-04-01 00:00:00.0 CST</doneDate><time><id>109</id><name>2 hrs</name></time><success>Use rake to re-write install_sles_dev.sh</success><modified>2012-04-01 10:59:44.667 CST</modified></action></children><topic reference="../../../../../../../../../../../../topics/items/topic[4]"/><description>learn rake to process task</description><purpose></purpose><success></success><brainstorming></brainstorming><organising></organising><done>true</done><doneDate>2012-04-01 11:12:06.274 CST</doneDate><sequence>true</sequence><sequencing reference="../../project/sequencing"/><notes></notes><modified>2012-04-01 11:12:06.274 CST</modified></project><project><id>11233</id><created>2012-02-28 17:56:45.733 CST</created><thought><created>2012-02-28 13:29:19.723 CST</created><description>写一个firefox扩展</description><topic reference="../../../../../../../../../../../../../topics/items/topic[4]"/><processed>true</processed><id>11218</id></thought><parent class="projects" reference="../../.."/><children><action><id>11232</id><created>2012-02-28 17:56:18.548 CST</created><thought reference="../../../thought"/><parent reference="../../.."/><description>写一个firefox扩展</description><topic reference="../../../../../../../../../../../../../../topics/items/topic[4]"/><context reference="../../../../../../../../../../../../../../contexts/items/context[4]"/><state class="actionStateInactive"><created>2012-02-28 17:56:45.733 CST</created></state><notes></notes><done>false</done><success>public a firefox </success><modified>2012-02-28 17:56:45.734 CST</modified></action></children><topic reference="../../../../../../../../../../../../topics/items/topic[4]"/><description>写一个firefox扩展</description><purpose></purpose><success>public a firefox </success><brainstorming></brainstorming><organising></organising><done>false</done><sequence>true</sequence><sequencing reference="../../project/sequencing"/><notes></notes><modified>2012-02-28 17:56:45.734 CST</modified></project><project><id>11331</id><created>2012-03-02 09:48:22.934 CST</created><thought><created>2012-03-01 11:52:07.842 CST</created><description>架设自己的blog</description><topic reference="../../../../../../../../../../../../../topics/items/topic[4]"/><processed>true</processed><notes>octopress 工具</notes><id>11306</id></thought><parent class="projects" reference="../../.."/><children><action><id>11330</id><created>2012-03-02 09:46:40.421 CST</created><thought reference="../../../thought"/><parent reference="../../.."/><description>架设自己的blog</description><topic reference="../../../../../../../../../../../../../../topics/items/topic[4]"/><context reference="../../../../../../../../../../../../../../contexts/items/context[4]"/><state class="actionStateInactive"><created>2012-03-05 18:32:39.938 CST</created></state><notes>octopress 工具</notes><done>false</done><success>A public blog </success><modified>2012-03-05 18:32:39.938 CST</modified></action></children><topic reference="../../../../../../../../../../../../topics/items/topic[4]"/><description>架设自己的blog</description><purpose></purpose><success>A public blog </success><brainstorming></brainstorming><organising></organising><done>false</done><sequence>true</sequence><sequencing reference="../../project/sequencing"/><notes>octopress 工具</notes><modified>2012-03-02 09:48:22.934 CST</modified></project><project><id>12133</id><created>2012-03-26 09:58:30.436 CST</created><thought><created>2012-03-26 07:04:41.220 CST</created><description>考虑卖房可能性</description><topic reference="../../../../../../../../../../../../../topics/items/topic[2]"/><processed>true</processed><id>12126</id></thought><parent class="projects" reference="../../.."/><children><action><id>12132</id><created>2012-03-26 09:57:16.730 CST</created><thought reference="../../../thought"/><parent reference="../../.."/><description>网上收集房价走势消息</description><topic reference="../../../../../../../../../../../../../../topics/items/topic[2]"/><context reference="../../../../../../../../../../../../../../contexts/items/context[2]"/><state class="actionStateInactive"><created>2012-05-10 19:57:42.132 CST</created></state><notes></notes><done>false</done><success></success><modified>2012-05-10 19:57:42.132 CST</modified></action></children><topic reference="../../../../../../../../../../../../topics/items/topic[2]"/><description>考虑卖房可能性</description><purpose></purpose><success>决定卖还是不卖，如果卖，指定计划</success><brainstorming></brainstorming><organising></organising><done>false</done><sequence>true</sequence><sequencing reference="../../project/sequencing"/><notes></notes><modified>2012-04-02 08:44:34.455 CST</modified></project><project><id>12148</id><created>2012-03-26 19:23:15.651 CST</created><thought><created>2012-03-22 21:31:16.907 CST</created><description>制定每天必须查看股票的项目</description><topic reference="../../../../../../../../../../../../../topics/items/topic[5]"/><processed>true</processed><id>12073</id></thought><parent class="projects" reference="../../.."/><children><action><id>12149</id><created>2012-03-26 19:24:10.249 CST</created><parent reference="../../.."/><description>技术流博客</description><topic reference="../../../../../../../../../../../../../../topics/items/topic[5]"/><context reference="../../../../../../../../../../../../../../contexts/items/context[2]"/><state class="actionStateScheduled"><date>2012-03-26 00:00:00.0 CST</date><durationHours>0</durationHours><durationMinutes>0</durationMinutes><created>2012-03-26 19:33:52.472 CST</created></state><notes>http://blog.sina.com.cn/s/blog_624512980101331o.html</notes><done>true</done><doneDate>2012-03-26 00:00:00.0 CST</doneDate><priority reference="../../../../project[3]/children/action/priority"/><modified>2012-03-26 22:10:09.599 CST</modified></action><action><id>12150</id><created>2012-03-26 19:24:19.472 CST</created><parent reference="../../.."/><description>了解QQ群聊天记录</description><topic reference="../../../../../../../../../../../../../../topics/items/topic[5]"/><context reference="../../../../../../../../../../../../../../contexts/items/context[2]"/><state class="actionStateScheduled"><date>2012-03-27 00:00:00.0 CST</date><durationHours>0</durationHours><durationMinutes>0</durationMinutes><created>2012-03-26 19:35:48.282 CST</created></state><notes></notes><done>true</done><doneDate>2012-03-27 00:00:00.0 CST</doneDate><priority reference="../../../../project[3]/children/action/priority"/><modified>2012-03-27 21:30:32.298 CST</modified></action><action><id>12151</id><created>2012-03-26 19:26:49.266 CST</created><parent reference="../../.."/><description>期指持仓情况</description><topic reference="../../../../../../../../../../../../../../topics/items/topic[5]"/><context reference="../../../../../../../../../../../../../../contexts/items/context[2]"/><state class="actionStateScheduled"><date>2012-03-26 00:00:00.0 CST</date><durationHours>0</durationHours><durationMinutes>0</durationMinutes><created>2012-03-26 19:39:29.257 CST</created></state><notes>http://vip.stock.finance.sina.com.cn/q/view/vCffex_Positions_cjcc.php</notes><done>true</done><doneDate>2012-03-26 00:00:00.0 CST</doneDate><priority reference="../../../../project[3]/children/action/priority"/><modified>2012-03-26 22:10:46.178 CST</modified></action><action><id>12152</id><created>2012-03-26 19:27:51.927 CST</created><parent reference="../../.."/><description>开盘前查看东方财富网新闻</description><topic reference="../../../../../../../../../../../../../../topics/items/topic[5]"/><context reference="../../../../../../../../../../../../../../contexts/items/context[2]"/><state class="actionStateScheduled"><date>2012-03-27 06:00:00.0 CST</date><durationHours>0</durationHours><durationMinutes>0</durationMinutes><created>2012-03-26 19:40:20.537 CST</created></state><notes>http://www.eastmoney.com/</notes><done>true</done><doneDate>2012-03-27 00:00:00.0 CST</doneDate><priority reference="../../../../project[3]/children/action/priority"/><success>知道每天影响股市的重大新闻</success><modified>2012-03-27 10:02:23.100 CST</modified></action><action><id>12153</id><created>2012-03-26 19:29:58.453 CST</created><parent reference="../../.."/><description>每天查看相关大盘，关注股票走势</description><topic reference="../../../../../../../../../../../../../../topics/items/topic[5]"/><context reference="../../../../../../../../../../../../../../contexts/items/context[4]"/><state class="actionStateScheduled"><date>2012-03-26 00:00:00.0 CST</date><durationHours>0</durationHours><durationMinutes>0</durationMinutes><created>2012-03-26 19:41:43.213 CST</created></state><notes>上证指数
中小板指数
创业板指数
关注的股票</notes><done>true</done><doneDate>2012-03-26 00:00:00.0 CST</doneDate><priority reference="../../../../project[3]/children/action/priority"/><success>价位，成交量情况</success><modified>2012-03-26 22:28:01.387 CST</modified></action><action><id>12156</id><created>2012-03-26 19:35:27.787 CST</created><parent reference="../../.."/><description>技术流博客</description><topic reference="../../../../../../../../../../../../../../topics/items/topic[5]"/><context reference="../../../../../../../../../../../../../../contexts/items/context[4]"/><state class="actionStateScheduled"><date>2012-03-27 00:00:00.0 CST</date><durationHours>0</durationHours><durationMinutes>0</durationMinutes><created>2012-03-26 19:35:27.787 CST</created></state><notes>http://blog.sina.com.cn/s/blog_624512980101331o.html</notes><done>true</done><doneDate>2012-03-27 00:00:00.0 CST</doneDate><priority reference="../../../../project[3]/children/action/priority"/><success>知道技术流当天对走势的看法</success><modified>2012-03-27 22:12:20.392 CST</modified></action><action><id>12157</id><created>2012-03-26 19:36:21.981 CST</created><parent reference="../../.."/><description>QQ挂机接受群消息</description><topic reference="../../../../../../../../../../../../../../topics/items/topic[5]"/><context reference="../../../../../../../../../../../../../../contexts/items/context[2]"/><state class="actionStateScheduled"><date>2012-03-26 21:00:00.0 CST</date><durationHours>0</durationHours><durationMinutes>0</durationMinutes><created>2012-03-26 19:36:46.525 CST</created></state><notes></notes><done>true</done><doneDate>2012-03-26 22:28:04.113 CST</doneDate><priority reference="../../../../project[3]/children/action/priority"/><success></success><modified>2012-03-26 22:28:50.167 CST</modified></action><action><id>12159</id><created>2012-03-26 19:39:07.406 CST</created><parent reference="../../.."/><description>QQ挂机接收群消息</description><topic reference="../../../../../../../../../../../../../../topics/items/topic[5]"/><context reference="../../../../../../../../../../../../../../contexts/items/context[2]"/><state class="actionStateScheduled"><date>2012-03-27 21:30:00.0 CST</date><durationHours>0</durationHours><durationMinutes>0</durationMinutes><created>2012-03-26 19:39:07.406 CST</created></state><notes>电脑21：30-24:00点保持QQ在线，</notes><done>true</done><doneDate>2012-03-27 22:14:11.336 CST</doneDate><priority reference="../../../../project[3]/children/action/priority"/><success></success><modified>2012-03-27 22:14:11.336 CST</modified></action><action><id>12160</id><created>2012-03-26 19:39:07.407 CST</created><parent reference="../../.."/><description>QQ挂机接收群消息</description><topic reference="../../../../../../../../../../../../../../topics/items/topic[5]"/><context reference="../../../../../../../../../../../../../../contexts/items/context[2]"/><state class="actionStateScheduled"><date>2012-03-28 21:30:00.0 CST</date><durationHours>0</durationHours><durationMinutes>0</durationMinutes><created>2012-03-26 19:39:07.408 CST</created></state><notes>电脑21：30-24:00点保持QQ在线，</notes><done>true</done><doneDate>2012-03-29 06:50:38.688 CST</doneDate><priority reference="../../../../project[3]/children/action/priority"/><success></success><modified>2012-03-29 06:50:38.688 CST</modified></action><action><id>12161</id><created>2012-03-26 19:39:07.411 CST</created><parent reference="../../.."/><description>QQ挂机接收群消息</description><topic reference="../../../../../../../../../../../../../../topics/items/topic[5]"/><context reference="../../../../../../../../../../../../../../contexts/items/context[2]"/><state class="actionStateScheduled"><date>2012-03-29 21:30:00.0 CST</date><durationHours>0</durationHours><durationMinutes>0</durationMinutes><created>2012-03-26 19:39:07.412 CST</created></state><notes>电脑21：30-24:00点保持QQ在线，</notes><done>true</done><doneDate>2012-03-29 00:00:00.0 CST</doneDate><priority reference="../../../../project[3]/children/action/priority"/><success></success><modified>2012-03-29 21:33:43.36 CST</modified></action><action><id>12165</id><created>2012-03-26 19:39:07.432 CST</created><parent reference="../../.."/><description>QQ挂机接收群消息</description><topic reference="../../../../../../../../../../../../../../topics/items/topic[5]"/><context reference="../../../../../../../../../../../../../../contexts/items/context[2]"/><state class="actionStateScheduled"><date>2012-04-04 21:30:00.0 CST</date><durationHours>0</durationHours><durationMinutes>0</durationMinutes><created>2012-03-26 19:39:07.432 CST</created></state><notes>电脑21：30-24:00点保持QQ在线，</notes><done>true</done><doneDate>2012-04-04 22:21:54.640 CST</doneDate><priority reference="../../../../project[3]/children/action/priority"/><success></success><modified>2012-04-04 22:21:54.640 CST</modified></action><action><id>12166</id><created>2012-03-26 19:39:07.456 CST</created><parent reference="../../.."/><description>QQ挂机接收群消息</description><topic reference="../../../../../../../../../../../../../../topics/items/topic[5]"/><context reference="../../../../../../../../../../../../../../contexts/items/context[2]"/><state class="actionStateScheduled"><date>2012-04-05 21:30:00.0 CST</date><durationHours>0</durationHours><durationMinutes>0</durationMinutes><created>2012-03-26 19:39:07.456 CST</created></state><notes>电脑21：30-24:00点保持QQ在线，</notes><done>true</done><doneDate>2012-04-06 08:09:28.910 CST</doneDate><priority reference="../../../../project[3]/children/action/priority"/><success></success><modified>2012-04-06 08:09:28.910 CST</modified></action><action><id>12168</id><created>2012-03-26 19:40:00.856 CST</created><parent reference="../../.."/><description>期指持仓情况</description><topic reference="../../../../../../../../../../../../../../topics/items/topic[5]"/><context reference="../../../../../../../../../../../../../../contexts/items/context[2]"/><state class="actionStateScheduled"><date>2012-03-27 00:00:00.0 CST</date><durationHours>0</durationHours><durationMinutes>0</durationMinutes><created>2012-03-26 19:40:00.856 CST</created></state><notes>http://vip.stock.finance.sina.com.cn/q/view/vCffex_Positions_cjcc.php</notes><done>true</done><doneDate>2012-03-27 00:00:00.0 CST</doneDate><priority reference="../../../../project[3]/children/action/priority"/><success></success><modified>2012-03-27 21:31:35.591 CST</modified></action><action><id>12169</id><created>2012-03-26 19:40:00.857 CST</created><parent reference="../../.."/><description>期指持仓情况</description><topic reference="../../../../../../../../../../../../../../topics/items/topic[5]"/><context reference="../../../../../../../../../../../../../../contexts/items/context[2]"/><state class="actionStateScheduled"><date>2012-03-28 00:00:00.0 CST</date><durationHours>0</durationHours><durationMinutes>0</durationMinutes><created>2012-03-26 19:40:00.857 CST</created></state><notes>http://vip.stock.finance.sina.com.cn/q/view/vCffex_Positions_cjcc.php</notes><done>true</done><doneDate>2012-03-28 00:00:00.0 CST</doneDate><priority reference="../../../../project[3]/children/action/priority"/><success></success><modified>2012-03-28 06:52:04.868 CST</modified></action><action><id>12170</id><created>2012-03-26 19:40:00.857 CST</created><parent reference="../../.."/><description>期指持仓情况</description><topic reference="../../../../../../../../../../../../../../topics/items/topic[5]"/><context reference="../../../../../../../../../../../../../../contexts/items/context[2]"/><state class="actionStateScheduled"><date>2012-03-29 00:00:00.0 CST</date><durationHours>0</durationHours><durationMinutes>0</durationMinutes><created>2012-03-26 19:40:00.857 CST</created></state><notes>http://vip.stock.finance.sina.com.cn/q/view/vCffex_Positions_cjcc.php</notes><done>true</done><doneDate>2012-03-28 00:00:00.0 CST</doneDate><priority reference="../../../../project[3]/children/action/priority"/><success></success><modified>2012-03-28 21:45:44.730 CST</modified></action><action><id>12173</id><created>2012-03-26 19:40:00.859 CST</created><parent reference="../../.."/><description>期指持仓情况</description><topic reference="../../../../../../../../../../../../../../topics/items/topic[5]"/><context reference="../../../../../../../../../../../../../../contexts/items/context[2]"/><state class="actionStateScheduled"><date>2012-04-01 00:00:00.0 CST</date><durationHours>0</durationHours><durationMinutes>0</durationMinutes><created>2012-03-26 19:40:00.859 CST</created></state><notes>http://vip.stock.finance.sina.com.cn/q/view/vCffex_Positions_cjcc.php</notes><done>true</done><doneDate>2012-04-01 00:00:00.0 CST</doneDate><priority reference="../../../../project[3]/children/action/priority"/><success></success><modified>2012-04-01 10:11:13.248 CST</modified></action><action><id>12174</id><created>2012-03-26 19:40:00.859 CST</created><parent reference="../../.."/><description>期指持仓情况</description><topic reference="../../../../../../../../../../../../../../topics/items/topic[5]"/><context reference="../../../../../../../../../../../../../../contexts/items/context[2]"/><state class="actionStateScheduled"><date>2012-04-04 00:00:00.0 CST</date><durationHours>0</durationHours><durationMinutes>0</durationMinutes><created>2012-03-26 19:40:00.860 CST</created></state><notes>http://vip.stock.finance.sina.com.cn/q/view/vCffex_Positions_cjcc.php</notes><done>true</done><doneDate>2012-04-04 00:00:00.0 CST</doneDate><priority reference="../../../../project[3]/children/action/priority"/><success></success><modified>2012-04-04 22:18:01.729 CST</modified></action><action><id>12175</id><created>2012-03-26 19:40:00.860 CST</created><parent reference="../../.."/><description>期指持仓情况</description><topic reference="../../../../../../../../../../../../../../topics/items/topic[5]"/><context reference="../../../../../../../../../../../../../../contexts/items/context[2]"/><state class="actionStateScheduled"><date>2012-04-05 00:00:00.0 CST</date><durationHours>0</durationHours><durationMinutes>0</durationMinutes><created>2012-03-26 19:40:00.860 CST</created></state><notes>http://vip.stock.finance.sina.com.cn/q/view/vCffex_Positions_cjcc.php</notes><done>true</done><doneDate>2012-04-05 00:00:00.0 CST</doneDate><priority reference="../../../../project[3]/children/action/priority"/><success></success><modified>2012-04-05 08:29:58.599 CST</modified></action><action><id>12184</id><created>2012-03-26 19:42:07.993 CST</created><parent reference="../../.."/><description>每天查看相关大盘，关注股票走势</description><topic reference="../../../../../../../../../../../../../../topics/items/topic[5]"/><context reference="../../../../../../../../../../../../../../contexts/items/context[4]"/><state class="actionStateScheduled"><date>2012-03-27 21:00:00.0 CST</date><durationHours>0</durationHours><durationMinutes>0</durationMinutes><created>2012-03-26 19:42:07.993 CST</created></state><notes>上证指数
中小板指数
创业板指数
关注的股票</notes><done>true</done><doneDate>2012-03-27 00:00:00.0 CST</doneDate><priority reference="../../../../project[3]/children/action/priority"/><success>价位，成交量情况</success><modified>2012-03-27 22:10:38.302 CST</modified></action><action><id>12185</id><created>2012-03-26 19:42:07.994 CST</created><parent reference="../../.."/><description>每天早上查看相关大盘，关注股票走势</description><topic reference="../../../../../../../../../../../../../../topics/items/topic[5]"/><context reference="../../../../../../../../../../../../../../contexts/items/context[4]"/><state class="actionStateScheduled"><date>2012-03-28 21:00:00.0 CST</date><durationHours>0</durationHours><durationMinutes>0</durationMinutes><created>2012-03-26 19:42:07.994 CST</created></state><notes>上证指数&#x0D;
中小板指数&#x0D;
创业板指数&#x0D;
关注的股票&#x0D;
美元指数&#x0D;
世界重要股指</notes><done>true</done><doneDate>2012-03-28 00:00:00.0 CST</doneDate><priority reference="../../../../project[3]/children/action/priority"/><success>价位，成交量情况</success><modified>2012-03-28 06:55:49.597 CST</modified></action><action><id>12186</id><created>2012-03-26 19:42:07.994 CST</created><parent reference="../../.."/><description>每天查看相关大盘，关注股票走势</description><topic reference="../../../../../../../../../../../../../../topics/items/topic[5]"/><context reference="../../../../../../../../../../../../../../contexts/items/context[4]"/><state class="actionStateScheduled"><date>2012-03-29 21:00:00.0 CST</date><durationHours>0</durationHours><durationMinutes>0</durationMinutes><created>2012-03-26 19:42:08.2 CST</created></state><notes>上证指数&#x0D;
中小板指数&#x0D;
创业板指数&#x0D;
关注的股票&#x0D;
美元指数&#x0D;
世界重要股指</notes><done>true</done><doneDate>2012-03-29 08:15:26.422 CST</doneDate><priority reference="../../../../project[3]/children/action/priority"/><success>价位，成交量情况</success><modified>2012-03-29 08:15:26.422 CST</modified></action><action><id>12203</id><created>2012-03-27 07:22:47.350 CST</created><parent reference="../../.."/><description>技术流博客</description><topic reference="../../../../../../../../../../../../../../topics/items/topic[5]"/><context reference="../../../../../../../../../../../../../../contexts/items/context[4]"/><state class="actionStateScheduled"><date>2012-03-28 00:00:00.0 CST</date><durationHours>0</durationHours><durationMinutes>0</durationMinutes><created>2012-03-27 07:22:47.350 CST</created></state><notes>http://blog.sina.com.cn/s/blog_624512980101331o.html</notes><done>true</done><doneDate>2012-03-28 00:00:00.0 CST</doneDate><priority reference="../../../../project[3]/children/action/priority"/><success>知道技术流当天对走势的看法</success><modified>2012-03-28 06:52:01.561 CST</modified></action><action><id>12225</id><created>2012-03-28 00:02:00.5 CST</created><parent reference="../../.."/><description>技术流博客</description><topic reference="../../../../../../../../../../../../../../topics/items/topic[5]"/><context reference="../../../../../../../../../../../../../../contexts/items/context[4]"/><state class="actionStateScheduled"><date>2012-03-29 00:00:00.0 CST</date><durationHours>0</durationHours><durationMinutes>0</durationMinutes><created>2012-03-28 00:02:00.5 CST</created></state><notes>http://blog.sina.com.cn/s/blog_624512980101331o.html</notes><done>true</done><doneDate>2012-03-28 21:45:42.953 CST</doneDate><priority reference="../../../../project[3]/children/action/priority"/><success>知道技术流当天对走势的看法</success><modified>2012-03-28 21:45:42.954 CST</modified></action><action><id>12227</id><created>2012-03-28 07:12:41.581 CST</created><thought><created>2012-03-28 07:14:48.511 CST</created><description>check stock</description><topic reference="../../../../../../../../../../../../../../../topics/items/topic[5]"/><processed>true</processed><action reference="../.."/><id>12228</id></thought><parent reference="../../.."/><description>check stock</description><topic reference="../../../../../../../../../../../../../../topics/items/topic[5]"/><context reference="../../../../../../../../../../../../../../contexts/items/context[2]"/><state class="actionStateScheduled"><date>2012-03-29 06:00:00.0 CST</date><durationHours>0</durationHours><durationMinutes>0</durationMinutes><created>2012-03-28 07:12:41.581 CST</created></state><notes></notes><done>true</done><doneDate>2012-03-29 08:15:25.392 CST</doneDate><priority reference="../../../../project[3]/children/action/priority"/><success>写每日操作计划，昨日计划执行情况，效果</success><modified>2012-03-29 08:15:25.392 CST</modified></action><action><id>12265</id><created>2012-03-29 06:52:13.335 CST</created><parent reference="../../.."/><description>技术流博客</description><topic reference="../../../../../../../../../../../../../../topics/items/topic[5]"/><context reference="../../../../../../../../../../../../../../contexts/items/context[4]"/><state class="actionStateScheduled"><date>2012-03-30 00:00:00.0 CST</date><durationHours>0</durationHours><durationMinutes>0</durationMinutes><created>2012-03-29 06:52:13.335 CST</created></state><notes>http://blog.sina.com.cn/s/articlelist_1648693912_0_1.html</notes><done>true</done><doneDate>2012-03-30 09:35:07.979 CST</doneDate><priority reference="../../../../project[3]/children/action/priority"/><success>知道技术流当天对走势的看法</success><modified>2012-03-30 09:35:07.979 CST</modified></action><action><id>12267</id><created>2012-03-29 08:15:25.392 CST</created><parent reference="../../.."/><description>check stock</description><topic reference="../../../../../../../../../../../../../../topics/items/topic[5]"/><context reference="../../../../../../../../../../../../../../contexts/items/context[2]"/><state class="actionStateScheduled"><date>2012-03-30 06:00:00.0 CST</date><durationHours>0</durationHours><durationMinutes>0</durationMinutes><created>2012-03-29 08:15:25.392 CST</created></state><notes>http://www.eastmoney.com/</notes><done>true</done><doneDate>2012-03-30 00:00:00.0 CST</doneDate><success>写每日操作计划，昨日计划执行情况，效果，查看东方财富最新信息</success><modified>2012-03-30 09:35:16.204 CST</modified></action><action><id>12282</id><created>2012-03-29 21:30:41.666 CST</created><parent reference="../../.."/><description>开盘前查看东方财富网新闻</description><topic reference="../../../../../../../../../../../../../../topics/items/topic[5]"/><context reference="../../../../../../../../../../../../../../contexts/items/context[2]"/><state class="actionStateScheduled"><date>2012-03-28 06:00:00.0 CST</date><durationHours>0</durationHours><durationMinutes>0</durationMinutes><created>2012-03-29 21:30:41.666 CST</created></state><notes>http://www.eastmoney.com/</notes><done>true</done><doneDate>2012-03-29 00:00:00.0 CST</doneDate><priority reference="../../../../project[3]/children/action/priority"/><success>知道每天影响股市的重大新闻</success><modified>2012-03-29 21:31:00.221 CST</modified></action><action><id>12283</id><created>2012-03-29 21:30:41.682 CST</created><parent reference="../../.."/><description>开盘前查看东方财富网新闻</description><topic reference="../../../../../../../../../../../../../../topics/items/topic[5]"/><context reference="../../../../../../../../../../../../../../contexts/items/context[2]"/><state class="actionStateScheduled"><date>2012-03-29 06:00:00.0 CST</date><durationHours>0</durationHours><durationMinutes>0</durationMinutes><created>2012-03-29 21:30:41.682 CST</created></state><notes>http://www.eastmoney.com/</notes><done>true</done><doneDate>2012-03-29 00:00:00.0 CST</doneDate><priority reference="../../../../project[3]/children/action/priority"/><success>知道每天影响股市的重大新闻</success><modified>2012-03-29 21:31:11.830 CST</modified></action><action><id>12284</id><created>2012-03-29 21:30:41.684 CST</created><parent reference="../../.."/><description>开盘前查看东方财富网新闻</description><topic reference="../../../../../../../../../../../../../../topics/items/topic[5]"/><context reference="../../../../../../../../../../../../../../contexts/items/context[2]"/><state class="actionStateScheduled"><date>2012-03-30 06:00:00.0 CST</date><durationHours>0</durationHours><durationMinutes>0</durationMinutes><created>2012-03-29 21:30:41.684 CST</created></state><notes>http://www.eastmoney.com/</notes><done>true</done><doneDate>2012-03-30 00:00:00.0 CST</doneDate><priority reference="../../../../project[3]/children/action/priority"/><success>知道每天影响股市的重大新闻</success><modified>2012-03-30 08:28:45.945 CST</modified></action><action><id>12285</id><created>2012-03-29 21:30:41.685 CST</created><parent reference="../../.."/><description>开盘前查看东方财富网新闻</description><topic reference="../../../../../../../../../../../../../../topics/items/topic[5]"/><context reference="../../../../../../../../../../../../../../contexts/items/context[2]"/><state class="actionStateScheduled"><date>2012-04-02 06:00:00.0 CST</date><durationHours>0</durationHours><durationMinutes>0</durationMinutes><created>2012-03-29 21:30:41.685 CST</created></state><notes>http://www.eastmoney.com/</notes><done>true</done><doneDate>2012-04-02 00:00:00.0 CST</doneDate><priority reference="../../../../project[3]/children/action/priority"/><success>知道每天影响股市的重大新闻</success><modified>2012-04-02 08:42:07.434 CST</modified></action><action><id>12287</id><created>2012-03-29 21:30:41.700 CST</created><parent reference="../../.."/><description>开盘前查看东方财富网新闻</description><topic reference="../../../../../../../../../../../../../../topics/items/topic[5]"/><context reference="../../../../../../../../../../../../../../contexts/items/context[2]"/><state class="actionStateScheduled"><date>2012-04-04 06:00:00.0 CST</date><durationHours>0</durationHours><durationMinutes>0</durationMinutes><created>2012-03-29 21:30:41.700 CST</created></state><notes>http://www.eastmoney.com/</notes><done>true</done><doneDate>2012-04-04 00:00:00.0 CST</doneDate><priority reference="../../../../project[3]/children/action/priority"/><success>知道每天影响股市的重大新闻</success><modified>2012-04-04 22:17:57.697 CST</modified></action><action><id>12288</id><created>2012-03-29 21:30:41.710 CST</created><parent reference="../../.."/><description>开盘前查看东方财富网新闻</description><topic reference="../../../../../../../../../../../../../../topics/items/topic[5]"/><context reference="../../../../../../../../../../../../../../contexts/items/context[2]"/><state class="actionStateScheduled"><date>2012-04-05 06:00:00.0 CST</date><durationHours>0</durationHours><durationMinutes>0</durationMinutes><created>2012-03-29 21:30:41.710 CST</created></state><notes>http://www.eastmoney.com/</notes><done>true</done><doneDate>2012-04-05 00:00:00.0 CST</doneDate><priority reference="../../../../project[3]/children/action/priority"/><success>知道每天影响股市的重大新闻</success><modified>2012-04-05 08:37:59.87 CST</modified></action><action><id>12289</id><created>2012-03-29 21:30:41.717 CST</created><parent reference="../../.."/><description>开盘前查看东方财富网新闻</description><topic reference="../../../../../../../../../../../../../../topics/items/topic[5]"/><context reference="../../../../../../../../../../../../../../contexts/items/context[2]"/><state class="actionStateScheduled"><date>2012-04-06 06:00:00.0 CST</date><durationHours>0</durationHours><durationMinutes>0</durationMinutes><created>2012-03-29 21:30:41.717 CST</created></state><notes>http://www.eastmoney.com/</notes><done>true</done><doneDate>2012-04-06 00:00:00.0 CST</doneDate><priority reference="../../../../project[3]/children/action/priority"/><success>知道每天影响股市的重大新闻</success><modified>2012-04-06 08:16:37.213 CST</modified></action><action><id>12293</id><created>2012-03-29 21:31:23.790 CST</created><parent reference="../../.."/><description>每天查看相关大盘，关注股票走势</description><topic reference="../../../../../../../../../../../../../../topics/items/topic[5]"/><context reference="../../../../../../../../../../../../../../contexts/items/context[4]"/><state class="actionStateScheduled"><date>2012-04-05 06:00:00.0 CST</date><durationHours>0</durationHours><durationMinutes>0</durationMinutes><created>2012-03-29 21:31:23.790 CST</created></state><notes>上证指数&#x0D;
中小板指数&#x0D;
创业板指数&#x0D;
关注的股票&#x0D;
美元指数&#x0D;
世界重要股指</notes><done>true</done><doneDate>2012-04-05 00:00:00.0 CST</doneDate><priority reference="../../../../project[3]/children/action/priority"/><success>价位，成交量情况</success><modified>2012-04-05 08:38:28.319 CST</modified></action><action><id>12294</id><created>2012-03-29 21:31:23.798 CST</created><parent reference="../../.."/><description>每天查看相关大盘，关注股票走势</description><topic reference="../../../../../../../../../../../../../../topics/items/topic[5]"/><context reference="../../../../../../../../../../../../../../contexts/items/context[4]"/><state class="actionStateScheduled"><date>2012-04-06 06:00:00.0 CST</date><durationHours>0</durationHours><durationMinutes>0</durationMinutes><created>2012-03-29 21:31:23.798 CST</created></state><notes>上证指数&#x0D;
中小板指数&#x0D;
创业板指数&#x0D;
关注的股票&#x0D;
美元指数&#x0D;
世界重要股指</notes><done>true</done><doneDate>2012-04-06 08:37:14.907 CST</doneDate><priority reference="../../../../project[3]/children/action/priority"/><success>价位，成交量情况</success><modified>2012-04-06 08:37:14.908 CST</modified></action><action><id>12301</id><created>2012-03-30 09:35:16.204 CST</created><parent reference="../../.."/><description>check stock</description><topic reference="../../../../../../../../../../../../../../topics/items/topic[5]"/><context reference="../../../../../../../../../../../../../../contexts/items/context[2]"/><state class="actionStateScheduled"><date>2012-03-31 06:00:00.0 CST</date><durationHours>0</durationHours><durationMinutes>0</durationMinutes><created>2012-03-30 09:35:16.204 CST</created></state><notes>http://www.eastmoney.com/</notes><done>true</done><doneDate>2012-03-31 00:00:00.0 CST</doneDate><success>写每日操作计划，昨日计划执行情况，效果，查看东方财富最新信息</success><modified>2012-03-31 08:57:59.157 CST</modified></action><action><id>12325</id><created>2012-04-01 10:10:34.994 CST</created><parent reference="../../.."/><description>期指持仓情况</description><topic reference="../../../../../../../../../../../../../../topics/items/topic[5]"/><context reference="../../../../../../../../../../../../../../contexts/items/context[2]"/><state class="actionStateScheduled"><date>2012-04-08 00:00:00.0 CST</date><durationHours>0</durationHours><durationMinutes>0</durationMinutes><created>2012-04-01 10:10:34.994 CST</created></state><notes>http://vip.stock.finance.sina.com.cn/q/view/vCffex_Positions_cjcc.php</notes><done>true</done><doneDate>2012-04-08 00:00:00.0 CST</doneDate><priority reference="../../../../project[3]/children/action/priority"/><success></success><modified>2012-04-08 11:14:38.756 CST</modified></action><action><id>12328</id><created>2012-04-01 10:10:35.56 CST</created><parent reference="../../.."/><description>开盘前查看东方财富网新闻</description><topic reference="../../../../../../../../../../../../../../topics/items/topic[5]"/><context reference="../../../../../../../../../../../../../../contexts/items/context[2]"/><state class="actionStateScheduled"><date>2012-04-09 06:00:00.0 CST</date><durationHours>0</durationHours><durationMinutes>0</durationMinutes><created>2012-04-01 10:10:35.56 CST</created></state><notes>http://www.eastmoney.com/</notes><done>true</done><doneDate>2012-04-09 08:30:29.203 CST</doneDate><priority reference="../../../../project[3]/children/action/priority"/><success>知道每天影响股市的重大新闻</success><modified>2012-04-09 08:30:29.203 CST</modified></action><action><id>12329</id><created>2012-04-01 10:10:35.103 CST</created><parent reference="../../.."/><description>开盘前查看东方财富网新闻</description><topic reference="../../../../../../../../../../../../../../topics/items/topic[5]"/><context reference="../../../../../../../../../../../../../../contexts/items/context[2]"/><state class="actionStateScheduled"><date>2012-04-10 06:00:00.0 CST</date><durationHours>0</durationHours><durationMinutes>0</durationMinutes><created>2012-04-01 10:10:35.103 CST</created></state><notes>http://www.eastmoney.com/</notes><done>true</done><doneDate>2012-04-10 00:00:00.0 CST</doneDate><priority reference="../../../../project[3]/children/action/priority"/><success>知道每天影响股市的重大新闻</success><modified>2012-04-10 08:29:55.110 CST</modified></action><action><id>12330</id><created>2012-04-01 10:10:35.103 CST</created><parent reference="../../.."/><description>开盘前查看东方财富网新闻</description><topic reference="../../../../../../../../../../../../../../topics/items/topic[5]"/><context reference="../../../../../../../../../../../../../../contexts/items/context[2]"/><state class="actionStateScheduled"><date>2012-04-11 06:00:00.0 CST</date><durationHours>0</durationHours><durationMinutes>0</durationMinutes><created>2012-04-01 10:10:35.103 CST</created></state><notes>http://www.eastmoney.com/</notes><done>true</done><doneDate>2012-04-11 00:00:00.0 CST</doneDate><priority reference="../../../../project[3]/children/action/priority"/><success>知道每天影响股市的重大新闻</success><modified>2012-04-11 08:35:06.165 CST</modified></action><action><id>12331</id><created>2012-04-01 10:10:35.150 CST</created><parent reference="../../.."/><description>开盘前查看东方财富网新闻</description><topic reference="../../../../../../../../../../../../../../topics/items/topic[5]"/><context reference="../../../../../../../../../../../../../../contexts/items/context[2]"/><state class="actionStateScheduled"><date>2012-04-12 06:00:00.0 CST</date><durationHours>0</durationHours><durationMinutes>0</durationMinutes><created>2012-04-01 10:10:35.150 CST</created></state><notes>http://www.eastmoney.com/</notes><done>true</done><doneDate>2012-04-12 00:00:00.0 CST</doneDate><priority reference="../../../../project[3]/children/action/priority"/><success>知道每天影响股市的重大新闻</success><modified>2012-04-12 08:24:00.573 CST</modified></action><action><id>12332</id><created>2012-04-01 10:10:35.181 CST</created><parent reference="../../.."/><description>开盘前查看东方财富网新闻</description><topic reference="../../../../../../../../../../../../../../topics/items/topic[5]"/><context reference="../../../../../../../../../../../../../../contexts/items/context[2]"/><state class="actionStateScheduled"><date>2012-04-13 06:00:00.0 CST</date><durationHours>0</durationHours><durationMinutes>0</durationMinutes><created>2012-04-01 10:10:35.181 CST</created></state><notes>http://www.eastmoney.com/</notes><done>true</done><doneDate>2012-04-13 00:00:00.0 CST</doneDate><priority reference="../../../../project[3]/children/action/priority"/><success>知道每天影响股市的重大新闻</success><modified>2012-04-13 08:27:42.150 CST</modified></action><action><id>12333</id><created>2012-04-01 10:10:35.197 CST</created><parent reference="../../.."/><description>每天查看相关大盘，关注股票走势</description><topic reference="../../../../../../../../../../../../../../topics/items/topic[5]"/><context reference="../../../../../../../../../../../../../../contexts/items/context[4]"/><state class="actionStateScheduled"><date>2012-04-09 06:00:00.0 CST</date><durationHours>0</durationHours><durationMinutes>0</durationMinutes><created>2012-04-01 10:10:35.197 CST</created></state><notes>上证指数&#x0D;
中小板指数&#x0D;
创业板指数&#x0D;
关注的股票&#x0D;
美元指数&#x0D;
世界重要股指</notes><done>true</done><doneDate>2012-04-09 00:00:00.0 CST</doneDate><priority reference="../../../../project[3]/children/action/priority"/><success>价位，成交量情况</success><modified>2012-04-09 08:37:19.769 CST</modified></action><action><id>12334</id><created>2012-04-01 10:10:35.228 CST</created><parent reference="../../.."/><description>每天查看相关大盘，关注股票走势</description><topic reference="../../../../../../../../../../../../../../topics/items/topic[5]"/><context reference="../../../../../../../../../../../../../../contexts/items/context[4]"/><state class="actionStateScheduled"><date>2012-04-10 06:00:00.0 CST</date><durationHours>0</durationHours><durationMinutes>0</durationMinutes><created>2012-04-01 10:10:35.228 CST</created></state><notes>上证指数&#x0D;
中小板指数&#x0D;
创业板指数&#x0D;
关注的股票&#x0D;
美元指数&#x0D;
世界重要股指</notes><done>true</done><doneDate>2012-04-10 00:00:00.0 CST</doneDate><priority reference="../../../../project[3]/children/action/priority"/><success>价位，成交量情况</success><modified>2012-04-10 08:42:45.992 CST</modified></action><action><id>12335</id><created>2012-04-01 10:10:35.259 CST</created><parent reference="../../.."/><description>每天查看相关大盘，关注股票走势</description><topic reference="../../../../../../../../../../../../../../topics/items/topic[5]"/><context reference="../../../../../../../../../../../../../../contexts/items/context[4]"/><state class="actionStateScheduled"><date>2012-04-11 06:00:00.0 CST</date><durationHours>0</durationHours><durationMinutes>0</durationMinutes><created>2012-04-01 10:10:35.259 CST</created></state><notes>上证指数&#x0D;
中小板指数&#x0D;
创业板指数&#x0D;
关注的股票&#x0D;
美元指数&#x0D;
世界重要股指</notes><done>true</done><doneDate>2012-04-11 00:00:00.0 CST</doneDate><priority reference="../../../../project[3]/children/action/priority"/><success>价位，成交量情况</success><modified>2012-04-11 08:45:36.856 CST</modified></action><action><id>12336</id><created>2012-04-01 10:10:35.275 CST</created><parent reference="../../.."/><description>每天查看相关大盘，关注股票走势</description><topic reference="../../../../../../../../../../../../../../topics/items/topic[5]"/><context reference="../../../../../../../../../../../../../../contexts/items/context[4]"/><state class="actionStateScheduled"><date>2012-04-12 06:00:00.0 CST</date><durationHours>0</durationHours><durationMinutes>0</durationMinutes><created>2012-04-01 10:10:35.275 CST</created></state><notes>上证指数&#x0D;
中小板指数&#x0D;
创业板指数&#x0D;
关注的股票&#x0D;
美元指数&#x0D;
世界重要股指</notes><done>true</done><doneDate>2012-04-12 08:35:39.311 CST</doneDate><priority reference="../../../../project[3]/children/action/priority"/><success>价位，成交量情况</success><modified>2012-04-12 08:35:39.311 CST</modified></action><action><id>12337</id><created>2012-04-01 10:10:35.290 CST</created><parent reference="../../.."/><description>每天查看相关大盘，关注股票走势</description><topic reference="../../../../../../../../../../../../../../topics/items/topic[5]"/><context reference="../../../../../../../../../../../../../../contexts/items/context[4]"/><state class="actionStateScheduled"><date>2012-04-13 06:00:00.0 CST</date><durationHours>0</durationHours><durationMinutes>0</durationMinutes><created>2012-04-01 10:10:35.290 CST</created></state><notes>上证指数&#x0D;
中小板指数&#x0D;
创业板指数&#x0D;
关注的股票&#x0D;
美元指数&#x0D;
世界重要股指</notes><done>true</done><doneDate>2012-04-13 08:53:52.543 CST</doneDate><priority reference="../../../../project[3]/children/action/priority"/><success>价位，成交量情况</success><modified>2012-04-13 08:53:52.543 CST</modified></action><action><id>12338</id><created>2012-04-01 10:10:35.306 CST</created><parent reference="../../.."/><description>QQ挂机接收群消息</description><topic reference="../../../../../../../../../../../../../../topics/items/topic[5]"/><context reference="../../../../../../../../../../../../../../contexts/items/context[2]"/><state class="actionStateScheduled"><date>2012-04-08 21:30:00.0 CST</date><durationHours>0</durationHours><durationMinutes>0</durationMinutes><created>2012-04-01 10:10:35.306 CST</created></state><notes>电脑21：30-24:00点保持QQ在线，</notes><done>true</done><doneDate>2012-04-09 00:00:00.0 CST</doneDate><priority reference="../../../../project[3]/children/action/priority"/><success></success><modified>2012-04-09 08:26:56.974 CST</modified></action><action><id>12339</id><created>2012-04-01 10:10:35.337 CST</created><parent reference="../../.."/><description>QQ挂机接收群消息</description><topic reference="../../../../../../../../../../../../../../topics/items/topic[5]"/><context reference="../../../../../../../../../../../../../../contexts/items/context[2]"/><state class="actionStateScheduled"><date>2012-04-09 21:30:00.0 CST</date><durationHours>0</durationHours><durationMinutes>0</durationMinutes><created>2012-04-01 10:10:35.337 CST</created></state><notes>电脑21：30-24:00点保持QQ在线，</notes><done>true</done><doneDate>2012-04-09 22:51:43.5 CST</doneDate><priority reference="../../../../project[3]/children/action/priority"/><success></success><modified>2012-04-09 22:51:43.5 CST</modified></action><action><id>12340</id><created>2012-04-01 10:10:35.368 CST</created><parent reference="../../.."/><description>QQ挂机接收群消息</description><topic reference="../../../../../../../../../../../../../../topics/items/topic[5]"/><context reference="../../../../../../../../../../../../../../contexts/items/context[2]"/><state class="actionStateScheduled"><date>2012-04-10 21:30:00.0 CST</date><durationHours>0</durationHours><durationMinutes>0</durationMinutes><created>2012-04-01 10:10:35.368 CST</created></state><notes>电脑21：30-24:00点保持QQ在线，</notes><done>true</done><doneDate>2012-04-10 00:00:00.0 CST</doneDate><priority reference="../../../../project[3]/children/action/priority"/><success></success><modified>2012-04-10 22:31:41.491 CST</modified></action><action><id>12341</id><created>2012-04-01 10:10:35.399 CST</created><parent reference="../../.."/><description>QQ挂机接收群消息</description><topic reference="../../../../../../../../../../../../../../topics/items/topic[5]"/><context reference="../../../../../../../../../../../../../../contexts/items/context[2]"/><state class="actionStateScheduled"><date>2012-04-11 21:30:00.0 CST</date><durationHours>0</durationHours><durationMinutes>0</durationMinutes><created>2012-04-01 10:10:35.399 CST</created></state><notes>电脑21：30-24:00点保持QQ在线，</notes><done>true</done><doneDate>2012-04-12 07:52:04.689 CST</doneDate><priority reference="../../../../project[3]/children/action/priority"/><success></success><modified>2012-04-12 07:52:04.689 CST</modified></action><action><id>12342</id><created>2012-04-01 10:10:35.415 CST</created><parent reference="../../.."/><description>QQ挂机接收群消息</description><topic reference="../../../../../../../../../../../../../../topics/items/topic[5]"/><context reference="../../../../../../../../../../../../../../contexts/items/context[2]"/><state class="actionStateScheduled"><date>2012-04-12 21:30:00.0 CST</date><durationHours>0</durationHours><durationMinutes>0</durationMinutes><created>2012-04-01 10:10:35.415 CST</created></state><notes>电脑21：30-24:00点保持QQ在线，</notes><done>true</done><doneDate>2012-04-13 00:00:00.0 CST</doneDate><priority reference="../../../../project[3]/children/action/priority"/><success></success><modified>2012-04-13 08:25:54.775 CST</modified></action><action><id>12385</id><created>2012-04-04 21:58:33.550 CST</created><parent reference="../../.."/><description>技术流博客</description><topic reference="../../../../../../../../../../../../../../topics/items/topic[5]"/><context reference="../../../../../../../../../../../../../../contexts/items/context[4]"/><state class="actionStateScheduled"><date>2012-04-04 00:00:00.0 CST</date><durationHours>0</durationHours><durationMinutes>0</durationMinutes><created>2012-04-04 21:58:33.550 CST</created></state><notes>http://blog.sina.com.cn/s/articlelist_1648693912_0_1.html</notes><done>true</done><doneDate>2012-04-04 00:00:00.0 CST</doneDate><priority reference="../../../../project[3]/children/action/priority"/><success>知道技术流当天对走势的看法</success><modified>2012-04-04 22:22:12.399 CST</modified></action><action><id>12386</id><created>2012-04-04 21:58:33.563 CST</created><parent reference="../../.."/><description>技术流博客</description><topic reference="../../../../../../../../../../../../../../topics/items/topic[5]"/><context reference="../../../../../../../../../../../../../../contexts/items/context[4]"/><state class="actionStateScheduled"><date>2012-04-05 06:00:00.0 CST</date><durationHours>0</durationHours><durationMinutes>0</durationMinutes><created>2012-04-04 21:58:33.563 CST</created></state><notes>http://blog.sina.com.cn/s/articlelist_1648693912_0_1.html</notes><done>true</done><doneDate>2012-04-05 08:36:12.894 CST</doneDate><priority reference="../../../../project[3]/children/action/priority"/><success>知道技术流当天对走势的看法</success><modified>2012-04-05 08:36:12.894 CST</modified></action><action><id>12391</id><created>2012-04-05 08:27:36.966 CST</created><parent reference="../../.."/><description>技术流博客</description><topic reference="../../../../../../../../../../../../../../topics/items/topic[5]"/><context reference="../../../../../../../../../../../../../../contexts/items/context[4]"/><state class="actionStateScheduled"><date>2012-04-06 06:00:00.0 CST</date><durationHours>0</durationHours><durationMinutes>0</durationMinutes><created>2012-04-05 08:27:36.966 CST</created></state><notes>http://blog.sina.com.cn/s/articlelist_1648693912_0_1.html</notes><done>true</done><doneDate>2012-04-06 00:00:00.0 CST</doneDate><priority reference="../../../../project[3]/children/action/priority"/><success>知道技术流当天对走势的看法</success><modified>2012-04-06 08:12:34.768 CST</modified></action><action><id>12392</id><created>2012-04-05 08:32:47.453 CST</created><parent reference="../../.."/><description>制定当日操作计划，总结上一交易日经验教训</description><topic reference="../../../../../../../../../../../../../../topics/items/topic[5]"/><context reference="../../../../../../../../../../../../../../contexts/items/context[4]"/><state class="actionStateScheduled"><date>2012-04-05 06:00:00.0 CST</date><durationHours>0</durationHours><durationMinutes>0</durationMinutes><created>2012-04-05 08:33:29.864 CST</created></state><notes>evernote:///view/3362443/s31/9b340fe7-4c91-4055-8ac3-6678a2fda716/9b340fe7-4c91-4055-8ac3-6678a2fda716/</notes><done>true</done><doneDate>2012-04-05 00:00:00.0 CST</doneDate><priority reference="../../../../project[3]/children/action/priority"/><success></success><modified>2012-04-05 08:47:46.579 CST</modified></action><action><id>12394</id><created>2012-04-05 08:34:31.373 CST</created><parent reference="../../.."/><description>制定当日操作计划，总结上一交易日经验教训</description><topic reference="../../../../../../../../../../../../../../topics/items/topic[5]"/><context reference="../../../../../../../../../../../../../../contexts/items/context[4]"/><state class="actionStateScheduled"><date>2012-04-06 07:00:00.0 CST</date><durationHours>0</durationHours><durationMinutes>0</durationMinutes><created>2012-04-05 08:34:31.373 CST</created></state><notes></notes><done>true</done><doneDate>2012-04-06 00:00:00.0 CST</doneDate><priority reference="../../../../project[3]/children/action/priority"/><success></success><modified>2012-04-06 08:37:16.725 CST</modified></action><action><id>12396</id><created>2012-04-05 08:34:31.383 CST</created><parent reference="../../.."/><description>制定当日操作计划，总结上一交易日经验教训</description><topic reference="../../../../../../../../../../../../../../topics/items/topic[5]"/><context reference="../../../../../../../../../../../../../../contexts/items/context[4]"/><state class="actionStateScheduled"><date>2012-04-09 07:00:00.0 CST</date><durationHours>0</durationHours><durationMinutes>0</durationMinutes><created>2012-04-05 08:34:31.383 CST</created></state><notes></notes><done>true</done><doneDate>2012-04-09 08:37:20.903 CST</doneDate><priority reference="../../../../project[3]/children/action/priority"/><success></success><modified>2012-04-09 08:37:20.903 CST</modified></action><action><id>12397</id><created>2012-04-05 08:34:31.386 CST</created><parent reference="../../.."/><description>制定当日操作计划，总结上一交易日经验教训</description><topic reference="../../../../../../../../../../../../../../topics/items/topic[5]"/><context reference="../../../../../../../../../../../../../../contexts/items/context[4]"/><state class="actionStateScheduled"><date>2012-04-10 07:00:00.0 CST</date><durationHours>0</durationHours><durationMinutes>0</durationMinutes><created>2012-04-05 08:34:31.386 CST</created></state><notes></notes><done>true</done><doneDate>2012-04-10 08:42:46.551 CST</doneDate><priority reference="../../../../project[3]/children/action/priority"/><success></success><modified>2012-04-10 08:42:46.551 CST</modified></action><action><id>12399</id><created>2012-04-05 08:34:31.387 CST</created><parent reference="../../.."/><description>制定当日操作计划，总结上一交易日经验教训</description><topic reference="../../../../../../../../../../../../../../topics/items/topic[5]"/><context reference="../../../../../../../../../../../../../../contexts/items/context[4]"/><state class="actionStateScheduled"><date>2012-04-11 07:00:00.0 CST</date><durationHours>0</durationHours><durationMinutes>0</durationMinutes><created>2012-04-05 08:34:31.387 CST</created></state><notes></notes><done>true</done><doneDate>2012-04-11 08:45:39.774 CST</doneDate><priority reference="../../../../project[3]/children/action/priority"/><success></success><modified>2012-04-11 08:45:39.775 CST</modified></action><action><id>12400</id><created>2012-04-05 09:59:13.34 CST</created><parent reference="../../.."/><description>制定当日操作计划，总结上一交易日经验教训</description><topic reference="../../../../../../../../../../../../../../topics/items/topic[5]"/><context reference="../../../../../../../../../../../../../../contexts/items/context[4]"/><state class="actionStateScheduled"><date>2012-04-12 07:00:00.0 CST</date><durationHours>0</durationHours><durationMinutes>0</durationMinutes><created>2012-04-05 09:59:13.34 CST</created></state><notes></notes><done>true</done><doneDate>2012-04-12 00:00:00.0 CST</doneDate><priority reference="../../../../project[3]/children/action/priority"/><success></success><modified>2012-04-12 08:43:12.309 CST</modified></action><action><id>12401</id><created>2012-04-05 09:59:13.34 CST</created><parent reference="../../.."/><description>制定当日操作计划，总结上一交易日经验教训</description><topic reference="../../../../../../../../../../../../../../topics/items/topic[5]"/><context reference="../../../../../../../../../../../../../../contexts/items/context[4]"/><state class="actionStateScheduled"><date>2012-04-13 07:00:00.0 CST</date><durationHours>0</durationHours><durationMinutes>0</durationMinutes><created>2012-04-05 09:59:13.34 CST</created></state><notes></notes><done>true</done><doneDate>2012-04-13 08:53:56.71 CST</doneDate><priority reference="../../../../project[3]/children/action/priority"/><success></success><modified>2012-04-13 08:53:56.71 CST</modified></action><action><id>12430</id><created>2012-04-06 08:11:15.138 CST</created><parent reference="../../.."/><description>技术流博客</description><topic reference="../../../../../../../../../../../../../../topics/items/topic[5]"/><context reference="../../../../../../../../../../../../../../contexts/items/context[4]"/><state class="actionStateScheduled"><date>2012-04-09 06:00:00.0 CST</date><durationHours>0</durationHours><durationMinutes>0</durationMinutes><created>2012-04-06 08:11:15.138 CST</created></state><notes>http://blog.sina.com.cn/s/articlelist_1648693912_0_1.html</notes><done>true</done><doneDate>2012-04-09 00:00:00.0 CST</doneDate><priority reference="../../../../project[3]/children/action/priority"/><success>知道技术流当天对走势的看法</success><modified>2012-04-09 08:28:41.525 CST</modified></action><action><id>12431</id><created>2012-04-06 08:26:20.794 CST</created><parent reference="../../.."/><description> 查看前日QQ群消息</description><topic reference="../../../../../../../../../../../../../../topics/items/topic[5]"/><context reference="../../../../../../../../../../../../../../contexts/items/context[2]"/><state class="actionStateScheduled"><date>2012-04-06 06:00:00.0 CST</date><durationHours>0</durationHours><durationMinutes>0</durationMinutes><created>2012-04-06 08:26:40.679 CST</created></state><notes></notes><done>true</done><doneDate>2012-04-06 00:00:00.0 CST</doneDate><priority reference="../../../../project[3]/children/action/priority"/><success></success><modified>2012-04-06 08:32:00.540 CST</modified></action><action><id>12433</id><created>2012-04-06 08:27:04.902 CST</created><parent reference="../../.."/><description> 查看前日QQ群消息</description><topic reference="../../../../../../../../../../../../../../topics/items/topic[5]"/><context reference="../../../../../../../../../../../../../../contexts/items/context[2]"/><state class="actionStateScheduled"><date>2012-04-13 06:00:00.0 CST</date><durationHours>0</durationHours><durationMinutes>0</durationMinutes><created>2012-04-06 08:27:04.902 CST</created></state><notes></notes><done>true</done><doneDate>2012-04-13 08:44:37.470 CST</doneDate><priority reference="../../../../project[3]/children/action/priority"/><success></success><modified>2012-04-13 08:44:37.470 CST</modified></action><action><id>12434</id><created>2012-04-06 08:27:04.903 CST</created><parent reference="../../.."/><description> 查看前日QQ群消息</description><topic reference="../../../../../../../../../../../../../../topics/items/topic[5]"/><context reference="../../../../../../../../../../../../../../contexts/items/context[2]"/><state class="actionStateScheduled"><date>2012-04-09 06:00:00.0 CST</date><durationHours>0</durationHours><durationMinutes>0</durationMinutes><created>2012-04-06 08:27:04.903 CST</created></state><notes></notes><done>true</done><doneDate>2012-04-09 00:00:00.0 CST</doneDate><priority reference="../../../../project[3]/children/action/priority"/><success></success><modified>2012-04-09 08:28:46.611 CST</modified></action><action><id>12435</id><created>2012-04-06 08:27:04.903 CST</created><parent reference="../../.."/><description> 查看前日QQ群消息</description><topic reference="../../../../../../../../../../../../../../topics/items/topic[5]"/><context reference="../../../../../../../../../../../../../../contexts/items/context[2]"/><state class="actionStateScheduled"><date>2012-04-10 06:00:00.0 CST</date><durationHours>0</durationHours><durationMinutes>0</durationMinutes><created>2012-04-06 08:27:04.903 CST</created></state><notes></notes><done>true</done><doneDate>2012-04-10 08:30:09.45 CST</doneDate><priority reference="../../../../project[3]/children/action/priority"/><success></success><modified>2012-04-10 08:30:09.45 CST</modified></action><action><id>12436</id><created>2012-04-06 08:27:04.904 CST</created><parent reference="../../.."/><description> 查看前日QQ群消息</description><topic reference="../../../../../../../../../../../../../../topics/items/topic[5]"/><context reference="../../../../../../../../../../../../../../contexts/items/context[2]"/><state class="actionStateScheduled"><date>2012-04-11 06:00:00.0 CST</date><durationHours>0</durationHours><durationMinutes>0</durationMinutes><created>2012-04-06 08:27:04.904 CST</created></state><notes></notes><done>true</done><doneDate>2012-04-11 00:00:00.0 CST</doneDate><priority reference="../../../../project[3]/children/action/priority"/><success></success><modified>2012-04-11 08:35:08.980 CST</modified></action><action><id>12437</id><created>2012-04-06 08:27:04.904 CST</created><parent reference="../../.."/><description> 查看前日QQ群消息</description><topic reference="../../../../../../../../../../../../../../topics/items/topic[5]"/><context reference="../../../../../../../../../../../../../../contexts/items/context[2]"/><state class="actionStateScheduled"><date>2012-04-12 06:00:00.0 CST</date><durationHours>0</durationHours><durationMinutes>0</durationMinutes><created>2012-04-06 08:27:04.904 CST</created></state><notes></notes><done>true</done><doneDate>2012-04-12 00:00:00.0 CST</doneDate><priority reference="../../../../project[3]/children/action/priority"/><success></success><modified>2012-04-12 08:31:23.449 CST</modified></action><action><id>12451</id><created>2012-04-07 08:28:45.334 CST</created><parent reference="../../.."/><description>技术流博客</description><topic reference="../../../../../../../../../../../../../../topics/items/topic[5]"/><context reference="../../../../../../../../../../../../../../contexts/items/context[4]"/><state class="actionStateScheduled"><date>2012-04-10 06:00:00.0 CST</date><durationHours>0</durationHours><durationMinutes>0</durationMinutes><created>2012-04-07 08:28:45.334 CST</created></state><notes>http://blog.sina.com.cn/s/articlelist_1648693912_0_1.html</notes><done>true</done><doneDate>2012-04-10 00:00:00.0 CST</doneDate><priority reference="../../../../project[3]/children/action/priority"/><success>知道技术流当天对走势的看法</success><modified>2012-04-10 08:31:12.502 CST</modified></action><action><id>12454</id><created>2012-04-08 11:05:59.356 CST</created><parent reference="../../.."/><description>期指持仓情况</description><topic reference="../../../../../../../../../../../../../../topics/items/topic[5]"/><context reference="../../../../../../../../../../../../../../contexts/items/context[2]"/><state class="actionStateScheduled"><date>2012-04-09 00:00:00.0 CST</date><durationHours>0</durationHours><durationMinutes>0</durationMinutes><created>2012-04-08 11:05:59.356 CST</created></state><notes>http://vip.stock.finance.sina.com.cn/q/view/vCffex_Positions_cjcc.php</notes><done>true</done><doneDate>2012-04-09 08:17:41.473 CST</doneDate><priority reference="../../../../project[3]/children/action/priority"/><success></success><modified>2012-04-09 08:17:41.473 CST</modified></action><action><id>12455</id><created>2012-04-08 11:05:59.372 CST</created><parent reference="../../.."/><description>期指持仓情况</description><topic reference="../../../../../../../../../../../../../../topics/items/topic[5]"/><context reference="../../../../../../../../../../../../../../contexts/items/context[2]"/><state class="actionStateScheduled"><date>2012-04-10 00:00:00.0 CST</date><durationHours>0</durationHours><durationMinutes>0</durationMinutes><created>2012-04-08 11:05:59.372 CST</created></state><notes>http://vip.stock.finance.sina.com.cn/q/view/vCffex_Positions_cjcc.php</notes><done>true</done><doneDate>2012-04-10 00:00:00.0 CST</doneDate><priority reference="../../../../project[3]/children/action/priority"/><success></success><modified>2012-04-10 08:25:55.181 CST</modified></action><action><id>12456</id><created>2012-04-08 11:05:59.372 CST</created><parent reference="../../.."/><description>期指持仓情况</description><topic reference="../../../../../../../../../../../../../../topics/items/topic[5]"/><context reference="../../../../../../../../../../../../../../contexts/items/context[2]"/><state class="actionStateScheduled"><date>2012-04-11 00:00:00.0 CST</date><durationHours>0</durationHours><durationMinutes>0</durationMinutes><created>2012-04-08 11:05:59.372 CST</created></state><notes>http://vip.stock.finance.sina.com.cn/q/view/vCffex_Positions_cjcc.php</notes><done>true</done><doneDate>2012-04-10 00:00:00.0 CST</doneDate><priority reference="../../../../project[3]/children/action/priority"/><success></success><modified>2012-04-10 21:23:23.15 CST</modified></action><action><id>12457</id><created>2012-04-08 11:05:59.388 CST</created><parent reference="../../.."/><description>期指持仓情况</description><topic reference="../../../../../../../../../../../../../../topics/items/topic[5]"/><context reference="../../../../../../../../../../../../../../contexts/items/context[2]"/><state class="actionStateScheduled"><date>2012-04-12 06:00:00.0 CST</date><durationHours>0</durationHours><durationMinutes>0</durationMinutes><created>2012-04-08 11:05:59.388 CST</created></state><notes>http://vip.stock.finance.sina.com.cn/q/view/vCffex_Positions_cjcc.php</notes><done>true</done><doneDate>2012-04-12 00:00:00.0 CST</doneDate><priority reference="../../../../project[3]/children/action/priority"/><success></success><modified>2012-04-12 08:28:35.363 CST</modified></action><action><id>12458</id><created>2012-04-08 11:05:59.388 CST</created><parent reference="../../.."/><description>期指持仓情况</description><topic reference="../../../../../../../../../../../../../../topics/items/topic[5]"/><context reference="../../../../../../../../../../../../../../contexts/items/context[2]"/><state class="actionStateScheduled"><date>2012-04-13 06:00:00.0 CST</date><durationHours>0</durationHours><durationMinutes>0</durationMinutes><created>2012-04-08 11:05:59.388 CST</created></state><notes>http://vip.stock.finance.sina.com.cn/q/view/vCffex_Positions_cjcc.php</notes><done>true</done><doneDate>2012-04-13 00:00:00.0 CST</doneDate><priority reference="../../../../project[3]/children/action/priority"/><success></success><modified>2012-04-13 08:26:25.300 CST</modified></action><action><id>12459</id><created>2012-04-08 11:05:59.403 CST</created><parent reference="../../.."/><description>期指持仓情况</description><topic reference="../../../../../../../../../../../../../../topics/items/topic[5]"/><context reference="../../../../../../../../../../../../../../contexts/items/context[2]"/><state class="actionStateScheduled"><date>2012-04-16 06:00:00.0 CST</date><durationHours>0</durationHours><durationMinutes>0</durationMinutes><created>2012-04-08 11:05:59.403 CST</created></state><notes>http://vip.stock.finance.sina.com.cn/q/view/vCffex_Positions_cjcc.php</notes><done>true</done><doneDate>2012-04-16 08:13:56.91 CST</doneDate><priority reference="../../../../project[3]/children/action/priority"/><success></success><modified>2012-04-16 08:13:56.91 CST</modified></action><action><id>12460</id><created>2012-04-08 11:05:59.434 CST</created><parent reference="../../.."/><description>期指持仓情况</description><topic reference="../../../../../../../../../../../../../../topics/items/topic[5]"/><context reference="../../../../../../../../../../../../../../contexts/items/context[2]"/><state class="actionStateScheduled"><date>2012-04-17 06:00:00.0 CST</date><durationHours>0</durationHours><durationMinutes>0</durationMinutes><created>2012-04-08 11:05:59.434 CST</created></state><notes>http://vip.stock.finance.sina.com.cn/q/view/vCffex_Positions_cjcc.php</notes><done>true</done><doneDate>2012-04-17 00:00:00.0 CST</doneDate><priority reference="../../../../project[3]/children/action/priority"/><success></success><modified>2012-04-17 07:31:34.135 CST</modified></action><action><id>12461</id><created>2012-04-08 11:05:59.450 CST</created><parent reference="../../.."/><description>期指持仓情况</description><topic reference="../../../../../../../../../../../../../../topics/items/topic[5]"/><context reference="../../../../../../../../../../../../../../contexts/items/context[2]"/><state class="actionStateScheduled"><date>2012-04-18 06:00:00.0 CST</date><durationHours>0</durationHours><durationMinutes>0</durationMinutes><created>2012-04-08 11:05:59.450 CST</created></state><notes>http://vip.stock.finance.sina.com.cn/q/view/vCffex_Positions_cjcc.php</notes><done>true</done><doneDate>2012-04-18 00:00:00.0 CST</doneDate><priority reference="../../../../project[3]/children/action/priority"/><success></success><modified>2012-04-18 08:18:20.402 CST</modified></action><action><id>12462</id><created>2012-04-08 11:05:59.481 CST</created><parent reference="../../.."/><description>期指持仓情况</description><topic reference="../../../../../../../../../../../../../../topics/items/topic[5]"/><context reference="../../../../../../../../../../../../../../contexts/items/context[2]"/><state class="actionStateScheduled"><date>2012-04-19 06:00:00.0 CST</date><durationHours>0</durationHours><durationMinutes>0</durationMinutes><created>2012-04-08 11:05:59.481 CST</created></state><notes>http://vip.stock.finance.sina.com.cn/q/view/vCffex_Positions_cjcc.php</notes><done>true</done><doneDate>2012-04-19 08:05:22.743 CST</doneDate><priority reference="../../../../project[3]/children/action/priority"/><success></success><modified>2012-04-19 08:05:22.743 CST</modified></action><action><id>12463</id><created>2012-04-08 11:05:59.497 CST</created><parent reference="../../.."/><description>期指持仓情况</description><topic reference="../../../../../../../../../../../../../../topics/items/topic[5]"/><context reference="../../../../../../../../../../../../../../contexts/items/context[2]"/><state class="actionStateScheduled"><date>2012-04-20 06:00:00.0 CST</date><durationHours>0</durationHours><durationMinutes>0</durationMinutes><created>2012-04-08 11:05:59.497 CST</created></state><notes>http://vip.stock.finance.sina.com.cn/q/view/vCffex_Positions_cjcc.php</notes><done>true</done><doneDate>2012-04-20 07:40:07.721 CST</doneDate><priority reference="../../../../project[3]/children/action/priority"/><success></success><modified>2012-04-20 07:40:07.721 CST</modified></action><action><id>12472</id><created>2012-04-08 11:07:13.976 CST</created><parent reference="../../.."/><description>开盘前查看东方财富网新闻</description><topic reference="../../../../../../../../../../../../../../topics/items/topic[5]"/><context reference="../../../../../../../../../../../../../../contexts/items/context[2]"/><state class="actionStateScheduled"><date>2012-04-16 06:00:00.0 CST</date><durationHours>0</durationHours><durationMinutes>0</durationMinutes><created>2012-04-08 11:07:13.976 CST</created></state><notes>http://www.eastmoney.com/</notes><done>true</done><doneDate>2012-04-16 00:00:00.0 CST</doneDate><priority reference="../../../../project[3]/children/action/priority"/><success>知道每天影响股市的重大新闻</success><modified>2012-04-16 08:13:55.467 CST</modified></action><action><id>12473</id><created>2012-04-08 11:07:13.989 CST</created><parent reference="../../.."/><description>开盘前查看东方财富网新闻</description><topic reference="../../../../../../../../../../../../../../topics/items/topic[5]"/><context reference="../../../../../../../../../../../../../../contexts/items/context[2]"/><state class="actionStateScheduled"><date>2012-04-17 06:00:00.0 CST</date><durationHours>0</durationHours><durationMinutes>0</durationMinutes><created>2012-04-08 11:07:13.989 CST</created></state><notes>http://www.eastmoney.com/</notes><done>true</done><doneDate>2012-04-17 00:00:00.0 CST</doneDate><priority reference="../../../../project[3]/children/action/priority"/><success>知道每天影响股市的重大新闻</success><modified>2012-04-17 07:32:59.309 CST</modified></action><action><id>12474</id><created>2012-04-08 11:07:13.994 CST</created><parent reference="../../.."/><description>开盘前查看东方财富网新闻</description><topic reference="../../../../../../../../../../../../../../topics/items/topic[5]"/><context reference="../../../../../../../../../../../../../../contexts/items/context[2]"/><state class="actionStateScheduled"><date>2012-04-18 06:00:00.0 CST</date><durationHours>0</durationHours><durationMinutes>0</durationMinutes><created>2012-04-08 11:07:13.994 CST</created></state><notes>http://www.eastmoney.com/</notes><done>true</done><doneDate>2012-04-18 08:18:22.305 CST</doneDate><priority reference="../../../../project[3]/children/action/priority"/><success>知道每天影响股市的重大新闻</success><modified>2012-04-18 08:18:22.305 CST</modified></action><action><id>12475</id><created>2012-04-08 11:07:14.15 CST</created><parent reference="../../.."/><description>开盘前查看东方财富网新闻</description><topic reference="../../../../../../../../../../../../../../topics/items/topic[5]"/><context reference="../../../../../../../../../../../../../../contexts/items/context[2]"/><state class="actionStateScheduled"><date>2012-04-19 06:00:00.0 CST</date><durationHours>0</durationHours><durationMinutes>0</durationMinutes><created>2012-04-08 11:07:14.15 CST</created></state><notes>http://www.eastmoney.com/</notes><done>true</done><doneDate>2012-04-19 00:00:00.0 CST</doneDate><priority reference="../../../../project[3]/children/action/priority"/><success>知道每天影响股市的重大新闻</success><modified>2012-04-19 08:05:40.281 CST</modified></action><action><id>12476</id><created>2012-04-08 11:07:14.37 CST</created><parent reference="../../.."/><description>开盘前查看东方财富网新闻</description><topic reference="../../../../../../../../../../../../../../topics/items/topic[5]"/><context reference="../../../../../../../../../../../../../../contexts/items/context[2]"/><state class="actionStateScheduled"><date>2012-04-20 06:00:00.0 CST</date><durationHours>0</durationHours><durationMinutes>0</durationMinutes><created>2012-04-08 11:07:14.37 CST</created></state><notes>http://www.eastmoney.com/</notes><done>true</done><doneDate>2012-04-20 00:00:00.0 CST</doneDate><priority reference="../../../../project[3]/children/action/priority"/><success>知道每天影响股市的重大新闻</success><modified>2012-04-20 07:40:09.898 CST</modified></action><action><id>12477</id><created>2012-04-08 11:07:14.63 CST</created><parent reference="../../.."/><description>每天查看相关大盘，关注股票走势</description><topic reference="../../../../../../../../../../../../../../topics/items/topic[5]"/><context reference="../../../../../../../../../../../../../../contexts/items/context[4]"/><state class="actionStateScheduled"><date>2012-04-16 06:00:00.0 CST</date><durationHours>0</durationHours><durationMinutes>0</durationMinutes><created>2012-04-08 11:07:14.63 CST</created></state><notes>上证指数&#x0D;
中小板指数&#x0D;
创业板指数&#x0D;
关注的股票&#x0D;
美元指数&#x0D;
世界重要股指</notes><done>true</done><doneDate>2012-04-16 00:00:00.0 CST</doneDate><priority reference="../../../../project[3]/children/action/priority"/><success>价位，成交量情况</success><modified>2012-04-16 08:40:49.44 CST</modified></action><action><id>12478</id><created>2012-04-08 11:07:14.74 CST</created><parent reference="../../.."/><description>每天查看相关大盘，关注股票走势</description><topic reference="../../../../../../../../../../../../../../topics/items/topic[5]"/><context reference="../../../../../../../../../../../../../../contexts/items/context[4]"/><state class="actionStateScheduled"><date>2012-04-17 06:00:00.0 CST</date><durationHours>0</durationHours><durationMinutes>0</durationMinutes><created>2012-04-08 11:07:14.75 CST</created></state><notes>上证指数&#x0D;
中小板指数&#x0D;
创业板指数&#x0D;
关注的股票&#x0D;
美元指数&#x0D;
世界重要股指</notes><done>true</done><doneDate>2012-04-17 00:00:00.0 CST</doneDate><priority reference="../../../../project[3]/children/action/priority"/><success>价位，成交量情况</success><modified>2012-04-17 07:33:04.190 CST</modified></action><action><id>12479</id><created>2012-04-08 11:07:14.85 CST</created><parent reference="../../.."/><description>每天查看相关大盘，关注股票走势</description><topic reference="../../../../../../../../../../../../../../topics/items/topic[5]"/><context reference="../../../../../../../../../../../../../../contexts/items/context[4]"/><state class="actionStateScheduled"><date>2012-04-18 06:00:00.0 CST</date><durationHours>0</durationHours><durationMinutes>0</durationMinutes><created>2012-04-08 11:07:14.85 CST</created></state><notes>上证指数&#x0D;
中小板指数&#x0D;
创业板指数&#x0D;
关注的股票&#x0D;
美元指数&#x0D;
世界重要股指</notes><done>true</done><doneDate>2012-04-18 08:18:18.920 CST</doneDate><priority reference="../../../../project[3]/children/action/priority"/><success>价位，成交量情况</success><modified>2012-04-18 08:18:18.920 CST</modified></action><action><id>12480</id><created>2012-04-08 11:07:14.114 CST</created><parent reference="../../.."/><description>每天查看相关大盘，关注股票走势</description><topic reference="../../../../../../../../../../../../../../topics/items/topic[5]"/><context reference="../../../../../../../../../../../../../../contexts/items/context[4]"/><state class="actionStateScheduled"><date>2012-04-19 06:00:00.0 CST</date><durationHours>0</durationHours><durationMinutes>0</durationMinutes><created>2012-04-08 11:07:14.114 CST</created></state><notes>上证指数&#x0D;
中小板指数&#x0D;
创业板指数&#x0D;
关注的股票&#x0D;
美元指数&#x0D;
世界重要股指</notes><done>true</done><doneDate>2012-04-19 00:00:00.0 CST</doneDate><priority reference="../../../../project[3]/children/action/priority"/><success>价位，成交量情况</success><modified>2012-04-19 08:18:22.187 CST</modified></action><action><id>12481</id><created>2012-04-08 11:07:14.125 CST</created><parent reference="../../.."/><description>每天查看相关大盘，关注股票走势</description><topic reference="../../../../../../../../../../../../../../topics/items/topic[5]"/><context reference="../../../../../../../../../../../../../../contexts/items/context[4]"/><state class="actionStateScheduled"><date>2012-04-20 06:00:00.0 CST</date><durationHours>0</durationHours><durationMinutes>0</durationMinutes><created>2012-04-08 11:07:14.125 CST</created></state><notes>上证指数&#x0D;
中小板指数&#x0D;
创业板指数&#x0D;
关注的股票&#x0D;
美元指数&#x0D;
世界重要股指</notes><done>true</done><doneDate>2012-04-20 08:00:44.637 CST</doneDate><priority reference="../../../../project[3]/children/action/priority"/><success>价位，成交量情况</success><modified>2012-04-20 08:00:44.637 CST</modified></action><action><id>12482</id><created>2012-04-08 11:07:14.135 CST</created><parent reference="../../.."/><description>QQ挂机接收群消息</description><topic reference="../../../../../../../../../../../../../../topics/items/topic[5]"/><context reference="../../../../../../../../../../../../../../contexts/items/context[2]"/><state class="actionStateScheduled"><date>2012-04-15 21:30:00.0 CST</date><durationHours>0</durationHours><durationMinutes>0</durationMinutes><created>2012-04-08 11:07:14.135 CST</created></state><notes>电脑21：30-24:00点保持QQ在线，</notes><done>true</done><doneDate>2012-04-16 00:00:00.0 CST</doneDate><priority reference="../../../../project[3]/children/action/priority"/><success></success><modified>2012-04-16 07:47:18.553 CST</modified></action><action><id>12483</id><created>2012-04-08 11:07:14.150 CST</created><parent reference="../../.."/><description>QQ挂机接收群消息</description><topic reference="../../../../../../../../../../../../../../topics/items/topic[5]"/><context reference="../../../../../../../../../../../../../../contexts/items/context[2]"/><state class="actionStateScheduled"><date>2012-04-16 21:30:00.0 CST</date><durationHours>0</durationHours><durationMinutes>0</durationMinutes><created>2012-04-08 11:07:14.150 CST</created></state><notes>电脑21：30-24:00点保持QQ在线，</notes><done>true</done><doneDate>2012-04-17 07:21:41.273 CST</doneDate><priority reference="../../../../project[3]/children/action/priority"/><success></success><modified>2012-04-17 07:21:41.273 CST</modified></action><action><id>12484</id><created>2012-04-08 11:07:14.160 CST</created><parent reference="../../.."/><description>QQ挂机接收群消息</description><topic reference="../../../../../../../../../../../../../../topics/items/topic[5]"/><context reference="../../../../../../../../../../../../../../contexts/items/context[2]"/><state class="actionStateScheduled"><date>2012-04-17 21:30:00.0 CST</date><durationHours>0</durationHours><durationMinutes>0</durationMinutes><created>2012-04-08 11:07:14.160 CST</created></state><notes>电脑21：30-24:00点保持QQ在线，</notes><done>true</done><doneDate>2012-04-18 07:55:23.175 CST</doneDate><priority reference="../../../../project[3]/children/action/priority"/><success></success><modified>2012-04-18 07:55:23.175 CST</modified></action><action><id>12485</id><created>2012-04-08 11:07:14.184 CST</created><parent reference="../../.."/><description>QQ挂机接收群消息</description><topic reference="../../../../../../../../../../../../../../topics/items/topic[5]"/><context reference="../../../../../../../../../../../../../../contexts/items/context[2]"/><state class="actionStateScheduled"><date>2012-04-18 21:30:00.0 CST</date><durationHours>0</durationHours><durationMinutes>0</durationMinutes><created>2012-04-08 11:07:14.184 CST</created></state><notes>电脑21：30-24:00点保持QQ在线，</notes><done>true</done><doneDate>2012-04-19 00:00:00.0 CST</doneDate><priority reference="../../../../project[3]/children/action/priority"/><success></success><modified>2012-04-19 07:59:41.766 CST</modified></action><action><id>12486</id><created>2012-04-08 11:07:14.199 CST</created><parent reference="../../.."/><description>QQ挂机接收群消息</description><topic reference="../../../../../../../../../../../../../../topics/items/topic[5]"/><context reference="../../../../../../../../../../../../../../contexts/items/context[2]"/><state class="actionStateScheduled"><date>2012-04-19 21:30:00.0 CST</date><durationHours>0</durationHours><durationMinutes>0</durationMinutes><created>2012-04-08 11:07:14.199 CST</created></state><notes>电脑21：30-24:00点保持QQ在线，</notes><done>true</done><doneDate>2012-04-20 07:17:43.199 CST</doneDate><priority reference="../../../../project[3]/children/action/priority"/><success></success><modified>2012-04-20 07:17:43.199 CST</modified></action><action><id>12487</id><created>2012-04-08 11:07:14.215 CST</created><parent reference="../../.."/><description>制定当日操作计划，总结上一交易日经验教训</description><topic reference="../../../../../../../../../../../../../../topics/items/topic[5]"/><context reference="../../../../../../../../../../../../../../contexts/items/context[4]"/><state class="actionStateScheduled"><date>2012-04-19 07:00:00.0 CST</date><durationHours>0</durationHours><durationMinutes>0</durationMinutes><created>2012-04-08 11:07:14.215 CST</created></state><notes></notes><done>true</done><doneDate>2012-04-19 08:18:21.610 CST</doneDate><priority reference="../../../../project[3]/children/action/priority"/><success></success><modified>2012-04-19 08:18:21.610 CST</modified></action><action><id>12488</id><created>2012-04-08 11:07:14.220 CST</created><parent reference="../../.."/><description>制定当日操作计划，总结上一交易日经验教训</description><topic reference="../../../../../../../../../../../../../../topics/items/topic[5]"/><context reference="../../../../../../../../../../../../../../contexts/items/context[2]"/><state class="actionStateScheduled"><date>2012-04-16 07:00:00.0 CST</date><durationHours>0</durationHours><durationMinutes>0</durationMinutes><created>2012-04-08 11:07:14.220 CST</created></state><notes></notes><done>true</done><doneDate>2012-04-16 00:00:00.0 CST</doneDate><priority reference="../../../../project[3]/children/action/priority"/><success></success><modified>2012-04-16 08:40:21.257 CST</modified></action><action><id>12489</id><created>2012-04-08 11:07:14.245 CST</created><parent reference="../../.."/><description>制定当日操作计划，总结上一交易日经验教训</description><topic reference="../../../../../../../../../../../../../../topics/items/topic[5]"/><context reference="../../../../../../../../../../../../../../contexts/items/context[4]"/><state class="actionStateScheduled"><date>2012-04-17 07:00:00.0 CST</date><durationHours>0</durationHours><durationMinutes>0</durationMinutes><created>2012-04-08 11:07:14.245 CST</created></state><notes></notes><done>true</done><doneDate>2012-04-17 07:49:30.585 CST</doneDate><priority reference="../../../../project[3]/children/action/priority"/><success></success><modified>2012-04-17 07:49:30.585 CST</modified></action><action><id>12490</id><created>2012-04-08 11:07:14.253 CST</created><parent reference="../../.."/><description>制定当日操作计划，总结上一交易日经验教训</description><topic reference="../../../../../../../../../../../../../../topics/items/topic[5]"/><context reference="../../../../../../../../../../../../../../contexts/items/context[4]"/><state class="actionStateScheduled"><date>2012-04-20 07:00:00.0 CST</date><durationHours>0</durationHours><durationMinutes>0</durationMinutes><created>2012-04-08 11:07:14.253 CST</created></state><notes></notes><done>true</done><doneDate>2012-04-20 08:00:45.963 CST</doneDate><priority reference="../../../../project[3]/children/action/priority"/><success></success><modified>2012-04-20 08:00:45.963 CST</modified></action><action><id>12491</id><created>2012-04-08 11:07:14.266 CST</created><parent reference="../../.."/><description>制定当日操作计划，总结上一交易日经验教训</description><topic reference="../../../../../../../../../../../../../../topics/items/topic[5]"/><context reference="../../../../../../../../../../../../../../contexts/items/context[4]"/><state class="actionStateScheduled"><date>2012-04-18 07:00:00.0 CST</date><durationHours>0</durationHours><durationMinutes>0</durationMinutes><created>2012-04-08 11:07:14.266 CST</created></state><notes></notes><done>true</done><doneDate>2012-04-18 00:00:00.0 CST</doneDate><priority reference="../../../../project[3]/children/action/priority"/><success></success><modified>2012-04-18 08:21:16.682 CST</modified></action><action><id>12492</id><created>2012-04-08 11:07:14.280 CST</created><parent reference="../../.."/><description> 查看前日QQ群消息</description><topic reference="../../../../../../../../../../../../../../topics/items/topic[5]"/><context reference="../../../../../../../../../../../../../../contexts/items/context[2]"/><state class="actionStateScheduled"><date>2012-04-20 06:00:00.0 CST</date><durationHours>0</durationHours><durationMinutes>0</durationMinutes><created>2012-04-08 11:07:14.280 CST</created></state><notes></notes><done>true</done><doneDate>2012-04-20 08:00:45.402 CST</doneDate><priority reference="../../../../project[3]/children/action/priority"/><success></success><modified>2012-04-20 08:00:45.402 CST</modified></action><action><id>12493</id><created>2012-04-08 11:07:14.282 CST</created><parent reference="../../.."/><description> 查看前日QQ群消息</description><topic reference="../../../../../../../../../../../../../../topics/items/topic[5]"/><context reference="../../../../../../../../../../../../../../contexts/items/context[2]"/><state class="actionStateScheduled"><date>2012-04-16 06:00:00.0 CST</date><durationHours>0</durationHours><durationMinutes>0</durationMinutes><created>2012-04-08 11:07:14.282 CST</created></state><notes></notes><done>true</done><doneDate>2012-04-16 00:00:00.0 CST</doneDate><priority reference="../../../../project[3]/children/action/priority"/><success></success><modified>2012-04-16 08:37:57.251 CST</modified></action><action><id>12494</id><created>2012-04-08 11:07:14.287 CST</created><parent reference="../../.."/><description> 查看前日QQ群消息</description><topic reference="../../../../../../../../../../../../../../topics/items/topic[5]"/><context reference="../../../../../../../../../../../../../../contexts/items/context[2]"/><state class="actionStateScheduled"><date>2012-04-17 06:00:00.0 CST</date><durationHours>0</durationHours><durationMinutes>0</durationMinutes><created>2012-04-08 11:07:14.287 CST</created></state><notes></notes><done>true</done><doneDate>2012-04-18 07:55:21.256 CST</doneDate><priority reference="../../../../project[3]/children/action/priority"/><success></success><modified>2012-04-18 07:55:21.256 CST</modified></action><action><id>12495</id><created>2012-04-08 11:07:14.315 CST</created><parent reference="../../.."/><description> 查看前日QQ群消息</description><topic reference="../../../../../../../../../../../../../../topics/items/topic[5]"/><context reference="../../../../../../../../../../../../../../contexts/items/context[2]"/><state class="actionStateScheduled"><date>2012-04-18 06:00:00.0 CST</date><durationHours>0</durationHours><durationMinutes>0</durationMinutes><created>2012-04-08 11:07:14.315 CST</created></state><notes></notes><done>true</done><doneDate>2012-04-18 08:21:15.855 CST</doneDate><priority reference="../../../../project[3]/children/action/priority"/><success></success><modified>2012-04-18 08:21:15.855 CST</modified></action><action><id>12496</id><created>2012-04-08 11:07:14.322 CST</created><parent reference="../../.."/><description> 查看前日QQ群消息</description><topic reference="../../../../../../../../../../../../../../topics/items/topic[5]"/><context reference="../../../../../../../../../../../../../../contexts/items/context[2]"/><state class="actionStateScheduled"><date>2012-04-19 06:00:00.0 CST</date><durationHours>0</durationHours><durationMinutes>0</durationMinutes><created>2012-04-08 11:07:14.322 CST</created></state><notes></notes><done>true</done><doneDate>2012-04-19 08:18:20.218 CST</doneDate><priority reference="../../../../project[3]/children/action/priority"/><success></success><modified>2012-04-19 08:18:20.218 CST</modified></action><action><id>12512</id><created>2012-04-10 08:20:43.313 CST</created><parent reference="../../.."/><description>技术流博客</description><topic reference="../../../../../../../../../../../../../../topics/items/topic[5]"/><context reference="../../../../../../../../../../../../../../contexts/items/context[4]"/><state class="actionStateScheduled"><date>2012-04-11 06:00:00.0 CST</date><durationHours>0</durationHours><durationMinutes>0</durationMinutes><created>2012-04-10 08:20:43.313 CST</created></state><notes>http://blog.sina.com.cn/s/articlelist_1648693912_0_1.html</notes><done>true</done><doneDate>2012-04-10 00:00:00.0 CST</doneDate><priority reference="../../../../project[3]/children/action/priority"/><success>知道技术流当天对走势的看法</success><modified>2012-04-10 21:24:49.706 CST</modified></action><action><id>12527</id><created>2012-04-11 08:31:08.377 CST</created><parent reference="../../.."/><description>技术流博客</description><topic reference="../../../../../../../../../../../../../../topics/items/topic[5]"/><context reference="../../../../../../../../../../../../../../contexts/items/context[4]"/><state class="actionStateScheduled"><date>2012-04-12 06:00:00.0 CST</date><durationHours>0</durationHours><durationMinutes>0</durationMinutes><created>2012-04-11 08:31:08.377 CST</created></state><notes>http://blog.sina.com.cn/s/articlelist_1648693912_0_1.html</notes><done>true</done><doneDate>2012-04-12 00:00:00.0 CST</doneDate><priority reference="../../../../project[3]/children/action/priority"/><success>知道技术流当天对走势的看法</success><modified>2012-04-12 08:29:30.354 CST</modified></action><action><id>12549</id><created>2012-04-12 07:53:26.948 CST</created><parent reference="../../.."/><description>技术流博客</description><topic reference="../../../../../../../../../../../../../../topics/items/topic[5]"/><context reference="../../../../../../../../../../../../../../contexts/items/context[4]"/><state class="actionStateScheduled"><date>2012-04-13 06:00:00.0 CST</date><durationHours>0</durationHours><durationMinutes>0</durationMinutes><created>2012-04-12 07:53:26.948 CST</created></state><notes>http://blog.sina.com.cn/s/articlelist_1648693912_0_1.html</notes><done>true</done><doneDate>2012-04-13 00:00:00.0 CST</doneDate><priority reference="../../../../project[3]/children/action/priority"/><success>知道技术流当天对走势的看法</success><modified>2012-04-13 08:25:31.392 CST</modified></action><action><id>12560</id><created>2012-04-13 08:24:53.1 CST</created><parent reference="../../.."/><description>技术流博客</description><topic reference="../../../../../../../../../../../../../../topics/items/topic[5]"/><context reference="../../../../../../../../../../../../../../contexts/items/context[4]"/><state class="actionStateScheduled"><date>2012-04-16 06:00:00.0 CST</date><durationHours>0</durationHours><durationMinutes>0</durationMinutes><created>2012-04-13 08:24:53.1 CST</created></state><notes>http://blog.sina.com.cn/s/articlelist_1648693912_0_1.html</notes><done>true</done><doneDate>2012-04-16 00:00:00.0 CST</doneDate><priority reference="../../../../project[3]/children/action/priority"/><success>知道技术流当天对走势的看法</success><modified>2012-04-16 08:42:35.539 CST</modified></action><action><id>12565</id><created>2012-04-14 08:06:44.951 CST</created><parent reference="../../.."/><description>技术流博客</description><topic reference="../../../../../../../../../../../../../../topics/items/topic[5]"/><context reference="../../../../../../../../../../../../../../contexts/items/context[4]"/><state class="actionStateScheduled"><date>2012-04-17 06:00:00.0 CST</date><durationHours>0</durationHours><durationMinutes>0</durationMinutes><created>2012-04-14 08:06:44.951 CST</created></state><notes>http://blog.sina.com.cn/s/articlelist_1648693912_0_1.html</notes><done>true</done><doneDate>2012-04-17 00:00:00.0 CST</doneDate><priority reference="../../../../project[3]/children/action/priority"/><success>知道技术流当天对走势的看法</success><modified>2012-04-17 07:31:22.216 CST</modified></action><action><id>12577</id><created>2012-04-16 07:46:47.20 CST</created><parent reference="../../.."/><description>期指持仓情况</description><topic reference="../../../../../../../../../../../../../../topics/items/topic[5]"/><context reference="../../../../../../../../../../../../../../contexts/items/context[2]"/><state class="actionStateScheduled"><date>2012-04-23 06:00:00.0 CST</date><durationHours>0</durationHours><durationMinutes>0</durationMinutes><created>2012-04-16 07:46:47.36 CST</created></state><notes>http://vip.stock.finance.sina.com.cn/q/view/vCffex_Positions_cjcc.php</notes><done>true</done><doneDate>2012-04-23 06:30:03.540 CST</doneDate><priority reference="../../../../project[3]/children/action/priority"/><success></success><modified>2012-04-23 06:30:03.540 CST</modified></action><action><id>12578</id><created>2012-04-16 07:46:47.51 CST</created><parent reference="../../.."/><description>期指持仓情况</description><topic reference="../../../../../../../../../../../../../../topics/items/topic[5]"/><context reference="../../../../../../../../../../../../../../contexts/items/context[2]"/><state class="actionStateScheduled"><date>2012-04-24 06:00:00.0 CST</date><durationHours>0</durationHours><durationMinutes>0</durationMinutes><created>2012-04-16 07:46:47.51 CST</created></state><notes>http://vip.stock.finance.sina.com.cn/q/view/vCffex_Positions_cjcc.php</notes><done>true</done><doneDate>2012-04-24 09:08:34.536 CST</doneDate><priority reference="../../../../project[3]/children/action/priority"/><success></success><modified>2012-04-24 09:08:34.536 CST</modified></action><action><id>12579</id><created>2012-04-16 07:46:47.67 CST</created><parent reference="../../.."/><description>期指持仓情况</description><topic reference="../../../../../../../../../../../../../../topics/items/topic[5]"/><context reference="../../../../../../../../../../../../../../contexts/items/context[2]"/><state class="actionStateScheduled"><date>2012-04-25 06:00:00.0 CST</date><durationHours>0</durationHours><durationMinutes>0</durationMinutes><created>2012-04-16 07:46:47.67 CST</created></state><notes>http://vip.stock.finance.sina.com.cn/q/view/vCffex_Positions_cjcc.php</notes><done>true</done><doneDate>2012-04-25 07:25:33.104 CST</doneDate><priority reference="../../../../project[3]/children/action/priority"/><success></success><modified>2012-04-25 07:25:33.104 CST</modified></action><action><id>12580</id><created>2012-04-16 07:46:47.98 CST</created><parent reference="../../.."/><description>期指持仓情况</description><topic reference="../../../../../../../../../../../../../../topics/items/topic[5]"/><context reference="../../../../../../../../../../../../../../contexts/items/context[2]"/><state class="actionStateScheduled"><date>2012-04-26 06:00:00.0 CST</date><durationHours>0</durationHours><durationMinutes>0</durationMinutes><created>2012-04-16 07:46:47.98 CST</created></state><notes>http://vip.stock.finance.sina.com.cn/q/view/vCffex_Positions_cjcc.php</notes><done>true</done><doneDate>2012-04-26 07:48:34.86 CST</doneDate><priority reference="../../../../project[3]/children/action/priority"/><success></success><modified>2012-04-26 07:48:34.86 CST</modified></action><action><id>12581</id><created>2012-04-16 07:46:47.114 CST</created><parent reference="../../.."/><description>期指持仓情况</description><topic reference="../../../../../../../../../../../../../../topics/items/topic[5]"/><context reference="../../../../../../../../../../../../../../contexts/items/context[2]"/><state class="actionStateScheduled"><date>2012-04-27 06:00:00.0 CST</date><durationHours>0</durationHours><durationMinutes>0</durationMinutes><created>2012-04-16 07:46:47.114 CST</created></state><notes>http://vip.stock.finance.sina.com.cn/q/view/vCffex_Positions_cjcc.php</notes><done>true</done><doneDate>2012-04-27 00:00:00.0 CST</doneDate><priority reference="../../../../project[3]/children/action/priority"/><success></success><modified>2012-04-27 08:55:38.520 CST</modified></action><action><id>12582</id><created>2012-04-16 07:46:47.145 CST</created><parent reference="../../.."/><description>开盘前查看东方财富网新闻</description><topic reference="../../../../../../../../../../../../../../topics/items/topic[5]"/><context reference="../../../../../../../../../../../../../../contexts/items/context[2]"/><state class="actionStateScheduled"><date>2012-04-23 06:00:00.0 CST</date><durationHours>0</durationHours><durationMinutes>0</durationMinutes><created>2012-04-16 07:46:47.145 CST</created></state><notes>http://www.eastmoney.com/</notes><done>true</done><doneDate>2012-04-23 00:00:00.0 CST</doneDate><priority reference="../../../../project[3]/children/action/priority"/><success>知道每天影响股市的重大新闻</success><modified>2012-04-23 06:30:01.403 CST</modified></action><action><id>12583</id><created>2012-04-16 07:46:47.161 CST</created><parent reference="../../.."/><description>开盘前查看东方财富网新闻</description><topic reference="../../../../../../../../../../../../../../topics/items/topic[5]"/><context reference="../../../../../../../../../../../../../../contexts/items/context[2]"/><state class="actionStateScheduled"><date>2012-04-24 06:00:00.0 CST</date><durationHours>0</durationHours><durationMinutes>0</durationMinutes><created>2012-04-16 07:46:47.161 CST</created></state><notes>http://www.eastmoney.com/</notes><done>true</done><doneDate>2012-04-24 09:08:35.675 CST</doneDate><priority reference="../../../../project[3]/children/action/priority"/><success>知道每天影响股市的重大新闻</success><modified>2012-04-24 09:08:35.675 CST</modified></action><action><id>12584</id><created>2012-04-16 07:46:47.192 CST</created><parent reference="../../.."/><description>开盘前查看东方财富网新闻</description><topic reference="../../../../../../../../../../../../../../topics/items/topic[5]"/><context reference="../../../../../../../../../../../../../../contexts/items/context[2]"/><state class="actionStateScheduled"><date>2012-04-25 06:00:00.0 CST</date><durationHours>0</durationHours><durationMinutes>0</durationMinutes><created>2012-04-16 07:46:47.192 CST</created></state><notes>http://www.eastmoney.com/</notes><done>true</done><doneDate>2012-04-25 00:00:00.0 CST</doneDate><priority reference="../../../../project[3]/children/action/priority"/><success>知道每天影响股市的重大新闻</success><modified>2012-04-25 07:25:35.628 CST</modified></action><action><id>12585</id><created>2012-04-16 07:46:47.239 CST</created><parent reference="../../.."/><description>开盘前查看东方财富网新闻</description><topic reference="../../../../../../../../../../../../../../topics/items/topic[5]"/><context reference="../../../../../../../../../../../../../../contexts/items/context[2]"/><state class="actionStateScheduled"><date>2012-04-26 06:00:00.0 CST</date><durationHours>0</durationHours><durationMinutes>0</durationMinutes><created>2012-04-16 07:46:47.239 CST</created></state><notes>http://www.eastmoney.com/</notes><done>true</done><doneDate>2012-04-26 00:00:00.0 CST</doneDate><priority reference="../../../../project[3]/children/action/priority"/><success>知道每天影响股市的重大新闻</success><modified>2012-04-26 07:55:46.204 CST</modified></action><action><id>12586</id><created>2012-04-16 07:46:47.254 CST</created><parent reference="../../.."/><description>开盘前查看东方财富网新闻</description><topic reference="../../../../../../../../../../../../../../topics/items/topic[5]"/><context reference="../../../../../../../../../../../../../../contexts/items/context[2]"/><state class="actionStateScheduled"><date>2012-04-27 06:00:00.0 CST</date><durationHours>0</durationHours><durationMinutes>0</durationMinutes><created>2012-04-16 07:46:47.254 CST</created></state><notes>http://www.eastmoney.com/</notes><done>true</done><doneDate>2012-04-27 08:55:40.695 CST</doneDate><priority reference="../../../../project[3]/children/action/priority"/><success>知道每天影响股市的重大新闻</success><modified>2012-04-27 08:55:40.695 CST</modified></action><action><id>12587</id><created>2012-04-16 07:46:47.285 CST</created><parent reference="../../.."/><description>每天查看相关大盘，关注股票走势</description><topic reference="../../../../../../../../../../../../../../topics/items/topic[5]"/><context reference="../../../../../../../../../../../../../../contexts/items/context[4]"/><state class="actionStateScheduled"><date>2012-04-23 06:00:00.0 CST</date><durationHours>0</durationHours><durationMinutes>0</durationMinutes><created>2012-04-16 07:46:47.285 CST</created></state><notes>上证指数&#x0D;
中小板指数&#x0D;
创业板指数&#x0D;
关注的股票&#x0D;
美元指数&#x0D;
世界重要股指</notes><done>true</done><doneDate>2012-04-23 06:46:57.715 CST</doneDate><priority reference="../../../../project[3]/children/action/priority"/><success>价位，成交量情况</success><modified>2012-04-23 06:46:57.715 CST</modified></action><action><id>12588</id><created>2012-04-16 07:46:47.285 CST</created><parent reference="../../.."/><description>每天查看相关大盘，关注股票走势</description><topic reference="../../../../../../../../../../../../../../topics/items/topic[5]"/><context reference="../../../../../../../../../../../../../../contexts/items/context[4]"/><state class="actionStateScheduled"><date>2012-04-24 06:00:00.0 CST</date><durationHours>0</durationHours><durationMinutes>0</durationMinutes><created>2012-04-16 07:46:47.285 CST</created></state><notes>上证指数&#x0D;
中小板指数&#x0D;
创业板指数&#x0D;
关注的股票&#x0D;
美元指数&#x0D;
世界重要股指</notes><done>true</done><doneDate>2012-04-24 09:08:33.834 CST</doneDate><priority reference="../../../../project[3]/children/action/priority"/><success>价位，成交量情况</success><modified>2012-04-24 09:08:33.834 CST</modified></action><action><id>12589</id><created>2012-04-16 07:46:47.317 CST</created><parent reference="../../.."/><description>每天查看相关大盘，关注股票走势</description><topic reference="../../../../../../../../../../../../../../topics/items/topic[5]"/><context reference="../../../../../../../../../../../../../../contexts/items/context[4]"/><state class="actionStateScheduled"><date>2012-04-25 06:00:00.0 CST</date><durationHours>0</durationHours><durationMinutes>0</durationMinutes><created>2012-04-16 07:46:47.317 CST</created></state><notes>上证指数&#x0D;
中小板指数&#x0D;
创业板指数&#x0D;
关注的股票&#x0D;
美元指数&#x0D;
世界重要股指</notes><done>true</done><doneDate>2012-04-25 07:31:16.79 CST</doneDate><priority reference="../../../../project[3]/children/action/priority"/><success>价位，成交量情况</success><modified>2012-04-25 07:31:16.79 CST</modified></action><action><id>12590</id><created>2012-04-16 07:46:47.348 CST</created><parent reference="../../.."/><description>每天查看相关大盘，关注股票走势</description><topic reference="../../../../../../../../../../../../../../topics/items/topic[5]"/><context reference="../../../../../../../../../../../../../../contexts/items/context[4]"/><state class="actionStateScheduled"><date>2012-04-26 06:00:00.0 CST</date><durationHours>0</durationHours><durationMinutes>0</durationMinutes><created>2012-04-16 07:46:47.348 CST</created></state><notes>上证指数&#x0D;
中小板指数&#x0D;
创业板指数&#x0D;
关注的股票&#x0D;
美元指数&#x0D;
世界重要股指</notes><done>true</done><doneDate>2012-04-26 00:00:00.0 CST</doneDate><priority reference="../../../../project[3]/children/action/priority"/><success>价位，成交量情况</success><modified>2012-04-26 07:55:44.550 CST</modified></action><action><id>12591</id><created>2012-04-16 07:46:47.363 CST</created><parent reference="../../.."/><description>每天查看相关大盘，关注股票走势</description><topic reference="../../../../../../../../../../../../../../topics/items/topic[5]"/><context reference="../../../../../../../../../../../../../../contexts/items/context[4]"/><state class="actionStateScheduled"><date>2012-04-27 06:00:00.0 CST</date><durationHours>0</durationHours><durationMinutes>0</durationMinutes><created>2012-04-16 07:46:47.363 CST</created></state><notes>上证指数&#x0D;
中小板指数&#x0D;
创业板指数&#x0D;
关注的股票&#x0D;
美元指数&#x0D;
世界重要股指</notes><done>true</done><doneDate>2012-04-27 00:00:00.0 CST</doneDate><priority reference="../../../../project[3]/children/action/priority"/><success>价位，成交量情况</success><modified>2012-04-27 09:01:09.742 CST</modified></action><action><id>12592</id><created>2012-04-16 07:46:47.395 CST</created><parent reference="../../.."/><description>QQ挂机接收群消息</description><topic reference="../../../../../../../../../../../../../../topics/items/topic[5]"/><context reference="../../../../../../../../../../../../../../contexts/items/context[2]"/><state class="actionStateScheduled"><date>2012-04-22 21:30:00.0 CST</date><durationHours>0</durationHours><durationMinutes>0</durationMinutes><created>2012-04-16 07:46:47.410 CST</created></state><notes>电脑21：30-24:00点保持QQ在线，</notes><done>true</done><doneDate>2012-04-23 00:00:00.0 CST</doneDate><priority reference="../../../../project[3]/children/action/priority"/><success></success><modified>2012-04-23 06:25:16.144 CST</modified></action><action><id>12593</id><created>2012-04-16 07:46:47.426 CST</created><parent reference="../../.."/><description>QQ挂机接收群消息</description><topic reference="../../../../../../../../../../../../../../topics/items/topic[5]"/><context reference="../../../../../../../../../../../../../../contexts/items/context[2]"/><state class="actionStateScheduled"><date>2012-04-23 21:30:00.0 CST</date><durationHours>0</durationHours><durationMinutes>0</durationMinutes><created>2012-04-16 07:46:47.426 CST</created></state><notes>电脑21：30-24:00点保持QQ在线，</notes><done>true</done><doneDate>2012-04-24 00:00:00.0 CST</doneDate><priority reference="../../../../project[3]/children/action/priority"/><success></success><modified>2012-04-24 08:30:20.963 CST</modified></action><action><id>12594</id><created>2012-04-16 07:46:47.441 CST</created><parent reference="../../.."/><description>QQ挂机接收群消息</description><topic reference="../../../../../../../../../../../../../../topics/items/topic[5]"/><context reference="../../../../../../../../../../../../../../contexts/items/context[2]"/><state class="actionStateScheduled"><date>2012-04-24 21:30:00.0 CST</date><durationHours>0</durationHours><durationMinutes>0</durationMinutes><created>2012-04-16 07:46:47.441 CST</created></state><notes>电脑21：30-24:00点保持QQ在线，</notes><done>true</done><doneDate>2012-04-25 00:00:00.0 CST</doneDate><priority reference="../../../../project[3]/children/action/priority"/><success></success><modified>2012-04-25 06:40:02.112 CST</modified></action><action><id>12595</id><created>2012-04-16 07:46:47.473 CST</created><parent reference="../../.."/><description>QQ挂机接收群消息</description><topic reference="../../../../../../../../../../../../../../topics/items/topic[5]"/><context reference="../../../../../../../../../../../../../../contexts/items/context[2]"/><state class="actionStateScheduled"><date>2012-04-25 21:30:00.0 CST</date><durationHours>0</durationHours><durationMinutes>0</durationMinutes><created>2012-04-16 07:46:47.473 CST</created></state><notes>电脑21：30-24:00点保持QQ在线，</notes><done>true</done><doneDate>2012-04-26 00:00:00.0 CST</doneDate><priority reference="../../../../project[3]/children/action/priority"/><success></success><modified>2012-04-26 07:37:41.489 CST</modified></action><action><id>12596</id><created>2012-04-16 07:46:47.504 CST</created><parent reference="../../.."/><description>QQ挂机接收群消息</description><topic reference="../../../../../../../../../../../../../../topics/items/topic[5]"/><context reference="../../../../../../../../../../../../../../contexts/items/context[2]"/><state class="actionStateScheduled"><date>2012-04-26 21:30:00.0 CST</date><durationHours>0</durationHours><durationMinutes>0</durationMinutes><created>2012-04-16 07:46:47.504 CST</created></state><notes>电脑21：30-24:00点保持QQ在线，</notes><done>true</done><doneDate>2012-04-27 08:54:54.997 CST</doneDate><priority reference="../../../../project[3]/children/action/priority"/><success></success><modified>2012-04-27 08:54:54.997 CST</modified></action><action><id>12597</id><created>2012-04-16 07:46:47.551 CST</created><parent reference="../../.."/><description>制定当日操作计划，总结上一交易日经验教训</description><topic reference="../../../../../../../../../../../../../../topics/items/topic[5]"/><context reference="../../../../../../../../../../../../../../contexts/items/context[4]"/><state class="actionStateScheduled"><date>2012-04-26 07:00:00.0 CST</date><durationHours>0</durationHours><durationMinutes>0</durationMinutes><created>2012-04-16 07:46:47.551 CST</created></state><notes></notes><done>true</done><doneDate>2012-04-26 07:55:48.809 CST</doneDate><priority reference="../../../../project[3]/children/action/priority"/><success></success><modified>2012-04-26 07:55:48.809 CST</modified></action><action><id>12598</id><created>2012-04-16 07:46:47.582 CST</created><parent reference="../../.."/><description>制定当日操作计划，总结上一交易日经验教训</description><topic reference="../../../../../../../../../../../../../../topics/items/topic[5]"/><context reference="../../../../../../../../../../../../../../contexts/items/context[4]"/><state class="actionStateScheduled"><date>2012-04-23 07:00:00.0 CST</date><durationHours>0</durationHours><durationMinutes>0</durationMinutes><created>2012-04-16 07:46:47.582 CST</created></state><notes></notes><done>true</done><doneDate>2012-04-23 06:46:56.842 CST</doneDate><priority reference="../../../../project[3]/children/action/priority"/><success></success><modified>2012-04-23 06:46:56.842 CST</modified></action><action><id>12599</id><created>2012-04-16 07:46:47.597 CST</created><parent reference="../../.."/><description>制定当日操作计划，总结上一交易日经验教训</description><topic reference="../../../../../../../../../../../../../../topics/items/topic[5]"/><context reference="../../../../../../../../../../../../../../contexts/items/context[4]"/><state class="actionStateScheduled"><date>2012-04-24 07:00:00.0 CST</date><durationHours>0</durationHours><durationMinutes>0</durationMinutes><created>2012-04-16 07:46:47.597 CST</created></state><notes></notes><done>true</done><doneDate>2012-04-24 09:08:38.623 CST</doneDate><priority reference="../../../../project[3]/children/action/priority"/><success></success><modified>2012-04-24 09:08:38.623 CST</modified></action><action><id>12601</id><created>2012-04-16 07:46:47.644 CST</created><parent reference="../../.."/><description>制定当日操作计划，总结上一交易日经验教训</description><topic reference="../../../../../../../../../../../../../../topics/items/topic[5]"/><context reference="../../../../../../../../../../../../../../contexts/items/context[4]"/><state class="actionStateScheduled"><date>2012-04-25 07:00:00.0 CST</date><durationHours>0</durationHours><durationMinutes>0</durationMinutes><created>2012-04-16 07:46:47.644 CST</created></state><notes></notes><done>true</done><doneDate>2012-04-25 00:00:00.0 CST</doneDate><priority reference="../../../../project[3]/children/action/priority"/><success></success><modified>2012-04-25 07:31:15.50 CST</modified></action><action><id>12602</id><created>2012-04-16 07:46:47.644 CST</created><parent reference="../../.."/><description> 查看前日QQ群消息</description><topic reference="../../../../../../../../../../../../../../topics/items/topic[5]"/><context reference="../../../../../../../../../../../../../../contexts/items/context[2]"/><state class="actionStateScheduled"><date>2012-04-27 06:00:00.0 CST</date><durationHours>0</durationHours><durationMinutes>0</durationMinutes><created>2012-04-16 07:46:47.644 CST</created></state><notes></notes><done>true</done><doneDate>2012-04-27 00:00:00.0 CST</doneDate><priority reference="../../../../project[3]/children/action/priority"/><success></success><modified>2012-04-27 08:54:58.788 CST</modified></action><action><id>12603</id><created>2012-04-16 07:46:47.675 CST</created><parent reference="../../.."/><description> 查看前日QQ群消息</description><topic reference="../../../../../../../../../../../../../../topics/items/topic[5]"/><context reference="../../../../../../../../../../../../../../contexts/items/context[2]"/><state class="actionStateScheduled"><date>2012-04-23 06:00:00.0 CST</date><durationHours>0</durationHours><durationMinutes>0</durationMinutes><created>2012-04-16 07:46:47.675 CST</created></state><notes></notes><done>true</done><doneDate>2012-04-23 00:00:00.0 CST</doneDate><priority reference="../../../../project[3]/children/action/priority"/><success></success><modified>2012-04-23 06:36:45.703 CST</modified></action><action><id>12604</id><created>2012-04-16 07:46:47.675 CST</created><parent reference="../../.."/><description> 查看前日QQ群消息</description><topic reference="../../../../../../../../../../../../../../topics/items/topic[5]"/><context reference="../../../../../../../../../../../../../../contexts/items/context[2]"/><state class="actionStateScheduled"><date>2012-04-24 06:00:00.0 CST</date><durationHours>0</durationHours><durationMinutes>0</durationMinutes><created>2012-04-16 07:46:47.675 CST</created></state><notes></notes><done>true</done><doneDate>2012-04-24 09:08:36.361 CST</doneDate><priority reference="../../../../project[3]/children/action/priority"/><success></success><modified>2012-04-24 09:08:36.361 CST</modified></action><action><id>12605</id><created>2012-04-16 07:46:47.707 CST</created><parent reference="../../.."/><description> 查看前日QQ群消息</description><topic reference="../../../../../../../../../../../../../../topics/items/topic[5]"/><context reference="../../../../../../../../../../../../../../contexts/items/context[2]"/><state class="actionStateScheduled"><date>2012-04-25 06:00:00.0 CST</date><durationHours>0</durationHours><durationMinutes>0</durationMinutes><created>2012-04-16 07:46:47.707 CST</created></state><notes></notes><done>true</done><doneDate>2012-04-25 00:00:00.0 CST</doneDate><priority reference="../../../../project[3]/children/action/priority"/><success></success><modified>2012-04-25 07:19:37.318 CST</modified></action><action><id>12606</id><created>2012-04-16 07:46:47.722 CST</created><parent reference="../../.."/><description> 查看前日QQ群消息</description><topic reference="../../../../../../../../../../../../../../topics/items/topic[5]"/><context reference="../../../../../../../../../../../../../../contexts/items/context[2]"/><state class="actionStateScheduled"><date>2012-04-26 06:00:00.0 CST</date><durationHours>0</durationHours><durationMinutes>0</durationMinutes><created>2012-04-16 07:46:47.722 CST</created></state><notes></notes><done>true</done><doneDate>2012-04-26 07:55:46.890 CST</doneDate><priority reference="../../../../project[3]/children/action/priority"/><success></success><modified>2012-04-26 07:55:46.890 CST</modified></action><action><id>12608</id><created>2012-04-16 09:37:05.349 CST</created><parent reference="../../.."/><description>制定当日操作计划，总结上一交易日经验教训</description><topic reference="../../../../../../../../../../../../../../topics/items/topic[5]"/><context reference="../../../../../../../../../../../../../../contexts/items/context[4]"/><state class="actionStateScheduled"><date>2012-04-26 07:00:00.0 CST</date><durationHours>0</durationHours><durationMinutes>0</durationMinutes><created>2012-04-16 09:37:05.364 CST</created></state><notes></notes><done>true</done><doneDate>2012-04-26 07:55:50.750 CST</doneDate><priority reference="../../../../project[3]/children/action/priority"/><success></success><modified>2012-04-26 07:55:50.750 CST</modified></action><action><id>12609</id><created>2012-04-16 09:37:05.364 CST</created><parent reference="../../.."/><description>制定当日操作计划，总结上一交易日经验教训</description><topic reference="../../../../../../../../../../../../../../topics/items/topic[5]"/><context reference="../../../../../../../../../../../../../../contexts/items/context[4]"/><state class="actionStateScheduled"><date>2012-04-27 07:00:00.0 CST</date><durationHours>0</durationHours><durationMinutes>0</durationMinutes><created>2012-04-16 09:37:05.364 CST</created></state><notes></notes><done>true</done><doneDate>2012-04-27 09:04:40.475 CST</doneDate><priority reference="../../../../project[3]/children/action/priority"/><success></success><modified>2012-04-27 09:04:40.475 CST</modified></action><action><id>12610</id><created>2012-04-16 09:37:05.395 CST</created><parent reference="../../.."/><description> 查看前日QQ群消息</description><topic reference="../../../../../../../../../../../../../../topics/items/topic[5]"/><context reference="../../../../../../../../../../../../../../contexts/items/context[2]"/><state class="actionStateScheduled"><date>2012-04-27 06:00:00.0 CST</date><durationHours>0</durationHours><durationMinutes>0</durationMinutes><created>2012-04-16 09:37:05.395 CST</created></state><notes></notes><done>true</done><doneDate>2012-04-27 08:55:01.174 CST</doneDate><priority reference="../../../../project[3]/children/action/priority"/><success></success><modified>2012-04-27 08:55:01.174 CST</modified></action><action><id>12624</id><created>2012-04-17 07:23:01.769 CST</created><parent reference="../../.."/><description>技术流博客</description><topic reference="../../../../../../../../../../../../../../topics/items/topic[5]"/><context reference="../../../../../../../../../../../../../../contexts/items/context[4]"/><state class="actionStateScheduled"><date>2012-04-18 06:00:00.0 CST</date><durationHours>0</durationHours><durationMinutes>0</durationMinutes><created>2012-04-17 07:23:01.769 CST</created></state><notes>http://blog.sina.com.cn/s/articlelist_1648693912_0_1.html</notes><done>true</done><doneDate>2012-04-18 08:18:21.135 CST</doneDate><priority reference="../../../../project[3]/children/action/priority"/><success>知道技术流当天对走势的看法</success><modified>2012-04-18 08:18:21.135 CST</modified></action><action><id>12654</id><created>2012-04-18 07:55:31.256 CST</created><parent reference="../../.."/><description>技术流博客</description><topic reference="../../../../../../../../../../../../../../topics/items/topic[5]"/><context reference="../../../../../../../../../../../../../../contexts/items/context[4]"/><state class="actionStateScheduled"><date>2012-04-19 06:00:00.0 CST</date><durationHours>0</durationHours><durationMinutes>0</durationMinutes><created>2012-04-18 07:55:31.256 CST</created></state><notes>http://blog.sina.com.cn/s/articlelist_1648693912_0_1.html</notes><done>true</done><doneDate>2012-04-19 00:00:00.0 CST</doneDate><priority reference="../../../../project[3]/children/action/priority"/><success>知道技术流当天对走势的看法</success><modified>2012-04-19 08:05:21.904 CST</modified></action><action><id>12665</id><created>2012-04-19 07:56:00.908 CST</created><parent reference="../../.."/><description>技术流博客</description><topic reference="../../../../../../../../../../../../../../topics/items/topic[5]"/><context reference="../../../../../../../../../../../../../../contexts/items/context[4]"/><state class="actionStateScheduled"><date>2012-04-20 06:00:00.0 CST</date><durationHours>0</durationHours><durationMinutes>0</durationMinutes><created>2012-04-19 07:56:00.908 CST</created></state><notes>http://blog.sina.com.cn/s/articlelist_1648693912_0_1.html</notes><done>true</done><doneDate>2012-04-20 07:40:08.713 CST</doneDate><priority reference="../../../../project[3]/children/action/priority"/><success>知道技术流当天对走势的看法</success><modified>2012-04-20 07:40:08.713 CST</modified></action><action><id>12686</id><created>2012-04-20 07:19:37.668 CST</created><parent reference="../../.."/><description>技术流博客</description><topic reference="../../../../../../../../../../../../../../topics/items/topic[5]"/><context reference="../../../../../../../../../../../../../../contexts/items/context[4]"/><state class="actionStateScheduled"><date>2012-04-23 06:00:00.0 CST</date><durationHours>0</durationHours><durationMinutes>0</durationMinutes><created>2012-04-20 07:19:37.668 CST</created></state><notes>http://blog.sina.com.cn/s/articlelist_1648693912_0_1.html</notes><done>true</done><doneDate>2012-04-23 06:30:02.713 CST</doneDate><priority reference="../../../../project[3]/children/action/priority"/><success>知道技术流当天对走势的看法</success><modified>2012-04-23 06:30:02.713 CST</modified></action><action><id>12690</id><created>2012-04-21 07:58:37.533 CST</created><parent reference="../../.."/><description>技术流博客</description><topic reference="../../../../../../../../../../../../../../topics/items/topic[5]"/><context reference="../../../../../../../../../../../../../../contexts/items/context[2]"/><state class="actionStateScheduled"><date>2012-04-24 06:00:00.0 CST</date><durationHours>0</durationHours><durationMinutes>0</durationMinutes><created>2012-04-21 07:58:37.533 CST</created></state><notes>http://blog.sina.com.cn/s/articlelist_1648693912_0_1.html</notes><done>true</done><doneDate>2012-04-24 09:08:35.113 CST</doneDate><priority reference="../../../../project[3]/children/action/priority"/><success>知道技术流当天对走势的看法</success><modified>2012-04-24 09:08:35.113 CST</modified></action><action><id>12699</id><created>2012-04-22 17:14:51.462 CST</created><parent reference="../../.."/><description>期指持仓情况</description><topic reference="../../../../../../../../../../../../../../topics/items/topic[5]"/><context reference="../../../../../../../../../../../../../../contexts/items/context[2]"/><state class="actionStateScheduled"><date>2012-05-02 06:00:00.0 CST</date><durationHours>0</durationHours><durationMinutes>0</durationMinutes><created>2012-04-22 17:14:51.462 CST</created></state><notes>http://vip.stock.finance.sina.com.cn/q/view/vCffex_Positions_cjcc.php</notes><done>true</done><doneDate>2012-05-02 08:01:22.815 CST</doneDate><priority reference="../../../../project[3]/children/action/priority"/><success></success><modified>2012-05-02 08:01:22.815 CST</modified></action><action><id>12700</id><created>2012-04-22 17:14:51.556 CST</created><parent reference="../../.."/><description>期指持仓情况</description><topic reference="../../../../../../../../../../../../../../topics/items/topic[5]"/><context reference="../../../../../../../../../../../../../../contexts/items/context[2]"/><state class="actionStateScheduled"><date>2012-05-03 06:00:00.0 CST</date><durationHours>0</durationHours><durationMinutes>0</durationMinutes><created>2012-04-22 17:14:51.556 CST</created></state><notes>http://vip.stock.finance.sina.com.cn/q/view/vCffex_Positions_cjcc.php</notes><done>true</done><doneDate>2012-05-03 00:00:00.0 CST</doneDate><priority reference="../../../../project[3]/children/action/priority"/><success></success><modified>2012-05-03 08:20:21.347 CST</modified></action><action><id>12701</id><created>2012-04-22 17:14:51.618 CST</created><parent reference="../../.."/><description>期指持仓情况</description><topic reference="../../../../../../../../../../../../../../topics/items/topic[5]"/><context reference="../../../../../../../../../../../../../../contexts/items/context[2]"/><state class="actionStateScheduled"><date>2012-05-04 06:00:00.0 CST</date><durationHours>0</durationHours><durationMinutes>0</durationMinutes><created>2012-04-22 17:14:51.618 CST</created></state><notes>http://vip.stock.finance.sina.com.cn/q/view/vCffex_Positions_cjcc.php</notes><done>true</done><doneDate>2012-05-04 07:17:15.70 CST</doneDate><priority reference="../../../../project[3]/children/action/priority"/><success></success><modified>2012-05-04 07:17:15.71 CST</modified></action><action><id>12704</id><created>2012-04-22 17:14:51.696 CST</created><parent reference="../../.."/><description>开盘前查看东方财富网新闻</description><topic reference="../../../../../../../../../../../../../../topics/items/topic[5]"/><context reference="../../../../../../../../../../../../../../contexts/items/context[2]"/><state class="actionStateScheduled"><date>2012-05-02 06:00:00.0 CST</date><durationHours>0</durationHours><durationMinutes>0</durationMinutes><created>2012-04-22 17:14:51.696 CST</created></state><notes>http://www.eastmoney.com/</notes><done>true</done><doneDate>2012-05-02 00:00:00.0 CST</doneDate><priority reference="../../../../project[3]/children/action/priority"/><success>知道每天影响股市的重大新闻</success><modified>2012-05-02 08:01:10.591 CST</modified></action><action><id>12705</id><created>2012-04-22 17:14:51.712 CST</created><parent reference="../../.."/><description>开盘前查看东方财富网新闻</description><topic reference="../../../../../../../../../../../../../../topics/items/topic[5]"/><context reference="../../../../../../../../../../../../../../contexts/items/context[2]"/><state class="actionStateScheduled"><date>2012-05-03 06:00:00.0 CST</date><durationHours>0</durationHours><durationMinutes>0</durationMinutes><created>2012-04-22 17:14:51.728 CST</created></state><notes>http://www.eastmoney.com/</notes><done>true</done><doneDate>2012-05-03 08:17:07.449 CST</doneDate><priority reference="../../../../project[3]/children/action/priority"/><success>知道每天影响股市的重大新闻</success><modified>2012-05-03 08:17:07.450 CST</modified></action><action><id>12706</id><created>2012-04-22 17:14:51.743 CST</created><parent reference="../../.."/><description>开盘前查看东方财富网新闻</description><topic reference="../../../../../../../../../../../../../../topics/items/topic[5]"/><context reference="../../../../../../../../../../../../../../contexts/items/context[2]"/><state class="actionStateScheduled"><date>2012-05-04 06:00:00.0 CST</date><durationHours>0</durationHours><durationMinutes>0</durationMinutes><created>2012-04-22 17:14:51.743 CST</created></state><notes>http://www.eastmoney.com/</notes><done>true</done><doneDate>2012-05-04 07:17:18.699 CST</doneDate><priority reference="../../../../project[3]/children/action/priority"/><success>知道每天影响股市的重大新闻</success><modified>2012-05-04 07:17:18.700 CST</modified></action><action><id>12709</id><created>2012-04-22 17:14:51.821 CST</created><parent reference="../../.."/><description>每天查看相关大盘，关注股票走势</description><topic reference="../../../../../../../../../../../../../../topics/items/topic[5]"/><context reference="../../../../../../../../../../../../../../contexts/items/context[4]"/><state class="actionStateScheduled"><date>2012-05-02 06:00:00.0 CST</date><durationHours>0</durationHours><durationMinutes>0</durationMinutes><created>2012-04-22 17:14:51.821 CST</created></state><notes>上证指数&#x0D;
中小板指数&#x0D;
创业板指数&#x0D;
关注的股票&#x0D;
美元指数&#x0D;
世界重要股指</notes><done>true</done><doneDate>2012-05-02 00:00:00.0 CST</doneDate><priority reference="../../../../project[3]/children/action/priority"/><success>价位，成交量情况</success><modified>2012-05-02 08:09:27.541 CST</modified></action><action><id>12710</id><created>2012-04-22 17:14:51.852 CST</created><parent reference="../../.."/><description>每天查看相关大盘，关注股票走势</description><topic reference="../../../../../../../../../../../../../../topics/items/topic[5]"/><context reference="../../../../../../../../../../../../../../contexts/items/context[4]"/><state class="actionStateScheduled"><date>2012-05-03 06:00:00.0 CST</date><durationHours>0</durationHours><durationMinutes>0</durationMinutes><created>2012-04-22 17:14:51.852 CST</created></state><notes>上证指数&#x0D;
中小板指数&#x0D;
创业板指数&#x0D;
关注的股票&#x0D;
美元指数&#x0D;
世界重要股指</notes><done>true</done><doneDate>2012-05-03 08:44:51.766 CST</doneDate><priority reference="../../../../project[3]/children/action/priority"/><success>价位，成交量情况</success><modified>2012-05-03 08:44:51.767 CST</modified></action><action><id>12711</id><created>2012-04-22 17:14:51.868 CST</created><parent reference="../../.."/><description>每天查看相关大盘，关注股票走势</description><topic reference="../../../../../../../../../../../../../../topics/items/topic[5]"/><context reference="../../../../../../../../../../../../../../contexts/items/context[4]"/><state class="actionStateScheduled"><date>2012-05-04 06:00:00.0 CST</date><durationHours>0</durationHours><durationMinutes>0</durationMinutes><created>2012-04-22 17:14:51.868 CST</created></state><notes>上证指数&#x0D;
中小板指数&#x0D;
创业板指数&#x0D;
关注的股票&#x0D;
美元指数&#x0D;
世界重要股指</notes><done>true</done><doneDate>2012-05-04 00:00:00.0 CST</doneDate><priority reference="../../../../project[3]/children/action/priority"/><success>价位，成交量情况</success><modified>2012-05-04 07:32:28.193 CST</modified></action><action><id>12714</id><created>2012-04-22 17:14:51.946 CST</created><parent reference="../../.."/><description>QQ挂机接收群消息</description><topic reference="../../../../../../../../../../../../../../topics/items/topic[5]"/><context reference="../../../../../../../../../../../../../../contexts/items/context[2]"/><state class="actionStateScheduled"><date>2012-05-01 21:30:00.0 CST</date><durationHours>0</durationHours><durationMinutes>0</durationMinutes><created>2012-04-22 17:14:51.946 CST</created></state><notes>电脑21：30-24:00点保持QQ在线，</notes><done>true</done><doneDate>2012-05-02 00:00:00.0 CST</doneDate><priority reference="../../../../project[3]/children/action/priority"/><success></success><modified>2012-05-02 07:46:10.182 CST</modified></action><action><id>12715</id><created>2012-04-22 17:14:51.962 CST</created><parent reference="../../.."/><description>QQ挂机接收群消息</description><topic reference="../../../../../../../../../../../../../../topics/items/topic[5]"/><context reference="../../../../../../../../../../../../../../contexts/items/context[2]"/><state class="actionStateScheduled"><date>2012-05-02 21:30:00.0 CST</date><durationHours>0</durationHours><durationMinutes>0</durationMinutes><created>2012-04-22 17:14:51.962 CST</created></state><notes>电脑21：30-24:00点保持QQ在线，</notes><done>true</done><doneDate>2012-05-02 23:00:15.391 CST</doneDate><priority reference="../../../../project[3]/children/action/priority"/><success></success><modified>2012-05-02 23:00:15.391 CST</modified></action><action><id>12716</id><created>2012-04-22 17:14:51.993 CST</created><parent reference="../../.."/><description>QQ挂机接收群消息</description><topic reference="../../../../../../../../../../../../../../topics/items/topic[5]"/><context reference="../../../../../../../../../../../../../../contexts/items/context[2]"/><state class="actionStateScheduled"><date>2012-05-03 21:30:00.0 CST</date><durationHours>0</durationHours><durationMinutes>0</durationMinutes><created>2012-04-22 17:14:51.993 CST</created></state><notes>电脑21：30-24:00点保持QQ在线，</notes><done>true</done><doneDate>2012-05-04 00:00:00.0 CST</doneDate><priority reference="../../../../project[3]/children/action/priority"/><success></success><modified>2012-05-04 07:07:27.728 CST</modified></action><action><id>12725</id><created>2012-04-24 08:31:41.359 CST</created><parent reference="../../.."/><description>技术流博客</description><topic reference="../../../../../../../../../../../../../../topics/items/topic[5]"/><context reference="../../../../../../../../../../../../../../contexts/items/context[2]"/><state class="actionStateScheduled"><date>2012-04-25 06:00:00.0 CST</date><durationHours>0</durationHours><durationMinutes>0</durationMinutes><created>2012-04-24 08:31:41.359 CST</created></state><notes>http://blog.sina.com.cn/s/articlelist_1648693912_0_1.html</notes><done>true</done><doneDate>2012-04-25 07:25:34.39 CST</doneDate><priority reference="../../../../project[3]/children/action/priority"/><success>知道技术流当天对走势的看法</success><modified>2012-04-25 07:25:34.39 CST</modified></action><action><id>12738</id><created>2012-04-25 06:33:57.679 CST</created><parent reference="../../.."/><description>技术流博客</description><topic reference="../../../../../../../../../../../../../../topics/items/topic[5]"/><context reference="../../../../../../../../../../../../../../contexts/items/context[2]"/><state class="actionStateScheduled"><date>2012-04-26 06:00:00.0 CST</date><durationHours>0</durationHours><durationMinutes>0</durationMinutes><created>2012-04-25 06:33:57.679 CST</created></state><notes>http://blog.sina.com.cn/s/articlelist_1648693912_0_1.html</notes><done>true</done><doneDate>2012-04-26 07:48:34.898 CST</doneDate><priority reference="../../../../project[3]/children/action/priority"/><success>知道技术流当天对走势的看法</success><modified>2012-04-26 07:48:34.898 CST</modified></action><action><id>12743</id><created>2012-04-26 07:38:55.324 CST</created><parent reference="../../.."/><description>技术流博客</description><topic reference="../../../../../../../../../../../../../../topics/items/topic[5]"/><context reference="../../../../../../../../../../../../../../contexts/items/context[2]"/><state class="actionStateScheduled"><date>2012-04-27 06:00:00.0 CST</date><durationHours>0</durationHours><durationMinutes>0</durationMinutes><created>2012-04-26 07:38:55.324 CST</created></state><notes>http://blog.sina.com.cn/s/articlelist_1648693912_0_1.html</notes><done>true</done><doneDate>2012-04-27 00:00:00.0 CST</doneDate><priority reference="../../../../project[3]/children/action/priority"/><success>知道技术流当天对走势的看法</success><modified>2012-04-27 08:55:41.840 CST</modified></action><action><id>12808</id><created>2012-05-02 07:44:42.523 CST</created><parent reference="../../.."/><description>技术流博客</description><topic reference="../../../../../../../../../../../../../../topics/items/topic[5]"/><context reference="../../../../../../../../../../../../../../contexts/items/context[2]"/><state class="actionStateScheduled"><date>2012-05-02 06:00:00.0 CST</date><durationHours>0</durationHours><durationMinutes>0</durationMinutes><created>2012-05-02 07:44:42.523 CST</created></state><notes>http://blog.sina.com.cn/s/articlelist_1648693912_0_1.html</notes><done>true</done><doneDate>2012-05-02 00:00:00.0 CST</doneDate><priority reference="../../../../project[3]/children/action/priority"/><success>知道技术流当天对走势的看法</success><modified>2012-05-02 08:01:21.976 CST</modified></action><action><id>12809</id><created>2012-05-02 07:44:42.538 CST</created><parent reference="../../.."/><description>技术流博客</description><topic reference="../../../../../../../../../../../../../../topics/items/topic[5]"/><context reference="../../../../../../../../../../../../../../contexts/items/context[2]"/><state class="actionStateScheduled"><date>2012-05-03 06:00:00.0 CST</date><durationHours>0</durationHours><durationMinutes>0</durationMinutes><created>2012-05-02 07:44:42.538 CST</created></state><notes>http://blog.sina.com.cn/s/articlelist_1648693912_0_1.html</notes><done>true</done><doneDate>2012-05-03 08:20:22.609 CST</doneDate><priority reference="../../../../project[3]/children/action/priority"/><success>知道技术流当天对走势的看法</success><modified>2012-05-03 08:20:22.610 CST</modified></action><action><id>12811</id><created>2012-05-02 07:44:42.585 CST</created><parent reference="../../.."/><description>期指持仓情况</description><topic reference="../../../../../../../../../../../../../../topics/items/topic[5]"/><context reference="../../../../../../../../../../../../../../contexts/items/context[2]"/><state class="actionStateScheduled"><date>2012-05-08 06:00:00.0 CST</date><durationHours>0</durationHours><durationMinutes>0</durationMinutes><created>2012-05-02 07:44:42.585 CST</created></state><notes>http://vip.stock.finance.sina.com.cn/q/view/vCffex_Positions_cjcc.php</notes><done>true</done><doneDate>2012-05-08 00:00:00.0 CST</doneDate><priority reference="../../../../project[3]/children/action/priority"/><success></success><modified>2012-05-08 09:34:51.342 CST</modified></action><action><id>12812</id><created>2012-05-02 07:44:42.632 CST</created><parent reference="../../.."/><description>期指持仓情况</description><topic reference="../../../../../../../../../../../../../../topics/items/topic[5]"/><context reference="../../../../../../../../../../../../../../contexts/items/context[2]"/><state class="actionStateScheduled"><date>2012-05-09 06:00:00.0 CST</date><durationHours>0</durationHours><durationMinutes>0</durationMinutes><created>2012-05-02 07:44:42.632 CST</created></state><notes>http://vip.stock.finance.sina.com.cn/q/view/vCffex_Positions_cjcc.php</notes><done>true</done><doneDate>2012-05-09 09:06:05.685 CST</doneDate><priority reference="../../../../project[3]/children/action/priority"/><success></success><modified>2012-05-09 09:06:05.685 CST</modified></action><action><id>12813</id><created>2012-05-02 07:44:42.663 CST</created><parent reference="../../.."/><description>期指持仓情况</description><topic reference="../../../../../../../../../../../../../../topics/items/topic[5]"/><context reference="../../../../../../../../../../../../../../contexts/items/context[2]"/><state class="actionStateScheduled"><date>2012-05-10 06:00:00.0 CST</date><durationHours>0</durationHours><durationMinutes>0</durationMinutes><created>2012-05-02 07:44:42.663 CST</created></state><notes>http://vip.stock.finance.sina.com.cn/q/view/vCffex_Positions_cjcc.php</notes><done>true</done><doneDate>2012-05-10 09:24:01.144 CST</doneDate><priority reference="../../../../project[3]/children/action/priority"/><success></success><modified>2012-05-10 09:24:01.144 CST</modified></action><action><id>12814</id><created>2012-05-02 07:44:42.710 CST</created><parent reference="../../.."/><description>期指持仓情况</description><topic reference="../../../../../../../../../../../../../../topics/items/topic[5]"/><context reference="../../../../../../../../../../../../../../contexts/items/context[2]"/><state class="actionStateScheduled"><date>2012-05-11 06:00:00.0 CST</date><durationHours>0</durationHours><durationMinutes>0</durationMinutes><created>2012-05-02 07:44:42.710 CST</created></state><notes>http://vip.stock.finance.sina.com.cn/q/view/vCffex_Positions_cjcc.php</notes><done>true</done><doneDate>2012-05-11 00:00:00.0 CST</doneDate><priority reference="../../../../project[3]/children/action/priority"/><success></success><modified>2012-05-11 09:12:55.83 CST</modified></action><action><id>12815</id><created>2012-05-02 07:44:42.741 CST</created><parent reference="../../.."/><description>开盘前查看东方财富网新闻</description><topic reference="../../../../../../../../../../../../../../topics/items/topic[5]"/><context reference="../../../../../../../../../../../../../../contexts/items/context[2]"/><state class="actionStateScheduled"><date>2012-05-07 06:00:00.0 CST</date><durationHours>0</durationHours><durationMinutes>0</durationMinutes><created>2012-05-02 07:44:42.741 CST</created></state><notes>http://www.eastmoney.com/</notes><done>true</done><doneDate>2012-05-08 00:00:00.0 CST</doneDate><priority reference="../../../../project[3]/children/action/priority"/><success>知道每天影响股市的重大新闻</success><modified>2012-05-08 09:31:11.565 CST</modified></action><action><id>12816</id><created>2012-05-02 07:44:42.772 CST</created><parent reference="../../.."/><description>开盘前查看东方财富网新闻</description><topic reference="../../../../../../../../../../../../../../topics/items/topic[5]"/><context reference="../../../../../../../../../../../../../../contexts/items/context[2]"/><state class="actionStateScheduled"><date>2012-05-08 06:00:00.0 CST</date><durationHours>0</durationHours><durationMinutes>0</durationMinutes><created>2012-05-02 07:44:42.772 CST</created></state><notes>http://www.eastmoney.com/</notes><done>true</done><doneDate>2012-05-08 00:00:00.0 CST</doneDate><priority reference="../../../../project[3]/children/action/priority"/><success>知道每天影响股市的重大新闻</success><modified>2012-05-08 09:33:55.214 CST</modified></action><action><id>12817</id><created>2012-05-02 07:44:42.803 CST</created><parent reference="../../.."/><description>开盘前查看东方财富网新闻</description><topic reference="../../../../../../../../../../../../../../topics/items/topic[5]"/><context reference="../../../../../../../../../../../../../../contexts/items/context[2]"/><state class="actionStateScheduled"><date>2012-05-09 06:00:00.0 CST</date><durationHours>0</durationHours><durationMinutes>0</durationMinutes><created>2012-05-02 07:44:42.803 CST</created></state><notes>http://www.eastmoney.com/</notes><done>true</done><doneDate>2012-05-09 00:00:00.0 CST</doneDate><priority reference="../../../../project[3]/children/action/priority"/><success>知道每天影响股市的重大新闻</success><modified>2012-05-09 08:29:03.323 CST</modified></action><action><id>12818</id><created>2012-05-02 07:44:42.835 CST</created><parent reference="../../.."/><description>开盘前查看东方财富网新闻</description><topic reference="../../../../../../../../../../../../../../topics/items/topic[5]"/><context reference="../../../../../../../../../../../../../../contexts/items/context[2]"/><state class="actionStateScheduled"><date>2012-05-10 06:00:00.0 CST</date><durationHours>0</durationHours><durationMinutes>0</durationMinutes><created>2012-05-02 07:44:42.850 CST</created></state><notes>http://www.eastmoney.com/</notes><done>true</done><doneDate>2012-05-10 00:00:00.0 CST</doneDate><priority reference="../../../../project[3]/children/action/priority"/><success>知道每天影响股市的重大新闻</success><modified>2012-05-10 09:23:59.600 CST</modified></action><action><id>12819</id><created>2012-05-02 07:44:42.866 CST</created><parent reference="../../.."/><description>开盘前查看东方财富网新闻</description><topic reference="../../../../../../../../../../../../../../topics/items/topic[5]"/><context reference="../../../../../../../../../../../../../../contexts/items/context[2]"/><state class="actionStateScheduled"><date>2012-05-11 06:00:00.0 CST</date><durationHours>0</durationHours><durationMinutes>0</durationMinutes><created>2012-05-02 07:44:42.866 CST</created></state><notes>http://www.eastmoney.com/</notes><done>true</done><doneDate>2012-05-11 09:12:57.635 CST</doneDate><priority reference="../../../../project[3]/children/action/priority"/><success>知道每天影响股市的重大新闻</success><modified>2012-05-11 09:12:57.637 CST</modified></action><action><id>12822</id><created>2012-05-02 07:44:42.944 CST</created><parent reference="../../.."/><description>每天查看相关大盘，关注股票走势</description><topic reference="../../../../../../../../../../../../../../topics/items/topic[5]"/><context reference="../../../../../../../../../../../../../../contexts/items/context[4]"/><state class="actionStateScheduled"><date>2012-05-09 06:00:00.0 CST</date><durationHours>0</durationHours><durationMinutes>0</durationMinutes><created>2012-05-02 07:44:42.944 CST</created></state><notes>上证指数&#x0D;
中小板指数&#x0D;
创业板指数&#x0D;
关注的股票&#x0D;
美元指数&#x0D;
世界重要股指</notes><done>true</done><doneDate>2012-05-09 09:06:07.456 CST</doneDate><priority reference="../../../../project[3]/children/action/priority"/><success>价位，成交量情况</success><modified>2012-05-09 09:06:07.457 CST</modified></action><action><id>12823</id><created>2012-05-02 07:44:42.959 CST</created><parent reference="../../.."/><description>每天查看相关大盘，关注股票走势</description><topic reference="../../../../../../../../../../../../../../topics/items/topic[5]"/><context reference="../../../../../../../../../../../../../../contexts/items/context[4]"/><state class="actionStateScheduled"><date>2012-05-10 06:00:00.0 CST</date><durationHours>0</durationHours><durationMinutes>0</durationMinutes><created>2012-05-02 07:44:42.959 CST</created></state><notes>上证指数&#x0D;
中小板指数&#x0D;
创业板指数&#x0D;
关注的股票&#x0D;
美元指数&#x0D;
世界重要股指</notes><done>true</done><doneDate>2012-05-10 00:00:00.0 CST</doneDate><priority reference="../../../../project[3]/children/action/priority"/><success>价位，成交量情况</success><modified>2012-05-10 09:24:35.944 CST</modified></action><action><id>12824</id><created>2012-05-02 07:44:43.22 CST</created><parent reference="../../.."/><description>每天查看相关大盘，关注股票走势</description><topic reference="../../../../../../../../../../../../../../topics/items/topic[5]"/><context reference="../../../../../../../../../../../../../../contexts/items/context[4]"/><state class="actionStateScheduled"><date>2012-05-11 06:00:00.0 CST</date><durationHours>0</durationHours><durationMinutes>0</durationMinutes><created>2012-05-02 07:44:43.22 CST</created></state><notes>上证指数&#x0D;
中小板指数&#x0D;
创业板指数&#x0D;
关注的股票&#x0D;
美元指数&#x0D;
世界重要股指</notes><done>true</done><doneDate>2012-05-11 00:00:00.0 CST</doneDate><priority reference="../../../../project[3]/children/action/priority"/><success>价位，成交量情况</success><modified>2012-05-11 09:14:54.471 CST</modified></action><action><id>12825</id><created>2012-05-02 07:44:43.84 CST</created><parent reference="../../.."/><description>QQ挂机接收群消息</description><topic reference="../../../../../../../../../../../../../../topics/items/topic[5]"/><context reference="../../../../../../../../../../../../../../contexts/items/context[2]"/><state class="actionStateScheduled"><date>2012-05-06 21:30:00.0 CST</date><durationHours>0</durationHours><durationMinutes>0</durationMinutes><created>2012-05-02 07:44:43.84 CST</created></state><notes>电脑21：30-24:00点保持QQ在线，</notes><done>true</done><doneDate>2012-05-07 00:00:00.0 CST</doneDate><priority reference="../../../../project[3]/children/action/priority"/><success></success><modified>2012-05-07 21:30:24.610 CST</modified></action><action><id>12828</id><created>2012-05-02 07:44:43.193 CST</created><parent reference="../../.."/><description>QQ挂机接收群消息</description><topic reference="../../../../../../../../../../../../../../topics/items/topic[5]"/><context reference="../../../../../../../../../../../../../../contexts/items/context[2]"/><state class="actionStateScheduled"><date>2012-05-09 21:30:00.0 CST</date><durationHours>0</durationHours><durationMinutes>0</durationMinutes><created>2012-05-02 07:44:43.193 CST</created></state><notes>电脑21：30-24:00点保持QQ在线，</notes><done>true</done><doneDate>2012-05-10 00:00:00.0 CST</doneDate><priority reference="../../../../project[3]/children/action/priority"/><success></success><modified>2012-05-10 08:57:38.946 CST</modified></action><action><id>12829</id><created>2012-05-02 07:44:43.225 CST</created><parent reference="../../.."/><description>QQ挂机接收群消息</description><topic reference="../../../../../../../../../../../../../../topics/items/topic[5]"/><context reference="../../../../../../../../../../../../../../contexts/items/context[2]"/><state class="actionStateScheduled"><date>2012-05-10 21:30:00.0 CST</date><durationHours>0</durationHours><durationMinutes>0</durationMinutes><created>2012-05-02 07:44:43.225 CST</created></state><notes>电脑21：30-24:00点保持QQ在线，</notes><done>true</done><doneDate>2012-05-10 23:18:07.414 CST</doneDate><priority reference="../../../../project[3]/children/action/priority"/><success></success><modified>2012-05-10 23:18:07.416 CST</modified></action><action><id>12880</id><created>2012-05-03 07:15:54.119 CST</created><parent reference="../../.."/><description>技术流博客</description><topic reference="../../../../../../../../../../../../../../topics/items/topic[5]"/><context reference="../../../../../../../../../../../../../../contexts/items/context[2]"/><state class="actionStateScheduled"><date>2012-05-04 06:00:00.0 CST</date><durationHours>0</durationHours><durationMinutes>0</durationMinutes><created>2012-05-03 07:15:54.133 CST</created></state><notes>http://blog.sina.com.cn/s/articlelist_1648693912_0_1.html</notes><done>true</done><doneDate>2012-05-04 07:17:16.969 CST</doneDate><priority reference="../../../../project[3]/children/action/priority"/><success>知道技术流当天对走势的看法</success><modified>2012-05-04 07:17:16.971 CST</modified></action><action><id>12906</id><created>2012-05-05 16:26:26.500 CST</created><parent reference="../../.."/><description>技术流博客</description><topic reference="../../../../../../../../../../../../../../topics/items/topic[5]"/><context reference="../../../../../../../../../../../../../../contexts/items/context[2]"/><state class="actionStateScheduled"><date>2012-05-08 06:00:00.0 CST</date><durationHours>0</durationHours><durationMinutes>0</durationMinutes><created>2012-05-05 16:26:26.647 CST</created></state><notes>http://blog.sina.com.cn/s/articlelist_1648693912_0_1.html</notes><done>true</done><doneDate>2012-05-08 00:00:00.0 CST</doneDate><priority reference="../../../../project[3]/children/action/priority"/><success>知道技术流当天对走势的看法</success><modified>2012-05-08 09:34:48.126 CST</modified></action><action><id>12909</id><created>2012-05-07 21:17:46.603 CST</created><parent reference="../../.."/><description>期指持仓情况</description><topic reference="../../../../../../../../../../../../../../topics/items/topic[5]"/><context reference="../../../../../../../../../../../../../../contexts/items/context[2]"/><state class="actionStateScheduled"><date>2012-05-14 06:00:00.0 CST</date><durationHours>0</durationHours><durationMinutes>0</durationMinutes><created>2012-05-07 21:17:46.610 CST</created></state><notes>http://vip.stock.finance.sina.com.cn/q/view/vCffex_Positions_cjcc.php</notes><done>true</done><doneDate>2012-05-14 08:22:48.845 CST</doneDate><priority reference="../../../../project[3]/children/action/priority"/><success></success><modified>2012-05-14 08:22:48.847 CST</modified></action><action><id>12910</id><created>2012-05-07 21:17:46.886 CST</created><parent reference="../../.."/><description>期指持仓情况</description><topic reference="../../../../../../../../../../../../../../topics/items/topic[5]"/><context reference="../../../../../../../../../../../../../../contexts/items/context[2]"/><state class="actionStateScheduled"><date>2012-05-15 06:00:00.0 CST</date><durationHours>0</durationHours><durationMinutes>0</durationMinutes><created>2012-05-07 21:17:46.886 CST</created></state><notes>http://vip.stock.finance.sina.com.cn/q/view/vCffex_Positions_cjcc.php</notes><done>true</done><doneDate>2012-05-15 08:58:33.630 CST</doneDate><priority reference="../../../../project[3]/children/action/priority"/><success></success><modified>2012-05-15 08:58:33.630 CST</modified></action><action><id>12911</id><created>2012-05-07 21:17:47.18 CST</created><parent reference="../../.."/><description>期指持仓情况</description><topic reference="../../../../../../../../../../../../../../topics/items/topic[5]"/><context reference="../../../../../../../../../../../../../../contexts/items/context[2]"/><state class="actionStateScheduled"><date>2012-05-16 06:00:00.0 CST</date><durationHours>0</durationHours><durationMinutes>0</durationMinutes><created>2012-05-07 21:17:47.18 CST</created></state><notes>http://vip.stock.finance.sina.com.cn/q/view/vCffex_Positions_cjcc.php</notes><done>true</done><doneDate>2012-05-16 00:00:00.0 CST</doneDate><priority reference="../../../../project[3]/children/action/priority"/><success></success><modified>2012-05-16 09:04:42.854 CST</modified></action><action><id>12912</id><created>2012-05-07 21:17:47.283 CST</created><parent reference="../../.."/><description>期指持仓情况</description><topic reference="../../../../../../../../../../../../../../topics/items/topic[5]"/><context reference="../../../../../../../../../../../../../../contexts/items/context[2]"/><state class="actionStateScheduled"><date>2012-05-17 06:00:00.0 CST</date><durationHours>0</durationHours><durationMinutes>0</durationMinutes><created>2012-05-07 21:17:47.284 CST</created></state><notes>http://vip.stock.finance.sina.com.cn/q/view/vCffex_Positions_cjcc.php</notes><done>true</done><doneDate>2012-05-17 00:00:00.0 CST</doneDate><priority reference="../../../../project[3]/children/action/priority"/><success></success><modified>2012-05-17 09:49:14.626 CST</modified></action><action><id>12914</id><created>2012-05-07 21:17:47.402 CST</created><parent reference="../../.."/><description>开盘前查看东方财富网新闻</description><topic reference="../../../../../../../../../../../../../../topics/items/topic[5]"/><context reference="../../../../../../../../../../../../../../contexts/items/context[2]"/><state class="actionStateScheduled"><date>2012-05-14 06:00:00.0 CST</date><durationHours>0</durationHours><durationMinutes>0</durationMinutes><created>2012-05-07 21:17:47.402 CST</created></state><notes>http://www.eastmoney.com/</notes><done>true</done><doneDate>2012-05-14 00:00:00.0 CST</doneDate><priority reference="../../../../project[3]/children/action/priority"/><success>知道每天影响股市的重大新闻</success><modified>2012-05-14 08:23:48.715 CST</modified></action><action><id>12915</id><created>2012-05-07 21:17:47.409 CST</created><parent reference="../../.."/><description>开盘前查看东方财富网新闻</description><topic reference="../../../../../../../../../../../../../../topics/items/topic[5]"/><context reference="../../../../../../../../../../../../../../contexts/items/context[2]"/><state class="actionStateScheduled"><date>2012-05-15 06:00:00.0 CST</date><durationHours>0</durationHours><durationMinutes>0</durationMinutes><created>2012-05-07 21:17:47.409 CST</created></state><notes>http://www.eastmoney.com/</notes><done>true</done><doneDate>2012-05-15 08:58:30.176 CST</doneDate><priority reference="../../../../project[3]/children/action/priority"/><success>知道每天影响股市的重大新闻</success><modified>2012-05-15 08:58:30.177 CST</modified></action><action><id>12916</id><created>2012-05-07 21:17:47.581 CST</created><parent reference="../../.."/><description>开盘前查看东方财富网新闻</description><topic reference="../../../../../../../../../../../../../../topics/items/topic[5]"/><context reference="../../../../../../../../../../../../../../contexts/items/context[2]"/><state class="actionStateScheduled"><date>2012-05-16 06:00:00.0 CST</date><durationHours>0</durationHours><durationMinutes>0</durationMinutes><created>2012-05-07 21:17:47.582 CST</created></state><notes>http://www.eastmoney.com/</notes><done>true</done><doneDate>2012-05-16 09:04:10.775 CST</doneDate><priority reference="../../../../project[3]/children/action/priority"/><success>知道每天影响股市的重大新闻</success><modified>2012-05-16 09:04:10.775 CST</modified></action><action><id>12917</id><created>2012-05-07 21:17:47.739 CST</created><parent reference="../../.."/><description>开盘前查看东方财富网新闻</description><topic reference="../../../../../../../../../../../../../../topics/items/topic[5]"/><context reference="../../../../../../../../../../../../../../contexts/items/context[2]"/><state class="actionStateScheduled"><date>2012-05-17 06:00:00.0 CST</date><durationHours>0</durationHours><durationMinutes>0</durationMinutes><created>2012-05-07 21:17:47.739 CST</created></state><notes>http://www.eastmoney.com/</notes><done>true</done><doneDate>2012-05-17 00:00:00.0 CST</doneDate><priority reference="../../../../project[3]/children/action/priority"/><success>知道每天影响股市的重大新闻</success><modified>2012-05-17 09:49:01.666 CST</modified></action><action><id>12919</id><created>2012-05-07 21:17:48.133 CST</created><parent reference="../../.."/><description>每天查看相关大盘，关注股票走势</description><topic reference="../../../../../../../../../../../../../../topics/items/topic[5]"/><context reference="../../../../../../../../../../../../../../contexts/items/context[4]"/><state class="actionStateScheduled"><date>2012-05-14 06:00:00.0 CST</date><durationHours>0</durationHours><durationMinutes>0</durationMinutes><created>2012-05-07 21:17:48.135 CST</created></state><notes>上证指数&#x0D;
中小板指数&#x0D;
创业板指数&#x0D;
关注的股票&#x0D;
美元指数&#x0D;
世界重要股指</notes><done>true</done><doneDate>2012-05-14 08:23:45.141 CST</doneDate><priority reference="../../../../project[3]/children/action/priority"/><success>价位，成交量情况</success><modified>2012-05-14 08:23:45.142 CST</modified></action><action><id>12920</id><created>2012-05-07 21:17:48.169 CST</created><parent reference="../../.."/><description>每天查看相关大盘，关注股票走势</description><topic reference="../../../../../../../../../../../../../../topics/items/topic[5]"/><context reference="../../../../../../../../../../../../../../contexts/items/context[4]"/><state class="actionStateScheduled"><date>2012-05-15 06:00:00.0 CST</date><durationHours>0</durationHours><durationMinutes>0</durationMinutes><created>2012-05-07 21:17:48.170 CST</created></state><notes>上证指数&#x0D;
中小板指数&#x0D;
创业板指数&#x0D;
关注的股票&#x0D;
美元指数&#x0D;
世界重要股指</notes><done>true</done><doneDate>2012-05-15 08:58:34.504 CST</doneDate><priority reference="../../../../project[3]/children/action/priority"/><success>价位，成交量情况</success><modified>2012-05-15 08:58:34.504 CST</modified></action><action><id>12921</id><created>2012-05-07 21:17:48.248 CST</created><parent reference="../../.."/><description>每天查看相关大盘，关注股票走势</description><topic reference="../../../../../../../../../../../../../../topics/items/topic[5]"/><context reference="../../../../../../../../../../../../../../contexts/items/context[4]"/><state class="actionStateScheduled"><date>2012-05-16 06:00:00.0 CST</date><durationHours>0</durationHours><durationMinutes>0</durationMinutes><created>2012-05-07 21:17:48.249 CST</created></state><notes>上证指数&#x0D;
中小板指数&#x0D;
创业板指数&#x0D;
关注的股票&#x0D;
美元指数&#x0D;
世界重要股指</notes><done>true</done><doneDate>2012-05-16 17:54:33.59 CST</doneDate><priority reference="../../../../project[3]/children/action/priority"/><success>价位，成交量情况</success><modified>2012-05-16 17:54:33.59 CST</modified></action><action><id>12922</id><created>2012-05-07 21:17:48.707 CST</created><parent reference="../../.."/><description>每天查看相关大盘，关注股票走势</description><topic reference="../../../../../../../../../../../../../../topics/items/topic[5]"/><context reference="../../../../../../../../../../../../../../contexts/items/context[4]"/><state class="actionStateScheduled"><date>2012-05-17 06:00:00.0 CST</date><durationHours>0</durationHours><durationMinutes>0</durationMinutes><created>2012-05-07 21:17:48.707 CST</created></state><notes>上证指数&#x0D;
中小板指数&#x0D;
创业板指数&#x0D;
关注的股票&#x0D;
美元指数&#x0D;
世界重要股指</notes><done>true</done><doneDate>2012-05-17 00:00:00.0 CST</doneDate><priority reference="../../../../project[3]/children/action/priority"/><success>价位，成交量情况</success><modified>2012-05-17 09:49:22.571 CST</modified></action><action><id>12932</id><created>2012-05-08 09:32:21.879 CST</created><parent reference="../../.."/><description>技术流博客</description><topic reference="../../../../../../../../../../../../../../topics/items/topic[5]"/><context reference="../../../../../../../../../../../../../../contexts/items/context[2]"/><state class="actionStateScheduled"><date>2012-05-09 06:00:00.0 CST</date><durationHours>0</durationHours><durationMinutes>0</durationMinutes><created>2012-05-08 09:32:21.879 CST</created></state><notes>http://blog.sina.com.cn/s/articlelist_1648693912_0_1.html</notes><done>true</done><doneDate>2012-05-09 09:06:05.115 CST</doneDate><priority reference="../../../../project[3]/children/action/priority"/><success>知道技术流当天对走势的看法</success><modified>2012-05-09 09:06:05.115 CST</modified></action><action><id>12939</id><created>2012-05-09 08:23:13.628 CST</created><parent reference="../../.."/><description>技术流博客</description><topic reference="../../../../../../../../../../../../../../topics/items/topic[5]"/><context reference="../../../../../../../../../../../../../../contexts/items/context[2]"/><state class="actionStateScheduled"><date>2012-05-10 06:00:00.0 CST</date><durationHours>0</durationHours><durationMinutes>0</durationMinutes><created>2012-05-09 08:23:13.633 CST</created></state><notes>http://blog.sina.com.cn/s/articlelist_1648693912_0_1.html</notes><done>true</done><doneDate>2012-05-10 09:24:00.394 CST</doneDate><priority reference="../../../../project[3]/children/action/priority"/><success>知道技术流当天对走势的看法</success><modified>2012-05-10 09:24:00.395 CST</modified></action><action><id>12943</id><created>2012-05-10 08:58:32.919 CST</created><parent reference="../../.."/><description>技术流博客</description><topic reference="../../../../../../../../../../../../../../topics/items/topic[5]"/><context reference="../../../../../../../../../../../../../../contexts/items/context[2]"/><state class="actionStateScheduled"><date>2012-05-11 06:00:00.0 CST</date><durationHours>0</durationHours><durationMinutes>0</durationMinutes><created>2012-05-10 08:58:32.920 CST</created></state><notes>http://blog.sina.com.cn/s/articlelist_1648693912_0_1.html</notes><done>true</done><doneDate>2012-05-11 09:12:56.81 CST</doneDate><priority reference="../../../../project[3]/children/action/priority"/><success>知道技术流当天对走势的看法</success><modified>2012-05-11 09:12:56.91 CST</modified></action><action><id>12948</id><created>2012-05-11 09:14:18.369 CST</created><parent reference="../../.."/><description>技术流博客</description><topic reference="../../../../../../../../../../../../../../topics/items/topic[5]"/><context reference="../../../../../../../../../../../../../../contexts/items/context[2]"/><state class="actionStateScheduled"><date>2012-05-14 06:00:00.0 CST</date><durationHours>0</durationHours><durationMinutes>0</durationMinutes><created>2012-05-11 09:14:18.369 CST</created></state><notes>http://blog.sina.com.cn/s/articlelist_1648693912_0_1.html</notes><done>true</done><doneDate>2012-05-14 08:23:44.627 CST</doneDate><priority reference="../../../../project[3]/children/action/priority"/><success>知道技术流当天对走势的看法</success><modified>2012-05-14 08:23:44.627 CST</modified></action><action><id>12951</id><created>2012-05-12 10:30:59.893 CST</created><parent reference="../../.."/><description>技术流博客</description><topic reference="../../../../../../../../../../../../../../topics/items/topic[5]"/><context reference="../../../../../../../../../../../../../../contexts/items/context[2]"/><state class="actionStateScheduled"><date>2012-05-15 06:00:00.0 CST</date><durationHours>0</durationHours><durationMinutes>0</durationMinutes><created>2012-05-12 10:30:59.900 CST</created></state><notes>http://blog.sina.com.cn/s/articlelist_1648693912_0_1.html</notes><done>true</done><doneDate>2012-05-15 00:00:00.0 CST</doneDate><priority reference="../../../../project[3]/children/action/priority"/><success>知道技术流当天对走势的看法</success><modified>2012-05-15 08:58:31.992 CST</modified></action><action><id>12953</id><created>2012-05-13 09:42:05.839 CST</created><parent reference="../../.."/><description>期指持仓情况</description><topic reference="../../../../../../../../../../../../../../topics/items/topic[5]"/><context reference="../../../../../../../../../../../../../../contexts/items/context[2]"/><state class="actionStateScheduled"><date>2012-05-21 06:00:00.0 CST</date><durationHours>0</durationHours><durationMinutes>0</durationMinutes><created>2012-05-13 09:42:05.840 CST</created></state><notes>http://vip.stock.finance.sina.com.cn/q/view/vCffex_Positions_cjcc.php</notes><done>true</done><doneDate>2012-05-21 00:00:00.0 CST</doneDate><priority reference="../../../../project[3]/children/action/priority"/><success></success><modified>2012-05-21 08:06:02.434 CST</modified></action><action><id>12958</id><created>2012-05-13 09:42:09.47 CST</created><parent reference="../../.."/><description>开盘前查看东方财富网新闻</description><topic reference="../../../../../../../../../../../../../../topics/items/topic[5]"/><context reference="../../../../../../../../../../../../../../contexts/items/context[2]"/><state class="actionStateScheduled"><date>2012-05-21 06:00:00.0 CST</date><durationHours>0</durationHours><durationMinutes>0</durationMinutes><created>2012-05-13 09:42:09.47 CST</created></state><notes>http://www.eastmoney.com/</notes><done>true</done><doneDate>2012-05-21 08:06:03.797 CST</doneDate><priority reference="../../../../project[3]/children/action/priority"/><success>知道每天影响股市的重大新闻</success><modified>2012-05-21 08:06:03.798 CST</modified></action><action><id>12973</id><created>2012-05-15 08:53:38.319 CST</created><parent reference="../../.."/><description>技术流博客</description><topic reference="../../../../../../../../../../../../../../topics/items/topic[5]"/><context reference="../../../../../../../../../../../../../../contexts/items/context[2]"/><state class="actionStateScheduled"><date>2012-05-16 06:00:00.0 CST</date><durationHours>0</durationHours><durationMinutes>0</durationMinutes><created>2012-05-15 08:53:38.339 CST</created></state><notes>http://blog.sina.com.cn/s/articlelist_1648693912_0_1.html</notes><done>true</done><doneDate>2012-05-16 17:54:30.419 CST</doneDate><priority reference="../../../../project[3]/children/action/priority"/><success>知道技术流当天对走势的看法</success><modified>2012-05-16 17:54:30.420 CST</modified></action><action><id>12974</id><created>2012-05-16 09:03:41.385 CST</created><parent reference="../../.."/><description>技术流博客</description><topic reference="../../../../../../../../../../../../../../topics/items/topic[5]"/><context reference="../../../../../../../../../../../../../../contexts/items/context[2]"/><state class="actionStateScheduled"><date>2012-05-17 06:00:00.0 CST</date><durationHours>0</durationHours><durationMinutes>0</durationMinutes><created>2012-05-16 09:03:41.403 CST</created></state><notes>http://blog.sina.com.cn/s/articlelist_1648693912_0_1.html</notes><done>true</done><doneDate>2012-05-17 00:00:00.0 CST</doneDate><priority reference="../../../../project[3]/children/action/priority"/><success>知道技术流当天对走势的看法</success><modified>2012-05-17 09:49:06.818 CST</modified></action><action><id>12977</id><created>2012-05-19 15:24:11.479 CST</created><parent reference="../../.."/><description>技术流博客</description><topic reference="../../../../../../../../../../../../../../topics/items/topic[5]"/><context reference="../../../../../../../../../../../../../../contexts/items/context[2]"/><state class="actionStateScheduled"><date>2012-05-21 06:00:00.0 CST</date><durationHours>0</durationHours><durationMinutes>0</durationMinutes><created>2012-05-19 15:24:11.503 CST</created></state><notes>http://blog.sina.com.cn/s/articlelist_1648693912_0_1.html</notes><done>true</done><doneDate>2012-05-21 08:06:02.985 CST</doneDate><priority reference="../../../../project[3]/children/action/priority"/><success>知道技术流当天对走势的看法</success><modified>2012-05-21 08:06:03.28 CST</modified></action></children><topic reference="../../../../../../../../../../../../topics/items/topic[5]"/><description>每天股票查看项目</description><purpose></purpose><success>2012年赚12W</success><brainstorming></brainstorming><organising></organising><done>false</done><sequence>true</sequence><sequencing reference="../../project/sequencing"/><notes></notes><priority reference="../../project[3]/children/action/priority"/><modified>2012-05-29 09:18:33.579 CST</modified><seqIncludeScheduled>false</seqIncludeScheduled></project><project><id>12277</id><created>2012-03-29 16:43:19.262 CST</created><thought><created>2012-03-29 10:05:27.498 CST</created><description>dev a stock helper</description><topic reference="../../../../../../../../../../../../../topics/items/topic[5]"/><processed>true</processed><id>12271</id></thought><parent class="projects" reference="../../.."/><children><action><id>12276</id><created>2012-03-29 16:42:59.263 CST</created><thought reference="../../../thought"/><parent reference="../../.."/><description>需求分析</description><topic reference="../../../../../../../../../../../../../../topics/items/topic[5]"/><context reference="../../../../../../../../../../../../../../contexts/items/context[3]"/><state class="actionStateInactive"><created>2012-05-10 19:58:08.107 CST</created></state><notes></notes><done>false</done><success></success><modified>2012-05-10 19:58:08.107 CST</modified></action><action><id>12358</id><created>2012-04-01 11:19:37.120 CST</created><parent reference="../../.."/><description>开发</description><topic reference="../../../../../../../../../../../../../../topics/items/topic[5]"/><context><name>None</name><description>No context.</description><id>9</id></context><state class="actionStateInactive"><created>2012-05-10 19:58:11.304 CST</created></state><notes></notes><done>false</done><modified>2012-05-10 19:58:11.304 CST</modified></action></children><topic reference="../../../../../../../../../../../../topics/items/topic[5]"/><description>dev a stock helper</description><purpose></purpose><success></success><brainstorming></brainstorming><organising></organising><done>false</done><sequence>true</sequence><sequencing reference="../../project/sequencing"/><notes></notes><modified>2012-04-01 11:19:37.120 CST</modified></project><project><id>11181</id><created>2012-02-27 10:46:47.730 CST</created><thought><created>2012-02-20 15:41:27.966 CST</created><description>制定新年计划</description><topic reference="../../../project[8]/thought/topic"/><processed>true</processed><id>208</id></thought><parent class="projects" reference="../../.."/><children><action><id>12196</id><created>2012-03-26 19:52:30.156 CST</created><parent reference="../../.."/><description>读关于计划的资料</description><topic reference="../../../../../../../../../../../../../../topics/items/topic[4]"/><context><name>None</name><description>No context.</description><id>9</id></context><state class="actionStateASAP"><created>2012-03-26 19:52:30.156 CST</created></state><notes></notes><done>true</done><doneDate>2012-03-26 00:00:00.0 CST</doneDate><priority reference="../../../../project[3]/children/action/priority"/><modified>2012-03-26 20:40:35.355 CST</modified></action><action><id>12197</id><created>2012-03-26 20:40:41.503 CST</created><parent reference="../../.."/><description>制定人生目标</description><topic reference="../../../../../../../../../../../../../../topics/items/topic[4]"/><context reference="../../action/context"/><state class="actionStateASAP"><created>2012-03-26 20:40:41.503 CST</created></state><notes></notes><done>true</done><doneDate>2012-03-26 00:00:00.0 CST</doneDate><priority reference="../../../../project[3]/children/action/priority"/><modified>2012-03-26 20:41:58.390 CST</modified></action></children><topic reference="../../../../../../../../../../../../topics/items/topic[4]"/><description>制定计划</description><purpose></purpose><success></success><brainstorming></brainstorming><organising></organising><done>false</done><sequence>true</sequence><sequencing reference="../../project/sequencing"/><notes>Evernote 材料&#x0D;
</notes><priority reference="../../project[3]/children/action/priority"/><modified>2012-05-13 10:21:35.883 CST</modified></project><project><id>12675</id><created>2012-04-19 20:57:12.597 CST</created><parent class="projects" reference="../../.."/><children><action><id>12677</id><created>2012-04-19 20:57:31.28 CST</created><thought><created>2012-04-19 20:56:14.619 CST</created><description>了解cookpad</description><topic reference="../../../../../../../../../../../../../../../topics/items/topic[2]"/><processed>true</processed><notes>http://cookpad.com/</notes><id>12672</id></thought><parent reference="../../.."/><description>了解cookpad</description><topic reference="../../../../../../../../../../../../../../topics/items/topic[2]"/><context reference="../../../../../../../../../../../../../../contexts/items/context[3]"/><state class="actionStateASAP"><created>2012-04-19 20:58:19.959 CST</created></state><notes>http://cookpad.com/
http://ruby-china.org/topics/864</notes><done>false</done><success></success><modified>2012-04-19 21:00:26.476 CST</modified></action><action><id>12681</id><created>2012-04-19 20:58:44.741 CST</created><thought><created>2012-04-19 20:58:30.693 CST</created><description>学习使用skype</description><topic reference="../../../../../../../../../../../../../../../topics/items/topic[4]"/><processed>true</processed><id>12678</id></thought><parent reference="../../.."/><description>学习使用skype</description><topic reference="../../../../../../../../../../../../../../topics/items/topic[4]"/><context reference="../../../../../../../../../../../../../../contexts/items/context[2]"/><state class="actionStateASAP"><created>2012-04-19 20:58:53.954 CST</created></state><notes></notes><done>false</done><success></success><modified>2012-04-22 21:03:12.879 CST</modified></action><action><id>12682</id><created>2012-04-19 21:21:52.1 CST</created><parent reference="../../.."/><description>准备离职计划</description><topic><name>None</name><description>No topic.</description><color><red>0</red><green>0</green><blue>0</blue><alpha>255</alpha></color><background><red>255</red><green>255</green><blue>255</blue><alpha>255</alpha></background><id>8</id></topic><context reference="../../../../../../../../../../../../../../contexts/items/context[2]"/><state class="actionStateASAP"><created>2012-04-19 21:21:52.2 CST</created></state><notes></notes><done>false</done><modified>2012-04-22 21:03:08.736 CST</modified></action></children><topic reference="../children/action[3]/topic"/><description>工作</description><purpose></purpose><success></success><brainstorming></brainstorming><organising></organising><done>false</done><sequence>true</sequence><sequencing reference="../../project/sequencing"/><notes></notes><modified>2012-04-22 20:54:41.971 CST</modified></project></children><topic reference="../../../../../../../../../../topics/items/topic"/><description></description><purpose></purpose><success></success><brainstorming></brainstorming><organising></organising><done>false</done><sequence>false</sequence><modified>2012-05-10 20:11:20.904 CST</modified></projects><actions reference="../../.."/></children><topic reference="../../../../../../../../topics/items/topic"/><description></description><purpose></purpose><success></success><brainstorming></brainstorming><organising></organising><done>false</done><sequence>false</sequence><modified>2012-02-20 13:37:47.65 CST</modified></parent><children><action><id>10797</id><created>2012-02-20 16:09:38.311 CST</created><thought><created>2012-02-20 15:36:33.115 CST</created><description>Find a way to manage configuration files</description><topic reference="../../../../parent/children/projects/children/project[8]/thought/topic"/><processed>true</processed><id>196</id></thought><parent class="actions" reference="../../.."/><description>Find a way to manage configuration files</description><topic reference="../../../parent/children/projects/children/project[8]/thought/topic"/><context reference="../../../../../../../../../contexts/items/context[5]"/><state class="actionStateASAP"><created>2012-02-20 16:09:58.388 CST</created></state><notes></notes><done>true</done><doneDate>2012-02-20 00:00:00.0 CST</doneDate><priority reference="../../../parent/children/projects/children/project[3]/children/action/priority"/><success></success><modified>2012-02-20 21:07:05.811 CST</modified></action><action><id>10922</id><created>2012-02-22 00:00:00.0 CST</created><thought><created>2012-02-22 09:59:48.851 CST</created><description>check Linda weibo about rails and saas</description><topic><name>None</name><description>No topic.</description><color><red>0</red><green>0</green><blue>0</blue><alpha>255</alpha></color><background><red>255</red><green>255</green><blue>255</blue><alpha>255</alpha></background><id>8</id></topic><processed>true</processed><id>10920</id></thought><parent class="actions" reference="../../.."/><description>check Linda weibo about rails and saas</description><topic reference="../../../../../../../../../topics/items/topic[4]"/><context reference="../../../../../../../../../contexts/items/context[5]"/><state class="actionStateASAP"><created>2012-02-22 10:00:36.648 CST</created></state><notes></notes><done>true</done><doneDate>2012-02-22 00:00:00.0 CST</doneDate><time reference="../../../parent/children/projects/children/project[5]/children/project/children/project[2]/children/project/children/action/time"/><priority reference="../../../parent/children/projects/children/project[3]/children/action/priority"/><success></success><modified>2012-02-22 17:03:37.27 CST</modified></action><action><id>10799</id><created>2012-02-20 16:10:35.766 CST</created><thought><created>2012-02-20 15:37:32.927 CST</created><description>期指持仓</description><topic reference="../../../../parent/children/projects/children/project[8]/thought/topic"/><processed>true</processed><id>198</id></thought><parent class="actions" reference="../../.."/><description>期指持仓</description><topic reference="../../../parent/children/projects/children/project[8]/thought/topic"/><context reference="../../../../../../../../../contexts/items/context[5]"/><state class="actionStateASAP"><created>2012-02-20 16:11:27.126 CST</created></state><notes></notes><done>true</done><doneDate>2012-02-20 00:00:00.0 CST</doneDate><success>知道每天期指增减仓情况</success><modified>2012-02-20 18:50:32.980 CST</modified></action><action><id>10798</id><created>2012-02-20 16:09:58.388 CST</created><thought><created>2012-02-20 15:36:58.13 CST</created><description>整理桌子</description><topic reference="../../../../parent/children/projects/children/project[8]/thought/topic"/><processed>true</processed><id>197</id></thought><parent class="actions" reference="../../.."/><description>整理桌子</description><topic reference="../../../../../../../../../topics/items/topic[4]"/><context reference="../../../../../../../../../contexts/items/context[3]"/><state class="actionStateScheduled"><date>2012-02-27 00:00:00.0 CST</date><durationHours>0</durationHours><durationMinutes>0</durationMinutes><created>2012-02-22 19:28:54.372 CST</created></state><notes></notes><done>true</done><doneDate>2012-02-27 18:19:34.135 CST</doneDate><time reference="../../../parent/children/projects/children/project[5]/children/project/children/project[2]/children/project/children/action/time"/><priority reference="../../../parent/children/projects/children/project[3]/children/action/priority"/><success>Clean desk and find thing easily</success><modified>2012-02-27 18:19:34.135 CST</modified></action><action><id>10803</id><created>2012-02-20 16:12:12.943 CST</created><thought><created>2012-02-20 15:38:14.972 CST</created><description>review GTD 建议</description><topic reference="../../../../parent/children/projects/children/project[8]/thought/topic"/><processed>true</processed><id>200</id></thought><parent class="actions" reference="../../.."/><description>review GTD 建议</description><topic reference="../../../parent/children/projects/children/project[8]/thought/topic"/><context reference="../../../../../../../../../contexts/items/context[4]"/><state class="actionStateScheduled"><date>2012-02-24 00:00:00.0 CST</date><durationHours>0</durationHours><durationMinutes>0</durationMinutes><created>2012-02-20 16:12:40.898 CST</created></state><notes>[file:/D:/shawn/document/GTD/小强升职记/forms/File10/避开时间黑洞建议.pdf]</notes><done>true</done><doneDate>2012-02-24 00:00:00.0 CST</doneDate><time reference="../../../parent/children/projects/children/project[5]/children/project/children/project[4]/children/action[12]/time"/><priority reference="../../../parent/children/projects/children/project[3]/children/action/priority"/><success></success><modified>2012-02-24 08:52:24.673 CST</modified></action><action><id>10809</id><created>2012-02-20 16:15:28.730 CST</created><thought><created>2012-02-20 15:39:10.742 CST</created><description>Summary evenote GTD 的优势和缺点</description><topic reference="../../../../parent/children/projects/children/project[8]/thought/topic"/><processed>true</processed><id>202</id></thought><parent class="actions" reference="../../.."/><description>Summary evernote GTD 的优势和缺点</description><topic reference="../../../../../../../../../topics/items/topic[4]"/><context reference="../../../../../../../../../contexts/items/context[5]"/><state class="actionStateASAP"><created>2012-02-20 16:16:07.777 CST</created></state><notes></notes><done>true</done><doneDate>2012-02-22 00:00:00.0 CST</doneDate><time reference="../../../parent/children/projects/children/project/children/action/time"/><priority reference="../../../parent/children/projects/children/project[3]/children/action/priority"/><success> 成文</success><modified>2012-02-22 17:44:46.496 CST</modified></action><action><id>10814</id><created>2012-02-20 16:21:16.564 CST</created><thought><created>2012-02-20 15:39:54.834 CST</created><description>Learn outlook shortcut</description><topic reference="../../../../parent/children/projects/children/project[8]/thought/topic"/><processed>true</processed><id>204</id></thought><parent class="actions" reference="../../.."/><description>Learn outlook editor shortcut</description><topic reference="../../../parent/children/projects/children/project[8]/thought/topic"/><context reference="../../../../../../../../../contexts/items/context[3]"/><state class="actionStateASAP"><created>2012-02-20 16:21:45.490 CST</created></state><notes>No editor shortcut for outlook</notes><done>true</done><doneDate>2012-02-20 00:00:00.0 CST</doneDate><priority reference="../../../parent/children/projects/children/project[3]/children/action/priority"/><success>Be able to use outlook shortcut when edit a mail</success><modified>2012-02-20 18:59:03.728 CST</modified></action><action><id>10815</id><created>2012-02-20 16:21:45.490 CST</created><thought><created>2012-02-20 15:40:14.68 CST</created><description>Ask rocky for kindle </description><topic reference="../../../../parent/children/projects/children/project[8]/thought/topic"/><processed>true</processed><id>205</id></thought><parent class="actions" reference="../../.."/><description>Ask rocky for kindle </description><topic reference="../../../parent/children/projects/children/project[8]/thought/topic"/><context reference="../../../../../../../../../contexts/items/context[3]"/><state class="actionStateScheduled"><date>2012-02-20 17:45:00.0 CST</date><durationHours>17</durationHours><durationMinutes>30</durationMinutes><created>2012-02-20 16:22:35.879 CST</created></state><notes></notes><done>true</done><doneDate>2012-02-20 00:00:00.0 CST</doneDate><priority reference="../../../parent/children/projects/children/project[5]/children/project/children/action/priority"/><success>Get kindle from rocky</success><modified>2012-02-20 18:49:46.781 CST</modified></action><action><id>10813</id><created>2012-02-20 16:21:13.772 CST</created><parent class="actions" reference="../../.."/><description>还房贷</description><topic reference="../../../../../../../../../topics/items/topic[2]"/><context reference="../../../../../../../../../contexts/items/context[2]"/><state class="actionStateScheduled"><date>2012-03-16 00:00:00.0 CST</date><durationHours>0</durationHours><durationMinutes>0</durationMinutes><created>2012-02-20 16:21:13.772 CST</created></state><notes>转帐2034.91到中国银行</notes><done>true</done><doneDate>2012-03-17 00:00:00.0 CST</doneDate><priority reference="../../../parent/children/projects/children/project[5]/children/project/children/action/priority"/><success></success><modified>2012-03-17 12:22:25.222 CST</modified></action><action><id>10816</id><created>2012-02-20 16:22:35.879 CST</created><thought><created>2012-02-20 15:40:54.270 CST</created><description>宝宝打预防针</description><topic reference="../../../../parent/children/projects/children/project[8]/thought/topic"/><processed>true</processed><id>206</id></thought><parent class="actions" reference="../../.."/><description>宝宝打预防针</description><topic reference="../../../parent/children/projects/children/project[8]/thought/topic"/><context reference="../../../../../../../../../contexts/items/context[8]"/><state class="actionStateScheduled"><date>2012-03-26 20:30:00.0 CST</date><durationHours>0</durationHours><durationMinutes>30</durationMinutes><created>2012-02-20 16:22:59.935 CST</created></state><notes>明天打预防针</notes><done>true</done><doneDate>2012-03-27 00:00:00.0 CST</doneDate><priority reference="../../../parent/children/projects/children/project[5]/children/project/children/action/priority"/><success></success><modified>2012-03-27 19:53:48.450 CST</modified></action><action><id>10828</id><created>2012-02-20 16:27:58.390 CST</created><thought><created>2012-02-20 15:47:04.635 CST</created><description>check 股友会资料</description><topic reference="../../../../parent/children/projects/children/project[8]/thought/topic"/><processed>true</processed><notes>[file:/D:/shawn/document/stock/2月19日股友会精华及股票池点评.doc]
[file:/D:/shawn/document/stock/什么是ETF基金.doc]
[file:/D:/shawn/document/stock/千年老妖成精法则.doc]</notes><id>213</id></thought><parent class="actions" reference="../../.."/><description>check 股友会资料</description><topic reference="../../../../../../../../../topics/items/topic[5]"/><context reference="../../../../../../../../../contexts/items/context[5]"/><state class="actionStateASAP"><created>2012-02-20 16:28:11.638 CST</created></state><notes>[file:/D:/shawn/document/stock/2月19日股友会精华及股票池点评.doc]
[file:/D:/shawn/document/stock/什么是ETF基金.doc]
[file:/D:/shawn/document/stock/千年老妖成精法则及最新活动更新.doc]</notes><done>true</done><doneDate>2012-02-22 00:00:00.0 CST</doneDate><time reference="../../../parent/children/projects/children/project/children/action/time"/><priority reference="../../../parent/children/projects/children/project[3]/children/action/priority"/><success></success><modified>2012-02-22 13:41:12.964 CST</modified></action><action><id>10827</id><created>2012-02-20 16:27:23.163 CST</created><thought><created>2012-02-20 15:46:33.0 CST</created><description>Review GTD 使用情况</description><topic reference="../../../../parent/children/projects/children/project[8]/thought/topic"/><processed>true</processed><id>212</id></thought><parent class="actions" reference="../../.."/><description>Review GTD 使用情况</description><topic reference="../../../parent/children/projects/children/project[8]/thought/topic"/><context reference="../../../../../../../../../contexts/items/context[5]"/><state class="actionStateASAP"><created>2012-03-05 09:58:56.841 CST</created></state><notes></notes><done>true</done><doneDate>2012-03-05 00:00:00.0 CST</doneDate><priority reference="../../../parent/children/projects/children/project[3]/children/action/priority"/><success></success><modified>2012-03-05 18:43:36.262 CST</modified></action><action><id>10829</id><created>2012-02-20 16:28:11.638 CST</created><thought><created>2012-02-20 15:48:06.430 CST</created><description>Check 医疗报销进度</description><topic reference="../../../../parent/children/projects/children/project[8]/thought/topic"/><processed>true</processed><notes> 2.10 check with 高晓晖， 她说还没有收到单子， 去年单子3月底前需要提交。
 3.1 check again
</notes><id>214</id></thought><parent class="actions" reference="../../.."/><description>Check 医疗报销进度</description><topic reference="../../../../../../../../../topics/items/topic[2]"/><context reference="../../../../../../../../../contexts/items/context[7]"/><state class="actionStateDelegated"><to>中国人寿</to><chase>2012-05-24 00:00:00.0 CST</chase><created>2012-04-23 15:20:24.338 CST</created></state><notes> 2.10 check with 高晓晖， 她说还没有收到单子， 去年单子3月底前需要提交。 63746749
 3.1 check again
找不到人
过两天再试试，不行打电话给hr
hr Wendy 说生育的会比较慢，目前状态是pending
下个月再track
前两天才打给wendy，周五再打吧
高晓晖打电话来说差一张25k的发票，回去把发票找到寄到公司
已顺风快递，明天看接收情况（4.23）
电话高晓晖确认已经收到快递，答复说可能要一个月才能处理完 4.24</notes><done>true</done><doneDate>2012-05-29 00:00:00.0 CST</doneDate><priority reference="../../../parent/children/projects/children/project[3]/children/action/priority"/><success></success><modified>2012-05-29 09:18:48.763 CST</modified></action><action><id>10848</id><created>2012-02-20 18:31:50.629 CST</created><thought><created>2012-02-20 18:30:43.157 CST</created><description>Bring kinddle back to rocky</description><topic reference="../../../../../../../../../../topics/items/topic[2]"/><processed>true</processed><id>10841</id></thought><parent class="actions" reference="../../.."/><description>Bring kindle back to rocky</description><topic reference="../../../../../../../../../topics/items/topic[2]"/><context reference="../../../../../../../../../contexts/items/context[2]"/><state class="actionStateScheduled"><date>2012-02-21 09:30:00.0 CST</date><durationHours>0</durationHours><durationMinutes>0</durationMinutes><created>2012-02-20 18:32:35.433 CST</created></state><notes></notes><done>true</done><doneDate>2012-02-21 00:00:00.0 CST</doneDate><success></success><modified>2012-02-21 10:15:23.146 CST</modified></action><action><id>10831</id><created>2012-02-20 16:28:56.457 CST</created><thought><created>2012-02-20 15:48:44.946 CST</created><description>学习GTD文章</description><topic reference="../../../../parent/children/projects/children/project[8]/thought/topic"/><processed>true</processed><notes>check http://www.gtdlife.com/2012/2644/how-to-combing-todo-list/
check http://www.hi-pda.com/forum/viewthread.php?tid=144287&amp;highlight=&amp;page=1</notes><id>216</id></thought><parent class="actions" reference="../../.."/><description>学习GTD文章</description><topic reference="../../../../../../../../../topics/items/topic[4]"/><context reference="../../../../../../../../../contexts/items/context[4]"/><state class="actionStateScheduled"><durationHours>0</durationHours><durationMinutes>0</durationMinutes><created>2012-02-22 10:56:34.46 CST</created></state><notes>check http://www.gtdlife.com/2012/2644/how-to-combing-todo-list/
check http://www.hi-pda.com/forum/viewthread.php?tid=144287&amp;highlight=&amp;page=1</notes><done>true</done><doneDate>2012-02-25 00:00:00.0 CST</doneDate><time reference="../../../parent/children/projects/children/project[5]/children/project/children/project[2]/children/project/children/action/time"/><priority reference="../../../parent/children/projects/children/project[3]/children/action/priority"/><success></success><modified>2012-02-24 18:17:31.754 CST</modified></action><action><id>10850</id><created>2012-02-20 18:53:51.552 CST</created><parent class="actions" reference="../../.."/><description>记账</description><topic reference="../../../../../../../../../topics/items/topic[2]"/><context reference="../../../../../../../../../contexts/items/context[8]"/><state class="actionStateScheduled"><date>2012-02-21 22:00:00.0 CST</date><durationHours>0</durationHours><durationMinutes>0</durationMinutes><created>2012-02-20 18:53:51.552 CST</created></state><notes></notes><done>true</done><doneDate>2012-02-22 00:00:00.0 CST</doneDate><time><id>101</id><name>5 min</name></time><priority reference="../../../parent/children/projects/children/project[3]/children/action/priority"/><success></success><modified>2012-02-23 10:44:45.587 CST</modified></action><action><id>10859</id><created>2012-02-21 10:01:26.758 CST</created><thought><created>2012-02-20 21:07:08.10 CST</created><description>Use git to manage conf file</description><topic><name>None</name><description>No topic.</description><color><red>0</red><green>0</green><blue>0</blue><alpha>255</alpha></color><background><red>255</red><green>255</green><blue>255</blue><alpha>255</alpha></background><id>8</id></topic><processed>true</processed><id>10852</id></thought><parent class="actions" reference="../../.."/><description>Use git to manage conf file</description><topic reference="../../../../../../../../../topics/items/topic[4]"/><context reference="../../../../../../../../../contexts/items/context[5]"/><state class="actionStateScheduled"><date>2012-02-27 00:00:00.0 CST</date><durationHours>0</durationHours><durationMinutes>0</durationMinutes><created>2012-02-22 10:56:17.495 CST</created></state><notes></notes><done>true</done><doneDate>2012-02-27 00:00:00.0 CST</doneDate><time reference="../../../parent/children/projects/children/project/children/action/time"/><priority reference="../../../parent/children/projects/children/project[3]/children/action/priority"/><success></success><modified>2012-02-27 18:44:45.159 CST</modified></action><action><id>10862</id><created>2012-02-21 10:02:56.142 CST</created><thought><created>2012-02-21 10:01:10.316 CST</created><description>Check mail</description><topic reference="../../../../../../../../../../topics/items/topic[3]"/><processed>true</processed><id>10856</id></thought><parent class="actions" reference="../../.."/><description>Check mail</description><topic reference="../../../../../../../../../topics/items/topic[3]"/><context reference="../../../../../../../../../contexts/items/context[3]"/><state class="actionStateScheduled"><date>2012-02-21 09:00:00.0 CST</date><durationHours>10</durationHours><durationMinutes>0</durationMinutes><created>2012-02-21 10:04:02.183 CST</created></state><notes></notes><done>true</done><doneDate>2012-02-21 00:00:00.0 CST</doneDate><priority reference="../../../parent/children/projects/children/project[3]/children/action/priority"/><success></success><modified>2012-02-21 10:14:08.33 CST</modified></action><action><id>10866</id><created>2012-02-21 10:04:45.373 CST</created><parent class="actions" reference="../../.."/><description>Check mail</description><topic reference="../../../../../../../../../topics/items/topic[3]"/><context reference="../../../../../../../../../contexts/items/context[3]"/><state class="actionStateScheduled"><date>2012-02-22 09:00:00.0 CST</date><durationHours>10</durationHours><durationMinutes>0</durationMinutes><created>2012-02-21 10:04:45.373 CST</created></state><notes></notes><done>true</done><doneDate>2012-02-22 00:00:00.0 CST</doneDate><priority reference="../../../parent/children/projects/children/project[3]/children/action/priority"/><success></success><modified>2012-02-22 10:45:05.599 CST</modified></action><action><id>10863</id><created>2012-02-21 10:03:03.224 CST</created><parent class="actions" reference="../../.."/><description>记账</description><topic reference="../../../../../../../../../topics/items/topic[2]"/><context reference="../../../../../../../../../contexts/items/context[8]"/><state class="actionStateScheduled"><date>2012-02-22 22:00:00.0 CST</date><durationHours>0</durationHours><durationMinutes>0</durationMinutes><created>2012-02-21 10:03:03.224 CST</created></state><notes></notes><done>true</done><doneDate>2012-02-23 00:00:00.0 CST</doneDate><time reference="../../action[16]/time"/><priority reference="../../../parent/children/projects/children/project[3]/children/action/priority"/><success></success><modified>2012-02-23 10:24:54.157 CST</modified></action><action><id>10892</id><created>2012-02-21 17:35:15.59 CST</created><thought><created>2012-02-21 10:32:55.820 CST</created><description>put ruby wrapper on event detail on reviewboard</description><topic reference="../../../action[2]/thought/topic"/><processed>true</processed><id>10886</id></thought><parent class="actions" reference="../../.."/><description>put ruby wrapper on event detail on reviewboard</description><topic reference="../../../../../../../../../topics/items/topic[3]"/><context reference="../../../../../../../../../contexts/items/context[3]"/><state class="actionStateASAP"><created>2012-02-21 17:36:48.418 CST</created></state><notes></notes><done>true</done><doneDate>2012-02-21 00:00:00.0 CST</doneDate><priority reference="../../../parent/children/projects/children/project[5]/children/project/children/action/priority"/><success></success><modified>2012-02-21 17:56:29.947 CST</modified></action><action><id>10893</id><created>2012-02-21 17:36:48.419 CST</created><thought><created>2012-02-21 15:40:57.654 CST</created><description>mail to andrea about the node summary issue</description><topic reference="../../../action[2]/thought/topic"/><processed>true</processed><id>10889</id></thought><parent class="actions" reference="../../.."/><description>mail to andrea about the node summary issue</description><topic reference="../../../../../../../../../topics/items/topic[3]"/><context reference="../../../../../../../../../contexts/items/context[3]"/><state class="actionStateASAP"><created>2012-02-21 17:37:03.526 CST</created></state><notes></notes><done>true</done><doneDate>2012-02-21 00:00:00.0 CST</doneDate><priority reference="../../../parent/children/projects/children/project[5]/children/project/children/action/priority"/><success></success><modified>2012-02-21 17:37:44.544 CST</modified></action><action><id>10919</id><created>2012-02-22 01:02:38.589 CST</created><parent class="actions" reference="../../.."/><description>记账</description><topic reference="../../../../../../../../../topics/items/topic[2]"/><context reference="../../../../../../../../../contexts/items/context[8]"/><state class="actionStateScheduled"><date>2012-02-23 22:00:00.0 CST</date><durationHours>0</durationHours><durationMinutes>0</durationMinutes><created>2012-02-22 01:02:38.590 CST</created></state><notes></notes><done>true</done><doneDate>2012-02-24 00:00:00.0 CST</doneDate><time reference="../../action[16]/time"/><priority reference="../../../parent/children/projects/children/project[3]/children/action/priority"/><success></success><modified>2012-02-24 08:42:20.348 CST</modified></action><action><id>10928</id><created>2012-02-22 10:54:16.345 CST</created><thought><created>2012-02-22 10:52:35.319 CST</created><description>add new entry for navigation tree</description><topic reference="../../../../parent/children/projects/children/project[5]/children/project/children/project[2]/children/project/thought/topic"/><processed>true</processed><id>10923</id></thought><parent class="actions" reference="../../.."/><description>add new entry for navigation tree</description><topic reference="../../../parent/children/projects/children/project[5]/children/project/children/project[2]/children/project/thought/topic"/><context reference="../../../../../../../../../contexts/items/context[3]"/><state class="actionStateInactive"><created>2012-02-22 10:54:42.818 CST</created></state><notes></notes><done>false</done><success></success><modified>2012-02-22 10:54:42.818 CST</modified></action><action><id>10944</id><created>2012-02-22 13:27:56.14 CST</created><thought><created>2012-02-22 11:31:14.277 CST</created><description>add authticate before filter to event controller</description><topic reference="../../../../parent/children/projects/children/project[5]/children/project/children/project[2]/children/project/thought/topic"/><processed>true</processed><id>10937</id></thought><parent class="actions" reference="../../.."/><description>add authticate before filter to event controller</description><topic reference="../../../parent/children/projects/children/project[5]/children/project/children/project[2]/children/project/thought/topic"/><context reference="../../../../../../../../../contexts/items/context[3]"/><state class="actionStateASAP"><created>2012-02-22 13:28:23.797 CST</created></state><notes></notes><done>true</done><doneDate>2012-02-22 00:00:00.0 CST</doneDate><time reference="../../../parent/children/projects/children/project[5]/children/project/children/project[4]/children/action[12]/time"/><priority reference="../../../parent/children/projects/children/project[3]/children/action/priority"/><success></success><modified>2012-02-22 17:11:48.117 CST</modified></action><action><id>10969</id><created>2012-02-22 14:34:35.767 CST</created><thought><created>2012-02-22 14:12:40.890 CST</created><description>get dropbox more 空间</description><topic><name>None</name><description>No topic.</description><color><red>0</red><green>0</green><blue>0</blue><alpha>255</alpha></color><background><red>255</red><green>255</green><blue>255</blue><alpha>255</alpha></background><id>8</id></topic><processed>true</processed><id>10959</id></thought><parent class="actions" reference="../../.."/><description>get dropbox more 空间</description><topic reference="../thought/topic"/><context reference="../../../../../../../../../contexts/items/context[2]"/><state class="actionStateDelegated"><to>拿回来kthinkpad的时候</to><chase>2012-05-31 00:00:00.0 CST</chase><created>2012-05-10 08:58:03.646 CST</created></state><notes>淘宝上买http://item.taobao.com/item.htm?id=9135215408&#x0D;
转照片</notes><done>false</done><time reference="../../../parent/children/projects/children/project[5]/children/project/children/project[2]/children/project/children/action/time"/><priority reference="../../../parent/children/projects/children/project[3]/children/action/priority"/><success></success><modified>2012-05-10 08:58:09.846 CST</modified></action><action><id>10994</id><created>2012-02-22 15:37:40.486 CST</created><thought><created>2012-02-22 15:10:09.648 CST</created><description>了解淘宝开放平台</description><topic reference="../../../action[26]/thought/topic"/><processed>true</processed><id>10986</id></thought><parent class="actions" reference="../../.."/><description>了解淘宝开放平台</description><topic reference="../../action[26]/thought/topic"/><context reference="../../../../../../../../../contexts/items/context[4]"/><state class="actionStateInactive"><created>2012-02-22 15:38:07.323 CST</created></state><notes></notes><done>false</done><time reference="../../../parent/children/projects/children/project[5]/children/project/children/project[2]/children/project/children/action/time"/><priority reference="../../../parent/children/projects/children/project[3]/children/action/priority"/><success></success><modified>2012-02-22 15:38:07.323 CST</modified></action><action><id>10995</id><created>2012-02-22 15:38:07.323 CST</created><thought><created>2012-02-22 15:19:26.425 CST</created><description>整理google reader</description><topic reference="../../../../../../../../../../topics/items/topic[2]"/><processed>true</processed><id>10989</id></thought><parent class="actions" reference="../../.."/><description>整理google reader</description><topic reference="../../../../../../../../../topics/items/topic[2]"/><context reference="../../../../../../../../../contexts/items/context[4]"/><state class="actionStateASAP"><created>2012-02-22 15:38:21.878 CST</created></state><notes>1.查看google reader 趋势度
2.按必须阅读程度划分文件夹和标签</notes><done>true</done><doneDate>2012-02-22 00:00:00.0 CST</doneDate><time reference="../../../parent/children/projects/children/project/children/action/time"/><priority reference="../../../parent/children/projects/children/project[3]/children/action/priority"/><success></success><modified>2012-02-22 19:28:23.47 CST</modified></action><action><id>10996</id><created>2012-02-22 15:38:21.878 CST</created><thought><created>2012-02-22 15:35:11.695 CST</created><description>Check ruby &amp; rails formu</description><topic reference="../../../../../../../../../../topics/items/topic[4]"/><processed>true</processed><notes>Check  [http://www.google.com/reader/view/#stream/feed%2Fhttp%3A%2F%2Fruby-china.org%2Ftopics%2Ffeed|ruby-china.org] daily&#x0D;
Check mail list from ruby-talk and ruby-doc daily&#x0D;
Check www.iteye.com daily  [http://my.iteye.com/mygroup|iteye group] </notes><id>10991</id></thought><parent class="actions" reference="../../.."/><description>Check ruby &amp; rails formu</description><topic reference="../../../../../../../../../topics/items/topic[4]"/><context reference="../../../../../../../../../contexts/items/context[4]"/><state class="actionStateScheduled"><date>2012-02-24 00:00:00.0 CST</date><durationHours>0</durationHours><durationMinutes>0</durationMinutes><created>2012-02-22 15:39:23.496 CST</created></state><notes>Check  [http://www.google.com/reader/view/#stream/feed%2Fhttp%3A%2F%2Fruby-china.org%2Ftopics%2Ffeed|ruby-china.org] every 3 days&#x0D;
Check mail list from ruby-talk and ruby-doc every 3 days&#x0D;
Check www.iteye.com every 3 days  [http://my.iteye.com/mygroup|iteye group] </notes><done>true</done><doneDate>2012-02-24 00:00:00.0 CST</doneDate><time reference="../../../parent/children/projects/children/project[5]/children/project/children/project[4]/children/action[12]/time"/><priority reference="../../../parent/children/projects/children/project[3]/children/action/priority"/><success></success><modified>2012-03-26 19:45:52.544 CST</modified></action><action><id>10999</id><created>2012-02-22 15:40:49.754 CST</created><thought><created>2012-02-22 15:40:21.249 CST</created><description>learn to use stackoverflow</description><topic reference="../../../../../../../../../../topics/items/topic[4]"/><processed>true</processed><id>10997</id></thought><parent class="actions" reference="../../.."/><description>learn to use stackoverflow</description><topic reference="../../../../../../../../../topics/items/topic[4]"/><context reference="../../../../../../../../../contexts/items/context[4]"/><state class="actionStateInactive"><created>2012-02-22 15:41:08.217 CST</created></state><notes></notes><done>false</done><time reference="../../../parent/children/projects/children/project/children/action/time"/><priority reference="../../../parent/children/projects/children/project[3]/children/action/priority"/><success></success><modified>2012-02-22 15:41:08.217 CST</modified></action><action><id>11033</id><created>2012-02-23 10:22:50.659 CST</created><parent class="actions" reference="../../.."/><description>记账</description><topic reference="../../../../../../../../../topics/items/topic[2]"/><context reference="../../../../../../../../../contexts/items/context[8]"/><state class="actionStateScheduled"><date>2012-02-24 22:00:00.0 CST</date><durationHours>0</durationHours><durationMinutes>0</durationMinutes><created>2012-02-23 10:22:50.660 CST</created></state><notes></notes><done>true</done><doneDate>2012-02-25 00:00:00.0 CST</doneDate><time reference="../../action[16]/time"/><priority reference="../../../parent/children/projects/children/project[3]/children/action/priority"/><success></success><modified>2012-02-25 18:56:08.986 CST</modified></action><action><id>11045</id><created>2012-02-23 10:32:09.588 CST</created><thought><created>2012-02-23 10:28:36.448 CST</created><description>Get event detail fake data from Qiang</description><topic reference="../../../../../../../../../../topics/items/topic[3]"/><processed>true</processed><id>11038</id></thought><parent class="actions" reference="../../.."/><description>Get event detail fake data from Qiang</description><topic reference="../../../../../../../../../topics/items/topic[3]"/><context reference="../../../../../../../../../contexts/items/context[3]"/><state class="actionStateDelegated"><to>Qiang Wang</to><chase>2012-02-24 00:00:00.0 CST</chase><created>2012-02-23 10:32:44.976 CST</created></state><notes></notes><done>true</done><doneDate>2012-02-24 00:00:00.0 CST</doneDate><time reference="../../action[16]/time"/><success></success><modified>2012-02-24 08:59:01.346 CST</modified></action><action><id>11050</id><created>2012-02-23 10:42:01.126 CST</created><thought><created>2012-02-23 10:39:27.46 CST</created><description>填写个税申报</description><topic reference="../../../../../../../../../../topics/items/topic[2]"/><processed>true</processed><notes>detail：email</notes><id>11046</id></thought><parent class="actions" reference="../../.."/><description>填写个税申报</description><topic reference="../../../../../../../../../topics/items/topic[2]"/><context reference="../../../../../../../../../contexts/items/context[3]"/><state class="actionStateScheduled"><date>2012-03-05 00:00:00.0 CST</date><durationHours>0</durationHours><durationMinutes>0</durationMinutes><created>2012-02-23 10:43:12.807 CST</created></state><notes>detail：email</notes><done>true</done><doneDate>2012-03-05 00:00:00.0 CST</doneDate><time reference="../../../parent/children/projects/children/project/children/action/time"/><success></success><modified>2012-03-05 11:29:24.9 CST</modified></action><action><id>11056</id><created>2012-02-23 11:01:32.525 CST</created><thought><created>2012-02-23 11:00:33.144 CST</created><description>Read reader</description><topic reference="../../../../../../../../../../topics/items/topic[4]"/><processed>true</processed><id>11051</id></thought><parent class="actions" reference="../../.."/><description>Read reader</description><topic reference="../../../../../../../../../topics/items/topic[4]"/><context reference="../../../../../../../../../contexts/items/context[4]"/><state class="actionStateScheduled"><date>2012-02-23 00:00:00.0 CST</date><durationHours>0</durationHours><durationMinutes>0</durationMinutes><created>2012-02-23 11:02:15.401 CST</created></state><notes></notes><done>true</done><doneDate>2012-02-23 00:00:00.0 CST</doneDate><time reference="../../../parent/children/projects/children/project/children/action/time"/><energy><id>118</id><name>Low Mental</name></energy><priority reference="../../../parent/children/projects/children/project[3]/children/action/priority"/><success></success><modified>2012-02-23 18:34:30.917 CST</modified></action><action><id>11059</id><created>2012-02-23 11:03:09.439 CST</created><parent class="actions" reference="../../.."/><description>Read reader</description><topic reference="../../../../../../../../../topics/items/topic[4]"/><context reference="../../../../../../../../../contexts/items/context[4]"/><state class="actionStateScheduled"><date>2012-02-24 00:00:00.0 CST</date><durationHours>0</durationHours><durationMinutes>0</durationMinutes><created>2012-02-23 11:03:09.440 CST</created></state><notes></notes><done>true</done><doneDate>2012-02-24 00:00:00.0 CST</doneDate><time reference="../../../parent/children/projects/children/project/children/action/time"/><energy reference="../../action[34]/energy"/><priority reference="../../../parent/children/projects/children/project[3]/children/action/priority"/><success></success><modified>2012-02-24 18:50:26.168 CST</modified></action><action><id>11070</id><created>2012-02-23 14:08:39.736 CST</created><thought><created>2012-02-23 14:08:17.802 CST</created><description>2012 q1 mbo</description><topic reference="../../../../../../../../../../topics/items/topic[3]"/><processed>true</processed><id>11066</id></thought><parent class="actions" reference="../../.."/><description>2012 q1 mbo</description><topic reference="../../../../../../../../../topics/items/topic[3]"/><context reference="../../../../../../../../../contexts/items/context[3]"/><state class="actionStateScheduled"><date>2012-02-24 11:15:00.0 CST</date><durationHours>11</durationHours><durationMinutes>45</durationMinutes><created>2012-02-24 09:21:38.492 CST</created></state><notes></notes><done>true</done><doneDate>2012-02-24 00:00:00.0 CST</doneDate><time reference="../../../parent/children/projects/children/project/children/action/time"/><success></success><dueDate>2012-02-24 00:00:00.0 CST</dueDate><modified>2012-02-24 18:16:47.195 CST</modified></action><action><id>11087</id><created>2012-02-23 16:07:01.564 CST</created><thought><created>2012-02-23 15:54:30.76 CST</created><description>设置GTD每周检查时间</description><topic reference="../../../../../../../../../../topics/items/topic[4]"/><processed>true</processed><id>11082</id></thought><parent class="actions" reference="../../.."/><description>GTD weekly review</description><topic reference="../../../../../../../../../topics/items/topic[4]"/><context reference="../../../../../../../../../contexts/items/context[5]"/><state class="actionStateScheduled"><date>2012-03-12 00:00:00.0 CST</date><durationHours>0</durationHours><durationMinutes>0</durationMinutes><created>2012-03-05 18:44:29.622 CST</created></state><notes></notes><done>true</done><doneDate>2012-03-12 09:56:53.654 CST</doneDate><time reference="../../../parent/children/projects/children/project[5]/children/project/children/project[2]/children/project/children/action/time"/><energy><id>120</id><name>High Mental</name></energy><success></success><modified>2012-03-12 09:56:53.654 CST</modified></action><action><id>11107</id><created>2012-02-23 18:18:18.448 CST</created><thought><created>2012-02-23 18:17:58.403 CST</created><description>read howto-cover-your-tracks</description><topic reference="../../../../../../../../../../topics/items/topic[2]"/><processed>true</processed><notes>http://program-think.blogspot.com/2010/04/howto-cover-your-tracks-0.html</notes><id>11105</id></thought><parent class="actions" reference="../../.."/><description>read howto-cover-your-tracks</description><topic reference="../../../../../../../../../topics/items/topic[2]"/><context reference="../../../../../../../../../contexts/items/context[4]"/><state class="actionStateScheduled"><date>2012-02-25 00:00:00.0 CST</date><durationHours>0</durationHours><durationMinutes>0</durationMinutes><created>2012-02-23 18:34:20.871 CST</created></state><notes>http://program-think.blogspot.com/2010/04/howto-cover-your-tracks-0.html</notes><done>true</done><doneDate>2012-02-25 18:56:36.595 CST</doneDate><time reference="../../../parent/children/projects/children/project[5]/children/project/children/project[2]/children/project/children/action/time"/><success></success><modified>2012-02-25 18:56:36.595 CST</modified></action><action><id>11113</id><created>2012-02-23 19:22:51.90 CST</created><thought><created>2012-02-23 18:39:02.91 CST</created><description>了解9宫日记</description><topic><name>None</name><description>No topic.</description><color><red>0</red><green>0</green><blue>0</blue><alpha>255</alpha></color><background><red>255</red><green>255</green><blue>255</blue><alpha>255</alpha></background><id>8</id></topic><processed>true</processed><id>11108</id></thought><parent class="actions" reference="../../.."/><description>了解9宫日记</description><topic reference="../thought/topic"/><context reference="../../../../../../../../../contexts/items/context[4]"/><state class="actionStateScheduled"><date>2012-02-24 00:00:00.0 CST</date><durationHours>0</durationHours><durationMinutes>0</durationMinutes><created>2012-02-23 19:23:10.945 CST</created></state><notes></notes><done>true</done><doneDate>2012-02-24 00:00:00.0 CST</doneDate><time reference="../../../parent/children/projects/children/project/children/action/time"/><success></success><modified>2012-02-24 18:29:05.730 CST</modified></action><action><id>11118</id><created>2012-02-24 08:44:08.162 CST</created><parent class="actions" reference="../../.."/><description>记账</description><topic reference="../../../../../../../../../topics/items/topic[2]"/><context reference="../../../../../../../../../contexts/items/context[8]"/><state class="actionStateScheduled"><date>2012-02-25 22:00:00.0 CST</date><durationHours>0</durationHours><durationMinutes>0</durationMinutes><created>2012-02-24 08:44:08.162 CST</created></state><notes></notes><done>true</done><doneDate>2012-02-25 18:56:24.56 CST</doneDate><time reference="../../action[16]/time"/><priority reference="../../../parent/children/projects/children/project[3]/children/action/priority"/><success></success><modified>2012-02-25 18:56:24.56 CST</modified></action><action><id>11140</id><created>2012-02-24 09:24:19.478 CST</created><thought><created>2012-02-24 08:51:07.83 CST</created><description>每日一读</description><topic reference="../../../../../../../../../../topics/items/topic[4]"/><processed>true</processed><notes>当天的行事历和任务清单&#x0D;
先做最重要和最困难的事</notes><id>11121</id></thought><parent class="actions" reference="../../.."/><description>每日一读</description><topic reference="../../../../../../../../../topics/items/topic[4]"/><context reference="../../../../../../../../../contexts/items/context[5]"/><state class="actionStateScheduled"><date>2012-02-24 08:30:00.0 CST</date><durationHours>8</durationHours><durationMinutes>35</durationMinutes><created>2012-02-24 09:25:00.651 CST</created></state><notes>当天的行事历和任务清单&#x0D;
先做最重要和最困难的事</notes><done>true</done><doneDate>2012-02-24 00:00:00.0 CST</doneDate><time reference="../../action[16]/time"/><success></success><modified>2012-02-24 17:42:34.762 CST</modified></action><action><id>11143</id><created>2012-02-24 09:25:26.157 CST</created><parent class="actions" reference="../../.."/><description>每日一读</description><topic reference="../../../../../../../../../topics/items/topic[4]"/><context reference="../../../../../../../../../contexts/items/context[5]"/><state class="actionStateScheduled"><date>2012-02-25 08:30:00.0 CST</date><durationHours>8</durationHours><durationMinutes>35</durationMinutes><created>2012-02-24 09:25:26.157 CST</created></state><notes>当天的行事历和任务清单&#x0D;
先做最重要和最困难的事</notes><done>true</done><doneDate>2012-02-25 00:00:00.0 CST</doneDate><time reference="../../action[16]/time"/><success></success><modified>2012-02-25 18:56:12.946 CST</modified></action><action><id>11144</id><created>2012-02-24 09:25:33.770 CST</created><thought><created>2012-02-24 09:24:01.782 CST</created><description>Re-install iphone</description><topic reference="../../../../../../../../../../topics/items/topic[4]"/><processed>true</processed><id>11137</id></thought><parent class="actions" reference="../../.."/><description>Re-install iphone</description><topic reference="../../../../../../../../../topics/items/topic[4]"/><context reference="../../../../../../../../../contexts/items/context[4]"/><state class="actionStateScheduled"><date>2012-02-24 16:00:00.0 CST</date><durationHours>17</durationHours><durationMinutes>0</durationMinutes><created>2012-02-24 09:26:11.413 CST</created></state><notes></notes><done>true</done><doneDate>2012-02-25 00:00:00.0 CST</doneDate><time reference="../../../parent/children/projects/children/project[5]/children/project/children/project[2]/children/project/children/action/time"/><success></success><modified>2012-02-25 18:55:45.237 CST</modified></action><action><id>11152</id><created>2012-02-25 00:02:00.4 CST</created><parent class="actions" reference="../../.."/><description>记账</description><topic reference="../../../../../../../../../topics/items/topic[2]"/><context reference="../../../../../../../../../contexts/items/context[8]"/><state class="actionStateScheduled"><date>2012-02-26 22:00:00.0 CST</date><durationHours>0</durationHours><durationMinutes>0</durationMinutes><created>2012-02-25 00:02:00.4 CST</created></state><notes></notes><done>true</done><doneDate>2012-02-27 00:00:00.0 CST</doneDate><time reference="../../action[16]/time"/><priority reference="../../../parent/children/projects/children/project[3]/children/action/priority"/><success></success><modified>2012-02-27 09:49:29.796 CST</modified></action><action><id>11154</id><created>2012-02-25 00:02:00.38 CST</created><parent class="actions" reference="../../.."/><description>每日一读</description><topic reference="../../../../../../../../../topics/items/topic[4]"/><context reference="../../../../../../../../../contexts/items/context[5]"/><state class="actionStateScheduled"><date>2012-02-26 08:30:00.0 CST</date><durationHours>8</durationHours><durationMinutes>35</durationMinutes><created>2012-02-25 00:02:00.38 CST</created></state><notes>当天的行事历和任务清单&#x0D;
先做最重要和最困难的事</notes><done>true</done><doneDate>2012-02-27 00:00:00.0 CST</doneDate><time reference="../../action[16]/time"/><success></success><modified>2012-02-27 09:49:15.678 CST</modified></action><action><id>11164</id><created>2012-02-27 09:45:38.337 CST</created><parent class="actions" reference="../../.."/><description>记账</description><topic reference="../../../../../../../../../topics/items/topic[2]"/><context reference="../../../../../../../../../contexts/items/context[8]"/><state class="actionStateScheduled"><date>2012-02-27 22:00:00.0 CST</date><durationHours>0</durationHours><durationMinutes>0</durationMinutes><created>2012-02-27 09:45:38.337 CST</created></state><notes></notes><done>true</done><doneDate>2012-02-27 23:02:49.565 CST</doneDate><time reference="../../action[16]/time"/><priority reference="../../../parent/children/projects/children/project[3]/children/action/priority"/><success></success><modified>2012-02-27 23:02:49.565 CST</modified></action><action><id>11165</id><created>2012-02-27 09:45:38.353 CST</created><parent class="actions" reference="../../.."/><description>记账</description><topic reference="../../../../../../../../../topics/items/topic[2]"/><context reference="../../../../../../../../../contexts/items/context[8]"/><state class="actionStateScheduled"><date>2012-02-28 22:00:00.0 CST</date><durationHours>0</durationHours><durationMinutes>0</durationMinutes><created>2012-02-27 09:45:38.353 CST</created></state><notes></notes><done>true</done><doneDate>2012-02-29 00:00:00.0 CST</doneDate><time reference="../../action[16]/time"/><priority reference="../../../parent/children/projects/children/project[3]/children/action/priority"/><success></success><modified>2012-02-29 18:27:27.260 CST</modified></action><action><id>11168</id><created>2012-02-27 09:45:38.369 CST</created><parent class="actions" reference="../../.."/><description>Read reader</description><topic reference="../../../../../../../../../topics/items/topic[4]"/><context reference="../../../../../../../../../contexts/items/context[4]"/><state class="actionStateScheduled"><date>2012-02-27 00:00:00.0 CST</date><durationHours>0</durationHours><durationMinutes>0</durationMinutes><created>2012-02-27 09:45:38.369 CST</created></state><notes></notes><done>true</done><doneDate>2012-02-27 14:27:42.730 CST</doneDate><time reference="../../../parent/children/projects/children/project/children/action/time"/><energy reference="../../action[34]/energy"/><priority reference="../../../parent/children/projects/children/project[3]/children/action/priority"/><success></success><modified>2012-02-27 14:27:42.730 CST</modified></action><action><id>11169</id><created>2012-02-27 09:45:38.369 CST</created><parent class="actions" reference="../../.."/><description>Read reader</description><topic reference="../../../../../../../../../topics/items/topic[4]"/><context reference="../../../../../../../../../contexts/items/context[4]"/><state class="actionStateScheduled"><date>2012-02-28 00:00:00.0 CST</date><durationHours>0</durationHours><durationMinutes>0</durationMinutes><created>2012-02-27 09:45:38.369 CST</created></state><notes></notes><done>true</done><doneDate>2012-02-28 13:14:58.892 CST</doneDate><time reference="../../../parent/children/projects/children/project/children/action/time"/><energy reference="../../action[34]/energy"/><priority reference="../../../parent/children/projects/children/project[3]/children/action/priority"/><success></success><modified>2012-02-28 13:14:58.892 CST</modified></action><action><id>11171</id><created>2012-02-27 09:45:38.384 CST</created><parent class="actions" reference="../../.."/><description>每日一读</description><topic reference="../../../../../../../../../topics/items/topic[4]"/><context reference="../../../../../../../../../contexts/items/context[5]"/><state class="actionStateScheduled"><date>2012-02-27 08:30:00.0 CST</date><durationHours>8</durationHours><durationMinutes>35</durationMinutes><created>2012-02-27 09:45:38.384 CST</created></state><notes>当天的行事历和任务清单&#x0D;
先做最重要和最困难的事</notes><done>true</done><doneDate>2012-02-27 10:46:20.430 CST</doneDate><time reference="../../action[16]/time"/><success></success><modified>2012-02-27 10:46:20.430 CST</modified></action><action><id>11172</id><created>2012-02-27 09:45:38.415 CST</created><parent class="actions" reference="../../.."/><description>每日一读</description><topic reference="../../../../../../../../../topics/items/topic[4]"/><context reference="../../../../../../../../../contexts/items/context[5]"/><state class="actionStateScheduled"><date>2012-02-28 08:30:00.0 CST</date><durationHours>8</durationHours><durationMinutes>35</durationMinutes><created>2012-02-27 09:45:38.415 CST</created></state><notes>当天的行事历和任务清单&#x0D;
先做最重要和最困难的事&#x0D;
尽量填写衡量标准</notes><done>true</done><doneDate>2012-02-28 00:00:00.0 CST</doneDate><time reference="../../action[16]/time"/><success></success><modified>2012-02-28 11:52:36.581 CST</modified></action><action><id>11178</id><created>2012-02-27 09:48:25.137 CST</created><thought><created>2012-02-27 09:44:31.725 CST</created><description>Make iphone play the jishuliu video</description><topic reference="../../../../../../../../../../topics/items/topic[5]"/><processed>true</processed><id>11159</id></thought><parent class="actions" reference="../../.."/><description>Make iphone play the jishuliu video</description><topic reference="../../../../../../../../../topics/items/topic[5]"/><context reference="../../../../../../../../../contexts/items/context[4]"/><state class="actionStateASAP"><created>2012-02-27 09:48:42.247 CST</created></state><notes></notes><done>true</done><doneDate>2012-02-27 15:56:02.549 CST</doneDate><time reference="../../../parent/children/projects/children/project/children/action/time"/><success></success><modified>2012-02-27 15:56:02.549 CST</modified></action><action><id>11200</id><created>2012-02-28 09:57:41.915 CST</created><parent class="actions" reference="../../.."/><description>记账</description><topic reference="../../../../../../../../../topics/items/topic[2]"/><context reference="../../../../../../../../../contexts/items/context[8]"/><state class="actionStateScheduled"><date>2012-02-29 22:00:00.0 CST</date><durationHours>0</durationHours><durationMinutes>0</durationMinutes><created>2012-02-28 09:57:41.917 CST</created></state><notes></notes><done>true</done><doneDate>2012-02-29 00:00:00.0 CST</doneDate><time reference="../../action[16]/time"/><priority reference="../../../parent/children/projects/children/project[3]/children/action/priority"/><success></success><modified>2012-02-29 20:56:44.931 CST</modified></action><action><id>11201</id><created>2012-02-28 09:57:41.963 CST</created><parent class="actions" reference="../../.."/><description>Read reader</description><topic reference="../../../../../../../../../topics/items/topic[4]"/><context reference="../../../../../../../../../contexts/items/context[4]"/><state class="actionStateScheduled"><date>2012-02-29 00:00:00.0 CST</date><durationHours>0</durationHours><durationMinutes>0</durationMinutes><created>2012-02-28 09:57:41.969 CST</created></state><notes></notes><done>true</done><doneDate>2012-02-29 13:43:11.677 CST</doneDate><time reference="../../../parent/children/projects/children/project/children/action/time"/><energy reference="../../action[34]/energy"/><priority reference="../../../parent/children/projects/children/project[3]/children/action/priority"/><success></success><modified>2012-02-29 13:43:11.677 CST</modified></action><action><id>11202</id><created>2012-02-28 09:57:41.976 CST</created><parent class="actions" reference="../../.."/><description>每日一读</description><topic reference="../../../../../../../../../topics/items/topic[4]"/><context reference="../../../../../../../../../contexts/items/context[5]"/><state class="actionStateScheduled"><date>2012-02-29 08:30:00.0 CST</date><durationHours>8</durationHours><durationMinutes>35</durationMinutes><created>2012-02-28 09:57:41.976 CST</created></state><notes>当天的行事历和任务清单&#x0D;
先做最重要和最困难的事&#x0D;
设置预期效果</notes><done>true</done><doneDate>2012-02-29 00:00:00.0 CST</doneDate><time reference="../../action[16]/time"/><success></success><modified>2012-02-29 10:29:15.396 CST</modified></action><action><id>11199</id><created>2012-02-28 09:57:14.356 CST</created><thought><created>2012-02-27 11:52:08.671 CST</created><description>add ctags in dev evn</description><topic reference="../../../../../../../../../../topics/items/topic[4]"/><processed>true</processed><id>11185</id></thought><parent class="actions" reference="../../.."/><description>add ctags in dev env</description><topic reference="../../../../../../../../../topics/items/topic[4]"/><context reference="../../../../../../../../../contexts/items/context[3]"/><state class="actionStateScheduled"><date>2012-02-29 00:00:00.0 CST</date><durationHours>0</durationHours><durationMinutes>0</durationMinutes><created>2012-02-28 18:19:02.638 CST</created></state><notes>ctags -a -e -f TAGS --tag-relative -R app lib vendor public/javascripts/</notes><done>true</done><doneDate>2012-02-29 00:00:00.0 CST</doneDate><time reference="../../../parent/children/projects/children/project[5]/children/project/children/project[4]/children/action[12]/time"/><success></success><modified>2012-02-29 14:59:49.256 CST</modified></action><action><id>11237</id><created>2012-02-28 17:58:01.562 CST</created><thought><created>2012-02-28 15:07:07.9 CST</created><description>Questions on discussion about jquery table</description><topic reference="../../../../../../../../../../topics/items/topic[3]"/><processed>true</processed><notes>the entries number in a page can be customized?&#x0D;
How to handle in controller if not the db case</notes><id>11223</id></thought><parent class="actions" reference="../../.."/><description>Questions on discussion about jquery table</description><topic reference="../../../../../../../../../topics/items/topic[3]"/><context reference="../../../../../../../../../contexts/items/context[3]"/><state class="actionStateScheduled"><date>2012-02-29 00:00:00.0 CST</date><durationHours>0</durationHours><durationMinutes>0</durationMinutes><created>2012-02-28 17:58:35.1 CST</created></state><notes>the entries number in a page can be customized?&#x0D;
How to handle in controller if not the db case</notes><done>true</done><doneDate>2012-02-29 00:00:00.0 CST</doneDate><success>Get the answer</success><modified>2012-02-29 13:22:33.76 CST</modified></action><action><id>11238</id><created>2012-02-28 17:58:35.5 CST</created><thought><created>2012-02-28 17:30:31.239 CST</created><description>select width in css attribute doesn&apos;t work in firefox. IE is ok. Invstigation</description><topic reference="../../../../../../../../../../topics/items/topic[4]"/><processed>true</processed><notes>select{width:100px}</notes><id>11225</id></thought><parent class="actions" reference="../../.."/><description>select width in css attribute doesn&apos;t work in firefox. IE is ok.</description><topic reference="../../../../../../../../../topics/items/topic[4]"/><context reference="../../../../../../../../../contexts/items/context[4]"/><state class="actionStateASAP"><created>2012-05-02 17:32:51.655 CST</created></state><notes>select{width:100px}</notes><done>false</done><success>Kown why or know how</success><modified>2012-05-02 17:32:51.655 CST</modified></action><action><id>11244</id><created>2012-02-29 04:24:55.531 CST</created><parent class="actions" reference="../../.."/><description>记账</description><topic reference="../../../../../../../../../topics/items/topic[2]"/><context reference="../../../../../../../../../contexts/items/context[8]"/><state class="actionStateScheduled"><date>2012-03-01 22:00:00.0 CST</date><durationHours>0</durationHours><durationMinutes>0</durationMinutes><created>2012-02-29 04:24:55.578 CST</created></state><notes></notes><done>true</done><doneDate>2012-03-01 21:20:04.592 CST</doneDate><time reference="../../action[16]/time"/><priority reference="../../../parent/children/projects/children/project[3]/children/action/priority"/><success></success><modified>2012-03-01 21:20:04.592 CST</modified></action><action><id>11245</id><created>2012-02-29 04:24:55.671 CST</created><parent class="actions" reference="../../.."/><description>Read reader</description><topic reference="../../../../../../../../../topics/items/topic[4]"/><context reference="../../../../../../../../../contexts/items/context[4]"/><state class="actionStateScheduled"><date>2012-03-01 00:00:00.0 CST</date><durationHours>0</durationHours><durationMinutes>0</durationMinutes><created>2012-02-29 04:24:55.671 CST</created></state><notes></notes><done>true</done><doneDate>2012-03-01 11:59:25.585 CST</doneDate><time reference="../../../parent/children/projects/children/project/children/action/time"/><energy reference="../../action[34]/energy"/><priority reference="../../../parent/children/projects/children/project[3]/children/action/priority"/><success></success><modified>2012-03-01 11:59:25.585 CST</modified></action><action><id>11246</id><created>2012-02-29 04:24:55.702 CST</created><parent class="actions" reference="../../.."/><description>每日一读</description><topic reference="../../../../../../../../../topics/items/topic[4]"/><context reference="../../../../../../../../../contexts/items/context[5]"/><state class="actionStateScheduled"><date>2012-03-01 08:30:00.0 CST</date><durationHours>8</durationHours><durationMinutes>35</durationMinutes><created>2012-02-29 04:24:55.702 CST</created></state><notes>当天的行事历和任务清单&#x0D;
先做最重要和最困难的事&#x0D;
设置预期效果</notes><done>true</done><doneDate>2012-03-01 00:00:00.0 CST</doneDate><time reference="../../action[16]/time"/><success></success><modified>2012-03-01 09:30:17.495 CST</modified></action><action><id>11269</id><created>2012-02-29 14:09:07.643 CST</created><thought><created>2012-02-29 14:07:10.508 CST</created><description>learn rspec</description><topic reference="../../../../../../../../../../topics/items/topic[4]"/><processed>true</processed><id>11261</id></thought><parent class="actions" reference="../../.."/><description>learn rspec</description><topic reference="../../../../../../../../../topics/items/topic[4]"/><context reference="../../../../../../../../../contexts/items/context[4]"/><state class="actionStateInactive"><created>2012-03-05 17:49:30.658 CST</created></state><notes>http://www.slideshare.net/ihower/rspec-7394497 64页</notes><done>true</done><doneDate>2012-04-27 00:00:00.0 CST</doneDate><success>Be able to use rspec to test?</success><modified>2012-04-27 21:24:09.917 CST</modified></action><action><id>11283</id><created>2012-03-01 00:02:00.2 CST</created><parent class="actions" reference="../../.."/><description>还房贷</description><topic reference="../../../../../../../../../topics/items/topic[2]"/><context reference="../../../../../../../../../contexts/items/context[2]"/><state class="actionStateScheduled"><date>2012-04-15 00:00:00.0 CST</date><durationHours>0</durationHours><durationMinutes>0</durationMinutes><created>2012-03-01 00:02:00.2 CST</created></state><notes>转帐2034.91到中国银行</notes><done>true</done><doneDate>2012-04-16 00:00:00.0 CST</doneDate><priority reference="../../../parent/children/projects/children/project[5]/children/project/children/action/priority"/><success></success><modified>2012-04-16 07:54:45.420 CST</modified></action><action><id>11284</id><created>2012-03-01 00:02:00.18 CST</created><parent class="actions" reference="../../.."/><description>记账</description><topic reference="../../../../../../../../../topics/items/topic[2]"/><context reference="../../../../../../../../../contexts/items/context[8]"/><state class="actionStateScheduled"><date>2012-03-02 22:00:00.0 CST</date><durationHours>0</durationHours><durationMinutes>0</durationMinutes><created>2012-03-01 00:02:00.18 CST</created></state><notes></notes><done>true</done><doneDate>2012-03-05 00:00:00.0 CST</doneDate><time reference="../../action[16]/time"/><priority reference="../../../parent/children/projects/children/project[3]/children/action/priority"/><success></success><modified>2012-03-05 10:40:53.32 CST</modified></action><action><id>11286</id><created>2012-03-01 00:02:00.39 CST</created><parent class="actions" reference="../../.."/><description>每日一读</description><topic reference="../../../../../../../../../topics/items/topic[4]"/><context reference="../../../../../../../../../contexts/items/context[5]"/><state class="actionStateScheduled"><date>2012-03-02 08:30:00.0 CST</date><durationHours>8</durationHours><durationMinutes>35</durationMinutes><created>2012-03-01 00:02:00.39 CST</created></state><notes>当天的行事历和任务清单&#x0D;
先做最重要和最困难的事&#x0D;
设置预期效果</notes><done>true</done><doneDate>2012-03-02 00:00:00.0 CST</doneDate><time reference="../../action[16]/time"/><success></success><modified>2012-03-02 09:37:51.175 CST</modified></action><action><id>11288</id><created>2012-03-01 09:32:11.119 CST</created><thought><created>2012-02-29 14:38:51.621 CST</created><description>learn how to use dried</description><topic reference="../../../../../../../../../../topics/items/topic[4]"/><processed>true</processed><id>11270</id></thought><parent class="actions" reference="../../.."/><description>learn how to use dried</description><topic reference="../../../../../../../../../topics/items/topic[4]"/><context reference="../../../../../../../../../contexts/items/context[4]"/><state class="actionStateInactive"><created>2012-03-06 18:37:50.164 CST</created></state><notes></notes><done>false</done><success>Be able to use dried</success><modified>2012-03-06 18:37:50.164 CST</modified></action><action><id>11291</id><created>2012-03-01 09:34:01.118 CST</created><thought><created>2012-02-29 15:32:28.891 CST</created><description>调出thinkingrock with system shortcut </description><topic reference="../../../../../../../../../../topics/items/topic[4]"/><processed>true</processed><id>11276</id></thought><parent class="actions" reference="../../.."/><description>调出thinkingrock with system shortcut </description><topic reference="../../../../../../../../../topics/items/topic[4]"/><context reference="../../../../../../../../../contexts/items/context[3]"/><state class="actionStateASAP"><created>2012-03-01 09:34:16.666 CST</created></state><notes>alt+tab</notes><done>true</done><doneDate>2012-03-01 00:00:00.0 CST</doneDate><time reference="../../../parent/children/projects/children/project[5]/children/project/children/project[4]/children/action[12]/time"/><success></success><modified>2012-03-01 10:29:24.278 CST</modified></action><action><id>11296</id><created>2012-03-01 09:36:36.672 CST</created><thought><created>2012-03-01 09:35:34.75 CST</created><description>Review the table pattern and check with Yun  if the table id can be got </description><topic reference="../../../../../../../../../../topics/items/topic[3]"/><processed>true</processed><id>11292</id></thought><parent class="actions" reference="../../.."/><description>Review the table pattern and check with Yun  if the table id can be got </description><topic reference="../../../../../../../../../topics/items/topic[3]"/><context reference="../../../../../../../../../contexts/items/context[3]"/><state class="actionStateDelegated"><to>Qin, Yun</to><chase>2012-03-09 00:00:00.0 CST</chase><created>2012-03-01 11:25:03.349 CST</created></state><notes>Wait for Yun&apos;s reply to check if it can support dynamic change url</notes><done>true</done><doneDate>2012-03-09 00:00:00.0 CST</doneDate><time reference="../../../parent/children/projects/children/project/children/action/time"/><success></success><modified>2012-03-09 10:01:04.78 CST</modified></action><action><id>11320</id><created>2012-03-02 09:36:29.540 CST</created><parent class="actions" reference="../../.."/><description>记账</description><topic reference="../../../../../../../../../topics/items/topic[2]"/><context reference="../../../../../../../../../contexts/items/context[8]"/><state class="actionStateScheduled"><date>2012-03-03 22:00:00.0 CST</date><durationHours>0</durationHours><durationMinutes>0</durationMinutes><created>2012-03-02 09:36:29.540 CST</created></state><notes></notes><done>true</done><doneDate>2012-03-05 10:32:02.331 CST</doneDate><time reference="../../action[16]/time"/><priority reference="../../../parent/children/projects/children/project[3]/children/action/priority"/><success></success><modified>2012-03-05 10:32:02.331 CST</modified></action><action><id>11332</id><created>2012-03-02 09:48:22.950 CST</created><thought><created>2012-03-01 12:02:35.135 CST</created><description>给yinwei带折耳根</description><topic reference="../../../../../../../../../../topics/items/topic[2]"/><processed>true</processed><id>11309</id></thought><parent class="actions" reference="../../.."/><description>给yinwei带折耳根</description><topic reference="../../../../../../../../../topics/items/topic[2]"/><context reference="../../../../../../../../../contexts/items/context[6]"/><state class="actionStateASAP"><created>2012-03-02 09:49:02.755 CST</created></state><notes></notes><done>true</done><doneDate>2012-03-02 00:00:00.0 CST</doneDate><success></success><modified>2012-03-02 09:49:02.755 CST</modified></action><action><id>11333</id><created>2012-03-02 09:49:02.755 CST</created><thought><created>2012-03-01 13:45:56.468 CST</created><description>ask tony how to veify is call is success or not</description><topic reference="../../../../../../../../../../topics/items/topic[3]"/><processed>true</processed><id>11311</id></thought><parent class="actions" reference="../../.."/><description>ask tony how to veify is call is success or not</description><topic reference="../../../../../../../../../topics/items/topic[3]"/><context reference="../../../../../../../../../contexts/items/context[3]"/><state class="actionStateASAP"><created>2012-03-02 09:49:39.851 CST</created></state><notes></notes><done>true</done><doneDate>2012-03-02 00:00:00.0 CST</doneDate><success>Know the answer</success><modified>2012-03-02 10:55:09.608 CST</modified></action><action><id>11337</id><created>2012-03-02 09:51:29.990 CST</created><thought><created>2012-03-01 13:53:22.486 CST</created><description>了解zen coding</description><topic reference="../../../../../../../../../../topics/items/topic[4]"/><processed>true</processed><notes>http://www.qianduan.net/zen-coding-a-new-way-to-write-html-code.html</notes><id>11316</id></thought><parent class="actions" reference="../../.."/><description>了解zen coding</description><topic reference="../../../../../../../../../topics/items/topic[4]"/><context reference="../../../../../../../../../contexts/items/context[3]"/><state class="actionStateInactive"><created>2012-03-05 18:43:45.458 CST</created></state><notes>http://www.qianduan.net/zen-coding-a-new-way-to-write-html-code.html</notes><done>false</done><success>know what and the advantage</success><modified>2012-03-05 18:43:45.458 CST</modified></action><action><id>11338</id><created>2012-03-02 09:51:55.69 CST</created><thought><created>2012-03-01 17:23:14.718 CST</created><description>电话check 利率调整后房贷还款</description><topic reference="../../../../../../../../../../topics/items/topic[2]"/><processed>true</processed><id>11318</id></thought><parent class="actions" reference="../../.."/><description>电话check 利率调整后房贷还款</description><topic reference="../../../../../../../../../topics/items/topic[2]"/><context reference="../../../../../../../../../contexts/items/context[7]"/><state class="actionStateScheduled"><date>2012-03-13 00:00:00.0 CST</date><durationHours>0</durationHours><durationMinutes>0</durationMinutes><created>2012-03-02 17:02:28.217 CST</created></state><notes></notes><done>true</done><doneDate>2012-03-13 10:49:43.540 CST</doneDate><success>know how much I need pay form now on</success><modified>2012-03-13 10:49:43.540 CST</modified></action><action><id>11347</id><created>2012-03-02 17:04:03.346 CST</created><thought><created>2012-03-02 11:05:21.427 CST</created><description>了解159915</description><topic reference="../../../../../../../../../../topics/items/topic[5]"/><processed>true</processed><notes>稳健&#x0D;
创指反弹肯定会涨</notes><id>11341</id></thought><parent class="actions" reference="../../.."/><description>了解159915</description><topic reference="../../../../../../../../../topics/items/topic[5]"/><context reference="../../../../../../../../../contexts/items/context[2]"/><state class="actionStateScheduled"><date>2012-03-05 00:00:00.0 CST</date><durationHours>0</durationHours><durationMinutes>0</durationMinutes><created>2012-03-05 18:37:57.208 CST</created></state><notes>稳健&#x0D;
创指反弹肯定会涨</notes><done>true</done><doneDate>2012-03-05 00:00:00.0 CST</doneDate><success></success><modified>2012-03-05 21:53:24.531 CST</modified></action><action><id>11348</id><created>2012-03-02 17:04:18.510 CST</created><thought><created>2012-03-02 17:03:33.191 CST</created><description>Try mac GTD SW </description><topic reference="../../../../../../../../../../topics/items/topic[4]"/><processed>true</processed><id>11344</id></thought><parent class="actions" reference="../../.."/><description>Try mac GTD SW </description><topic reference="../../../../../../../../../topics/items/topic[4]"/><context reference="../../../../../../../../../contexts/items/context[2]"/><state class="actionStateASAP"><created>2012-03-02 17:04:26.904 CST</created></state><notes></notes><done>true</done><doneDate>2012-03-05 00:00:00.0 CST</doneDate><success></success><modified>2012-03-05 09:58:38.669 CST</modified></action><action><id>11349</id><created>2012-03-03 20:43:27.348 CST</created><parent class="actions" reference="../../.."/><description>记账</description><topic reference="../../../../../../../../../topics/items/topic[2]"/><context reference="../../../../../../../../../contexts/items/context[8]"/><state class="actionStateScheduled"><date>2012-03-04 22:00:00.0 CST</date><durationHours>0</durationHours><durationMinutes>0</durationMinutes><created>2012-03-03 20:43:27.348 CST</created></state><notes></notes><done>true</done><doneDate>2012-03-05 10:32:10.667 CST</doneDate><time reference="../../action[16]/time"/><priority reference="../../../parent/children/projects/children/project[3]/children/action/priority"/><success></success><modified>2012-03-05 10:32:10.667 CST</modified></action><action><id>11350</id><created>2012-03-03 20:43:27.363 CST</created><parent class="actions" reference="../../.."/><description>Read reader</description><topic reference="../../../../../../../../../topics/items/topic[4]"/><context reference="../../../../../../../../../contexts/items/context[4]"/><state class="actionStateScheduled"><date>2012-03-04 00:00:00.0 CST</date><durationHours>0</durationHours><durationMinutes>0</durationMinutes><created>2012-03-03 20:43:27.363 CST</created></state><notes></notes><done>true</done><doneDate>2012-03-05 09:58:13.597 CST</doneDate><time reference="../../../parent/children/projects/children/project/children/action/time"/><energy reference="../../action[34]/energy"/><priority reference="../../../parent/children/projects/children/project[3]/children/action/priority"/><success></success><modified>2012-03-05 09:58:13.597 CST</modified></action><action><id>11352</id><created>2012-03-04 00:02:00.8 CST</created><parent class="actions" reference="../../.."/><description>记账</description><topic reference="../../../../../../../../../topics/items/topic[2]"/><context reference="../../../../../../../../../contexts/items/context[8]"/><state class="actionStateScheduled"><date>2012-03-05 22:00:00.0 CST</date><durationHours>0</durationHours><durationMinutes>0</durationMinutes><created>2012-03-04 00:02:00.8 CST</created></state><notes></notes><done>true</done><doneDate>2012-03-05 21:16:19.643 CST</doneDate><time reference="../../action[16]/time"/><priority reference="../../../parent/children/projects/children/project[3]/children/action/priority"/><success></success><modified>2012-03-05 21:16:19.643 CST</modified></action><action><id>11353</id><created>2012-03-04 00:02:00.18 CST</created><parent class="actions" reference="../../.."/><description>Read reader</description><topic reference="../../../../../../../../../topics/items/topic[4]"/><context reference="../../../../../../../../../contexts/items/context[4]"/><state class="actionStateScheduled"><date>2012-03-05 00:00:00.0 CST</date><durationHours>0</durationHours><durationMinutes>0</durationMinutes><created>2012-03-04 00:02:00.18 CST</created></state><notes></notes><done>true</done><doneDate>2012-03-05 12:55:37.765 CST</doneDate><time reference="../../../parent/children/projects/children/project/children/action/time"/><energy reference="../../action[34]/energy"/><priority reference="../../../parent/children/projects/children/project[3]/children/action/priority"/><success></success><modified>2012-03-05 12:55:37.765 CST</modified></action><action><id>11357</id><created>2012-03-05 09:55:11.248 CST</created><parent class="actions" reference="../../.."/><description>记账</description><topic reference="../../../../../../../../../topics/items/topic[2]"/><context reference="../../../../../../../../../contexts/items/context[8]"/><state class="actionStateScheduled"><date>2012-03-06 22:00:00.0 CST</date><durationHours>0</durationHours><durationMinutes>0</durationMinutes><created>2012-03-05 09:55:11.249 CST</created></state><notes></notes><done>true</done><doneDate>2012-03-06 23:12:12.829 CST</doneDate><time reference="../../action[16]/time"/><priority reference="../../../parent/children/projects/children/project[3]/children/action/priority"/><success></success><modified>2012-03-06 23:12:12.829 CST</modified></action><action><id>11358</id><created>2012-03-05 09:55:11.290 CST</created><parent class="actions" reference="../../.."/><description>Read reader</description><topic reference="../../../../../../../../../topics/items/topic[4]"/><context reference="../../../../../../../../../contexts/items/context[4]"/><state class="actionStateScheduled"><date>2012-03-06 00:00:00.0 CST</date><durationHours>0</durationHours><durationMinutes>0</durationMinutes><created>2012-03-05 09:55:11.310 CST</created></state><notes></notes><done>true</done><doneDate>2012-03-06 00:00:00.0 CST</doneDate><time reference="../../../parent/children/projects/children/project/children/action/time"/><energy reference="../../action[34]/energy"/><priority reference="../../../parent/children/projects/children/project[3]/children/action/priority"/><success></success><modified>2012-03-06 19:01:23.723 CST</modified></action><action><id>11367</id><created>2012-03-05 15:30:16.779 CST</created><thought><created>2012-03-05 13:52:38.648 CST</created><description>Set the plan to learn meta ruby</description><topic><name>None</name><description>No topic.</description><color><red>0</red><green>0</green><blue>0</blue><alpha>255</alpha></color><background><red>255</red><green>255</green><blue>255</blue><alpha>255</alpha></background><id>8</id></topic><processed>true</processed><id>11361</id></thought><parent class="actions" reference="../../.."/><description>lean meta ruby</description><topic><name>None</name><description>No topic.</description><color><red>0</red><green>0</green><blue>0</blue><alpha>255</alpha></color><background><red>255</red><green>255</green><blue>255</blue><alpha>255</alpha></background><id>8</id></topic><context reference="../../../../../../../../../contexts/items/context[5]"/><state class="actionStateInactive"><created>2012-03-05 15:31:11.943 CST</created></state><notes></notes><done>false</done><success>Get the study plan</success><modified>2012-03-05 15:31:11.943 CST</modified></action><action><id>11368</id><created>2012-03-05 15:31:11.949 CST</created><thought><created>2012-03-05 15:23:51.789 CST</created><description>Install toggl</description><topic reference="../../../action[82]/thought/topic"/><processed>true</processed><id>11363</id></thought><parent class="actions" reference="../../.."/><description>Install toggl</description><topic reference="../../action[82]/topic"/><context reference="../../../../../../../../../contexts/items/context[4]"/><state class="actionStateASAP"><created>2012-03-05 15:31:24.854 CST</created></state><notes></notes><done>true</done><doneDate>2012-03-05 00:00:00.0 CST</doneDate><time reference="../../../parent/children/projects/children/project[5]/children/project/children/project[4]/children/action[12]/time"/><success></success><modified>2012-03-05 18:31:27.451 CST</modified></action><action><id>11376</id><created>2012-03-05 16:07:16.371 CST</created><thought><created>2012-03-05 15:56:32.345 CST</created><description>check stock</description><topic reference="../../../../../../../../../../topics/items/topic[5]"/><processed>true</processed><id>11370</id></thought><parent class="actions" reference="../../.."/><description>check stock</description><topic reference="../../../../../../../../../topics/items/topic[5]"/><context reference="../../../../../../../../../contexts/items/context[2]"/><state class="actionStateScheduled"><date>2012-03-05 20:00:00.0 CST</date><durationHours>0</durationHours><durationMinutes>0</durationMinutes><created>2012-03-05 16:07:46.21 CST</created></state><notes></notes><done>true</done><doneDate>2012-03-05 21:53:21.848 CST</doneDate><time reference="../../../parent/children/projects/children/project[5]/children/project/children/project[2]/children/project/children/action/time"/><success></success><modified>2012-03-05 21:53:21.848 CST</modified></action><action><id>11377</id><created>2012-03-05 16:07:46.32 CST</created><thought><created>2012-03-05 16:06:41.811 CST</created><description>Try to use textmate on atmos work</description><topic reference="../../../../../../../../../../topics/items/topic[4]"/><processed>true</processed><id>11373</id></thought><parent class="actions" reference="../../.."/><description>Try to use textmate on atmos work</description><topic reference="../../../../../../../../../topics/items/topic[4]"/><context reference="../../../../../../../../../contexts/items/context[3]"/><state class="actionStateASAP"><created>2012-03-05 16:08:04.288 CST</created></state><notes>Failed. 
1.Cannot find a good way to edit the remote file
2.Too slow when editing atmos gui code even in local</notes><done>true</done><doneDate>2012-03-05 00:00:00.0 CST</doneDate><success></success><modified>2012-03-05 18:27:41.846 CST</modified></action><action><id>11378</id><created>2012-03-05 17:51:02.408 CST</created><parent class="actions" reference="../../.."/><description>每日一读</description><topic reference="../../../../../../../../../topics/items/topic[4]"/><context reference="../../../../../../../../../contexts/items/context[5]"/><state class="actionStateScheduled"><date>2012-03-06 08:30:00.0 CST</date><durationHours>8</durationHours><durationMinutes>35</durationMinutes><created>2012-03-05 17:51:02.409 CST</created></state><notes>当天的行事历和任务清单&#x0D;
先做最重要和最困难的事&#x0D;
设置预期效果</notes><done>true</done><doneDate>2012-03-06 00:00:00.0 CST</doneDate><time reference="../../action[16]/time"/><success></success><modified>2012-03-06 09:38:14.538 CST</modified></action><action><id>11379</id><created>2012-03-05 17:51:02.435 CST</created><parent class="actions" reference="../../.."/><description>每日一读</description><topic reference="../../../../../../../../../topics/items/topic[4]"/><context reference="../../../../../../../../../contexts/items/context[5]"/><state class="actionStateScheduled"><date>2012-03-09 08:30:00.0 CST</date><durationHours>8</durationHours><durationMinutes>35</durationMinutes><created>2012-03-05 17:51:02.436 CST</created></state><notes>当天的行事历和任务清单&#x0D;
先做最重要和最困难的事&#x0D;
设置预期效果</notes><done>true</done><doneDate>2012-03-09 00:00:00.0 CST</doneDate><time reference="../../action[16]/time"/><success></success><modified>2012-03-09 09:49:06.663 CST</modified></action><action><id>11380</id><created>2012-03-05 17:51:02.457 CST</created><parent class="actions" reference="../../.."/><description>每日一读</description><topic reference="../../../../../../../../../topics/items/topic[4]"/><context reference="../../../../../../../../../contexts/items/context[5]"/><state class="actionStateScheduled"><date>2012-03-13 08:30:00.0 CST</date><durationHours>8</durationHours><durationMinutes>35</durationMinutes><created>2012-03-05 17:51:02.457 CST</created></state><notes>当天的行事历和任务清单&#x0D;
先做最重要和最困难的事&#x0D;
设置预期效果</notes><done>true</done><doneDate>2012-03-13 00:00:00.0 CST</doneDate><time reference="../../action[16]/time"/><success></success><modified>2012-03-13 09:28:33.927 CST</modified></action><action><id>11382</id><created>2012-03-05 17:52:14.252 CST</created><parent class="actions" reference="../../.."/><description>每日一读</description><topic reference="../../../../../../../../../topics/items/topic[4]"/><context reference="../../../../../../../../../contexts/items/context[5]"/><state class="actionStateScheduled"><date>2012-03-16 08:30:00.0 CST</date><durationHours>8</durationHours><durationMinutes>35</durationMinutes><created>2012-03-05 17:52:14.252 CST</created></state><notes>当天的行事历和任务清单&#x0D;
先做最重要和最困难的事&#x0D;
设置预期效果</notes><done>true</done><doneDate>2012-03-16 00:00:00.0 CST</doneDate><time reference="../../action[16]/time"/><success></success><modified>2012-03-16 08:34:55.901 CST</modified></action><action><id>11386</id><created>2012-03-05 18:33:43.290 CST</created><thought><created>2012-03-05 18:33:15.354 CST</created><description>learn 技术流光盘</description><topic reference="../../../../../../../../../../topics/items/topic[5]"/><processed>true</processed><id>11383</id></thought><parent class="actions" reference="../../.."/><description>learn 技术流光盘</description><topic reference="../../../../../../../../../topics/items/topic[5]"/><context reference="../../../../../../../../../contexts/items/context[2]"/><state class="actionStateScheduled"><date>2012-03-05 00:00:00.0 CST</date><durationHours>0</durationHours><durationMinutes>0</durationMinutes><created>2012-03-05 18:34:02.19 CST</created></state><notes></notes><done>true</done><doneDate>2012-03-06 09:37:11.222 CST</doneDate><success>Get 相关思维导向图 </success><modified>2012-03-06 09:37:11.242 CST</modified></action><action><id>11396</id><created>2012-03-05 18:47:32.475 CST</created><thought><created>2012-03-05 18:46:34.531 CST</created><description>Learn onmifocus according to the tutorial video</description><topic reference="../../../../../../../../../../topics/items/topic[4]"/><processed>true</processed><id>11392</id></thought><parent class="actions" reference="../../.."/><description>Learn onmifocus according to the tutorial video</description><topic reference="../../../../../../../../../topics/items/topic[4]"/><context reference="../../../../../../../../../contexts/items/context[4]"/><state class="actionStateInactive"><created>2012-03-06 18:35:44.995 CST</created></state><notes></notes><done>false</done><success>Use it frequently</success><modified>2012-03-06 18:35:44.995 CST</modified></action><action><id>11399</id><created>2012-03-06 00:02:00.8 CST</created><parent class="actions" reference="../../.."/><description>记账</description><topic reference="../../../../../../../../../topics/items/topic[2]"/><context reference="../../../../../../../../../contexts/items/context[8]"/><state class="actionStateScheduled"><date>2012-03-07 22:00:00.0 CST</date><durationHours>0</durationHours><durationMinutes>0</durationMinutes><created>2012-03-06 00:02:00.8 CST</created></state><notes></notes><done>true</done><doneDate>2012-03-08 00:00:00.0 CST</doneDate><time reference="../../action[16]/time"/><priority reference="../../../parent/children/projects/children/project[3]/children/action/priority"/><success></success><modified>2012-03-08 09:21:05.679 CST</modified></action><action><id>11400</id><created>2012-03-06 00:02:00.147 CST</created><parent class="actions" reference="../../.."/><description>Read reader</description><topic reference="../../../../../../../../../topics/items/topic[4]"/><context reference="../../../../../../../../../contexts/items/context[4]"/><state class="actionStateScheduled"><date>2012-03-07 00:00:00.0 CST</date><durationHours>0</durationHours><durationMinutes>0</durationMinutes><created>2012-03-06 00:02:00.148 CST</created></state><notes></notes><done>true</done><doneDate>2012-03-07 13:37:42.896 CST</doneDate><time reference="../../../parent/children/projects/children/project/children/action/time"/><energy reference="../../action[34]/energy"/><priority reference="../../../parent/children/projects/children/project[3]/children/action/priority"/><success></success><modified>2012-03-07 13:37:42.896 CST</modified></action><action><id>11401</id><created>2012-03-06 09:37:11.223 CST</created><parent class="actions" reference="../../.."/><description>learn 技术流光盘</description><topic reference="../../../../../../../../../topics/items/topic[5]"/><context reference="../../../../../../../../../contexts/items/context[2]"/><state class="actionStateScheduled"><date>2012-03-07 21:00:00.0 CST</date><durationHours>0</durationHours><durationMinutes>0</durationMinutes><created>2012-03-06 09:37:11.225 CST</created></state><notes></notes><done>true</done><doneDate>2012-03-08 00:00:00.0 CST</doneDate><time reference="../../action[16]/time"/><success>画出思维导向图</success><modified>2012-03-08 09:21:53.567 CST</modified></action><action><id>11411</id><created>2012-03-06 18:34:34.403 CST</created><thought><created>2012-03-06 13:30:54.732 CST</created><description>update 招行Ukey</description><topic reference="../../../../../../../../../../topics/items/topic[2]"/><processed>true</processed><id>11406</id></thought><parent class="actions" reference="../../.."/><description>update 招行Ukey</description><topic reference="../../../../../../../../../topics/items/topic[2]"/><context><name>None</name><description>No context.</description><id>9</id></context><state class="actionStateScheduled"><date>2012-03-06 20:00:00.0 CST</date><durationHours>0</durationHours><durationMinutes>0</durationMinutes><created>2012-03-06 18:35:02.566 CST</created></state><notes></notes><done>true</done><doneDate>2012-03-06 23:39:20.672 CST</doneDate><success></success><modified>2012-03-06 23:39:20.672 CST</modified></action><action><id>11418</id><created>2012-03-06 18:39:21.896 CST</created><thought><created>2012-03-06 18:38:49.82 CST</created><description>Transfer dev env to thinkpad</description><topic reference="../../../../../../../../../../topics/items/topic[4]"/><processed>true</processed><id>11414</id></thought><parent class="actions" reference="../../.."/><description>Transfer dev env to thinkpad</description><topic reference="../../../../../../../../../topics/items/topic[4]"/><context reference="../../../../../../../../../contexts/items/context[2]"/><state class="actionStateScheduled"><date>2012-03-06 20:00:00.0 CST</date><durationHours>0</durationHours><durationMinutes>0</durationMinutes><created>2012-03-06 18:39:39.653 CST</created></state><notes></notes><done>true</done><doneDate>2012-03-06 23:12:07.666 CST</doneDate><success></success><modified>2012-03-06 23:12:07.666 CST</modified></action><action><id>11427</id><created>2012-03-06 19:03:34.106 CST</created><thought><created>2012-03-06 18:59:06.198 CST</created><description>check stock</description><topic reference="../../../../../../../../../../topics/items/topic[5]"/><processed>true</processed><id>11419</id></thought><parent class="actions" reference="../../.."/><description>check stock</description><topic reference="../../../../../../../../../topics/items/topic[5]"/><context reference="../../../../../../../../../contexts/items/context[2]"/><state class="actionStateScheduled"><date>2012-03-06 20:00:00.0 CST</date><durationHours>0</durationHours><durationMinutes>0</durationMinutes><created>2012-03-06 19:03:57.902 CST</created></state><notes></notes><done>true</done><doneDate>2012-03-06 00:00:00.0 CST</doneDate><success></success><modified>2012-03-06 23:39:19.736 CST</modified></action><action><id>11430</id><created>2012-03-06 23:39:19.736 CST</created><parent class="actions" reference="../../.."/><description>check stock</description><topic reference="../../../../../../../../../topics/items/topic[5]"/><context reference="../../../../../../../../../contexts/items/context[2]"/><state class="actionStateScheduled"><date>2012-03-07 20:00:00.0 CST</date><durationHours>0</durationHours><durationMinutes>0</durationMinutes><created>2012-03-06 23:39:19.736 CST</created></state><notes></notes><done>true</done><doneDate>2012-03-07 22:32:45.519 CST</doneDate><success>Summary today&apos;s experience and the targets tommorrow</success><modified>2012-03-07 22:32:45.521 CST</modified></action><action><id>11431</id><created>2012-03-07 09:58:19.396 CST</created><parent class="actions" reference="../../.."/><description>记账</description><topic reference="../../../../../../../../../topics/items/topic[2]"/><context reference="../../../../../../../../../contexts/items/context[8]"/><state class="actionStateScheduled"><date>2012-03-08 22:00:00.0 CST</date><durationHours>0</durationHours><durationMinutes>0</durationMinutes><created>2012-03-07 09:58:19.397 CST</created></state><notes></notes><done>true</done><doneDate>2012-03-08 23:19:31.507 CST</doneDate><time reference="../../action[16]/time"/><priority reference="../../../parent/children/projects/children/project[3]/children/action/priority"/><success></success><modified>2012-03-08 23:19:31.507 CST</modified></action><action><id>11432</id><created>2012-03-07 09:58:19.421 CST</created><parent class="actions" reference="../../.."/><description>Read reader</description><topic reference="../../../../../../../../../topics/items/topic[4]"/><context reference="../../../../../../../../../contexts/items/context[4]"/><state class="actionStateScheduled"><date>2012-03-08 00:00:00.0 CST</date><durationHours>0</durationHours><durationMinutes>0</durationMinutes><created>2012-03-07 09:58:19.421 CST</created></state><notes></notes><done>true</done><doneDate>2012-03-08 00:00:00.0 CST</doneDate><time reference="../../../parent/children/projects/children/project/children/action/time"/><energy reference="../../action[34]/energy"/><priority reference="../../../parent/children/projects/children/project[3]/children/action/priority"/><success></success><modified>2012-03-08 23:20:04.424 CST</modified></action><action><id>11437</id><created>2012-03-07 11:32:08.364 CST</created><thought><created>2012-03-07 11:30:52.695 CST</created><description>记《编写高质量代码》学习笔记</description><topic reference="../../../../../../../../../../topics/items/topic[4]"/><processed>true</processed><id>11434</id></thought><parent class="actions" reference="../../.."/><description>记《编写高质量代码》学习笔记</description><topic reference="../../../../../../../../../topics/items/topic[4]"/><context reference="../../../../../../../../../contexts/items/context[5]"/><state class="actionStateASAP"><created>2012-03-07 11:37:35.420 CST</created></state><notes></notes><done>true</done><doneDate>2012-03-07 00:00:00.0 CST</doneDate><success>thought graph</success><modified>2012-03-07 13:37:47.398 CST</modified></action><action><id>11442</id><created>2012-03-07 13:42:31.873 CST</created><thought><created>2012-03-07 13:42:07.23 CST</created><description>  学习rails test from github&apos;s codes</description><topic reference="../../../../../../../../../../topics/items/topic[4]"/><processed>true</processed><id>11438</id></thought><parent class="actions" reference="../../.."/><description> 学习rails test from github</description><topic reference="../../../../../../../../../topics/items/topic[4]"/><context reference="../../../../../../../../../contexts/items/context[3]"/><state class="actionStateInactive"><created>2012-03-12 09:46:04.416 CST</created></state><notes>github.com/saberma/shopqi&#x0D;
github.com/railsbp/rails_best_practices</notes><done>false</done><success>Know how to write rails test code and thought graph</success><modified>2012-03-12 09:46:04.416 CST</modified></action><action><id>11462</id><created>2012-03-07 19:00:44.430 CST</created><thought><created>2012-03-07 18:54:37.10 CST</created><description>Read 编写高质量编码</description><topic reference="../../../../../../../../../../topics/items/topic[4]"/><processed>true</processed><id>11451</id></thought><parent class="actions" reference="../../.."/><description>Read 编写高质量编码</description><topic reference="../../../../../../../../../topics/items/topic[4]"/><context reference="../../../../../../../../../contexts/items/context[3]"/><state class="actionStateScheduled"><date>2012-03-08 00:00:00.0 CST</date><durationHours>0</durationHours><durationMinutes>0</durationMinutes><created>2012-03-07 19:01:47.699 CST</created></state><notes>Read it during free at office</notes><done>true</done><doneDate>2012-03-08 00:00:00.0 CST</doneDate><success>thought graph</success><modified>2012-03-26 19:45:30.852 CST</modified></action><action><id>11465</id><created>2012-03-07 19:02:49.184 CST</created><thought><created>2012-03-07 18:55:13.98 CST</created><description>报销买书费用</description><topic reference="../../../../../../../../../../topics/items/topic[2]"/><processed>true</processed><id>11452</id></thought><parent class="actions" reference="../../.."/><description>报销买书费用</description><topic reference="../../../../../../../../../topics/items/topic[2]"/><context reference="../../../../../../../../../contexts/items/context[3]"/><state class="actionStateASAP"><created>2012-03-07 19:03:02.123 CST</created></state><notes></notes><done>true</done><doneDate>2012-03-09 17:57:48.744 CST</doneDate><success></success><modified>2012-03-09 17:57:48.744 CST</modified></action><action><id>11466</id><created>2012-03-07 19:03:02.125 CST</created><thought><created>2012-03-07 18:55:32.301 CST</created><description>整理evernote成为reference</description><topic reference="../../../../../../../../../../topics/items/topic[4]"/><processed>true</processed><id>11453</id></thought><parent class="actions" reference="../../.."/><description>整理evernote成为reference</description><topic reference="../../../../../../../../../topics/items/topic[4]"/><context reference="../../../../../../../../../contexts/items/context[5]"/><state class="actionStateASAP"><created>2012-03-07 19:03:14.137 CST</created></state><notes></notes><done>true</done><doneDate>2012-03-09 18:06:02.412 CST</doneDate><success></success><modified>2012-03-09 18:06:02.412 CST</modified></action><action><id>11467</id><created>2012-03-07 19:03:14.139 CST</created><thought><created>2012-03-07 18:56:32.587 CST</created><description>学习高效利用github</description><topic reference="../../../../../../../../../../topics/items/topic[4]"/><processed>true</processed><notes>evernote</notes><id>11454</id></thought><parent class="actions" reference="../../.."/><description>学习高效利用github</description><topic reference="../../../../../../../../../topics/items/topic[4]"/><context reference="../../../../../../../../../contexts/items/context[4]"/><state class="actionStateASAP"><created>2012-04-27 21:24:51.302 CST</created></state><notes>evernote</notes><done>false</done><success></success><modified>2012-04-27 21:24:51.302 CST</modified></action><action><id>11474</id><created>2012-03-07 22:32:45.519 CST</created><parent class="actions" reference="../../.."/><description>check stock</description><topic reference="../../../../../../../../../topics/items/topic[5]"/><context reference="../../../../../../../../../contexts/items/context[2]"/><state class="actionStateScheduled"><date>2012-03-08 20:00:00.0 CST</date><durationHours>0</durationHours><durationMinutes>0</durationMinutes><created>2012-03-07 22:32:45.520 CST</created></state><notes></notes><done>true</done><doneDate>2012-03-08 00:00:00.0 CST</doneDate><success>Summary today&apos;s experience and the targets tommorrow</success><modified>2012-03-08 23:19:23.301 CST</modified></action><action><id>11475</id><created>2012-03-08 00:02:00.3 CST</created><parent class="actions" reference="../../.."/><description>记账</description><topic reference="../../../../../../../../../topics/items/topic[2]"/><context reference="../../../../../../../../../contexts/items/context[8]"/><state class="actionStateScheduled"><date>2012-03-09 22:00:00.0 CST</date><durationHours>0</durationHours><durationMinutes>0</durationMinutes><created>2012-03-08 00:02:00.6 CST</created></state><notes></notes><done>true</done><doneDate>2012-03-09 23:37:21.438 CST</doneDate><time reference="../../action[16]/time"/><priority reference="../../../parent/children/projects/children/project[3]/children/action/priority"/><success></success><modified>2012-03-09 23:37:21.438 CST</modified></action><action><id>11476</id><created>2012-03-08 00:02:00.9 CST</created><parent class="actions" reference="../../.."/><description>Read reader</description><topic reference="../../../../../../../../../topics/items/topic[4]"/><context reference="../../../../../../../../../contexts/items/context[4]"/><state class="actionStateScheduled"><date>2012-03-09 00:00:00.0 CST</date><durationHours>0</durationHours><durationMinutes>0</durationMinutes><created>2012-03-08 00:02:00.9 CST</created></state><notes></notes><done>true</done><doneDate>2012-03-09 00:00:00.0 CST</doneDate><time reference="../../../parent/children/projects/children/project/children/action/time"/><energy reference="../../action[34]/energy"/><priority reference="../../../parent/children/projects/children/project[3]/children/action/priority"/><success></success><modified>2012-03-09 16:49:04.472 CST</modified></action><action><id>11477</id><created>2012-03-08 09:21:53.566 CST</created><parent class="actions" reference="../../.."/><description>learn 技术流光盘</description><topic reference="../../../../../../../../../topics/items/topic[5]"/><context reference="../../../../../../../../../contexts/items/context[2]"/><state class="actionStateScheduled"><date>2012-03-09 21:00:00.0 CST</date><durationHours>0</durationHours><durationMinutes>0</durationMinutes><created>2012-03-08 09:21:53.566 CST</created></state><notes></notes><done>true</done><doneDate>2012-03-10 00:00:00.0 CST</doneDate><time reference="../../action[16]/time"/><success>画出思维导向图</success><modified>2012-03-10 13:56:54.570 CST</modified></action><action><id>11487</id><created>2012-03-08 18:06:09.101 CST</created><parent class="actions" reference="../../.."/><description>Read 编写高质量编码</description><topic reference="../../../../../../../../../topics/items/topic[4]"/><context reference="../../../../../../../../../contexts/items/context[3]"/><state class="actionStateScheduled"><date>2012-03-09 00:00:00.0 CST</date><durationHours>0</durationHours><durationMinutes>0</durationMinutes><created>2012-03-08 18:06:09.101 CST</created></state><notes></notes><done>true</done><doneDate>2012-03-09 00:00:00.0 CST</doneDate><success>thought graph</success><modified>2012-03-26 19:45:30.852 CST</modified></action><action><id>11496</id><created>2012-03-08 18:09:51.231 CST</created><thought><created>2012-03-08 13:55:30.107 CST</created><description>learn rspec</description><topic reference="../../../../../../../../../../topics/items/topic[4]"/><processed>true</processed><notes>http://www.slideshare.net/ihower/rspec-7394497</notes><id>11485</id></thought><parent class="actions" reference="../../.."/><description>learn rspec</description><topic reference="../../../../../../../../../topics/items/topic[4]"/><context reference="../../../../../../../../../contexts/items/context[3]"/><state class="actionStateInactive"><created>2012-03-26 09:55:17.754 CST</created></state><notes>http://www.slideshare.net/ihower/rspec-7394497</notes><done>true</done><doneDate>2012-04-27 00:00:00.0 CST</doneDate><success>Use rspec to write test case</success><modified>2012-04-27 21:24:14.721 CST</modified></action><action><id>11497</id><created>2012-03-08 23:19:23.270 CST</created><parent class="actions" reference="../../.."/><description>check stock</description><topic reference="../../../../../../../../../topics/items/topic[5]"/><context reference="../../../../../../../../../contexts/items/context[2]"/><state class="actionStateScheduled"><date>2012-03-09 20:00:00.0 CST</date><durationHours>0</durationHours><durationMinutes>0</durationMinutes><created>2012-03-08 23:19:23.270 CST</created></state><notes></notes><done>true</done><doneDate>2012-03-10 13:56:41.747 CST</doneDate><success>Summary today&apos;s experience and the targets tommorrow</success><modified>2012-03-10 13:56:41.763 CST</modified></action><action><id>11499</id><created>2012-03-09 09:48:27.418 CST</created><parent class="actions" reference="../../.."/><description>记账</description><topic reference="../../../../../../../../../topics/items/topic[2]"/><context reference="../../../../../../../../../contexts/items/context[8]"/><state class="actionStateScheduled"><date>2012-03-10 22:00:00.0 CST</date><durationHours>0</durationHours><durationMinutes>0</durationMinutes><created>2012-03-09 09:48:27.433 CST</created></state><notes></notes><done>true</done><doneDate>2012-03-11 22:02:39.717 CST</doneDate><time reference="../../action[16]/time"/><priority reference="../../../parent/children/projects/children/project[3]/children/action/priority"/><success></success><modified>2012-03-11 22:02:39.717 CST</modified></action><action><id>11508</id><created>2012-03-09 16:50:37.725 CST</created><thought><created>2012-03-09 17:24:44.12 CST</created><description>ubs 股票到帐日</description><topic reference="../../../../../../../../../../topics/items/topic[2]"/><processed>true</processed><action reference="../.."/><id>11509</id></thought><parent class="actions" reference="../../.."/><description>check ubs</description><topic reference="../../../../../../../../../topics/items/topic[2]"/><context reference="../../../../../../../../../contexts/items/context[4]"/><state class="actionStateScheduled"><date>2012-08-03 00:00:00.0 CST</date><durationHours>0</durationHours><durationMinutes>0</durationMinutes><created>2012-03-09 17:25:48.43 CST</created></state><notes>每年股票期权到帐
8.3
8.4 </notes><done>false</done><success>Sell the stock if available</success><modified>2012-03-09 17:25:48.43 CST</modified></action><action><id>11516</id><created>2012-03-09 00:00:00.0 CST</created><thought><created>2012-03-09 17:26:52.158 CST</created><description>整理chrome bookmark</description><topic reference="../../../../../../../../../../topics/items/topic[2]"/><processed>true</processed><id>11510</id></thought><parent class="actions" reference="../../.."/><description>整理chrome bookmark</description><topic reference="../../../../../../../../../topics/items/topic[2]"/><context reference="../../../../../../../../../contexts/items/context[4]"/><state class="actionStateASAP"><created>2012-03-09 18:18:55.935 CST</created></state><notes></notes><done>true</done><doneDate>2012-03-15 00:00:00.0 CST</doneDate><success>Remove unused bookmark</success><modified>2012-03-15 14:35:12.475 CST</modified></action><action><id>11518</id><created>2012-03-10 13:56:41.747 CST</created><parent class="actions" reference="../../.."/><description>check stock</description><topic reference="../../../../../../../../../topics/items/topic[5]"/><context reference="../../../../../../../../../contexts/items/context[2]"/><state class="actionStateScheduled"><date>2012-03-12 20:00:00.0 CST</date><durationHours>0</durationHours><durationMinutes>0</durationMinutes><created>2012-03-10 13:56:41.747 CST</created></state><notes></notes><done>true</done><doneDate>2012-03-13 09:38:59.474 CST</doneDate><success>Summary today&apos;s experience and the targets tommorrow</success><modified>2012-03-13 09:38:59.474 CST</modified></action><action><id>11521</id><created>2012-03-10 13:58:29.152 CST</created><parent class="actions" reference="../../.."/><description>记账</description><topic reference="../../../../../../../../../topics/items/topic[2]"/><context reference="../../../../../../../../../contexts/items/context[8]"/><state class="actionStateScheduled"><date>2012-03-11 22:00:00.0 CST</date><durationHours>0</durationHours><durationMinutes>0</durationMinutes><created>2012-03-10 13:58:29.152 CST</created></state><notes></notes><done>true</done><doneDate>2012-03-11 00:00:00.0 CST</doneDate><time reference="../../action[16]/time"/><priority reference="../../../parent/children/projects/children/project[3]/children/action/priority"/><success></success><modified>2012-03-11 22:02:42.832 CST</modified></action><action><id>11525</id><created>2012-03-11 00:02:00.0 CST</created><parent class="actions" reference="../../.."/><description>记账</description><topic reference="../../../../../../../../../topics/items/topic[2]"/><context reference="../../../../../../../../../contexts/items/context[8]"/><state class="actionStateScheduled"><date>2012-03-12 22:00:00.0 CST</date><durationHours>0</durationHours><durationMinutes>0</durationMinutes><created>2012-03-11 00:02:00.0 CST</created></state><notes></notes><done>true</done><doneDate>2012-03-13 00:00:00.0 CST</doneDate><time reference="../../action[16]/time"/><priority reference="../../../parent/children/projects/children/project[3]/children/action/priority"/><success></success><modified>2012-03-13 09:39:15.932 CST</modified></action><action><id>11526</id><created>2012-03-11 00:02:00.0 CST</created><parent class="actions" reference="../../.."/><description>Read reader</description><topic reference="../../../../../../../../../topics/items/topic[4]"/><context reference="../../../../../../../../../contexts/items/context[4]"/><state class="actionStateScheduled"><date>2012-03-12 00:00:00.0 CST</date><durationHours>0</durationHours><durationMinutes>0</durationMinutes><created>2012-03-11 00:02:00.0 CST</created></state><notes></notes><done>true</done><doneDate>2012-03-12 13:19:20.401 CST</doneDate><time reference="../../../parent/children/projects/children/project/children/action/time"/><energy reference="../../action[34]/energy"/><priority reference="../../../parent/children/projects/children/project[3]/children/action/priority"/><success></success><modified>2012-03-12 13:19:20.401 CST</modified></action><action><id>11534</id><created>2012-03-12 09:41:44.141 CST</created><thought><created>2012-03-10 14:22:17.978 CST</created><description>learn total command</description><topic reference="../../../../../../../../../../topics/items/topic[4]"/><processed>true</processed><id>11523</id></thought><parent class="actions" reference="../../.."/><description>learn total command</description><topic reference="../../../../../../../../../topics/items/topic[4]"/><context reference="../../../../../../../../../contexts/items/context[3]"/><state class="actionStateASAP"><created>2012-03-12 09:42:07.529 CST</created></state><notes></notes><done>true</done><doneDate>2012-03-12 00:00:00.0 CST</doneDate><success>Master the normal usage</success><modified>2012-03-12 11:27:03.185 CST</modified></action><action><id>11535</id><created>2012-03-12 09:42:07.529 CST</created><thought><created>2012-03-12 09:41:30.963 CST</created><description>Check email</description><topic reference="../../../../../../../../../../topics/items/topic[3]"/><processed>true</processed><id>11531</id></thought><parent class="actions" reference="../../.."/><description>Check email</description><topic reference="../../../../../../../../../topics/items/topic[3]"/><context reference="../../../../../../../../../contexts/items/context[3]"/><state class="actionStateScheduled"><date>2012-03-12 00:00:00.0 CST</date><durationHours>0</durationHours><durationMinutes>0</durationMinutes><created>2012-03-12 09:42:22.115 CST</created></state><notes></notes><done>true</done><doneDate>2012-03-12 00:00:00.0 CST</doneDate><success></success><modified>2012-03-12 14:20:18.218 CST</modified></action><action><id>11539</id><created>2012-03-12 09:43:27.386 CST</created><parent class="actions" reference="../../.."/><description>Read reader</description><topic reference="../../../../../../../../../topics/items/topic[4]"/><context reference="../../../../../../../../../contexts/items/context[4]"/><state class="actionStateScheduled"><date>2012-03-13 00:00:00.0 CST</date><durationHours>0</durationHours><durationMinutes>0</durationMinutes><created>2012-03-12 09:43:27.386 CST</created></state><notes></notes><done>true</done><doneDate>2012-03-13 19:04:07.617 CST</doneDate><time reference="../../../parent/children/projects/children/project/children/action/time"/><energy reference="../../action[34]/energy"/><priority reference="../../../parent/children/projects/children/project[3]/children/action/priority"/><success></success><modified>2012-03-13 19:04:07.617 CST</modified></action><action><id>11540</id><created>2012-03-12 09:45:36.492 CST</created><parent class="actions" reference="../../.."/><description>Check email before start work</description><topic reference="../../../../../../../../../topics/items/topic[3]"/><context reference="../../../../../../../../../contexts/items/context[3]"/><state class="actionStateScheduled"><date>2012-03-13 00:00:00.0 CST</date><durationHours>0</durationHours><durationMinutes>0</durationMinutes><created>2012-03-12 09:45:36.492 CST</created></state><notes></notes><done>true</done><doneDate>2012-03-13 09:27:28.627 CST</doneDate><success></success><modified>2012-03-13 09:27:28.627 CST</modified></action><action><id>11545</id><created>2012-03-12 09:48:09.263 CST</created><thought><created>2012-03-12 09:47:45.36 CST</created><description>Check in syr change</description><topic reference="../../../../../../../../../../topics/items/topic[3]"/><processed>true</processed><id>11541</id></thought><parent class="actions" reference="../../.."/><description>Check in syr change</description><topic reference="../../../../../../../../../topics/items/topic[3]"/><context reference="../../../../../../../../../contexts/items/context[3]"/><state class="actionStateDelegated"><to>Uday</to><chase>2012-03-19 00:00:00.0 CST</chase><created>2012-03-12 09:49:11.835 CST</created></state><notes>After he unlock trunk
unlocked</notes><done>true</done><doneDate>2012-03-28 00:00:00.0 CST</doneDate><success></success><modified>2012-03-30 08:20:33.620 CST</modified></action><action><id>11568</id><created>2012-03-12 09:55:50.991 CST</created><parent class="actions" reference="../../.."/><description>Check http://railscasts.com/ often</description><topic reference="../../../../../../../../../topics/items/topic[4]"/><context reference="../../../../../../../../../contexts/items/context[4]"/><state class="actionStateInactive"><created>2012-03-12 09:55:14.236 CST</created></state><notes></notes><done>false</done><success>A plan to check it</success><modified>2012-03-12 09:55:50.993 CST</modified></action><action><id>11674</id><created>2012-03-12 09:56:53.654 CST</created><parent class="actions" reference="../../.."/><description>GTD weekly review</description><topic reference="../../../../../../../../../topics/items/topic[4]"/><context reference="../../../../../../../../../contexts/items/context[5]"/><state class="actionStateScheduled"><date>2012-03-25 00:00:00.0 CST</date><durationHours>0</durationHours><durationMinutes>0</durationMinutes><created>2012-03-12 09:56:53.654 CST</created></state><notes></notes><done>true</done><doneDate>2012-03-25 20:27:26.608 CST</doneDate><time reference="../../../parent/children/projects/children/project[14]/children/action/time"/><energy reference="../../action[37]/energy"/><success>Get the &apos;Next Action&apos; list</success><modified>2012-03-25 20:27:26.610 CST</modified></action><action><id>11718</id><created>2012-03-12 10:29:20.224 CST</created><thought><created>2012-03-12 09:57:37.282 CST</created><description>Dev a ruby scrip to get stock information</description><topic reference="../../../../../../../../../../topics/items/topic[4]"/><processed>true</processed><id>11680</id></thought><parent class="actions" reference="../../.."/><description>Dev a ruby scrip to get stock information</description><topic reference="../../../../../../../../../topics/items/topic[4]"/><context reference="../../../../../../../../../contexts/items/context[3]"/><state class="actionStateASAP"><created>2012-03-12 10:29:28.242 CST</created></state><notes></notes><done>true</done><doneDate>2012-03-12 19:02:16.152 CST</doneDate><success></success><modified>2012-03-12 19:02:16.152 CST</modified></action><action><id>11719</id><created>2012-03-12 10:29:28.244 CST</created><thought><created>2012-03-12 10:28:49.814 CST</created><description>Check the cosnode build issue</description><topic reference="../../../../../../../../../../topics/items/topic[3]"/><processed>true</processed><id>11715</id></thought><parent class="actions" reference="../../.."/><description>Check the cosnode build issue</description><topic reference="../../../../../../../../../topics/items/topic[3]"/><context reference="../../../../../../../../../contexts/items/context[3]"/><state class="actionStateASAP"><created>2012-03-12 10:29:38.80 CST</created></state><notes></notes><done>true</done><doneDate>2012-03-12 10:37:21.10 CST</doneDate><success></success><modified>2012-03-12 10:37:21.10 CST</modified></action><action><id>11728</id><created>2012-03-12 12:53:24.767 CST</created><thought><created>2012-03-12 12:53:05.907 CST</created><description>Check mongrel cluster</description><topic reference="../../../../../../../../../../topics/items/topic[3]"/><processed>true</processed><id>11725</id></thought><parent class="actions" reference="../../.."/><description>Check mongrel cluster</description><topic reference="../../../../../../../../../topics/items/topic[3]"/><context reference="../../../../../../../../../contexts/items/context[3]"/><state class="actionStateASAP"><created>2012-03-12 12:53:48.837 CST</created></state><notes>Summary on evernote</notes><done>true</done><doneDate>2012-03-12 00:00:00.0 CST</doneDate><success>Deploy mongrel cluster successful</success><modified>2012-03-12 17:44:31.97 CST</modified></action><action><id>11740</id><created>2012-03-12 19:02:17.414 CST</created><thought><created>2012-03-12 17:48:54.105 CST</created><description>电话mars询问盛大云</description><topic reference="../../../../../../../../../../topics/items/topic[4]"/><processed>true</processed><id>11733</id></thought><parent class="actions" reference="../../.."/><description>电话mars询问盛大云</description><topic reference="../../../../../../../../../topics/items/topic[4]"/><context reference="../../../../../../../../../contexts/items/context[7]"/><state class="actionStateASAP"><created>2012-03-12 19:02:29.577 CST</created></state><notes></notes><done>true</done><doneDate>2012-03-12 21:55:22.665 CST</doneDate><success></success><modified>2012-03-12 21:55:22.665 CST</modified></action><action><id>11741</id><created>2012-03-12 19:02:29.578 CST</created><thought><created>2012-03-12 18:51:42.223 CST</created><description>Backup evernote</description><topic><name>None</name><description>No topic.</description><color><red>0</red><green>0</green><blue>0</blue><alpha>255</alpha></color><background><red>255</red><green>255</green><blue>255</blue><alpha>255</alpha></background><id>8</id></topic><processed>true</processed><id>11736</id></thought><parent class="actions" reference="../../.."/><description>Backup evernote</description><topic reference="../thought/topic"/><context reference="../../../../../../../../../contexts/items/context[4]"/><state class="actionStateASAP"><created>2012-03-12 19:02:37.190 CST</created></state><notes></notes><done>true</done><doneDate>2012-03-15 11:25:50.251 CST</doneDate><success></success><modified>2012-03-15 11:25:50.251 CST</modified></action><action><id>11742</id><created>2012-03-12 19:02:37.193 CST</created><thought><created>2012-03-12 18:51:47.78 CST</created><description>Transfer reference from tr to evernote</description><topic reference="../../../action[132]/thought/topic"/><processed>true</processed><id>11737</id></thought><parent class="actions" reference="../../.."/><description>Transfer reference from tr to evernote</description><topic reference="../../action[132]/thought/topic"/><context reference="../../../../../../../../../contexts/items/context[5]"/><state class="actionStateASAP"><created>2012-03-12 19:02:44.292 CST</created></state><notes></notes><done>true</done><doneDate>2012-03-15 00:00:00.0 CST</doneDate><success></success><modified>2012-03-15 14:52:19.122 CST</modified></action><action><id>11744</id><created>2012-03-13 09:27:28.627 CST</created><parent class="actions" reference="../../.."/><description>Check email before start work</description><topic reference="../../../../../../../../../topics/items/topic[3]"/><context reference="../../../../../../../../../contexts/items/context[3]"/><state class="actionStateScheduled"><date>2012-03-14 00:00:00.0 CST</date><durationHours>0</durationHours><durationMinutes>0</durationMinutes><created>2012-03-13 09:27:28.627 CST</created></state><notes></notes><done>true</done><doneDate>2012-03-14 00:00:00.0 CST</doneDate><success></success><modified>2012-03-14 20:56:09.359 CST</modified></action><action><id>11746</id><created>2012-03-13 09:29:16.406 CST</created><parent class="actions" reference="../../.."/><description>Read reader</description><topic reference="../../../../../../../../../topics/items/topic[4]"/><context reference="../../../../../../../../../contexts/items/context[4]"/><state class="actionStateScheduled"><date>2012-03-14 00:00:00.0 CST</date><durationHours>0</durationHours><durationMinutes>0</durationMinutes><created>2012-03-13 09:29:16.406 CST</created></state><notes></notes><done>true</done><doneDate>2012-03-14 00:00:00.0 CST</doneDate><time reference="../../../parent/children/projects/children/project/children/action/time"/><energy reference="../../action[34]/energy"/><priority reference="../../../parent/children/projects/children/project[3]/children/action/priority"/><success></success><modified>2012-03-14 20:55:52.909 CST</modified></action><action><id>11748</id><created>2012-03-13 09:38:59.474 CST</created><parent class="actions" reference="../../.."/><description>check stock</description><topic reference="../../../../../../../../../topics/items/topic[5]"/><context reference="../../../../../../../../../contexts/items/context[2]"/><state class="actionStateScheduled"><date>2012-03-14 20:00:00.0 CST</date><durationHours>0</durationHours><durationMinutes>0</durationMinutes><created>2012-03-13 09:38:59.474 CST</created></state><notes></notes><done>true</done><doneDate>2012-03-14 09:40:25.125 CST</doneDate><success>Summary today&apos;s experience and the targets tommorrow</success><modified>2012-03-14 09:40:25.126 CST</modified></action><action><id>11749</id><created>2012-03-13 09:39:15.932 CST</created><parent class="actions" reference="../../.."/><description>记账</description><topic reference="../../../../../../../../../topics/items/topic[2]"/><context reference="../../../../../../../../../contexts/items/context[8]"/><state class="actionStateScheduled"><date>2012-03-14 22:00:00.0 CST</date><durationHours>0</durationHours><durationMinutes>0</durationMinutes><created>2012-03-13 09:39:15.932 CST</created></state><notes></notes><done>true</done><doneDate>2012-03-14 00:00:00.0 CST</doneDate><time reference="../../action[16]/time"/><priority reference="../../../parent/children/projects/children/project[3]/children/action/priority"/><success></success><modified>2012-03-14 20:55:58.771 CST</modified></action><action><id>11769</id><created>2012-03-14 09:40:25.125 CST</created><parent class="actions" reference="../../.."/><description>check stock</description><topic reference="../../../../../../../../../topics/items/topic[5]"/><context reference="../../../../../../../../../contexts/items/context[2]"/><state class="actionStateScheduled"><date>2012-03-15 06:00:00.0 CST</date><durationHours>0</durationHours><durationMinutes>0</durationMinutes><created>2012-03-14 09:40:25.126 CST</created></state><notes></notes><done>true</done><doneDate>2012-03-15 00:00:00.0 CST</doneDate><success>Summary yesterday&apos;s experience and the targets today</success><modified>2012-03-15 21:26:48.439 CST</modified></action><action><id>11770</id><created>2012-03-14 09:41:52.799 CST</created><parent class="actions" reference="../../.."/><description>Read reader</description><topic reference="../../../../../../../../../topics/items/topic[4]"/><context reference="../../../../../../../../../contexts/items/context[4]"/><state class="actionStateScheduled"><date>2012-03-15 00:00:00.0 CST</date><durationHours>0</durationHours><durationMinutes>0</durationMinutes><created>2012-03-14 09:41:52.799 CST</created></state><notes></notes><done>true</done><doneDate>2012-03-15 00:00:00.0 CST</doneDate><time reference="../../../parent/children/projects/children/project/children/action/time"/><energy reference="../../action[34]/energy"/><priority reference="../../../parent/children/projects/children/project[3]/children/action/priority"/><success></success><modified>2012-03-15 12:31:03.601 CST</modified></action><action><id>11771</id><created>2012-03-14 20:55:58.765 CST</created><parent class="actions" reference="../../.."/><description>记账</description><topic reference="../../../../../../../../../topics/items/topic[2]"/><context reference="../../../../../../../../../contexts/items/context[8]"/><state class="actionStateScheduled"><date>2012-03-15 22:00:00.0 CST</date><durationHours>0</durationHours><durationMinutes>0</durationMinutes><created>2012-03-14 20:55:58.765 CST</created></state><notes></notes><done>true</done><doneDate>2012-03-15 21:34:54.78 CST</doneDate><time reference="../../action[16]/time"/><priority reference="../../../parent/children/projects/children/project[3]/children/action/priority"/><success></success><modified>2012-03-15 21:34:54.79 CST</modified></action><action><id>11772</id><created>2012-03-14 20:56:09.356 CST</created><parent class="actions" reference="../../.."/><description>Check email before start work</description><topic reference="../../../../../../../../../topics/items/topic[3]"/><context reference="../../../../../../../../../contexts/items/context[3]"/><state class="actionStateScheduled"><date>2012-03-15 00:00:00.0 CST</date><durationHours>0</durationHours><durationMinutes>0</durationMinutes><created>2012-03-14 20:56:09.356 CST</created></state><notes></notes><done>true</done><doneDate>2012-03-15 00:00:00.0 CST</doneDate><success></success><modified>2012-03-15 10:57:38.524 CST</modified></action><action><id>11774</id><created>2012-03-14 20:56:35.396 CST</created><thought><created>2012-03-13 13:29:39.947 CST</created><description>read </description><topic reference="../../../../../../../../../../topics/items/topic[4]"/><processed>true</processed><notes>[file:/D:/shawn/document/ToRead/Rails-For-Zombies-Slides.pdf]</notes><id>11760</id></thought><parent class="actions" reference="../../.."/><description>read </description><topic reference="../../../../../../../../../topics/items/topic[4]"/><context reference="../../../../../../../../../contexts/items/context[5]"/><state class="actionStateInactive"><created>2012-03-15 10:58:41.775 CST</created></state><notes>[file:/D:/shawn/document/ToRead/Rails-For-Zombies-Slides.pdf]</notes><done>false</done><success></success><modified>2012-03-15 10:58:41.775 CST</modified></action><action><id>11775</id><created>2012-03-14 20:56:53.548 CST</created><thought><created>2012-03-13 17:17:09.782 CST</created><description>Check with Wendy about the insurance change</description><topic reference="../../../../../../../../../../topics/items/topic[2]"/><processed>true</processed><notes>3.15</notes><id>11765</id></thought><parent class="actions" reference="../../.."/><description>Check with Wendy about the insurance change</description><topic reference="../../../../../../../../../topics/items/topic[2]"/><context reference="../../../../../../../../../contexts/items/context[3]"/><state class="actionStateScheduled"><date>2012-03-16 00:00:00.0 CST</date><durationHours>0</durationHours><durationMinutes>0</durationMinutes><created>2012-03-14 20:57:13.915 CST</created></state><notes>如果3.15没有等到消息</notes><done>true</done><doneDate>2012-03-15 00:00:00.0 CST</doneDate><success></success><modified>2012-03-15 16:26:05.96 CST</modified></action><action><id>11776</id><created>2012-03-14 20:57:13.916 CST</created><thought><created>2012-03-13 17:29:52.289 CST</created><description>setup a basic rest lib</description><topic reference="../../../../../../../../../../topics/items/topic[4]"/><processed>true</processed><id>11767</id></thought><parent class="actions" reference="../../.."/><description>setup a basic rest lib</description><topic reference="../../../../../../../../../topics/items/topic[4]"/><context reference="../../../../../../../../../contexts/items/context[3]"/><state class="actionStateInactive"><created>2012-03-15 14:53:23.271 CST</created></state><notes></notes><done>false</done><success></success><modified>2012-03-15 14:53:23.271 CST</modified></action><action><id>11782</id><created>2012-03-15 08:23:37.433 CST</created><parent class="actions" reference="../../.."/><description>Read reader</description><topic reference="../../../../../../../../../topics/items/topic[4]"/><context reference="../../../../../../../../../contexts/items/context[4]"/><state class="actionStateScheduled"><date>2012-03-16 00:00:00.0 CST</date><durationHours>0</durationHours><durationMinutes>0</durationMinutes><created>2012-03-15 08:23:37.433 CST</created></state><notes></notes><done>true</done><doneDate>2012-03-16 11:31:41.648 CST</doneDate><time reference="../../../parent/children/projects/children/project/children/action/time"/><energy reference="../../action[34]/energy"/><priority reference="../../../parent/children/projects/children/project[3]/children/action/priority"/><success></success><modified>2012-03-16 11:31:41.648 CST</modified></action><action><id>11789</id><created>2012-03-15 10:57:38.523 CST</created><parent class="actions" reference="../../.."/><description>Check email before start work</description><topic reference="../../../../../../../../../topics/items/topic[3]"/><context reference="../../../../../../../../../contexts/items/context[3]"/><state class="actionStateScheduled"><date>2012-03-16 00:00:00.0 CST</date><durationHours>0</durationHours><durationMinutes>0</durationMinutes><created>2012-03-15 10:57:38.523 CST</created></state><notes></notes><done>true</done><doneDate>2012-03-16 09:23:48.275 CST</doneDate><success></success><modified>2012-03-16 09:23:48.277 CST</modified></action><action><id>11795</id><created>2012-03-15 11:01:06.199 CST</created><thought><created>2012-03-15 09:42:03.843 CST</created><description>enhence stocks.rb to support different yaml</description><topic reference="../../../../../../../../../../topics/items/topic[5]"/><processed>true</processed><id>11783</id></thought><parent class="actions" reference="../../.."/><description>enhence stocks.rb to support different yaml</description><topic reference="../../../../../../../../../topics/items/topic[5]"/><context reference="../../../../../../../../../contexts/items/context[3]"/><state class="actionStateASAP"><created>2012-03-15 11:01:18.621 CST</created></state><notes></notes><done>true</done><doneDate>2012-03-15 11:44:48.725 CST</doneDate><success></success><modified>2012-03-15 11:44:48.725 CST</modified></action><action><id>11796</id><created>2012-03-15 11:01:18.621 CST</created><thought><created>2012-03-15 10:51:57.128 CST</created><description>了解sublime</description><topic reference="../../../../../../../../../../topics/items/topic[4]"/><processed>true</processed><notes>http://xbeta.info/sublime-text2.htm</notes><id>11785</id></thought><parent class="actions" reference="../../.."/><description>了解sublime</description><topic reference="../../../../../../../../../topics/items/topic[4]"/><context reference="../../../../../../../../../contexts/items/context[3]"/><state class="actionStateASAP"><created>2012-03-15 11:01:24.425 CST</created></state><notes></notes><done>true</done><doneDate>2012-03-15 00:00:00.0 CST</doneDate><success></success><modified>2012-03-15 12:49:59.817 CST</modified></action><action><id>11797</id><created>2012-03-15 11:01:24.425 CST</created><thought><created>2012-03-15 11:00:13.601 CST</created><description>add comfirmation box when delete a scope configure</description><topic reference="../../../../../../../../../../topics/items/topic[3]"/><processed>true</processed><id>11790</id></thought><parent class="actions" reference="../../.."/><description>add comfirmation box when delete a scope configure</description><topic reference="../../../../../../../../../topics/items/topic[3]"/><context reference="../../../../../../../../../contexts/items/context[3]"/><state class="actionStateASAP"><created>2012-03-15 11:01:29.339 CST</created></state><notes></notes><done>true</done><doneDate>2012-03-15 14:11:21.699 CST</doneDate><success></success><modified>2012-03-15 14:11:21.699 CST</modified></action><action><id>11800</id><created>2012-03-15 11:04:27.141 CST</created><thought><created>2012-03-15 11:03:27.406 CST</created><description>研究中航电测 300114</description><topic reference="../../../../../../../../../../topics/items/topic[5]"/><processed>true</processed><notes>看是否有老妖可能</notes><id>11798</id></thought><parent class="actions" reference="../../.."/><description>研究中航电测 300114</description><topic reference="../../../../../../../../../topics/items/topic[5]"/><context><name>None</name><description>No context.</description><id>9</id></context><state class="actionStateASAP"><created>2012-03-15 11:04:29.117 CST</created></state><notes>看是否有老妖可能</notes><done>true</done><doneDate>2012-03-16 00:00:00.0 CST</doneDate><success></success><modified>2012-03-16 08:36:48.668 CST</modified></action><action><id>11819</id><created>2012-03-15 16:27:59.340 CST</created><thought><created>2012-03-15 14:46:34.728 CST</created><description>check 300107.2427.300134.300128</description><topic reference="../../../../../../../../../../topics/items/topic[5]"/><processed>true</processed><id>11813</id></thought><parent class="actions" reference="../../.."/><description>check 300107.2427.300134.300128</description><topic reference="../../../../../../../../../topics/items/topic[5]"/><context reference="../../../../../../../../../contexts/items/context[2]"/><state class="actionStateScheduled"><date>2012-03-15 00:00:00.0 CST</date><durationHours>0</durationHours><durationMinutes>0</durationMinutes><created>2012-03-15 16:28:14.102 CST</created></state><notes></notes><done>true</done><doneDate>2012-03-16 08:06:30.206 CST</doneDate><success></success><modified>2012-03-16 08:06:30.206 CST</modified></action><action><id>11820</id><created>2012-03-15 16:28:14.103 CST</created><thought><created>2012-03-15 16:27:25.577 CST</created><description>核对 太平保险信息</description><topic reference="../../../../../../../../../../topics/items/topic[2]"/><processed>true</processed><notes>www.tppension.com  </notes><id>11816</id></thought><parent class="actions" reference="../../.."/><description>核对 太平保险信息</description><topic reference="../../../../../../../../../topics/items/topic[2]"/><context reference="../../../../../../../../../contexts/items/context[3]"/><state class="actionStateScheduled"><date>2012-04-02 00:00:00.0 CST</date><durationHours>0</durationHours><durationMinutes>0</durationMinutes><created>2012-03-15 16:28:42.654 CST</created></state><notes>www.tppension.com  </notes><done>true</done><doneDate>2012-04-01 00:00:00.0 CST</doneDate><success></success><modified>2012-04-01 11:07:23.338 CST</modified></action><action><id>11827</id><created>2012-03-15 18:19:43.82 CST</created><thought><created>2012-03-15 17:51:29.364 CST</created><description>每天记录时间日志</description><topic reference="../../../../../../../../../../topics/items/topic[4]"/><processed>true</processed><id>11821</id></thought><parent class="actions" reference="../../.."/><description>每天记录时间日志</description><topic reference="../../../../../../../../../topics/items/topic[4]"/><context reference="../../../../../../../../../contexts/items/context[2]"/><state class="actionStateScheduled"><date>2012-03-16 06:00:00.0 CST</date><durationHours>0</durationHours><durationMinutes>30</durationMinutes><created>2012-03-15 18:20:47.87 CST</created></state><notes></notes><done>true</done><doneDate>2012-03-17 00:00:00.0 CST</doneDate><success>每天早上记录前一天日记</success><modified>2012-03-17 11:40:15.961 CST</modified></action><action><id>11832</id><created>2012-03-15 18:21:57.695 CST</created><thought><created>2012-03-15 18:18:59.758 CST</created><description>晨间日记</description><topic reference="../../../../../../../../../../topics/items/topic[4]"/><processed>true</processed><notes>记录晨间日记 每天早上&#x0D;
</notes><id>11824</id></thought><parent class="actions" reference="../../.."/><description>晨间日记</description><topic reference="../../../../../../../../../topics/items/topic[4]"/><context reference="../../../../../../../../../contexts/items/context[2]"/><state class="actionStateScheduled"><date>2012-03-16 06:00:00.0 CST</date><durationHours>0</durationHours><durationMinutes>30</durationMinutes><created>2012-03-15 18:22:20.108 CST</created></state><notes>记录晨间日记 每天早上&#x0D;
[file:/X:/riji.xlsx]</notes><done>true</done><doneDate>2012-03-16 00:00:00.0 CST</doneDate><time reference="../../../parent/children/projects/children/project[5]/children/project/children/project[4]/children/action[12]/time"/><success></success><modified>2012-03-26 19:16:45.41 CST</modified></action><action><id>11837</id><created>2012-03-15 18:36:40.669 CST</created><thought><created>2012-03-15 18:36:01.830 CST</created><description>了解晨间日记信息</description><topic reference="../../../../../../../../../../topics/items/topic[4]"/><processed>true</processed><notes>ready to 记录晨间日记</notes><id>11835</id></thought><parent class="actions" reference="../../.."/><description>了解晨间日记信息</description><topic reference="../../../../../../../../../topics/items/topic[4]"/><context reference="../../../../../../../../../contexts/items/context[3]"/><state class="actionStateScheduled"><date>2012-03-15 00:00:00.0 CST</date><durationHours>0</durationHours><durationMinutes>0</durationMinutes><created>2012-03-15 18:37:00.0 CST</created></state><notes>ready to 记录晨间日记</notes><done>true</done><doneDate>2012-03-15 00:00:00.0 CST</doneDate><success></success><modified>2012-03-15 21:15:24.637 CST</modified></action><action><id>11838</id><created>2012-03-15 21:26:48.434 CST</created><parent class="actions" reference="../../.."/><description>check stock</description><topic reference="../../../../../../../../../topics/items/topic[5]"/><context reference="../../../../../../../../../contexts/items/context[2]"/><state class="actionStateScheduled"><date>2012-03-16 06:00:00.0 CST</date><durationHours>0</durationHours><durationMinutes>0</durationMinutes><created>2012-03-15 21:26:48.434 CST</created></state><notes></notes><done>true</done><doneDate>2012-03-16 00:00:00.0 CST</doneDate><success>Summary yesterday&apos;s experience and the targets today</success><modified>2012-03-16 08:37:12.725 CST</modified></action><action><id>11839</id><created>2012-03-15 21:34:54.78 CST</created><parent class="actions" reference="../../.."/><description>记账</description><topic reference="../../../../../../../../../topics/items/topic[2]"/><context reference="../../../../../../../../../contexts/items/context[8]"/><state class="actionStateScheduled"><date>2012-03-16 22:00:00.0 CST</date><durationHours>0</durationHours><durationMinutes>0</durationMinutes><created>2012-03-15 21:34:54.78 CST</created></state><notes></notes><done>true</done><doneDate>2012-03-17 11:40:01.23 CST</doneDate><time reference="../../action[16]/time"/><priority reference="../../../parent/children/projects/children/project[3]/children/action/priority"/><success></success><modified>2012-03-17 11:40:01.24 CST</modified></action><action><id>11842</id><created>2012-03-16 08:08:14.640 CST</created><parent class="actions" reference="../../.."/><description>晨间日记</description><topic reference="../../../../../../../../../topics/items/topic[4]"/><context reference="../../../../../../../../../contexts/items/context[2]"/><state class="actionStateScheduled"><date>2012-03-17 06:00:00.0 CST</date><durationHours>0</durationHours><durationMinutes>15</durationMinutes><created>2012-03-16 08:08:14.640 CST</created></state><notes>记录晨间日记 每天早上&#x0D;
[file:/X:/riji.xlsx]</notes><done>true</done><doneDate>2012-03-17 00:00:00.0 CST</doneDate><time reference="../../../parent/children/projects/children/project[5]/children/project/children/project[4]/children/action[12]/time"/><success></success><modified>2012-03-26 19:16:45.41 CST</modified></action><action><id>11843</id><created>2012-03-16 08:34:55.899 CST</created><parent class="actions" reference="../../.."/><description>每日一读</description><topic reference="../../../../../../../../../topics/items/topic[4]"/><context reference="../../../../../../../../../contexts/items/context[5]"/><state class="actionStateScheduled"><date>2012-03-23 08:30:00.0 CST</date><durationHours>8</durationHours><durationMinutes>35</durationMinutes><created>2012-03-16 08:34:55.899 CST</created></state><notes>当天的行事历和任务清单&#x0D;
先做最重要和最困难的事&#x0D;
设置预期效果</notes><done>true</done><doneDate>2012-03-23 06:08:06.95 CST</doneDate><time reference="../../action[16]/time"/><success></success><modified>2012-03-23 06:08:06.96 CST</modified></action><action><id>11844</id><created>2012-03-16 08:37:12.722 CST</created><parent class="actions" reference="../../.."/><description>check stock</description><topic reference="../../../../../../../../../topics/items/topic[5]"/><context reference="../../../../../../../../../contexts/items/context[2]"/><state class="actionStateScheduled"><date>2012-03-19 06:00:00.0 CST</date><durationHours>0</durationHours><durationMinutes>0</durationMinutes><created>2012-03-16 08:37:12.722 CST</created></state><notes></notes><done>true</done><doneDate>2012-03-19 09:20:06.941 CST</doneDate><success>Summary yesterday&apos;s experience and the targets today</success><modified>2012-03-19 09:20:06.943 CST</modified></action><action><id>11845</id><created>2012-03-16 09:23:48.275 CST</created><parent class="actions" reference="../../.."/><description>Check email before start work</description><topic reference="../../../../../../../../../topics/items/topic[3]"/><context reference="../../../../../../../../../contexts/items/context[3]"/><state class="actionStateScheduled"><date>2012-03-19 00:00:00.0 CST</date><durationHours>0</durationHours><durationMinutes>0</durationMinutes><created>2012-03-16 09:23:48.276 CST</created></state><notes></notes><done>true</done><doneDate>2012-03-19 09:21:28.70 CST</doneDate><success></success><modified>2012-03-19 09:21:28.71 CST</modified></action><action><id>11849</id><created>2012-03-16 09:26:36.505 CST</created><thought><created>2012-03-16 09:25:34.202 CST</created><description>Try mongrel cluster package from natcho</description><topic reference="../../../../../../../../../../topics/items/topic[3]"/><processed>true</processed><id>11846</id></thought><parent class="actions" reference="../../.."/><description>Try mongrel cluster package from natcho</description><topic reference="../../../../../../../../../topics/items/topic[3]"/><context reference="../../../../../../../../../contexts/items/context[3]"/><state class="actionStateASAP"><created>2012-03-16 09:26:43.6 CST</created></state><notes></notes><done>true</done><doneDate>2012-03-16 11:09:22.989 CST</doneDate><success></success><modified>2012-03-16 11:09:22.989 CST</modified></action><action><id>11861</id><created>2012-03-16 13:35:44.261 CST</created><thought><created>2012-03-16 11:24:43.735 CST</created><description>Learn ruby coding style</description><topic reference="../../../../../../../../../../topics/items/topic[4]"/><processed>true</processed><notes>Evernote</notes><id>11851</id></thought><parent class="actions" reference="../../.."/><description>Learn ruby coding style</description><topic reference="../../../../../../../../../topics/items/topic[4]"/><context reference="../../../../../../../../../contexts/items/context[5]"/><state class="actionStateInactive"><created>2012-03-26 19:21:48.673 CST</created></state><notes>Evernote</notes><done>false</done><success></success><modified>2012-03-26 19:21:48.674 CST</modified></action><action><id>11863</id><created>2012-03-16 13:36:15.425 CST</created><thought><created>2012-03-16 13:35:10.736 CST</created><description>带夫妻肺片回家</description><topic reference="../../../../../../../../../../topics/items/topic[2]"/><processed>true</processed><id>11856</id></thought><parent class="actions" reference="../../.."/><description>带夫妻肺片回家</description><topic reference="../../../../../../../../../topics/items/topic[2]"/><context reference="../../../../../../../../../contexts/items/context[3]"/><state class="actionStateScheduled"><date>2012-03-16 18:00:00.0 CST</date><durationHours>0</durationHours><durationMinutes>0</durationMinutes><created>2012-03-16 13:36:29.723 CST</created></state><notes></notes><done>true</done><doneDate>2012-03-17 11:39:44.16 CST</doneDate><success></success><modified>2012-03-17 11:39:44.16 CST</modified></action><action><id>11869</id><created>2012-03-17 11:40:01.24 CST</created><parent class="actions" reference="../../.."/><description>记账</description><topic reference="../../../../../../../../../topics/items/topic[2]"/><context reference="../../../../../../../../../contexts/items/context[8]"/><state class="actionStateScheduled"><date>2012-03-18 22:00:00.0 CST</date><durationHours>0</durationHours><durationMinutes>0</durationMinutes><created>2012-03-17 11:40:01.24 CST</created></state><notes></notes><done>true</done><doneDate>2012-03-18 21:18:12.179 CST</doneDate><time reference="../../action[16]/time"/><priority reference="../../../parent/children/projects/children/project[3]/children/action/priority"/><success></success><modified>2012-03-18 21:18:12.181 CST</modified></action><action><id>11872</id><created>2012-03-17 11:40:25.440 CST</created><parent class="actions" reference="../../.."/><description>晨间日记</description><topic reference="../../../../../../../../../topics/items/topic[4]"/><context reference="../../../../../../../../../contexts/items/context[2]"/><state class="actionStateScheduled"><date>2012-03-18 06:00:00.0 CST</date><durationHours>0</durationHours><durationMinutes>15</durationMinutes><created>2012-03-17 11:40:25.440 CST</created></state><notes>记录晨间日记 每天早上&#x0D;
[file:/X:/riji.xlsx]</notes><done>true</done><doneDate>2012-03-18 00:00:00.0 CST</doneDate><time reference="../../../parent/children/projects/children/project[5]/children/project/children/project[4]/children/action[12]/time"/><success></success><modified>2012-03-26 19:16:45.41 CST</modified></action><action><id>11881</id><created>2012-03-17 11:55:22.702 CST</created><thought><created>2012-03-17 11:48:11.767 CST</created><description>读晨间日记</description><topic reference="../../../../../../../../../../topics/items/topic[2]"/><processed>true</processed><id>11874</id></thought><parent class="actions" reference="../../.."/><description>读晨间日记</description><topic reference="../../../../../../../../../topics/items/topic[2]"/><context reference="../../../../../../../../../contexts/items/context[2]"/><state class="actionStateASAP"><created>2012-03-17 11:55:53.198 CST</created></state><notes></notes><done>true</done><doneDate>2012-03-23 00:00:00.0 CST</doneDate><success>知道如何写晨间日记</success><modified>2012-03-23 08:20:16.971 CST</modified></action><action><id>11884</id><created>2012-03-17 11:58:32.982 CST</created><parent class="actions" reference="../../.."/><description>每天记录时间日志</description><topic reference="../../../../../../../../../topics/items/topic[4]"/><context reference="../../../../../../../../../contexts/items/context[3]"/><state class="actionStateScheduled"><date>2012-03-20 09:00:00.0 CST</date><durationHours>0</durationHours><durationMinutes>30</durationMinutes><created>2012-03-17 11:58:32.982 CST</created></state><notes></notes><done>true</done><doneDate>2012-03-20 19:06:30.851 CST</doneDate><success>记录工作日时间消耗</success><modified>2012-03-20 19:06:30.851 CST</modified></action><action><id>11885</id><created>2012-03-17 11:59:55.556 CST</created><parent class="actions" reference="../../.."/><description>Read reader</description><topic reference="../../../../../../../../../topics/items/topic[4]"/><context reference="../../../../../../../../../contexts/items/context[4]"/><state class="actionStateScheduled"><date>2012-03-19 00:00:00.0 CST</date><durationHours>0</durationHours><durationMinutes>0</durationMinutes><created>2012-03-17 11:59:55.556 CST</created></state><notes> [http://reader.google.com|google reader]</notes><done>true</done><doneDate>2012-03-19 19:18:16.842 CST</doneDate><time reference="../../../parent/children/projects/children/project/children/action/time"/><energy reference="../../action[34]/energy"/><priority reference="../../../parent/children/projects/children/project[3]/children/action/priority"/><success></success><modified>2012-03-27 19:15:19.121 CST</modified></action><action><id>11897</id><created>2012-03-18 00:02:00.2 CST</created><parent class="actions" reference="../../.."/><description>晨间日记</description><topic reference="../../../../../../../../../topics/items/topic[4]"/><context reference="../../../../../../../../../contexts/items/context[2]"/><state class="actionStateScheduled"><date>2012-03-19 06:00:00.0 CST</date><durationHours>0</durationHours><durationMinutes>15</durationMinutes><created>2012-03-18 00:02:00.2 CST</created></state><notes>记录晨间日记 每天早上&#x0D;
[file:/X:/riji.xlsx]</notes><done>true</done><doneDate>2012-03-19 00:00:00.0 CST</doneDate><time reference="../../../parent/children/projects/children/project[5]/children/project/children/project[4]/children/action[12]/time"/><success></success><modified>2012-03-26 19:16:45.41 CST</modified></action><action><id>11898</id><created>2012-03-18 21:18:12.180 CST</created><parent class="actions" reference="../../.."/><description>记账</description><topic reference="../../../../../../../../../topics/items/topic[2]"/><context reference="../../../../../../../../../contexts/items/context[8]"/><state class="actionStateScheduled"><date>2012-03-19 22:00:00.0 CST</date><durationHours>0</durationHours><durationMinutes>0</durationMinutes><created>2012-03-18 21:18:12.180 CST</created></state><notes></notes><done>true</done><doneDate>2012-03-19 22:31:12.171 CST</doneDate><time reference="../../action[16]/time"/><priority reference="../../../parent/children/projects/children/project[3]/children/action/priority"/><success></success><modified>2012-03-19 22:31:12.174 CST</modified></action><action><id>11899</id><created>2012-03-19 08:29:41.658 CST</created><parent class="actions" reference="../../.."/><description>晨间日记</description><topic reference="../../../../../../../../../topics/items/topic[4]"/><context reference="../../../../../../../../../contexts/items/context[2]"/><state class="actionStateScheduled"><date>2012-03-20 06:00:00.0 CST</date><durationHours>0</durationHours><durationMinutes>15</durationMinutes><created>2012-03-19 08:29:41.691 CST</created></state><notes>记录晨间日记 每天早上&#x0D;
[file:/X:/riji.xlsx]</notes><done>true</done><doneDate>2012-03-20 00:00:00.0 CST</doneDate><time reference="../../../parent/children/projects/children/project[5]/children/project/children/project[4]/children/action[12]/time"/><success></success><modified>2012-03-26 19:16:45.41 CST</modified></action><action><id>11906</id><created>2012-03-19 09:20:06.942 CST</created><parent class="actions" reference="../../.."/><description>check stock</description><topic reference="../../../../../../../../../topics/items/topic[5]"/><context reference="../../../../../../../../../contexts/items/context[2]"/><state class="actionStateScheduled"><date>2012-03-20 06:00:00.0 CST</date><durationHours>0</durationHours><durationMinutes>0</durationMinutes><created>2012-03-19 09:20:06.942 CST</created></state><notes></notes><done>true</done><doneDate>2012-03-20 08:44:02.30 CST</doneDate><success>Summary yesterday&apos;s experience and the targets today</success><modified>2012-03-20 08:44:02.31 CST</modified></action><action><id>11907</id><created>2012-03-19 09:21:28.70 CST</created><parent class="actions" reference="../../.."/><description>Check email before start work</description><topic reference="../../../../../../../../../topics/items/topic[3]"/><context reference="../../../../../../../../../contexts/items/context[3]"/><state class="actionStateScheduled"><date>2012-03-20 00:00:00.0 CST</date><durationHours>0</durationHours><durationMinutes>0</durationMinutes><created>2012-03-19 09:21:28.70 CST</created></state><notes></notes><done>true</done><doneDate>2012-03-20 09:21:56.336 CST</doneDate><success></success><modified>2012-03-20 09:21:56.337 CST</modified></action><action><id>11916</id><created>2012-03-19 09:30:46.777 CST</created><thought><created>2012-03-17 12:22:27.932 CST</created><description>用招行超级网银管理中国银行账户</description><topic reference="../../../../../../../../../../topics/items/topic[2]"/><processed>true</processed><notes>办理中国银行网上银行
然后在招行专业版上申请</notes><id>11887</id></thought><parent class="actions" reference="../../.."/><description>用招行超级网银管理中国银行账户</description><topic reference="../../../../../../../../../topics/items/topic[2]"/><context reference="../../../../../../../../../contexts/items/context[9]"/><state class="actionStateASAP"><created>2012-03-20 21:25:38.374 CST</created></state><notes>办理中国银行网上银行
然后在招行专业版上申请</notes><done>false</done><success></success><modified>2012-03-20 21:25:38.374 CST</modified></action><action><id>11917</id><created>2012-03-19 09:31:00.121 CST</created><thought><created>2012-03-17 12:24:41.547 CST</created><description>注销中国银行东昌路支行的卡</description><topic reference="../../../../../../../../../../topics/items/topic[2]"/><processed>true</processed><id>11890</id></thought><parent class="actions" reference="../../.."/><description>注销中国银行东昌路支行的卡</description><topic reference="../../../../../../../../../topics/items/topic[2]"/><context reference="../../../../../../../../../contexts/items/context[9]"/><state class="actionStateASAP"><created>2012-03-20 21:25:43.289 CST</created></state><notes></notes><done>false</done><success></success><modified>2012-03-20 21:25:43.289 CST</modified></action><action><id>11918</id><created>2012-03-19 09:31:09.285 CST</created><thought><created>2012-03-19 08:32:26.413 CST</created><description>找房子</description><topic reference="../../../../../../../../../../topics/items/topic[2]"/><processed>true</processed><id>11901</id></thought><parent class="actions" reference="../../.."/><description>找房子</description><topic reference="../../../../../../../../../topics/items/topic[2]"/><context reference="../../../../../../../../../contexts/items/context[4]"/><state class="actionStateInactive"><created>2012-03-19 22:30:33.175 CST</created></state><notes></notes><done>false</done><success></success><modified>2012-03-19 22:30:33.175 CST</modified></action><action><id>11921</id><created>2012-03-19 09:31:54.180 CST</created><thought><created>2012-03-19 08:38:53.788 CST</created><description>关注年报发布时间</description><topic reference="../../../../../../../../../../topics/items/topic[5]"/><processed>true</processed><id>11904</id></thought><parent class="actions" reference="../../.."/><description>关注年报发布时间</description><topic reference="../../../../../../../../../topics/items/topic[5]"/><context reference="../../../../../../../../../contexts/items/context[4]"/><state class="actionStateScheduled"><date>2012-03-20 00:00:00.0 CST</date><durationHours>0</durationHours><durationMinutes>0</durationMinutes><created>2012-03-19 09:32:02.86 CST</created></state><notes></notes><done>true</done><doneDate>2012-03-21 09:30:51.22 CST</doneDate><success></success><modified>2012-03-21 09:30:51.23 CST</modified></action><action><id>11924</id><created>2012-03-19 09:32:05.122 CST</created><thought><created>2012-03-19 09:27:19.314 CST</created><description>擦ipad屏幕</description><topic reference="../../../../../../../../../../topics/items/topic[2]"/><processed>true</processed><id>11908</id></thought><parent class="actions" reference="../../.."/><description>擦ipad屏幕</description><topic reference="../../../../../../../../../topics/items/topic[2]"/><context reference="../../../../../../../../../contexts/items/context[2]"/><state class="actionStateASAP"><created>2012-03-19 09:32:11.366 CST</created></state><notes></notes><done>true</done><doneDate>2012-04-06 00:00:00.0 CST</doneDate><success></success><modified>2012-04-06 08:40:04.387 CST</modified></action><action><id>11931</id><created>2012-03-19 14:13:04.125 CST</created><thought><created>2012-03-19 10:49:10.791 CST</created><description>check word syntax in emacs</description><topic reference="../../../../../../../../../../topics/items/topic[4]"/><processed>true</processed><id>11925</id></thought><parent class="actions" reference="../../.."/><description>check word spell in emacs</description><topic reference="../../../../../../../../../topics/items/topic[4]"/><context reference="../../../../../../../../../contexts/items/context[3]"/><state class="actionStateASAP"><created>2012-03-19 14:13:12.712 CST</created></state><notes>emacs can use this featurn if the gnu package ispell installed. But as too many new-word need to add into the dictionary. It may not have any usage.</notes><done>true</done><doneDate>2012-03-29 00:00:00.0 CST</doneDate><success></success><modified>2012-03-29 17:40:45.118 CST</modified></action><action><id>11932</id><created>2012-03-19 14:13:12.712 CST</created><thought><created>2012-03-19 14:12:26.273 CST</created><description>油价提高，找找利好公司</description><topic reference="../../../../../../../../../../topics/items/topic[5]"/><processed>true</processed><id>11928</id></thought><parent class="actions" reference="../../.."/><description>油价提高，找找利好公司</description><topic reference="../../../../../../../../../topics/items/topic[5]"/><context reference="../../../../../../../../../contexts/items/context[4]"/><state class="actionStateScheduled"><date>2012-03-19 00:00:00.0 CST</date><durationHours>0</durationHours><durationMinutes>0</durationMinutes><created>2012-03-19 14:13:24.477 CST</created></state><notes></notes><done>true</done><doneDate>2012-03-19 22:05:35.812 CST</doneDate><success></success><modified>2012-03-19 22:05:35.812 CST</modified></action><action><id>11942</id><created>2012-03-19 22:31:12.172 CST</created><parent class="actions" reference="../../.."/><description>记账</description><topic reference="../../../../../../../../../topics/items/topic[2]"/><context reference="../../../../../../../../../contexts/items/context[8]"/><state class="actionStateScheduled"><date>2012-03-20 22:00:00.0 CST</date><durationHours>0</durationHours><durationMinutes>0</durationMinutes><created>2012-03-19 22:31:12.172 CST</created></state><notes></notes><done>true</done><doneDate>2012-03-20 21:25:23.549 CST</doneDate><time reference="../../action[16]/time"/><priority reference="../../../parent/children/projects/children/project[3]/children/action/priority"/><success></success><modified>2012-03-20 21:25:23.560 CST</modified></action><action><id>11943</id><created>2012-03-20 08:31:16.778 CST</created><parent class="actions" reference="../../.."/><description>每天记录时间日志</description><topic reference="../../../../../../../../../topics/items/topic[4]"/><context reference="../../../../../../../../../contexts/items/context[3]"/><state class="actionStateScheduled"><date>2012-03-21 09:00:00.0 CST</date><durationHours>0</durationHours><durationMinutes>30</durationMinutes><created>2012-03-20 08:31:16.778 CST</created></state><notes></notes><done>true</done><doneDate>2012-03-21 19:10:08.261 CST</doneDate><success>记录工作日时间消耗</success><modified>2012-03-21 19:10:08.261 CST</modified></action><action><id>11944</id><created>2012-03-20 08:31:16.779 CST</created><parent class="actions" reference="../../.."/><description>晨间日记</description><topic reference="../../../../../../../../../topics/items/topic[4]"/><context reference="../../../../../../../../../contexts/items/context[2]"/><state class="actionStateScheduled"><date>2012-03-21 06:00:00.0 CST</date><durationHours>0</durationHours><durationMinutes>15</durationMinutes><created>2012-03-20 08:31:16.779 CST</created></state><notes>记录晨间日记 每天早上&#x0D;
[file:/X:/riji.xlsx]</notes><done>true</done><doneDate>2012-03-21 00:00:00.0 CST</doneDate><time reference="../../../parent/children/projects/children/project[5]/children/project/children/project[4]/children/action[12]/time"/><success></success><modified>2012-03-26 19:16:45.42 CST</modified></action><action><id>11945</id><created>2012-03-20 08:31:16.780 CST</created><parent class="actions" reference="../../.."/><description>Read reader</description><topic reference="../../../../../../../../../topics/items/topic[4]"/><context reference="../../../../../../../../../contexts/items/context[4]"/><state class="actionStateScheduled"><date>2012-03-21 00:00:00.0 CST</date><durationHours>0</durationHours><durationMinutes>0</durationMinutes><created>2012-03-20 08:31:16.780 CST</created></state><notes> [http://reader.google.com|google reader]</notes><done>true</done><doneDate>2012-03-21 00:00:00.0 CST</doneDate><time reference="../../../parent/children/projects/children/project/children/action/time"/><energy reference="../../action[34]/energy"/><priority reference="../../../parent/children/projects/children/project[3]/children/action/priority"/><success></success><modified>2012-03-27 19:15:19.121 CST</modified></action><action><id>11946</id><created>2012-03-20 08:44:02.30 CST</created><parent class="actions" reference="../../.."/><description>check stock</description><topic reference="../../../../../../../../../topics/items/topic[5]"/><context reference="../../../../../../../../../contexts/items/context[2]"/><state class="actionStateScheduled"><date>2012-03-21 06:00:00.0 CST</date><durationHours>0</durationHours><durationMinutes>0</durationMinutes><created>2012-03-20 08:44:02.30 CST</created></state><notes></notes><done>true</done><doneDate>2012-03-21 09:30:55.671 CST</doneDate><success>Summary yesterday&apos;s experience and the targets today</success><modified>2012-03-21 09:30:55.672 CST</modified></action><action><id>11947</id><created>2012-03-20 09:21:56.336 CST</created><parent class="actions" reference="../../.."/><description>Check email before start work</description><topic reference="../../../../../../../../../topics/items/topic[3]"/><context reference="../../../../../../../../../contexts/items/context[3]"/><state class="actionStateScheduled"><date>2012-03-21 00:00:00.0 CST</date><durationHours>0</durationHours><durationMinutes>0</durationMinutes><created>2012-03-20 09:21:56.337 CST</created></state><notes></notes><done>true</done><doneDate>2012-03-21 00:00:00.0 CST</doneDate><success></success><modified>2012-03-21 09:38:19.31 CST</modified></action><action><id>11955</id><created>2012-03-20 21:25:23.549 CST</created><parent class="actions" reference="../../.."/><description>记账</description><topic reference="../../../../../../../../../topics/items/topic[2]"/><context reference="../../../../../../../../../contexts/items/context[8]"/><state class="actionStateScheduled"><date>2012-03-21 22:00:00.0 CST</date><durationHours>0</durationHours><durationMinutes>0</durationMinutes><created>2012-03-20 21:25:23.550 CST</created></state><notes></notes><done>true</done><doneDate>2012-03-21 19:10:04.660 CST</doneDate><time reference="../../action[16]/time"/><priority reference="../../../parent/children/projects/children/project[3]/children/action/priority"/><success></success><modified>2012-03-21 19:10:04.660 CST</modified></action><action><id>11957</id><created>2012-03-21 09:11:42.923 CST</created><parent class="actions" reference="../../.."/><description>每天记录时间日志</description><topic reference="../../../../../../../../../topics/items/topic[4]"/><context reference="../../../../../../../../../contexts/items/context[3]"/><state class="actionStateScheduled"><date>2012-03-22 09:00:00.0 CST</date><durationHours>0</durationHours><durationMinutes>30</durationMinutes><created>2012-03-21 09:11:42.924 CST</created></state><notes></notes><done>true</done><doneDate>2012-03-22 18:39:19.993 CST</doneDate><success>记录工作日时间消耗</success><modified>2012-03-22 18:39:19.993 CST</modified></action><action><id>11958</id><created>2012-03-21 09:11:42.930 CST</created><parent class="actions" reference="../../.."/><description>晨间日记</description><topic reference="../../../../../../../../../topics/items/topic[4]"/><context reference="../../../../../../../../../contexts/items/context[2]"/><state class="actionStateScheduled"><date>2012-03-22 06:00:00.0 CST</date><durationHours>0</durationHours><durationMinutes>15</durationMinutes><created>2012-03-21 09:11:42.930 CST</created></state><notes>记录晨间日记 每天早上&#x0D;
[file:/X:/riji.xlsx]</notes><done>true</done><doneDate>2012-03-22 00:00:00.0 CST</doneDate><time reference="../../../parent/children/projects/children/project[5]/children/project/children/project[4]/children/action[12]/time"/><success></success><modified>2012-03-26 19:16:45.42 CST</modified></action><action><id>11959</id><created>2012-03-21 09:11:42.932 CST</created><parent class="actions" reference="../../.."/><description>Read reader</description><topic reference="../../../../../../../../../topics/items/topic[4]"/><context reference="../../../../../../../../../contexts/items/context[4]"/><state class="actionStateScheduled"><date>2012-03-22 00:00:00.0 CST</date><durationHours>0</durationHours><durationMinutes>0</durationMinutes><created>2012-03-21 09:11:42.932 CST</created></state><notes> [http://reader.google.com|google reader]</notes><done>true</done><doneDate>2012-03-22 00:00:00.0 CST</doneDate><time reference="../../../parent/children/projects/children/project/children/action/time"/><energy reference="../../action[34]/energy"/><priority reference="../../../parent/children/projects/children/project[3]/children/action/priority"/><success></success><modified>2012-03-27 19:15:19.122 CST</modified></action><action><id>11960</id><created>2012-03-21 09:30:51.23 CST</created><parent class="actions" reference="../../.."/><description>关注年报发布时间</description><topic reference="../../../../../../../../../topics/items/topic[5]"/><context reference="../../../../../../../../../contexts/items/context[4]"/><state class="actionStateScheduled"><date>2012-03-22 21:00:00.0 CST</date><durationHours>0</durationHours><durationMinutes>0</durationMinutes><created>2012-03-21 09:30:51.23 CST</created></state><notes></notes><done>true</done><doneDate>2012-03-23 08:01:51.168 CST</doneDate><success>查看未来一周相关股票</success><modified>2012-03-23 08:01:51.169 CST</modified></action><action><id>11961</id><created>2012-03-21 09:30:55.671 CST</created><parent class="actions" reference="../../.."/><description>check stock</description><topic reference="../../../../../../../../../topics/items/topic[5]"/><context reference="../../../../../../../../../contexts/items/context[2]"/><state class="actionStateScheduled"><date>2012-03-22 06:00:00.0 CST</date><durationHours>0</durationHours><durationMinutes>0</durationMinutes><created>2012-03-21 09:30:55.671 CST</created></state><notes></notes><done>true</done><doneDate>2012-03-22 09:49:38.695 CST</doneDate><success>Summary yesterday&apos;s experience and the targets today</success><modified>2012-03-22 09:49:38.697 CST</modified></action><action><id>11962</id><created>2012-03-21 09:38:19.29 CST</created><parent class="actions" reference="../../.."/><description>Check email before start work</description><topic reference="../../../../../../../../../topics/items/topic[3]"/><context reference="../../../../../../../../../contexts/items/context[3]"/><state class="actionStateScheduled"><date>2012-03-22 00:00:00.0 CST</date><durationHours>0</durationHours><durationMinutes>0</durationMinutes><created>2012-03-21 09:38:19.30 CST</created></state><notes></notes><done>true</done><doneDate>2012-03-22 09:52:02.530 CST</doneDate><success></success><modified>2012-03-22 09:52:02.530 CST</modified></action><action><id>11973</id><created>2012-03-21 17:31:52.407 CST</created><thought><created>2012-03-19 15:14:25.967 CST</created><description>学习css 布局资料</description><topic reference="../../../../../../../../../../topics/items/topic[4]"/><processed>true</processed><notes>evernote</notes><id>11935</id></thought><parent class="actions" reference="../../.."/><description>学习css 布局资料</description><topic reference="../../../../../../../../../topics/items/topic[4]"/><context reference="../../../../../../../../../contexts/items/context[4]"/><state class="actionStateASAP"><created>2012-05-02 17:33:21.419 CST</created></state><notes>evernote</notes><done>false</done><success></success><modified>2012-05-02 17:33:21.420 CST</modified></action><action><id>11974</id><created>2012-03-21 17:32:10.141 CST</created><thought><created>2012-03-20 09:22:02.409 CST</created><description>learn atmos use case</description><topic reference="../../../../../../../../../../topics/items/topic[3]"/><processed>true</processed><notes>[file:/D:/shawn/document/work/Many-Faces-of-Atmos-Feb-2012.pptx]</notes><id>11948</id></thought><parent class="actions" reference="../../.."/><description>learn atmos use case</description><topic reference="../../../../../../../../../topics/items/topic[3]"/><context reference="../../../../../../../../../contexts/items/context[3]"/><state class="actionStateInactive"><created>2012-03-21 17:32:17.600 CST</created></state><notes>[file:/D:/shawn/document/work/Many-Faces-of-Atmos-Feb-2012.pptx]</notes><done>false</done><success></success><modified>2012-03-21 17:32:17.600 CST</modified></action><action><id>11975</id><created>2012-03-21 17:32:17.601 CST</created><thought><created>2012-03-20 10:09:13.751 CST</created><description>javascript dom 高级程序设计</description><topic reference="../../../../../../../../../../topics/items/topic[4]"/><processed>true</processed><id>11950</id></thought><parent class="actions" reference="../../.."/><description>javascript dom 高级程序设计</description><topic reference="../../../../../../../../../topics/items/topic[4]"/><context reference="../../../../../../../../../contexts/items/context[8]"/><state class="actionStateInactive"><created>2012-03-21 17:32:43.433 CST</created></state><notes></notes><done>false</done><success></success><modified>2012-03-26 19:45:30.852 CST</modified></action><action><id>11976</id><created>2012-03-21 17:32:43.433 CST</created><thought><created>2012-03-21 09:42:20.820 CST</created><description>看看以前的nano能否更换</description><topic reference="../../../../../../../../../../topics/items/topic[2]"/><processed>true</processed><id>11963</id></thought><parent class="actions" reference="../../.."/><description>看看以前的nano能否更换</description><topic reference="../../../../../../../../../topics/items/topic[2]"/><context reference="../../../../../../../../../contexts/items/context[2]"/><state class="actionStateScheduled"><date>2012-05-03 00:00:00.0 CST</date><durationHours>0</durationHours><durationMinutes>0</durationMinutes><created>2012-03-21 17:33:01.312 CST</created></state><notes>应该可以换新的，明天问问yubo
已经退到苹果服务中心，答复是六周之内电话联系，更换新的nano
更换凭证在第二个箱子，装房产合同的袋子里
</notes><done>true</done><doneDate>2012-05-03 00:00:00.0 CST</doneDate><success></success><modified>2012-05-03 08:15:23.407 CST</modified></action><action><id>11984</id><created>2012-03-21 19:10:04.660 CST</created><parent class="actions" reference="../../.."/><description>记账</description><topic reference="../../../../../../../../../topics/items/topic[2]"/><context reference="../../../../../../../../../contexts/items/context[8]"/><state class="actionStateScheduled"><date>2012-03-22 22:00:00.0 CST</date><durationHours>0</durationHours><durationMinutes>0</durationMinutes><created>2012-03-21 19:10:04.660 CST</created></state><notes></notes><done>true</done><doneDate>2012-03-22 21:31:47.214 CST</doneDate><time reference="../../action[16]/time"/><priority reference="../../../parent/children/projects/children/project[3]/children/action/priority"/><success></success><modified>2012-03-22 21:31:47.216 CST</modified></action><action><id>11993</id><created>2012-03-21 20:37:42.857 CST</created><thought><created>2012-03-21 19:03:52.179 CST</created><description>了解离婚相关法律信息</description><topic reference="../../../../../../../../../../topics/items/topic[2]"/><processed>true</processed><id>11982</id></thought><parent class="actions" reference="../../.."/><description>了解离婚相关法律信息</description><topic reference="../../../../../../../../../topics/items/topic[2]"/><context reference="../../../../../../../../../contexts/items/context[4]"/><state class="actionStateASAP"><created>2012-03-21 20:38:23.601 CST</created></state><notes></notes><done>true</done><doneDate>2012-03-21 00:00:00.0 CST</doneDate><success></success><modified>2012-03-21 20:38:23.601 CST</modified></action><action><id>11996</id><created>2012-03-21 20:38:41.216 CST</created><thought><created>2012-03-21 20:36:54.162 CST</created><description>导出手机记账数据，试试升级，同步</description><topic reference="../../../../../../../../../../topics/items/topic[2]"/><processed>true</processed><id>11988</id></thought><parent class="actions" reference="../../.."/><description>导出手机记账数据，试试升级，同步</description><topic reference="../../../../../../../../../topics/items/topic[2]"/><context reference="../../../../../../../../../contexts/items/context[4]"/><state class="actionStateASAP"><created>2012-03-21 20:38:48.260 CST</created></state><notes></notes><done>true</done><doneDate>2012-03-21 23:06:53.430 CST</doneDate><success></success><modified>2012-03-21 23:06:53.430 CST</modified></action><action><id>11997</id><created>2012-03-22 08:53:16.376 CST</created><parent class="actions" reference="../../.."/><description>每天记录时间日志</description><topic reference="../../../../../../../../../topics/items/topic[4]"/><context reference="../../../../../../../../../contexts/items/context[3]"/><state class="actionStateScheduled"><date>2012-03-23 09:00:00.0 CST</date><durationHours>0</durationHours><durationMinutes>30</durationMinutes><created>2012-03-22 08:53:16.377 CST</created></state><notes></notes><done>true</done><doneDate>2012-03-23 00:00:00.0 CST</doneDate><success>记录工作日时间消耗</success><modified>2012-03-23 19:11:00.3 CST</modified></action><action><id>11998</id><created>2012-03-22 08:53:16.381 CST</created><parent class="actions" reference="../../.."/><description>晨间日记</description><topic reference="../../../../../../../../../topics/items/topic[4]"/><context reference="../../../../../../../../../contexts/items/context[2]"/><state class="actionStateScheduled"><date>2012-03-23 06:00:00.0 CST</date><durationHours>0</durationHours><durationMinutes>15</durationMinutes><created>2012-03-22 08:53:16.381 CST</created></state><notes>记录晨间日记 每天早上&#x0D;
[file:/X:/riji.xlsx]</notes><done>true</done><doneDate>2012-03-23 00:00:00.0 CST</doneDate><time reference="../../../parent/children/projects/children/project[5]/children/project/children/project[4]/children/action[12]/time"/><success></success><modified>2012-03-26 19:16:45.42 CST</modified></action><action><id>11999</id><created>2012-03-22 08:53:16.384 CST</created><parent class="actions" reference="../../.."/><description>Read reader</description><topic reference="../../../../../../../../../topics/items/topic[4]"/><context reference="../../../../../../../../../contexts/items/context[4]"/><state class="actionStateScheduled"><date>2012-03-23 00:00:00.0 CST</date><durationHours>0</durationHours><durationMinutes>0</durationMinutes><created>2012-03-22 08:53:16.384 CST</created></state><notes> [http://reader.google.com|google reader]</notes><done>true</done><doneDate>2012-03-25 00:00:00.0 CST</doneDate><time reference="../../../parent/children/projects/children/project/children/action/time"/><energy reference="../../action[34]/energy"/><priority reference="../../../parent/children/projects/children/project[3]/children/action/priority"/><success></success><modified>2012-03-27 19:15:19.122 CST</modified></action><action><id>12002</id><created>2012-03-22 09:49:38.695 CST</created><parent class="actions" reference="../../.."/><description>check stock</description><topic reference="../../../../../../../../../topics/items/topic[5]"/><context reference="../../../../../../../../../contexts/items/context[2]"/><state class="actionStateScheduled"><date>2012-03-23 06:00:00.0 CST</date><durationHours>0</durationHours><durationMinutes>0</durationMinutes><created>2012-03-22 09:49:38.696 CST</created></state><notes></notes><done>true</done><doneDate>2012-03-23 00:00:00.0 CST</doneDate><success>写每日操作计划，昨日计划执行情况，效果</success><modified>2012-03-23 06:43:10.74 CST</modified></action><action><id>12003</id><created>2012-03-22 09:52:02.530 CST</created><parent class="actions" reference="../../.."/><description>Check email before start work</description><topic reference="../../../../../../../../../topics/items/topic[3]"/><context reference="../../../../../../../../../contexts/items/context[3]"/><state class="actionStateScheduled"><date>2012-03-23 00:00:00.0 CST</date><durationHours>0</durationHours><durationMinutes>0</durationMinutes><created>2012-03-22 09:52:02.530 CST</created></state><notes></notes><done>true</done><doneDate>2012-03-23 09:03:31.557 CST</doneDate><success></success><modified>2012-03-23 09:03:31.558 CST</modified></action><action><id>12075</id><created>2012-03-22 21:31:47.214 CST</created><parent class="actions" reference="../../.."/><description>记账</description><topic reference="../../../../../../../../../topics/items/topic[2]"/><context reference="../../../../../../../../../contexts/items/context[8]"/><state class="actionStateScheduled"><date>2012-03-23 22:00:00.0 CST</date><durationHours>0</durationHours><durationMinutes>0</durationMinutes><created>2012-03-22 21:31:47.215 CST</created></state><notes></notes><done>true</done><doneDate>2012-03-24 11:10:11.327 CST</doneDate><time reference="../../action[16]/time"/><priority reference="../../../parent/children/projects/children/project[3]/children/action/priority"/><success></success><modified>2012-03-24 11:10:11.328 CST</modified></action><action><id>12077</id><created>2012-03-23 06:08:06.95 CST</created><parent class="actions" reference="../../.."/><description>每日一读</description><topic reference="../../../../../../../../../topics/items/topic[4]"/><context reference="../../../../../../../../../contexts/items/context[5]"/><state class="actionStateScheduled"><date>2012-03-30 08:30:00.0 CST</date><durationHours>8</durationHours><durationMinutes>35</durationMinutes><created>2012-03-23 06:08:06.95 CST</created></state><notes>当天的行事历和任务清单&#x0D;
先做最重要和最困难的事&#x0D;
设置预期效果</notes><done>true</done><doneDate>2012-03-31 08:44:05.800 CST</doneDate><time reference="../../action[16]/time"/><success></success><modified>2012-03-31 08:44:05.801 CST</modified></action><action><id>12078</id><created>2012-03-23 06:08:53.588 CST</created><parent class="actions" reference="../../.."/><description>每天记录时间日志</description><topic reference="../../../../../../../../../topics/items/topic[4]"/><context reference="../../../../../../../../../contexts/items/context[3]"/><state class="actionStateScheduled"><date>2012-03-26 09:00:00.0 CST</date><durationHours>0</durationHours><durationMinutes>30</durationMinutes><created>2012-03-23 06:08:53.588 CST</created></state><notes></notes><done>true</done><doneDate>2012-03-26 17:59:13.503 CST</doneDate><success>记录工作日时间消耗</success><modified>2012-03-26 17:59:13.503 CST</modified></action><action><id>12079</id><created>2012-03-23 06:08:53.589 CST</created><parent class="actions" reference="../../.."/><description>晨间日记</description><topic reference="../../../../../../../../../topics/items/topic[4]"/><context reference="../../../../../../../../../contexts/items/context[2]"/><state class="actionStateScheduled"><date>2012-03-24 06:00:00.0 CST</date><durationHours>0</durationHours><durationMinutes>15</durationMinutes><created>2012-03-23 06:08:53.589 CST</created></state><notes>记录晨间日记 每天早上&#x0D;
[file:/X:/riji.xlsx]</notes><done>true</done><doneDate>2012-03-24 00:00:00.0 CST</doneDate><time reference="../../../parent/children/projects/children/project[5]/children/project/children/project[4]/children/action[12]/time"/><success></success><modified>2012-03-26 19:16:45.42 CST</modified></action><action><id>12080</id><created>2012-03-23 06:08:53.590 CST</created><parent class="actions" reference="../../.."/><description>Read reader</description><topic reference="../../../../../../../../../topics/items/topic[4]"/><context reference="../../../../../../../../../contexts/items/context[4]"/><state class="actionStateScheduled"><date>2012-03-26 00:00:00.0 CST</date><durationHours>0</durationHours><durationMinutes>0</durationMinutes><created>2012-03-23 06:08:53.591 CST</created></state><notes> [http://reader.google.com|google reader]</notes><done>true</done><doneDate>2012-03-26 17:59:06.792 CST</doneDate><time reference="../../../parent/children/projects/children/project/children/action/time"/><energy reference="../../action[34]/energy"/><priority reference="../../../parent/children/projects/children/project[3]/children/action/priority"/><success></success><modified>2012-03-27 19:15:19.122 CST</modified></action><action><id>12081</id><created>2012-03-23 06:40:56.177 CST</created><parent class="actions" reference="../../.."/><description>check stock</description><topic reference="../../../../../../../../../topics/items/topic[5]"/><context reference="../../../../../../../../../contexts/items/context[2]"/><state class="actionStateScheduled"><date>2012-03-24 06:00:00.0 CST</date><durationHours>0</durationHours><durationMinutes>0</durationMinutes><created>2012-03-23 06:40:56.177 CST</created></state><notes></notes><done>true</done><doneDate>2012-03-24 11:10:15.647 CST</doneDate><success>写每日操作计划，昨日计划执行情况，效果，查看东方财富最新信息</success><modified>2012-03-24 11:10:15.648 CST</modified></action><action><id>12089</id><created>2012-03-23 09:03:31.557 CST</created><parent class="actions" reference="../../.."/><description>Check email before start work</description><topic reference="../../../../../../../../../topics/items/topic[3]"/><context reference="../../../../../../../../../contexts/items/context[3]"/><state class="actionStateScheduled"><date>2012-03-26 00:00:00.0 CST</date><durationHours>0</durationHours><durationMinutes>0</durationMinutes><created>2012-03-23 09:03:31.557 CST</created></state><notes></notes><done>true</done><doneDate>2012-03-26 00:00:00.0 CST</doneDate><success></success><modified>2012-03-26 09:54:55.772 CST</modified></action><action><id>12097</id><created>2012-03-23 20:19:38.154 CST</created><thought><created>2012-03-22 18:28:57.549 CST</created><description>git 内部编码规范</description><topic reference="../../../../../../../../../../topics/items/topic[4]"/><processed>true</processed><notes>https://github.com/styleguide/ruby</notes><id>12006</id></thought><parent class="actions" reference="../../.."/><description>git 内部编码规范</description><topic reference="../../../../../../../../../topics/items/topic[4]"/><context reference="../../../../../../../../../contexts/items/context[4]"/><state class="actionStateInactive"><created>2012-03-23 20:20:00.168 CST</created></state><notes>https://github.com/styleguide/ruby</notes><done>false</done><success></success><modified>2012-03-23 20:20:00.168 CST</modified></action><action><id>12098</id><created>2012-03-23 20:20:00.175 CST</created><thought><created>2012-03-22 18:31:03.111 CST</created><description>dup vs clone vs = in ruby</description><topic reference="../../../../../../../../../../topics/items/topic[4]"/><processed>true</processed><notes>=可以理解为指针，或引用&#x0D;
clone和dup都是浅拷，你的这个例子里写clone和dup都一样。因为浅拷，所以这个:z只拷指针，不拷内容，一改变全变。&#x0D;
&#x0D;
我看了一下源码，clone和dup主要不同是，clone可以拷到engienclass,而dup不行。如:&#x0D;
s = &quot;123456&quot;&#x0D;
def s.fun;p &apos;haha&apos;;end&#x0D;
s.clone.fun #=&gt;成功&#x0D;
s.dup.fun #=&gt;undefined method `fun&apos;&#x0D;
&#x0D;
clone出来的实例保留frozen状态，dup出来的不保留。</notes><id>12008</id></thought><parent class="actions" reference="../../.."/><description>dup vs clone vs = in ruby</description><topic reference="../../../../../../../../../topics/items/topic[4]"/><context reference="../../../../../../../../../contexts/items/context[5]"/><state class="actionStateASAP"><created>2012-05-02 17:32:12.952 CST</created></state><notes>=可以理解为指针，或引用&#x0D;
clone和dup都是浅拷，你的这个例子里写clone和dup都一样。因为浅拷，所以这个:z只拷指针，不拷内容，一改变全变。&#x0D;
&#x0D;
我看了一下源码，clone和dup主要不同是，clone可以拷到engienclass,而dup不行。如:&#x0D;
s = &quot;123456&quot;&#x0D;
def s.fun;p &apos;haha&apos;;end&#x0D;
s.clone.fun #=&gt;成功&#x0D;
s.dup.fun #=&gt;undefined method `fun&apos;&#x0D;
&#x0D;
clone出来的实例保留frozen状态，dup出来的不保留。</notes><done>false</done><success>理解</success><modified>2012-05-02 17:32:12.952 CST</modified></action><action><id>12099</id><created>2012-03-23 20:20:41.134 CST</created><thought><created>2012-03-22 18:35:48.82 CST</created><description>学习Emacs开发Rails应用之 --- 自动补全与snippet输入</description><topic reference="../../../../../../../../../../topics/items/topic[4]"/><processed>true</processed><notes>evernote</notes><id>12009</id></thought><parent class="actions" reference="../../.."/><description>学习Emacs开发Rails应用之 --- 自动补全与snippet输入</description><topic reference="../../../../../../../../../topics/items/topic[4]"/><context reference="../../../../../../../../../contexts/items/context[4]"/><state class="actionStateASAP"><created>2012-05-02 17:33:29.607 CST</created></state><notes>evernote</notes><done>false</done><success></success><modified>2012-05-02 17:33:29.607 CST</modified></action><action><id>12101</id><created>2012-03-23 20:21:00.369 CST</created><thought><created>2012-03-23 07:25:29.129 CST</created><description>打印红绿提示纸，厕所用</description><topic reference="../../../../../../../../../../topics/items/topic[2]"/><processed>true</processed><id>12082</id></thought><parent class="actions" reference="../../.."/><description>打印红绿提示纸，厕所用</description><topic reference="../../../../../../../../../topics/items/topic[2]"/><context reference="../../../../../../../../../contexts/items/context[3]"/><state class="actionStateASAP"><created>2012-03-23 20:33:47.473 CST</created></state><notes></notes><done>true</done><doneDate>2012-03-23 00:00:00.0 CST</doneDate><success></success><modified>2012-03-23 20:33:47.473 CST</modified></action><action><id>12102</id><created>2012-03-23 20:33:47.473 CST</created><thought><created>2012-03-23 08:01:22.574 CST</created><description>把晨间放在加密盘中</description><topic reference="../../../../../../../../../../topics/items/topic[2]"/><processed>true</processed><id>12084</id></thought><parent class="actions" reference="../../.."/><description>把晨间放在加密盘中</description><topic reference="../../../../../../../../../topics/items/topic[2]"/><context reference="../../../../../../../../../contexts/items/context[4]"/><state class="actionStateASAP"><created>2012-03-23 20:33:59.947 CST</created></state><notes></notes><done>true</done><doneDate>2012-03-26 19:20:31.589 CST</doneDate><success></success><modified>2012-03-26 19:20:31.589 CST</modified></action><action><id>12105</id><created>2012-03-24 10:45:07.884 CST</created><parent class="actions" reference="../../.."/><description>每天记录时间日志</description><topic reference="../../../../../../../../../topics/items/topic[3]"/><context reference="../../../../../../../../../contexts/items/context[3]"/><state class="actionStateScheduled"><date>2012-03-27 09:00:00.0 CST</date><durationHours>0</durationHours><durationMinutes>30</durationMinutes><created>2012-03-24 10:45:07.885 CST</created></state><notes></notes><done>true</done><doneDate>2012-03-27 19:13:58.493 CST</doneDate><success>记录工作日时间消耗</success><modified>2012-03-27 19:13:58.493 CST</modified></action><action><id>12106</id><created>2012-03-24 10:45:07.887 CST</created><parent class="actions" reference="../../.."/><description>晨间日记</description><topic reference="../../../../../../../../../topics/items/topic[4]"/><context reference="../../../../../../../../../contexts/items/context[2]"/><state class="actionStateScheduled"><date>2012-03-25 06:00:00.0 CST</date><durationHours>0</durationHours><durationMinutes>15</durationMinutes><created>2012-03-24 10:45:07.887 CST</created></state><notes>记录晨间日记 每天早上&#x0D;
[file:/X:/riji.xlsx]</notes><done>true</done><doneDate>2012-03-25 19:11:17.258 CST</doneDate><time reference="../../../parent/children/projects/children/project[5]/children/project/children/project[4]/children/action[12]/time"/><success></success><modified>2012-03-26 19:16:45.42 CST</modified></action><action><id>12107</id><created>2012-03-24 10:45:07.889 CST</created><parent class="actions" reference="../../.."/><description>Read reader</description><topic reference="../../../../../../../../../topics/items/topic[4]"/><context reference="../../../../../../../../../contexts/items/context[4]"/><state class="actionStateScheduled"><date>2012-03-27 00:00:00.0 CST</date><durationHours>0</durationHours><durationMinutes>0</durationMinutes><created>2012-03-24 10:45:07.889 CST</created></state><notes> [http://reader.google.com|google reader]</notes><done>true</done><doneDate>2012-03-27 00:00:00.0 CST</doneDate><time reference="../../../parent/children/projects/children/project/children/action/time"/><energy reference="../../action[34]/energy"/><priority reference="../../../parent/children/projects/children/project[3]/children/action/priority"/><success></success><modified>2012-03-27 19:53:26.499 CST</modified></action><action><id>12108</id><created>2012-03-24 11:10:11.327 CST</created><parent class="actions" reference="../../.."/><description>记账</description><topic reference="../../../../../../../../../topics/items/topic[2]"/><context reference="../../../../../../../../../contexts/items/context[8]"/><state class="actionStateScheduled"><date>2012-03-25 22:00:00.0 CST</date><durationHours>0</durationHours><durationMinutes>0</durationMinutes><created>2012-03-24 11:10:11.327 CST</created></state><notes></notes><done>true</done><doneDate>2012-03-25 19:39:26.13 CST</doneDate><time reference="../../action[16]/time"/><priority reference="../../../parent/children/projects/children/project[3]/children/action/priority"/><success></success><modified>2012-03-25 19:39:26.14 CST</modified></action><action><id>12109</id><created>2012-03-24 11:10:15.647 CST</created><parent class="actions" reference="../../.."/><description>check stock</description><topic reference="../../../../../../../../../topics/items/topic[5]"/><context reference="../../../../../../../../../contexts/items/context[2]"/><state class="actionStateScheduled"><date>2012-03-25 06:00:00.0 CST</date><durationHours>0</durationHours><durationMinutes>0</durationMinutes><created>2012-03-24 11:10:15.647 CST</created></state><notes></notes><done>true</done><doneDate>2012-03-25 20:20:30.740 CST</doneDate><success>写每日操作计划，昨日计划执行情况，效果，查看东方财富最新信息</success><modified>2012-03-25 20:20:30.742 CST</modified></action><action><id>12115</id><created>2012-03-25 09:06:38.687 CST</created><parent class="actions" reference="../../.."/><description>晨间日记</description><topic reference="../../../../../../../../../topics/items/topic[4]"/><context reference="../../../../../../../../../contexts/items/context[2]"/><state class="actionStateScheduled"><date>2012-03-26 06:00:00.0 CST</date><durationHours>0</durationHours><durationMinutes>15</durationMinutes><created>2012-03-25 09:06:38.688 CST</created></state><notes>记录晨间日记 每天早上&#x0D;
[file:/X:/riji.xlsx]</notes><done>true</done><doneDate>2012-03-26 00:00:00.0 CST</doneDate><time reference="../../../parent/children/projects/children/project[5]/children/project/children/project[4]/children/action[12]/time"/><success></success><modified>2012-03-26 19:16:45.42 CST</modified></action><action><id>12116</id><created>2012-03-25 19:39:26.13 CST</created><parent class="actions" reference="../../.."/><description>记账</description><topic reference="../../../../../../../../../topics/items/topic[2]"/><context reference="../../../../../../../../../contexts/items/context[8]"/><state class="actionStateScheduled"><date>2012-03-26 22:00:00.0 CST</date><durationHours>0</durationHours><durationMinutes>0</durationMinutes><created>2012-03-25 19:39:26.13 CST</created></state><notes></notes><done>true</done><doneDate>2012-03-27 10:35:29.860 CST</doneDate><time reference="../../action[16]/time"/><priority reference="../../../parent/children/projects/children/project[3]/children/action/priority"/><success></success><modified>2012-03-27 10:35:29.875 CST</modified></action><action><id>12117</id><created>2012-03-25 20:20:30.740 CST</created><parent class="actions" reference="../../.."/><description>check stock</description><topic reference="../../../../../../../../../topics/items/topic[5]"/><context reference="../../../../../../../../../contexts/items/context[2]"/><state class="actionStateScheduled"><date>2012-03-26 06:00:00.0 CST</date><durationHours>0</durationHours><durationMinutes>0</durationMinutes><created>2012-03-25 20:20:30.740 CST</created></state><notes></notes><done>true</done><doneDate>2012-03-26 09:51:44.420 CST</doneDate><success>写每日操作计划，昨日计划执行情况，效果，查看东方财富最新信息</success><modified>2012-03-26 09:51:44.421 CST</modified></action><action><id>12120</id><created>2012-03-25 20:26:18.33 CST</created><thought><created>2012-03-25 20:26:17.585 CST</created><description>买个苹果转换器，改用苹果</description><topic reference="../../../../../../../../../../topics/items/topic[4]"/><processed>true</processed><id>12118</id></thought><parent class="actions" reference="../../.."/><description>买个苹果转换器，改用苹果</description><topic reference="../../../../../../../../../topics/items/topic[4]"/><context><name>None</name><description>No context.</description><id>9</id></context><state class="actionStateASAP"><created>2012-03-25 20:26:27.185 CST</created></state><notes></notes><done>true</done><doneDate>2012-03-25 00:00:00.0 CST</doneDate><success></success><modified>2012-03-25 20:26:27.185 CST</modified></action><action><id>12123</id><created>2012-03-25 20:27:26.608 CST</created><parent class="actions" reference="../../.."/><description>GTD weekly review</description><topic reference="../../../../../../../../../topics/items/topic[4]"/><context reference="../../../../../../../../../contexts/items/context[5]"/><state class="actionStateScheduled"><date>2012-04-01 00:00:00.0 CST</date><durationHours>0</durationHours><durationMinutes>0</durationMinutes><created>2012-03-25 20:27:26.609 CST</created></state><notes></notes><done>true</done><doneDate>2012-04-01 11:21:31.509 CST</doneDate><time reference="../../../parent/children/projects/children/project[14]/children/action/time"/><energy reference="../../action[37]/energy"/><success>Get the &apos;Next Action&apos; list</success><modified>2012-04-01 11:21:31.509 CST</modified></action><action><id>12125</id><created>2012-03-26 07:01:04.905 CST</created><parent class="actions" reference="../../.."/><description>晨间日记</description><topic reference="../../../../../../../../../topics/items/topic[4]"/><context reference="../../../../../../../../../contexts/items/context[2]"/><state class="actionStateScheduled"><date>2012-03-27 06:00:00.0 CST</date><durationHours>0</durationHours><durationMinutes>15</durationMinutes><created>2012-03-26 07:01:04.905 CST</created></state><notes>记录晨间日记 每天早上&#x0D;
[file:/X:/riji.xlsx]</notes><done>true</done><doneDate>2012-03-27 09:52:25.630 CST</doneDate><time reference="../../../parent/children/projects/children/project[5]/children/project/children/project[4]/children/action[12]/time"/><success></success><modified>2012-03-27 09:52:25.630 CST</modified></action><action><id>12129</id><created>2012-03-26 09:51:44.421 CST</created><parent class="actions" reference="../../.."/><description>check stock</description><topic reference="../../../../../../../../../topics/items/topic[5]"/><context reference="../../../../../../../../../contexts/items/context[2]"/><state class="actionStateScheduled"><date>2012-03-27 06:00:00.0 CST</date><durationHours>0</durationHours><durationMinutes>0</durationMinutes><created>2012-03-26 09:51:44.421 CST</created></state><notes>evernote</notes><done>true</done><doneDate>2012-03-27 00:00:00.0 CST</doneDate><success>写每日操作计划，昨日计划执行情况，效果，查看东方财富最新信息</success><modified>2012-03-27 22:11:19.958 CST</modified></action><action><id>12130</id><created>2012-03-26 09:54:55.771 CST</created><parent class="actions" reference="../../.."/><description>Check email before start work</description><topic reference="../../../../../../../../../topics/items/topic[3]"/><context reference="../../../../../../../../../contexts/items/context[3]"/><state class="actionStateScheduled"><date>2012-03-27 00:00:00.0 CST</date><durationHours>0</durationHours><durationMinutes>0</durationMinutes><created>2012-03-26 09:54:55.771 CST</created></state><notes></notes><done>true</done><doneDate>2012-03-27 00:00:00.0 CST</doneDate><success></success><modified>2012-03-27 10:33:44.230 CST</modified></action><action><id>12134</id><created>2012-03-26 09:58:30.437 CST</created><thought><created>2012-03-26 07:04:53.537 CST</created><description>关注雅培奶粉质量问题</description><topic reference="../../../../../../../../../../topics/items/topic[2]"/><processed>true</processed><id>12127</id></thought><parent class="actions" reference="../../.."/><description>关注雅培奶粉质量问题</description><topic reference="../../../../../../../../../topics/items/topic[2]"/><context reference="../../../parent/children/projects/children/project[5]/children/project/children/project[4]/children/action[18]/context"/><state class="actionStateScheduled"><date>2012-03-26 00:00:00.0 CST</date><durationHours>0</durationHours><durationMinutes>0</durationMinutes><created>2012-03-26 10:24:35.534 CST</created></state><notes>没有什么有意义的进展</notes><done>true</done><doneDate>2012-03-27 00:00:00.0 CST</doneDate><success>奶粉用完前，每天关注最新消息，看看是否要换奶粉</success><modified>2012-03-27 10:57:49.313 CST</modified></action><action><id>12200</id><created>2012-03-27 07:22:47.319 CST</created><parent class="actions" reference="../../.."/><description>每天记录时间日志</description><topic reference="../../../../../../../../../topics/items/topic[4]"/><context reference="../../../../../../../../../contexts/items/context[3]"/><state class="actionStateScheduled"><date>2012-03-28 09:00:00.0 CST</date><durationHours>0</durationHours><durationMinutes>30</durationMinutes><created>2012-03-27 07:22:47.319 CST</created></state><notes></notes><done>true</done><doneDate>2012-03-28 19:01:58.344 CST</doneDate><success>记录工作日时间消耗</success><modified>2012-03-28 19:01:58.344 CST</modified></action><action><id>12201</id><created>2012-03-27 07:22:47.319 CST</created><parent class="actions" reference="../../.."/><description>晨间日记</description><topic reference="../../../../../../../../../topics/items/topic[4]"/><context reference="../../../../../../../../../contexts/items/context[2]"/><state class="actionStateScheduled"><date>2012-03-28 06:00:00.0 CST</date><durationHours>0</durationHours><durationMinutes>15</durationMinutes><created>2012-03-27 07:22:47.319 CST</created></state><notes>记录晨间日记 每天早上&#x0D;
[file:/X:/riji.xlsx]</notes><done>true</done><doneDate>2012-03-28 00:00:00.0 CST</doneDate><time reference="../../../parent/children/projects/children/project[5]/children/project/children/project[4]/children/action[12]/time"/><success></success><modified>2012-03-28 07:12:34.494 CST</modified></action><action><id>12202</id><created>2012-03-27 07:22:47.350 CST</created><parent class="actions" reference="../../.."/><description>Read reader</description><topic reference="../../../../../../../../../topics/items/topic[4]"/><context reference="../../../../../../../../../contexts/items/context[4]"/><state class="actionStateScheduled"><date>2012-03-28 00:00:00.0 CST</date><durationHours>0</durationHours><durationMinutes>0</durationMinutes><created>2012-03-27 07:22:47.350 CST</created></state><notes> [http://reader.google.com|google reader]</notes><done>true</done><doneDate>2012-03-28 00:00:00.0 CST</doneDate><time reference="../../../parent/children/projects/children/project/children/action/time"/><energy reference="../../action[34]/energy"/><priority reference="../../../parent/children/projects/children/project[3]/children/action/priority"/><success></success><modified>2012-03-28 15:27:50.281 CST</modified></action><action><id>12205</id><created>2012-03-27 10:33:44.230 CST</created><parent class="actions" reference="../../.."/><description>Check email before start work</description><topic reference="../../../../../../../../../topics/items/topic[3]"/><context reference="../../../../../../../../../contexts/items/context[3]"/><state class="actionStateScheduled"><date>2012-03-28 00:00:00.0 CST</date><durationHours>0</durationHours><durationMinutes>0</durationMinutes><created>2012-03-27 10:33:44.230 CST</created></state><notes></notes><done>true</done><doneDate>2012-03-28 09:05:47.490 CST</doneDate><success></success><modified>2012-03-28 09:05:47.505 CST</modified></action><action><id>12206</id><created>2012-03-27 10:35:29.860 CST</created><parent class="actions" reference="../../.."/><description>记账</description><topic reference="../../../../../../../../../topics/items/topic[2]"/><context reference="../../../../../../../../../contexts/items/context[8]"/><state class="actionStateScheduled"><date>2012-03-28 22:00:00.0 CST</date><durationHours>0</durationHours><durationMinutes>0</durationMinutes><created>2012-03-27 10:35:29.875 CST</created></state><notes></notes><done>true</done><doneDate>2012-03-28 21:41:05.598 CST</doneDate><time reference="../../action[16]/time"/><priority reference="../../../parent/children/projects/children/project[3]/children/action/priority"/><success></success><modified>2012-03-28 21:41:05.598 CST</modified></action><action><id>12214</id><created>2012-03-27 19:56:42.844 CST</created><parent class="actions" reference="../../.."/><description>关注雅培奶粉质量问题</description><topic reference="../../../../../../../../../topics/items/topic[2]"/><context><name>None</name><description>No context.</description><id>9</id></context><state class="actionStateScheduled"><date>2012-03-27 00:00:00.0 CST</date><durationHours>0</durationHours><durationMinutes>0</durationMinutes><created>2012-03-27 19:56:42.844 CST</created></state><notes>http://www.qinbei.com/special/company/abbott.html#new
没有新进展</notes><done>true</done><doneDate>2012-03-27 00:00:00.0 CST</doneDate><success>奶粉用完前，每天关注最新消息，看看是否要换奶粉</success><modified>2012-03-27 19:58:44.101 CST</modified></action><action><id>12215</id><created>2012-03-27 19:56:42.860 CST</created><parent class="actions" reference="../../.."/><description>关注雅培奶粉质量问题</description><topic reference="../../../../../../../../../topics/items/topic[2]"/><context reference="../../../../../../../../../contexts/items/context[4]"/><state class="actionStateScheduled"><date>2012-03-28 00:00:00.0 CST</date><durationHours>0</durationHours><durationMinutes>0</durationMinutes><created>2012-03-27 19:56:42.860 CST</created></state><notes>http://www.qinbei.com/special/company/abbott.html#new</notes><done>true</done><doneDate>2012-03-28 00:00:00.0 CST</doneDate><success>奶粉用完前，每天关注最新消息，看看是否要换奶粉</success><modified>2012-03-28 15:29:07.853 CST</modified></action><action><id>12216</id><created>2012-03-27 22:11:19.957 CST</created><parent class="actions" reference="../../.."/><description>check stock</description><topic reference="../../../../../../../../../topics/items/topic[5]"/><context reference="../../../../../../../../../contexts/items/context[2]"/><state class="actionStateScheduled"><date>2012-03-28 06:00:00.0 CST</date><durationHours>0</durationHours><durationMinutes>0</durationMinutes><created>2012-03-27 22:11:19.957 CST</created></state><notes></notes><done>true</done><doneDate>2012-03-28 00:00:00.0 CST</doneDate><success>写每日操作计划，昨日计划执行情况，效果，查看东方财富最新信息</success><modified>2012-03-28 07:12:41.582 CST</modified></action><action><id>12221</id><created>2012-03-28 00:02:00.1 CST</created><parent class="actions" reference="../../.."/><description>每天记录时间日志</description><topic reference="../../../../../../../../../topics/items/topic[4]"/><context reference="../../../../../../../../../contexts/items/context[3]"/><state class="actionStateScheduled"><date>2012-03-29 09:00:00.0 CST</date><durationHours>0</durationHours><durationMinutes>30</durationMinutes><created>2012-03-28 00:02:00.1 CST</created></state><notes></notes><done>true</done><doneDate>2012-03-29 18:24:23.869 CST</doneDate><success>记录工作日时间消耗</success><modified>2012-03-29 18:24:23.869 CST</modified></action><action><id>12222</id><created>2012-03-28 00:02:00.2 CST</created><parent class="actions" reference="../../.."/><description>晨间日记</description><topic reference="../../../../../../../../../topics/items/topic[2]"/><context reference="../../../../../../../../../contexts/items/context[2]"/><state class="actionStateScheduled"><date>2012-03-29 06:00:00.0 CST</date><durationHours>0</durationHours><durationMinutes>15</durationMinutes><created>2012-03-28 00:02:00.3 CST</created></state><notes>记录晨间日记 每天早上&#x0D;
[file:/X:/riji.xlsx]</notes><done>true</done><doneDate>2012-03-29 00:00:00.0 CST</doneDate><time reference="../../../parent/children/projects/children/project[5]/children/project/children/project[4]/children/action[12]/time"/><success></success><modified>2012-03-29 07:02:36.368 CST</modified></action><action><id>12223</id><created>2012-03-28 00:02:00.4 CST</created><parent class="actions" reference="../../.."/><description>Read reader</description><topic reference="../../../../../../../../../topics/items/topic[4]"/><context reference="../../../../../../../../../contexts/items/context[4]"/><state class="actionStateScheduled"><date>2012-03-29 00:00:00.0 CST</date><durationHours>0</durationHours><durationMinutes>0</durationMinutes><created>2012-03-28 00:02:00.4 CST</created></state><notes> [http://reader.google.com|google reader]</notes><done>true</done><doneDate>2012-03-29 00:00:00.0 CST</doneDate><time reference="../../../parent/children/projects/children/project/children/action/time"/><energy reference="../../action[34]/energy"/><priority reference="../../../parent/children/projects/children/project[3]/children/action/priority"/><success></success><modified>2012-03-29 17:21:09.674 CST</modified></action><action><id>12224</id><created>2012-03-28 00:02:00.4 CST</created><parent class="actions" reference="../../.."/><description>关注雅培奶粉质量问题</description><topic reference="../../../../../../../../../topics/items/topic[2]"/><context><name>None</name><description>No context.</description><id>9</id></context><state class="actionStateScheduled"><date>2012-03-29 00:00:00.0 CST</date><durationHours>0</durationHours><durationMinutes>0</durationMinutes><created>2012-03-28 00:02:00.5 CST</created></state><notes>http://www.qinbei.com/special/company/abbott.html#new</notes><done>true</done><doneDate>2012-03-29 00:00:00.0 CST</doneDate><success>奶粉用完前，每天关注最新消息，看看是否要换奶粉</success><modified>2012-03-29 21:06:43.63 CST</modified></action><action><id>12232</id><created>2012-03-28 09:05:47.490 CST</created><parent class="actions" reference="../../.."/><description>Check email before start work</description><topic reference="../../../../../../../../../topics/items/topic[3]"/><context reference="../../../../../../../../../contexts/items/context[3]"/><state class="actionStateScheduled"><date>2012-03-29 00:00:00.0 CST</date><durationHours>0</durationHours><durationMinutes>0</durationMinutes><created>2012-03-28 09:05:47.490 CST</created></state><notes></notes><done>true</done><doneDate>2012-03-29 10:05:57.995 CST</doneDate><success></success><modified>2012-03-29 10:05:58.11 CST</modified></action><action><id>12198</id><created>2012-03-27 00:00:00.0 CST</created><thought><created>2012-03-27 07:21:47.321 CST</created><description>TICKLED Tue, 27 Mar 2012: 电话社区派出所确认公共户落户问题</description><topic reference="../../../../../../../../../../topics/items/topic[2]"/><processed>true</processed><action reference="../.."/><id>12199</id></thought><parent class="actions" reference="../../.."/><description>电话社区派出所确认公共户落户问题</description><topic reference="../../../../../../../../../topics/items/topic[2]"/><context><name>None</name><description>No context.</description><id>9</id></context><state class="actionStateASAP"><created>2012-03-28 09:18:47.379 CST</created></state><notes>详细信息在evernote上</notes><done>true</done><doneDate>2012-03-28 00:00:00.0 CST</doneDate><success></success><modified>2012-03-28 09:18:47.379 CST</modified></action><action><id>12235</id><created>2012-03-28 00:00:00.0 CST</created><thought><created>2012-03-26 11:36:22.723 CST</created><description>了解海淘</description><topic reference="../../../../../../../../../../topics/items/topic[2]"/><processed>true</processed><id>12138</id></thought><parent class="actions" reference="../../.."/><description>了解海淘</description><topic reference="../../../../../../../../../topics/items/topic[2]"/><context reference="../../../../../../../../../contexts/items/context[4]"/><state class="actionStateASAP"><created>2012-03-28 09:18:58.892 CST</created></state><notes></notes><done>true</done><doneDate>2012-03-28 00:00:00.0 CST</doneDate><success></success><modified>2012-03-28 15:47:04.942 CST</modified></action><action><id>12245</id><created>2012-03-28 09:20:58.560 CST</created><thought><created>2012-03-26 19:20:32.835 CST</created><description>在原来的地方remove 晨间日记</description><topic reference="../../../../../../../../../../topics/items/topic[2]"/><processed>true</processed><id>12146</id></thought><parent class="actions" reference="../../.."/><description>在原来的地方remove 晨间日记</description><topic reference="../../../../../../../../../topics/items/topic[2]"/><context reference="../../../../../../../../../contexts/items/context[5]"/><state class="actionStateASAP"><created>2012-03-28 09:21:12.257 CST</created></state><notes></notes><done>true</done><doneDate>2012-03-28 00:00:00.0 CST</doneDate><success></success><modified>2012-03-28 15:47:40.593 CST</modified></action><action><id>12247</id><created>2012-03-28 09:21:22.256 CST</created><thought><created>2012-03-28 07:15:51.770 CST</created><description>医疗报销</description><topic reference="../../../../../../../../../../topics/items/topic[2]"/><processed>true</processed><id>12230</id></thought><parent class="actions" reference="../../.."/><description>医疗报销</description><topic reference="../../../../../../../../../topics/items/topic[2]"/><context reference="../../../../../../../../../contexts/items/context[3]"/><state class="actionStateScheduled"><date>2012-03-28 00:00:00.0 CST</date><durationHours>0</durationHours><durationMinutes>0</durationMinutes><created>2012-03-28 09:21:44.549 CST</created></state><notes></notes><done>true</done><doneDate>2012-03-28 16:34:36.831 CST</doneDate><success></success><modified>2012-03-28 16:34:36.831 CST</modified></action><action><id>12253</id><created>2012-03-28 16:35:21.366 CST</created><thought><created>2012-03-28 16:35:03.769 CST</created><description>learn to use rake to manage tasks</description><topic reference="../../../../../../../../../../topics/items/topic[4]"/><processed>true</processed><id>12249</id></thought><parent class="actions" reference="../../.."/><description>Learn to use rake to manage tasks</description><topic reference="../../../../../../../../../topics/items/topic[4]"/><context reference="../../../../../../../../../contexts/items/context[3]"/><state class="actionStateASAP"><created>2012-03-28 16:35:27.637 CST</created></state><notes></notes><done>true</done><doneDate>2012-03-28 00:00:00.0 CST</doneDate><success></success><modified>2012-03-28 19:01:08.522 CST</modified></action><action><id>12260</id><created>2012-03-28 21:41:05.598 CST</created><parent class="actions" reference="../../.."/><description>记账</description><topic reference="../../../../../../../../../topics/items/topic[2]"/><context reference="../../../../../../../../../contexts/items/context[8]"/><state class="actionStateScheduled"><date>2012-03-29 22:00:00.0 CST</date><durationHours>0</durationHours><durationMinutes>0</durationMinutes><created>2012-03-28 21:41:05.598 CST</created></state><notes></notes><done>true</done><doneDate>2012-03-29 21:06:44.889 CST</doneDate><time reference="../../action[16]/time"/><priority reference="../../../parent/children/projects/children/project[3]/children/action/priority"/><success></success><modified>2012-03-29 21:06:44.904 CST</modified></action><action><id>12261</id><created>2012-03-29 06:52:13.273 CST</created><parent class="actions" reference="../../.."/><description>每天记录时间日志</description><topic reference="../../../../../../../../../topics/items/topic[4]"/><context reference="../../../../../../../../../contexts/items/context[3]"/><state class="actionStateScheduled"><date>2012-03-30 09:00:00.0 CST</date><durationHours>0</durationHours><durationMinutes>30</durationMinutes><created>2012-03-29 06:52:13.273 CST</created></state><notes></notes><done>true</done><doneDate>2012-03-31 08:44:06.664 CST</doneDate><success>记录工作日时间消耗</success><modified>2012-03-31 08:44:06.664 CST</modified></action><action><id>12262</id><created>2012-03-29 06:52:13.273 CST</created><parent class="actions" reference="../../.."/><description>晨间日记</description><topic reference="../../../../../../../../../topics/items/topic[2]"/><context reference="../../../../../../../../../contexts/items/context[2]"/><state class="actionStateScheduled"><date>2012-03-30 06:00:00.0 CST</date><durationHours>0</durationHours><durationMinutes>15</durationMinutes><created>2012-03-29 06:52:13.273 CST</created></state><notes>记录晨间日记 每天早上&#x0D;
[file:/X:/riji.xlsx]</notes><done>true</done><doneDate>2012-03-30 00:00:00.0 CST</doneDate><time reference="../../../parent/children/projects/children/project[5]/children/project/children/project[4]/children/action[12]/time"/><success></success><modified>2012-03-30 08:22:57.166 CST</modified></action><action><id>12263</id><created>2012-03-29 06:52:13.273 CST</created><parent class="actions" reference="../../.."/><description>Read reader</description><topic reference="../../../../../../../../../topics/items/topic[4]"/><context reference="../../../../../../../../../contexts/items/context[4]"/><state class="actionStateScheduled"><date>2012-03-30 00:00:00.0 CST</date><durationHours>0</durationHours><durationMinutes>0</durationMinutes><created>2012-03-29 06:52:13.273 CST</created></state><notes> [http://reader.google.com|google reader]</notes><done>true</done><doneDate>2012-03-31 08:44:10.112 CST</doneDate><time reference="../../../parent/children/projects/children/project/children/action/time"/><energy reference="../../action[34]/energy"/><priority reference="../../../parent/children/projects/children/project[3]/children/action/priority"/><success></success><modified>2012-03-31 08:44:10.112 CST</modified></action><action><id>12264</id><created>2012-03-29 06:52:13.288 CST</created><parent class="actions" reference="../../.."/><description>关注雅培奶粉质量问题</description><topic reference="../../../../../../../../../topics/items/topic[2]"/><context><name>None</name><description>No context.</description><id>9</id></context><state class="actionStateScheduled"><date>2012-03-30 00:00:00.0 CST</date><durationHours>0</durationHours><durationMinutes>0</durationMinutes><created>2012-03-29 06:52:13.288 CST</created></state><notes>http://www.qinbei.com/special/company/abbott.html#new</notes><done>true</done><doneDate>2012-03-31 00:00:00.0 CST</doneDate><success>奶粉用完前，每天关注最新消息，看看是否要换奶粉</success><modified>2012-03-31 08:35:41.414 CST</modified></action><action><id>12273</id><created>2012-03-29 10:05:58.11 CST</created><parent class="actions" reference="../../.."/><description>Check email before start work</description><topic reference="../../../../../../../../../topics/items/topic[3]"/><context reference="../../../../../../../../../contexts/items/context[3]"/><state class="actionStateScheduled"><date>2012-03-30 00:00:00.0 CST</date><durationHours>0</durationHours><durationMinutes>0</durationMinutes><created>2012-03-29 10:05:58.11 CST</created></state><notes></notes><done>true</done><doneDate>2012-03-30 00:00:00.0 CST</doneDate><success></success><modified>2012-03-30 09:35:28.672 CST</modified></action><action><id>12280</id><created>2012-03-29 21:06:44.889 CST</created><parent class="actions" reference="../../.."/><description>记账</description><topic reference="../../../../../../../../../topics/items/topic[2]"/><context reference="../../../../../../../../../contexts/items/context[8]"/><state class="actionStateScheduled"><date>2012-03-30 22:00:00.0 CST</date><durationHours>0</durationHours><durationMinutes>0</durationMinutes><created>2012-03-29 21:06:44.889 CST</created></state><notes></notes><done>true</done><doneDate>2012-03-31 08:48:20.806 CST</doneDate><time reference="../../action[16]/time"/><priority reference="../../../parent/children/projects/children/project[3]/children/action/priority"/><success></success><modified>2012-03-31 08:48:20.807 CST</modified></action><action><id>12296</id><created>2012-03-30 08:09:26.366 CST</created><parent class="actions" reference="../../.."/><description>晨间日记</description><topic reference="../../../../../../../../../topics/items/topic[2]"/><context reference="../../../../../../../../../contexts/items/context[2]"/><state class="actionStateScheduled"><date>2012-03-31 06:00:00.0 CST</date><durationHours>0</durationHours><durationMinutes>15</durationMinutes><created>2012-03-30 08:09:26.366 CST</created></state><notes>记录晨间日记 每天早上&#x0D;
[file:/X:/riji.xlsx]</notes><done>true</done><doneDate>2012-03-31 00:00:00.0 CST</doneDate><time reference="../../../parent/children/projects/children/project[5]/children/project/children/project[4]/children/action[12]/time"/><success></success><modified>2012-03-31 08:42:38.346 CST</modified></action><action><id>12298</id><created>2012-03-30 08:09:26.366 CST</created><parent class="actions" reference="../../.."/><description>关注雅培奶粉质量问题</description><topic reference="../../../../../../../../../topics/items/topic[2]"/><context><name>None</name><description>No context.</description><id>9</id></context><state class="actionStateScheduled"><date>2012-03-31 00:00:00.0 CST</date><durationHours>0</durationHours><durationMinutes>0</durationMinutes><created>2012-03-30 08:09:26.366 CST</created></state><notes>http://www.qinbei.com/special/company/abbott.html#new</notes><done>true</done><doneDate>2012-04-01 00:00:00.0 CST</doneDate><success>奶粉用完前，每天关注最新消息，看看是否要换奶粉</success><modified>2012-04-01 10:49:18.362 CST</modified></action><action><id>12306</id><created>2012-03-31 08:36:13.733 CST</created><parent class="actions" reference="../../.."/><description>晨间日记</description><topic reference="../../../../../../../../../topics/items/topic[2]"/><context reference="../../../../../../../../../contexts/items/context[2]"/><state class="actionStateScheduled"><date>2012-04-01 06:00:00.0 CST</date><durationHours>0</durationHours><durationMinutes>15</durationMinutes><created>2012-03-31 08:36:13.733 CST</created></state><notes>记录晨间日记 每天早上&#x0D;
[file:/X:/riji.xlsx]</notes><done>true</done><doneDate>2012-04-01 00:00:00.0 CST</doneDate><time reference="../../../parent/children/projects/children/project[5]/children/project/children/project[4]/children/action[12]/time"/><success></success><modified>2012-04-01 10:30:08.33 CST</modified></action><action><id>12311</id><created>2012-03-31 08:44:05.800 CST</created><parent class="actions" reference="../../.."/><description>每日一读</description><topic reference="../../../../../../../../../topics/items/topic[4]"/><context reference="../../../../../../../../../contexts/items/context[5]"/><state class="actionStateScheduled"><date>2012-04-07 08:30:00.0 CST</date><durationHours>8</durationHours><durationMinutes>35</durationMinutes><created>2012-03-31 08:44:05.800 CST</created></state><notes>当天的行事历和任务清单&#x0D;
先做最重要和最困难的事&#x0D;
设置预期效果</notes><done>true</done><doneDate>2012-04-07 00:00:00.0 CST</doneDate><time reference="../../action[16]/time"/><success></success><modified>2012-04-07 08:27:34.288 CST</modified></action><action><id>12312</id><created>2012-03-31 08:48:20.806 CST</created><parent class="actions" reference="../../.."/><description>记账</description><topic reference="../../../../../../../../../topics/items/topic[2]"/><context reference="../../../../../../../../../contexts/items/context[8]"/><state class="actionStateScheduled"><date>2012-04-01 22:00:00.0 CST</date><durationHours>0</durationHours><durationMinutes>0</durationMinutes><created>2012-03-31 08:48:20.806 CST</created></state><notes></notes><done>true</done><doneDate>2012-04-04 00:00:00.0 CST</doneDate><time reference="../../action[16]/time"/><priority reference="../../../parent/children/projects/children/project[3]/children/action/priority"/><success></success><modified>2012-04-04 21:58:28.723 CST</modified></action><action><id>12320</id><created>2012-04-01 10:10:34.994 CST</created><parent class="actions" reference="../../.."/><description>还房贷</description><topic reference="../../../../../../../../../topics/items/topic[2]"/><context reference="../../../../../../../../../contexts/items/context[2]"/><state class="actionStateScheduled"><date>2012-05-15 00:00:00.0 CST</date><durationHours>0</durationHours><durationMinutes>0</durationMinutes><created>2012-04-01 10:10:34.994 CST</created></state><notes>转帐2034.91到中国银行</notes><done>true</done><doneDate>2012-05-15 00:00:00.0 CST</doneDate><priority reference="../../../parent/children/projects/children/project[5]/children/project/children/action/priority"/><success></success><modified>2012-05-15 09:04:11.167 CST</modified></action><action><id>12321</id><created>2012-04-01 10:10:34.994 CST</created><parent class="actions" reference="../../.."/><description>晨间日记</description><topic reference="../../../../../../../../../topics/items/topic[2]"/><context reference="../../../../../../../../../contexts/items/context[2]"/><state class="actionStateScheduled"><date>2012-04-02 06:00:00.0 CST</date><durationHours>0</durationHours><durationMinutes>15</durationMinutes><created>2012-04-01 10:10:34.994 CST</created></state><notes>记录晨间日记 每天早上&#x0D;
[file:/X:/riji.xlsx]</notes><done>true</done><doneDate>2012-04-02 00:00:00.0 CST</doneDate><time reference="../../../parent/children/projects/children/project[5]/children/project/children/project[4]/children/action[12]/time"/><success></success><modified>2012-04-02 08:39:31.799 CST</modified></action><action><id>12348</id><created>2012-04-01 00:00:00.0 CST</created><thought><created>2012-03-31 08:48:22.66 CST</created><description>报销30号晚饭</description><topic reference="../../../../../../../../../../topics/items/topic[2]"/><processed>true</processed><id>12313</id></thought><parent class="actions" reference="../../.."/><description>报销30号晚饭</description><topic reference="../../../../../../../../../topics/items/topic[2]"/><context reference="../../../../../../../../../contexts/items/context[3]"/><state class="actionStateASAP"><created>2012-04-01 11:09:07.624 CST</created></state><notes></notes><done>true</done><doneDate>2012-04-11 00:00:00.0 CST</doneDate><success></success><modified>2012-04-11 16:36:41.738 CST</modified></action><action><id>12359</id><created>2012-04-01 11:21:31.509 CST</created><parent class="actions" reference="../../.."/><description>GTD weekly review</description><topic reference="../../../../../../../../../topics/items/topic[4]"/><context reference="../../../../../../../../../contexts/items/context[5]"/><state class="actionStateScheduled"><date>2012-04-17 00:00:00.0 CST</date><durationHours>0</durationHours><durationMinutes>0</durationMinutes><created>2012-04-01 11:21:31.509 CST</created></state><notes></notes><done>true</done><doneDate>2012-04-17 14:29:53.677 CST</doneDate><time reference="../../../parent/children/projects/children/project[14]/children/action/time"/><energy reference="../../action[37]/energy"/><success>Get the &apos;Next Action&apos; list</success><modified>2012-04-17 14:29:53.677 CST</modified></action><action><id>12372</id><created>2012-04-02 08:42:27.317 CST</created><thought><created>2012-04-01 11:16:58.21 CST</created><description>学习编写高质量代码-web前端</description><topic reference="../../../../../../../../../../topics/items/topic[4]"/><processed>true</processed><id>12355</id></thought><parent class="actions" reference="../../.."/><description>学习编写高质量代码-web前端</description><topic reference="../../../../../../../../../topics/items/topic[4]"/><context reference="../../../../../../../../../contexts/items/context[8]"/><state class="actionStateScheduled"><date>2012-04-02 00:00:00.0 CST</date><durationHours>0</durationHours><durationMinutes>0</durationMinutes><created>2012-04-02 08:43:07.559 CST</created></state><notes></notes><done>true</done><doneDate>2012-04-04 00:00:00.0 CST</doneDate><success></success><modified>2012-04-04 21:58:41.329 CST</modified></action><action><id>12375</id><created>2012-04-02 08:43:37.6 CST</created><thought><created>2012-04-01 14:58:51.256 CST</created><description>rake 远程机子上安装ruby-debug gcc</description><topic reference="../../../../../../../../../../topics/items/topic[3]"/><processed>true</processed><id>12360</id></thought><parent class="actions" reference="../../.."/><description>rake 远程机子上安装ruby-debug gcc</description><topic reference="../../../../../../../../../topics/items/topic[3]"/><context reference="../../../../../../../../../contexts/items/context[3]"/><state class="actionStateASAP"><created>2012-04-02 08:43:50.93 CST</created></state><notes></notes><done>false</done><success></success><modified>2012-04-02 08:43:50.93 CST</modified></action><action><id>12378</id><created>2012-04-04 21:58:28.719 CST</created><parent class="actions" reference="../../.."/><description>记账</description><topic reference="../../../../../../../../../topics/items/topic[2]"/><context reference="../../../../../../../../../contexts/items/context[8]"/><state class="actionStateScheduled"><date>2012-04-05 22:00:00.0 CST</date><durationHours>0</durationHours><durationMinutes>0</durationMinutes><created>2012-04-04 21:58:28.719 CST</created></state><notes></notes><done>true</done><doneDate>2012-04-06 00:00:00.0 CST</doneDate><time reference="../../action[16]/time"/><priority reference="../../../parent/children/projects/children/project[3]/children/action/priority"/><success></success><modified>2012-04-06 08:37:35.878 CST</modified></action><action><id>12380</id><created>2012-04-04 21:58:33.432 CST</created><parent class="actions" reference="../../.."/><description>每天记录时间日志</description><topic reference="../../../../../../../../../topics/items/topic[4]"/><context reference="../../../../../../../../../contexts/items/context[3]"/><state class="actionStateScheduled"><date>2012-04-05 09:00:00.0 CST</date><durationHours>0</durationHours><durationMinutes>30</durationMinutes><created>2012-04-04 21:58:33.432 CST</created></state><notes></notes><done>true</done><doneDate>2012-04-06 08:37:37.947 CST</doneDate><success>记录工作日时间消耗</success><modified>2012-04-06 08:37:37.947 CST</modified></action><action><id>12381</id><created>2012-04-04 21:58:33.434 CST</created><parent class="actions" reference="../../.."/><description>晨间日记</description><topic reference="../../../../../../../../../topics/items/topic[2]"/><context reference="../../../../../../../../../contexts/items/context[2]"/><state class="actionStateScheduled"><date>2012-04-04 06:00:00.0 CST</date><durationHours>0</durationHours><durationMinutes>15</durationMinutes><created>2012-04-04 21:58:33.434 CST</created></state><notes>记录晨间日记 每天早上&#x0D;
[file:/X:/riji.xlsx]</notes><done>true</done><doneDate>2012-04-04 00:00:00.0 CST</doneDate><time reference="../../../parent/children/projects/children/project[5]/children/project/children/project[4]/children/action[12]/time"/><success></success><modified>2012-04-04 22:06:39.141 CST</modified></action><action><id>12382</id><created>2012-04-04 21:58:33.448 CST</created><parent class="actions" reference="../../.."/><description>晨间日记</description><topic reference="../../../../../../../../../topics/items/topic[2]"/><context reference="../../../../../../../../../contexts/items/context[2]"/><state class="actionStateScheduled"><date>2012-04-05 06:00:00.0 CST</date><durationHours>0</durationHours><durationMinutes>15</durationMinutes><created>2012-04-04 21:58:33.448 CST</created></state><notes>记录晨间日记 每天早上&#x0D;
[file:/X:/riji.xlsx]</notes><done>true</done><doneDate>2012-04-05 00:00:00.0 CST</doneDate><time reference="../../../parent/children/projects/children/project[5]/children/project/children/project[4]/children/action[12]/time"/><success></success><modified>2012-04-05 08:29:49.582 CST</modified></action><action><id>12388</id><created>2012-04-05 08:27:36.935 CST</created><parent class="actions" reference="../../.."/><description>每天记录时间日志</description><topic reference="../../../../../../../../../topics/items/topic[4]"/><context reference="../../../../../../../../../contexts/items/context[3]"/><state class="actionStateScheduled"><date>2012-04-06 09:00:00.0 CST</date><durationHours>0</durationHours><durationMinutes>30</durationMinutes><created>2012-04-05 08:27:36.935 CST</created></state><notes></notes><done>true</done><doneDate>2012-04-06 19:45:25.973 CST</doneDate><success>记录工作日时间消耗</success><modified>2012-04-06 19:45:25.973 CST</modified></action><action><id>12389</id><created>2012-04-05 08:27:36.950 CST</created><parent class="actions" reference="../../.."/><description>晨间日记</description><topic reference="../../../../../../../../../topics/items/topic[2]"/><context reference="../../../../../../../../../contexts/items/context[2]"/><state class="actionStateScheduled"><date>2012-04-06 06:00:00.0 CST</date><durationHours>0</durationHours><durationMinutes>15</durationMinutes><created>2012-04-05 08:27:36.950 CST</created></state><notes>记录晨间日记 每天早上&#x0D;
[file:/X:/riji.xlsx]</notes><done>true</done><doneDate>2012-04-06 00:00:00.0 CST</doneDate><time reference="../../../parent/children/projects/children/project[5]/children/project/children/project[4]/children/action[12]/time"/><success></success><modified>2012-04-06 08:25:47.449 CST</modified></action><action><id>12390</id><created>2012-04-05 08:27:36.950 CST</created><parent class="actions" reference="../../.."/><description>Read reader</description><topic reference="../../../../../../../../../topics/items/topic[4]"/><context reference="../../../../../../../../../contexts/items/context[4]"/><state class="actionStateScheduled"><date>2012-04-06 12:00:00.0 CST</date><durationHours>0</durationHours><durationMinutes>0</durationMinutes><created>2012-04-05 08:27:36.950 CST</created></state><notes> [http://reader.google.com|google reader]</notes><done>true</done><doneDate>2012-04-06 00:00:00.0 CST</doneDate><time reference="../../../parent/children/projects/children/project/children/action/time"/><energy reference="../../action[34]/energy"/><priority reference="../../../parent/children/projects/children/project[3]/children/action/priority"/><success></success><modified>2012-04-06 16:48:01.150 CST</modified></action><action><id>12403</id><created>2012-04-05 10:01:58.938 CST</created><parent class="actions" reference="../../.."/><description>Check email before start work</description><topic reference="../../../../../../../../../topics/items/topic[3]"/><context reference="../../../../../../../../../contexts/items/context[3]"/><state class="actionStateScheduled"><date>2012-04-06 09:00:00.0 CST</date><durationHours>0</durationHours><durationMinutes>0</durationMinutes><created>2012-04-05 10:01:58.938 CST</created></state><notes></notes><done>true</done><doneDate>2012-04-06 00:00:00.0 CST</doneDate><success></success><modified>2012-04-06 09:59:46.222 CST</modified></action><action><id>12404</id><created>2012-04-05 10:01:58.938 CST</created><parent class="actions" reference="../../.."/><description>Check email before start work</description><topic reference="../../../../../../../../../topics/items/topic[3]"/><context reference="../../../../../../../../../contexts/items/context[3]"/><state class="actionStateScheduled"><date>2012-04-05 09:00:00.0 CST</date><durationHours>0</durationHours><durationMinutes>0</durationMinutes><created>2012-04-05 10:01:58.938 CST</created></state><notes></notes><done>true</done><doneDate>2012-04-05 00:00:00.0 CST</doneDate><success></success><modified>2012-04-05 10:19:15.176 CST</modified></action><action><id>12405</id><created>2012-04-05 10:01:58.938 CST</created><parent class="actions" reference="../../.."/><description>Check email before start work</description><topic reference="../../../../../../../../../topics/items/topic[3]"/><context reference="../../../../../../../../../contexts/items/context[3]"/><state class="actionStateScheduled"><date>2012-04-13 09:00:00.0 CST</date><durationHours>0</durationHours><durationMinutes>0</durationMinutes><created>2012-04-05 10:01:58.938 CST</created></state><notes></notes><done>true</done><doneDate>2012-04-13 00:00:00.0 CST</doneDate><success></success><modified>2012-04-13 10:26:21.32 CST</modified></action><action><id>12406</id><created>2012-04-05 10:01:58.938 CST</created><parent class="actions" reference="../../.."/><description>Check email before start work</description><topic reference="../../../../../../../../../topics/items/topic[3]"/><context reference="../../../../../../../../../contexts/items/context[3]"/><state class="actionStateScheduled"><date>2012-04-10 09:00:00.0 CST</date><durationHours>0</durationHours><durationMinutes>0</durationMinutes><created>2012-04-05 10:01:58.938 CST</created></state><notes></notes><done>true</done><doneDate>2012-04-10 00:00:00.0 CST</doneDate><success></success><modified>2012-04-10 10:24:01.833 CST</modified></action><action><id>12407</id><created>2012-04-05 10:01:58.938 CST</created><parent class="actions" reference="../../.."/><description>Check email before start work</description><topic reference="../../../../../../../../../topics/items/topic[3]"/><context reference="../../../../../../../../../contexts/items/context[3]"/><state class="actionStateScheduled"><date>2012-04-11 09:00:00.0 CST</date><durationHours>0</durationHours><durationMinutes>0</durationMinutes><created>2012-04-05 10:01:58.938 CST</created></state><notes></notes><done>true</done><doneDate>2012-04-11 10:32:02.575 CST</doneDate><success></success><modified>2012-04-11 10:32:02.575 CST</modified></action><action><id>12408</id><created>2012-04-05 10:01:58.938 CST</created><parent class="actions" reference="../../.."/><description>Check email before start work</description><topic reference="../../../../../../../../../topics/items/topic[3]"/><context reference="../../../../../../../../../contexts/items/context[3]"/><state class="actionStateScheduled"><date>2012-04-09 09:00:00.0 CST</date><durationHours>0</durationHours><durationMinutes>0</durationMinutes><created>2012-04-05 10:01:58.938 CST</created></state><notes></notes><done>true</done><doneDate>2012-04-09 00:00:00.0 CST</doneDate><success></success><modified>2012-04-09 09:29:18.97 CST</modified></action><action><id>12409</id><created>2012-04-05 10:01:58.938 CST</created><parent class="actions" reference="../../.."/><description>Check email before start work</description><topic reference="../../../../../../../../../topics/items/topic[3]"/><context reference="../../../../../../../../../contexts/items/context[3]"/><state class="actionStateScheduled"><date>2012-04-12 09:00:00.0 CST</date><durationHours>0</durationHours><durationMinutes>0</durationMinutes><created>2012-04-05 10:01:58.938 CST</created></state><notes></notes><done>true</done><doneDate>2012-04-12 09:47:24.315 CST</doneDate><success></success><modified>2012-04-12 09:47:24.315 CST</modified></action><action><id>12422</id><created>2012-04-05 22:19:18.250 CST</created><thought><created>2012-04-05 10:16:55.755 CST</created><description>处理太平拒赔</description><topic reference="../../../../../../../../../../topics/items/topic[2]"/><processed>true</processed><notes>知道为什么</notes><id>12410</id></thought><parent class="actions" reference="../../.."/><description>处理太平拒赔</description><topic reference="../../../../../../../../../topics/items/topic[2]"/><context reference="../../../../../../../../../contexts/items/context[3]"/><state class="actionStateASAP"><created>2012-04-05 22:19:27.944 CST</created></state><notes>知道为什么</notes><done>true</done><doneDate>2012-04-11 00:00:00.0 CST</doneDate><success></success><modified>2012-04-11 16:36:51.634 CST</modified></action><action><id>12423</id><created>2012-04-05 22:19:27.945 CST</created><thought><created>2012-04-05 10:21:08.988 CST</created><description>stable personal dev</description><topic reference="../../../../../../../../../../topics/items/topic[3]"/><processed>true</processed><id>12412</id></thought><parent class="actions" reference="../../.."/><description>stable personal dev</description><topic reference="../../../../../../../../../topics/items/topic[3]"/><context reference="../../../../../../../../../contexts/items/context[3]"/><state class="actionStateInactive"><created>2012-04-05 22:19:43.259 CST</created></state><notes></notes><done>false</done><success></success><modified>2012-04-05 22:19:43.259 CST</modified></action><action><id>12424</id><created>2012-04-05 22:19:43.259 CST</created><thought><created>2012-04-05 18:58:15.783 CST</created><description>fix all Navi.syncMenuDisp</description><topic reference="../../../../../../../../../../topics/items/topic[3]"/><processed>true</processed><notes>Change to call the menu name directly</notes><id>12414</id></thought><parent class="actions" reference="../../.."/><description>fix all Navi.syncMenuDisp</description><topic reference="../../../../../../../../../topics/items/topic[3]"/><context reference="../../../../../../../../../contexts/items/context[3]"/><state class="actionStateASAP"><created>2012-04-05 22:19:53.95 CST</created></state><notes>Change to call the menu name directly</notes><done>false</done><success></success><modified>2012-04-05 22:19:53.96 CST</modified></action><action><id>12425</id><created>2012-04-05 22:19:53.96 CST</created><thought><created>2012-04-05 20:51:51.668 CST</created><description>4.9号前抽9000到银行卡</description><topic reference="../../../../../../../../../../topics/items/topic[2]"/><processed>true</processed><id>12416</id></thought><parent class="actions" reference="../../.."/><description>4.10号前抽9000到银行卡</description><topic reference="../../../../../../../../../topics/items/topic[2]"/><context reference="../../../../../../../../../contexts/items/context[4]"/><state class="actionStateScheduled"><date>2012-04-10 00:00:00.0 CST</date><durationHours>0</durationHours><durationMinutes>0</durationMinutes><created>2012-04-05 22:20:15.644 CST</created></state><notes></notes><done>true</done><doneDate>2012-04-10 10:19:13.439 CST</doneDate><success></success><modified>2012-04-10 10:19:13.439 CST</modified></action><action><id>12426</id><created>2012-04-05 22:20:15.645 CST</created><thought><created>2012-04-05 22:18:58.885 CST</created><description>找个方法记账</description><topic reference="../../../../../../../../../../topics/items/topic[2]"/><processed>true</processed><id>12419</id></thought><parent class="actions" reference="../../.."/><description>找个方法记账</description><topic reference="../../../../../../../../../topics/items/topic[2]"/><context reference="../../../../../../../../../contexts/items/context[2]"/><state class="actionStateASAP"><created>2012-04-05 22:20:28.152 CST</created></state><notes></notes><done>true</done><doneDate>2012-05-20 14:36:02.594 CST</doneDate><success></success><modified>2012-05-20 14:36:02.594 CST</modified></action><action><id>12428</id><created>2012-04-06 08:11:15.85 CST</created><parent class="actions" reference="../../.."/><description>晨间日记</description><topic reference="../../../../../../../../../topics/items/topic[2]"/><context reference="../../../../../../../../../contexts/items/context[2]"/><state class="actionStateScheduled"><date>2012-04-07 06:00:00.0 CST</date><durationHours>0</durationHours><durationMinutes>15</durationMinutes><created>2012-04-06 08:11:15.85 CST</created></state><notes>记录晨间日记 每天早上&#x0D;
[file:/X:/riji.xlsx]</notes><done>true</done><doneDate>2012-04-07 08:36:45.768 CST</doneDate><time reference="../../../parent/children/projects/children/project[5]/children/project/children/project[4]/children/action[12]/time"/><success></success><modified>2012-04-07 08:36:45.768 CST</modified></action><action><id>12438</id><created>2012-04-06 08:37:35.875 CST</created><parent class="actions" reference="../../.."/><description>记账</description><topic reference="../../../../../../../../../topics/items/topic[2]"/><context reference="../../../../../../../../../contexts/items/context[8]"/><state class="actionStateScheduled"><date>2012-04-07 22:00:00.0 CST</date><durationHours>0</durationHours><durationMinutes>0</durationMinutes><created>2012-04-06 08:37:35.875 CST</created></state><notes></notes><done>true</done><doneDate>2012-04-08 11:13:57.899 CST</doneDate><time reference="../../action[16]/time"/><priority reference="../../../parent/children/projects/children/project[3]/children/action/priority"/><success></success><modified>2012-04-08 11:13:57.899 CST</modified></action><action><id>12447</id><created>2012-04-07 08:27:34.273 CST</created><parent class="actions" reference="../../.."/><description>每日一读</description><topic reference="../../../../../../../../../topics/items/topic[4]"/><context reference="../../../../../../../../../contexts/items/context[5]"/><state class="actionStateScheduled"><date>2012-04-14 08:30:00.0 CST</date><durationHours>8</durationHours><durationMinutes>35</durationMinutes><created>2012-04-07 08:27:34.273 CST</created></state><notes>当天的行事历和任务清单&#x0D;
先做最重要和最困难的事&#x0D;
设置预期效果</notes><done>true</done><doneDate>2012-04-14 00:00:00.0 CST</doneDate><time reference="../../action[16]/time"/><success></success><modified>2012-04-14 08:06:14.91 CST</modified></action><action><id>12449</id><created>2012-04-07 08:28:45.287 CST</created><parent class="actions" reference="../../.."/><description>晨间日记</description><topic reference="../../../../../../../../../topics/items/topic[2]"/><context reference="../../../../../../../../../contexts/items/context[2]"/><state class="actionStateScheduled"><date>2012-04-08 06:00:00.0 CST</date><durationHours>0</durationHours><durationMinutes>15</durationMinutes><created>2012-04-07 08:28:45.287 CST</created></state><notes>记录晨间日记 每天早上&#x0D;
[file:/X:/riji.xlsx]</notes><done>true</done><doneDate>2012-04-08 00:00:00.0 CST</doneDate><time reference="../../../parent/children/projects/children/project[5]/children/project/children/project[4]/children/action[12]/time"/><success></success><modified>2012-04-08 11:13:38.275 CST</modified></action><action><id>12466</id><created>2012-04-08 11:07:13.840 CST</created><parent class="actions" reference="../../.."/><description>晨间日记</description><topic reference="../../../../../../../../../topics/items/topic[2]"/><context reference="../../../../../../../../../contexts/items/context[2]"/><state class="actionStateScheduled"><date>2012-04-09 06:00:00.0 CST</date><durationHours>0</durationHours><durationMinutes>15</durationMinutes><created>2012-04-08 11:07:13.840 CST</created></state><notes>记录晨间日记 每天早上&#x0D;
[file:/X:/riji.xlsx]</notes><done>true</done><doneDate>2012-04-09 00:00:00.0 CST</doneDate><time reference="../../../parent/children/projects/children/project[5]/children/project/children/project[4]/children/action[12]/time"/><success></success><modified>2012-04-09 08:28:01.620 CST</modified></action><action><id>12467</id><created>2012-04-08 11:07:13.847 CST</created><parent class="actions" reference="../../.."/><description>Check email before start work</description><topic reference="../../../../../../../../../topics/items/topic[3]"/><context reference="../../../../../../../../../contexts/items/context[3]"/><state class="actionStateScheduled"><date>2012-04-20 09:00:00.0 CST</date><durationHours>0</durationHours><durationMinutes>0</durationMinutes><created>2012-04-08 11:07:13.847 CST</created></state><notes></notes><done>true</done><doneDate>2012-04-20 09:56:32.104 CST</doneDate><success></success><modified>2012-04-20 09:56:32.104 CST</modified></action><action><id>12468</id><created>2012-04-08 11:07:13.848 CST</created><parent class="actions" reference="../../.."/><description>Check email before start work</description><topic reference="../../../../../../../../../topics/items/topic[3]"/><context reference="../../../../../../../../../contexts/items/context[3]"/><state class="actionStateScheduled"><date>2012-04-17 09:00:00.0 CST</date><durationHours>0</durationHours><durationMinutes>0</durationMinutes><created>2012-04-08 11:07:13.848 CST</created></state><notes></notes><done>true</done><doneDate>2012-04-17 10:27:32.960 CST</doneDate><success></success><modified>2012-04-17 10:27:32.960 CST</modified></action><action><id>12469</id><created>2012-04-08 11:07:13.848 CST</created><parent class="actions" reference="../../.."/><description>Check email before start work</description><topic reference="../../../../../../../../../topics/items/topic[3]"/><context reference="../../../../../../../../../contexts/items/context[3]"/><state class="actionStateScheduled"><date>2012-04-18 09:00:00.0 CST</date><durationHours>0</durationHours><durationMinutes>0</durationMinutes><created>2012-04-08 11:07:13.848 CST</created></state><notes></notes><done>true</done><doneDate>2012-04-18 09:13:12.897 CST</doneDate><success></success><modified>2012-04-18 09:13:12.897 CST</modified></action><action><id>12470</id><created>2012-04-08 11:07:13.882 CST</created><parent class="actions" reference="../../.."/><description>Check email before start work</description><topic reference="../../../../../../../../../topics/items/topic[3]"/><context reference="../../../../../../../../../contexts/items/context[3]"/><state class="actionStateScheduled"><date>2012-04-16 09:00:00.0 CST</date><durationHours>0</durationHours><durationMinutes>0</durationMinutes><created>2012-04-08 11:07:13.882 CST</created></state><notes></notes><done>true</done><doneDate>2012-04-16 09:36:39.620 CST</doneDate><success></success><modified>2012-04-16 09:36:39.620 CST</modified></action><action><id>12471</id><created>2012-04-08 11:07:13.897 CST</created><parent class="actions" reference="../../.."/><description>Check email before start work</description><topic reference="../../../../../../../../../topics/items/topic[3]"/><context reference="../../../../../../../../../contexts/items/context[3]"/><state class="actionStateScheduled"><date>2012-04-19 09:00:00.0 CST</date><durationHours>0</durationHours><durationMinutes>0</durationMinutes><created>2012-04-08 11:07:13.897 CST</created></state><notes></notes><done>true</done><doneDate>2012-04-19 09:17:14.827 CST</doneDate><success></success><modified>2012-04-19 09:17:14.827 CST</modified></action><action><id>12500</id><created>2012-04-09 08:19:32.825 CST</created><parent class="actions" reference="../../.."/><description>晨间日记</description><topic reference="../../../../../../../../../topics/items/topic[2]"/><context reference="../../../../../../../../../contexts/items/context[2]"/><state class="actionStateScheduled"><date>2012-04-10 05:00:00.0 CST</date><durationHours>0</durationHours><durationMinutes>15</durationMinutes><created>2012-04-09 08:19:32.825 CST</created></state><notes>记录晨间日记 每天早上&#x0D;
[file:/X:/riji.xlsx]</notes><done>true</done><doneDate>2012-04-10 00:00:00.0 CST</doneDate><time reference="../../../parent/children/projects/children/project[5]/children/project/children/project[4]/children/action[12]/time"/><success></success><modified>2012-04-10 08:24:04.634 CST</modified></action><action><id>12510</id><created>2012-04-10 08:20:43.251 CST</created><parent class="actions" reference="../../.."/><description>晨间日记</description><topic reference="../../../../../../../../../topics/items/topic[2]"/><context reference="../../../../../../../../../contexts/items/context[2]"/><state class="actionStateScheduled"><date>2012-04-11 05:00:00.0 CST</date><durationHours>0</durationHours><durationMinutes>15</durationMinutes><created>2012-04-10 08:20:43.251 CST</created></state><notes>记录晨间日记 每天早上&#x0D;
[file:/X:/riji.xlsx]</notes><done>true</done><doneDate>2012-04-11 00:00:00.0 CST</doneDate><time reference="../../../parent/children/projects/children/project[5]/children/project/children/project[4]/children/action[12]/time"/><success></success><modified>2012-04-11 08:41:04.866 CST</modified></action><action><id>12511</id><created>2012-04-10 08:20:43.266 CST</created><parent class="actions" reference="../../.."/><description>Read reader</description><topic reference="../../../../../../../../../topics/items/topic[4]"/><context reference="../../../../../../../../../contexts/items/context[4]"/><state class="actionStateScheduled"><date>2012-04-11 12:00:00.0 CST</date><durationHours>0</durationHours><durationMinutes>0</durationMinutes><created>2012-04-10 08:20:43.266 CST</created></state><notes> [http://reader.google.com|google reader]</notes><done>true</done><doneDate>2012-04-11 21:10:04.188 CST</doneDate><time reference="../../../parent/children/projects/children/project/children/action/time"/><energy reference="../../action[34]/energy"/><priority reference="../../../parent/children/projects/children/project[3]/children/action/priority"/><success></success><modified>2012-04-11 21:10:04.188 CST</modified></action><action><id>12464</id><created>2012-04-08 11:06:13.849 CST</created><thought><created>2012-04-08 11:06:13.849 CST</created><description>TICKLED Sun, 8 Apr 2012: TICKLED Sun, 25 Mar 2012: head first rails</description><topic reference="../../../../../../../../../../topics/items/topic[4]"/><processed>true</processed><action reference="../.."/><id>12465</id></thought><parent class="actions" reference="../../.."/><description>TICKLED Sun, 25 Mar 2012: head first rails</description><topic reference="../../../../../../../../../topics/items/topic[4]"/><context reference="../../../../../../../../../contexts/items/context[8]"/><state class="actionStateASAP"><created>2012-04-10 10:28:50.332 CST</created></state><notes></notes><done>false</done><success></success><modified>2012-04-10 10:28:50.332 CST</modified></action><action><id>12513</id><created>2012-04-10 00:00:00.0 CST</created><thought><created>2012-04-06 10:32:22.245 CST</created><description>ruby中类变量放在什么地方？为什么子类不继承父类的</description><topic reference="../../../../../../../../../../topics/items/topic[4]"/><processed>true</processed><id>12441</id></thought><parent class="actions" reference="../../.."/><description>ruby中类变量放在什么地方？为什么子类不继承父类的</description><topic reference="../../../../../../../../../topics/items/topic[4]"/><context reference="../../../../../../../../../contexts/items/context[3]"/><state class="actionStateASAP"><created>2012-04-10 10:29:00.956 CST</created></state><notes></notes><done>true</done><doneDate>2012-04-12 00:00:00.0 CST</doneDate><success></success><modified>2012-04-12 17:37:28.330 CST</modified></action><action><id>12514</id><created>2012-04-10 10:29:00.956 CST</created><thought><created>2012-04-06 10:32:56.998 CST</created><description>修理无线路由器</description><topic reference="../../../../../../../../../../topics/items/topic[2]"/><processed>true</processed><id>12442</id></thought><parent class="actions" reference="../../.."/><description>修理无线路由器</description><topic reference="../../../../../../../../../topics/items/topic[2]"/><context reference="../../../../../../../../../contexts/items/context[3]"/><state class="actionStateASAP"><created>2012-04-10 10:29:11.314 CST</created></state><notes></notes><done>true</done><doneDate>2012-04-13 14:10:01.527 CST</doneDate><success></success><modified>2012-04-13 14:10:01.527 CST</modified></action><action><id>12515</id><created>2012-04-10 10:29:11.314 CST</created><thought><created>2012-04-06 19:45:29.202 CST</created><description>处理人寿拒赔</description><topic reference="../../../../../../../../../../topics/items/topic[2]"/><processed>true</processed><notes>了解下具体情况</notes><id>12445</id></thought><parent class="actions" reference="../../.."/><description>处理人寿拒赔</description><topic reference="../../../../../../../../../topics/items/topic[2]"/><context reference="../../../../../../../../../contexts/items/context[3]"/><state class="actionStateDelegated"><chase>2012-06-01 00:00:00.0 CST</chase><created>2012-04-11 16:54:50.694 CST</created></state><notes>了解下具体情况
拒赔信息在email里
Wendy 说会帮忙check 下拒赔退单，收到会联系我
人寿的打过电话，再等等看报销的金额打下来吧 Thu May 17 2012</notes><done>false</done><success></success><modified>2012-05-17 09:48:43.708 CST</modified></action><action><id>12516</id><created>2012-04-10 10:29:16.415 CST</created><thought><created>2012-04-07 08:35:47.399 CST</created><description>总结《高质量web。。。》</description><topic reference="../../../../../../../../../../topics/items/topic[4]"/><processed>true</processed><id>12452</id></thought><parent class="actions" reference="../../.."/><description>总结《高质量web。。。》</description><topic reference="../../../../../../../../../topics/items/topic[4]"/><context reference="../../../../../../../../../contexts/items/context[3]"/><state class="actionStateASAP"><created>2012-04-10 10:29:21.470 CST</created></state><notes></notes><done>false</done><success></success><modified>2012-04-10 10:29:21.470 CST</modified></action><action><id>12517</id><created>2012-04-10 10:29:21.470 CST</created><thought><created>2012-04-08 11:52:48.551 CST</created><description>下载电子书</description><topic reference="../../../../../../../../../../topics/items/topic[2]"/><processed>true</processed><notes>http://www.google.com/reader/view/#stream/feed%2Fhttp%3A%2F%2Ffeeds2.feedburner.com%2Fprogramthink</notes><id>12498</id></thought><parent class="actions" reference="../../.."/><description>下载电子书</description><topic reference="../../../../../../../../../topics/items/topic[2]"/><context reference="../../../../../../../../../contexts/items/context[3]"/><state class="actionStateASAP"><created>2012-04-10 10:29:28.131 CST</created></state><notes>http://www.google.com/reader/view/#stream/feed%2Fhttp%3A%2F%2Ffeeds2.feedburner.com%2Fprogramthink</notes><done>true</done><doneDate>2012-04-17 14:28:25.83 CST</doneDate><success></success><modified>2012-04-17 14:28:25.83 CST</modified></action><action><id>12518</id><created>2012-04-10 10:29:28.131 CST</created><thought><created>2012-04-09 08:25:27.802 CST</created><description>定期给小白打电话</description><topic reference="../../../../../../../../../../topics/items/topic[2]"/><processed>true</processed><id>12505</id></thought><parent class="actions" reference="../../.."/><description>定期给小白打电话</description><topic reference="../../../../../../../../../topics/items/topic[2]"/><context reference="../../../../../../../../../contexts/items/context[7]"/><state class="actionStateScheduled"><date>2012-05-05 21:00:00.0 CST</date><durationHours>0</durationHours><durationMinutes>0</durationMinutes><created>2012-04-10 10:29:59.409 CST</created></state><notes></notes><done>true</done><doneDate>2012-05-07 00:00:00.0 CST</doneDate><success></success><modified>2012-05-07 21:27:27.731 CST</modified></action><action><id>12525</id><created>2012-04-11 08:31:08.317 CST</created><parent class="actions" reference="../../.."/><description>晨间日记</description><topic reference="../../../../../../../../../topics/items/topic[2]"/><context reference="../../../../../../../../../contexts/items/context[2]"/><state class="actionStateScheduled"><date>2012-04-12 05:00:00.0 CST</date><durationHours>0</durationHours><durationMinutes>15</durationMinutes><created>2012-04-11 08:31:08.317 CST</created></state><notes>记录晨间日记 每天早上&#x0D;
[file:/X:/riji.xlsx]</notes><done>true</done><doneDate>2012-04-12 00:00:00.0 CST</doneDate><time reference="../../../parent/children/projects/children/project[5]/children/project/children/project[4]/children/action[12]/time"/><success></success><modified>2012-04-12 07:58:39.881 CST</modified></action><action><id>12526</id><created>2012-04-11 08:31:08.327 CST</created><parent class="actions" reference="../../.."/><description>Read reader</description><topic reference="../../../../../../../../../topics/items/topic[4]"/><context reference="../../../../../../../../../contexts/items/context[4]"/><state class="actionStateScheduled"><date>2012-04-12 12:00:00.0 CST</date><durationHours>0</durationHours><durationMinutes>0</durationMinutes><created>2012-04-11 08:31:08.327 CST</created></state><notes> [http://reader.google.com|google reader]</notes><done>true</done><doneDate>2012-04-12 17:32:34.160 CST</doneDate><time reference="../../../parent/children/projects/children/project/children/action/time"/><energy reference="../../action[34]/energy"/><priority reference="../../../parent/children/projects/children/project[3]/children/action/priority"/><success></success><modified>2012-04-12 17:32:34.160 CST</modified></action><action><id>12531</id><created>2012-04-11 09:45:56.399 CST</created><thought><created>2012-04-10 20:05:45.692 CST</created><description>write a rake script to  valid the configmgr.py </description><topic reference="../../../../../../../../../../topics/items/topic[3]"/><processed>true</processed><id>12521</id></thought><parent class="actions" reference="../../.."/><description>write a rake script to  valid the configmgr.py </description><topic reference="../../../../../../../../../topics/items/topic[3]"/><context reference="../../../../../../../../../contexts/items/context[3]"/><state class="actionStateASAP"><created>2012-04-11 09:46:08.364 CST</created></state><notes></notes><done>true</done><doneDate>2012-04-12 00:00:00.0 CST</doneDate><success></success><modified>2012-04-12 17:27:55.111 CST</modified></action><action><id>12547</id><created>2012-04-12 07:53:26.917 CST</created><parent class="actions" reference="../../.."/><description>晨间日记</description><topic reference="../../../../../../../../../topics/items/topic[2]"/><context reference="../../../../../../../../../contexts/items/context[2]"/><state class="actionStateScheduled"><date>2012-04-13 05:00:00.0 CST</date><durationHours>0</durationHours><durationMinutes>15</durationMinutes><created>2012-04-12 07:53:26.917 CST</created></state><notes>记录晨间日记 每天早上&#x0D;
[file:/X:/riji.xlsx]</notes><done>true</done><doneDate>2012-04-13 00:00:00.0 CST</doneDate><time reference="../../../parent/children/projects/children/project[5]/children/project/children/project[4]/children/action[12]/time"/><success></success><modified>2012-04-13 08:44:33.670 CST</modified></action><action><id>12548</id><created>2012-04-12 07:53:26.932 CST</created><parent class="actions" reference="../../.."/><description>Read reader</description><topic reference="../../../../../../../../../topics/items/topic[4]"/><context reference="../../../../../../../../../contexts/items/context[4]"/><state class="actionStateScheduled"><date>2012-04-13 12:00:00.0 CST</date><durationHours>0</durationHours><durationMinutes>0</durationMinutes><created>2012-04-12 07:53:26.932 CST</created></state><notes> [http://reader.google.com|google reader]</notes><done>true</done><doneDate>2012-04-14 00:00:00.0 CST</doneDate><time reference="../../../parent/children/projects/children/project/children/action/time"/><energy reference="../../action[34]/energy"/><priority reference="../../../parent/children/projects/children/project[3]/children/action/priority"/><success></success><modified>2012-04-14 08:36:00.34 CST</modified></action><action><id>12551</id><created>2012-04-12 08:43:37.670 CST</created><thought><created>2012-04-11 16:36:26.273 CST</created><description>整理evernote inbox</description><topic reference="../../../../../../../../../../topics/items/topic[4]"/><processed>true</processed><id>12536</id></thought><parent class="actions" reference="../../.."/><description>整理evernote inbox</description><topic reference="../../../../../../../../../topics/items/topic[4]"/><context reference="../../../../../../../../../contexts/items/context[4]"/><state class="actionStateASAP"><created>2012-04-12 08:43:50.664 CST</created></state><notes></notes><done>true</done><doneDate>2012-04-12 00:00:00.0 CST</doneDate><success></success><modified>2012-04-12 17:57:45.575 CST</modified></action><action><id>12554</id><created>2012-04-12 08:44:01.388 CST</created><thought><created>2012-04-11 18:51:33.622 CST</created><description>http://www.infoq.com/presentations/effective-api-design</description><topic reference="../../../../../../../../../../topics/items/topic[6]"/><processed>true</processed><id>12542</id></thought><parent class="actions" reference="../../.."/><description>http://www.infoq.com/presentations/effective-api-design</description><topic reference="../../../../../../../../../topics/items/topic[6]"/><context reference="../../../../../../../../../contexts/items/context[3]"/><state class="actionStateInactive"><created>2012-04-12 17:58:06.910 CST</created></state><notes>Very good talk.
需要专心看</notes><done>false</done><time reference="../../../parent/children/projects/children/project[14]/children/action/time"/><success></success><modified>2012-04-12 17:58:06.910 CST</modified></action><action><id>12555</id><created>2012-04-12 08:44:12.960 CST</created><thought><created>2012-04-11 18:52:22.831 CST</created><description>了解rabl，grape</description><topic reference="../../../../../../../../../../topics/items/topic[4]"/><processed>true</processed><id>12544</id></thought><parent class="actions" reference="../../.."/><description>了解rabl，grape</description><topic reference="../../../../../../../../../topics/items/topic[4]"/><context reference="../../../../../../../../../contexts/items/context[3]"/><state class="actionStateASAP"><created>2012-04-12 08:44:17.355 CST</created></state><notes></notes><done>true</done><doneDate>2012-04-12 00:00:00.0 CST</doneDate><success></success><modified>2012-04-12 10:22:16.339 CST</modified></action><action><id>12558</id><created>2012-04-13 08:24:52.936 CST</created><parent class="actions" reference="../../.."/><description>晨间日记</description><topic reference="../../../../../../../../../topics/items/topic[2]"/><context reference="../../../../../../../../../contexts/items/context[2]"/><state class="actionStateScheduled"><date>2012-04-14 05:00:00.0 CST</date><durationHours>0</durationHours><durationMinutes>15</durationMinutes><created>2012-04-13 08:24:52.936 CST</created></state><notes>记录晨间日记 每天早上&#x0D;
[file:/X:/riji.xlsx]</notes><done>true</done><doneDate>2012-04-14 00:00:00.0 CST</doneDate><time reference="../../../parent/children/projects/children/project[5]/children/project/children/project[4]/children/action[12]/time"/><success></success><modified>2012-04-14 08:14:24.597 CST</modified></action><action><id>12559</id><created>2012-04-13 08:24:52.949 CST</created><parent class="actions" reference="../../.."/><description>Read reader</description><topic reference="../../../../../../../../../topics/items/topic[4]"/><context reference="../../../../../../../../../contexts/items/context[4]"/><state class="actionStateScheduled"><date>2012-04-16 12:00:00.0 CST</date><durationHours>0</durationHours><durationMinutes>0</durationMinutes><created>2012-04-13 08:24:52.949 CST</created></state><notes> [http://reader.google.com|google reader]</notes><done>true</done><doneDate>2012-04-16 00:00:00.0 CST</doneDate><time reference="../../../parent/children/projects/children/project/children/action/time"/><energy reference="../../action[34]/energy"/><priority reference="../../../parent/children/projects/children/project[3]/children/action/priority"/><success></success><modified>2012-04-16 17:42:17.645 CST</modified></action><action><id>12561</id><created>2012-04-14 08:06:14.91 CST</created><parent class="actions" reference="../../.."/><description>每日一读</description><topic reference="../../../../../../../../../topics/items/topic[4]"/><context reference="../../../../../../../../../contexts/items/context[5]"/><state class="actionStateScheduled"><date>2012-04-21 08:30:00.0 CST</date><durationHours>8</durationHours><durationMinutes>35</durationMinutes><created>2012-04-14 08:06:14.91 CST</created></state><notes>当天的行事历和任务清单&#x0D;
先做最重要和最困难的事&#x0D;
设置预期效果&#x0D;
宁可少精品，别多糙品</notes><done>true</done><doneDate>2012-04-21 00:00:00.0 CST</doneDate><time reference="../../action[16]/time"/><success></success><modified>2012-04-21 08:04:24.498 CST</modified></action><action><id>12564</id><created>2012-04-14 08:06:44.873 CST</created><parent class="actions" reference="../../.."/><description>Read reader</description><topic reference="../../../../../../../../../topics/items/topic[4]"/><context reference="../../../../../../../../../contexts/items/context[4]"/><state class="actionStateScheduled"><date>2012-04-17 12:00:00.0 CST</date><durationHours>0</durationHours><durationMinutes>0</durationMinutes><created>2012-04-14 08:06:44.873 CST</created></state><notes> [http://reader.google.com|google reader]</notes><done>true</done><doneDate>2012-04-17 14:11:45.350 CST</doneDate><time reference="../../../parent/children/projects/children/project/children/action/time"/><energy reference="../../action[34]/energy"/><priority reference="../../../parent/children/projects/children/project[3]/children/action/priority"/><success></success><modified>2012-04-17 14:11:45.350 CST</modified></action><action><id>12570</id><created>2012-04-16 07:46:46.833 CST</created><parent class="actions" reference="../../.."/><description>晨间日记</description><topic reference="../../../../../../../../../topics/items/topic[2]"/><context reference="../../../../../../../../../contexts/items/context[2]"/><state class="actionStateScheduled"><date>2012-04-16 05:00:00.0 CST</date><durationHours>0</durationHours><durationMinutes>15</durationMinutes><created>2012-04-16 07:46:46.833 CST</created></state><notes>记录晨间日记 每天早上&#x0D;
[file:/X:/riji.xlsx]</notes><done>true</done><doneDate>2012-04-16 00:00:00.0 CST</doneDate><time reference="../../../parent/children/projects/children/project[5]/children/project/children/project[4]/children/action[12]/time"/><success></success><modified>2012-04-16 08:07:06.147 CST</modified></action><action><id>12571</id><created>2012-04-16 07:46:46.833 CST</created><parent class="actions" reference="../../.."/><description>晨间日记</description><topic reference="../../../../../../../../../topics/items/topic[2]"/><context reference="../../../../../../../../../contexts/items/context[2]"/><state class="actionStateScheduled"><date>2012-04-17 05:00:00.0 CST</date><durationHours>0</durationHours><durationMinutes>15</durationMinutes><created>2012-04-16 07:46:46.833 CST</created></state><notes>记录晨间日记 每天早上&#x0D;
[file:/X:/riji.xlsx]</notes><done>true</done><doneDate>2012-04-17 00:00:00.0 CST</doneDate><time reference="../../../parent/children/projects/children/project[5]/children/project/children/project[4]/children/action[12]/time"/><success></success><modified>2012-04-17 07:30:13.767 CST</modified></action><action><id>12572</id><created>2012-04-16 07:46:46.849 CST</created><parent class="actions" reference="../../.."/><description>Check email before start work</description><topic reference="../../../../../../../../../topics/items/topic[3]"/><context reference="../../../../../../../../../contexts/items/context[3]"/><state class="actionStateScheduled"><date>2012-04-27 09:00:00.0 CST</date><durationHours>0</durationHours><durationMinutes>0</durationMinutes><created>2012-04-16 07:46:46.849 CST</created></state><notes></notes><done>true</done><doneDate>2012-04-27 00:00:00.0 CST</doneDate><success></success><modified>2012-04-27 10:15:06.332 CST</modified></action><action><id>12573</id><created>2012-04-16 07:46:46.849 CST</created><parent class="actions" reference="../../.."/><description>Check email before start work</description><topic reference="../../../../../../../../../topics/items/topic[3]"/><context reference="../../../../../../../../../contexts/items/context[3]"/><state class="actionStateScheduled"><date>2012-04-24 09:00:00.0 CST</date><durationHours>0</durationHours><durationMinutes>0</durationMinutes><created>2012-04-16 07:46:46.849 CST</created></state><notes></notes><done>true</done><doneDate>2012-04-24 09:50:27.308 CST</doneDate><success></success><modified>2012-04-24 09:50:27.308 CST</modified></action><action><id>12574</id><created>2012-04-16 07:46:46.849 CST</created><parent class="actions" reference="../../.."/><description>Check email before start work</description><topic reference="../../../../../../../../../topics/items/topic[3]"/><context reference="../../../../../../../../../contexts/items/context[3]"/><state class="actionStateScheduled"><date>2012-04-25 09:00:00.0 CST</date><durationHours>0</durationHours><durationMinutes>0</durationMinutes><created>2012-04-16 07:46:46.849 CST</created></state><notes></notes><done>true</done><doneDate>2012-04-25 09:20:34.319 CST</doneDate><success></success><modified>2012-04-25 09:20:34.319 CST</modified></action><action><id>12575</id><created>2012-04-16 07:46:46.849 CST</created><parent class="actions" reference="../../.."/><description>Check email before start work</description><topic reference="../../../../../../../../../topics/items/topic[3]"/><context reference="../../../../../../../../../contexts/items/context[3]"/><state class="actionStateScheduled"><date>2012-04-23 09:00:00.0 CST</date><durationHours>0</durationHours><durationMinutes>0</durationMinutes><created>2012-04-16 07:46:46.849 CST</created></state><notes></notes><done>true</done><doneDate>2012-04-23 00:00:00.0 CST</doneDate><success></success><modified>2012-04-23 15:20:43.657 CST</modified></action><action><id>12576</id><created>2012-04-16 07:46:46.895 CST</created><parent class="actions" reference="../../.."/><description>Check email before start work</description><topic reference="../../../../../../../../../topics/items/topic[3]"/><context reference="../../../../../../../../../contexts/items/context[3]"/><state class="actionStateScheduled"><date>2012-04-26 09:00:00.0 CST</date><durationHours>0</durationHours><durationMinutes>0</durationMinutes><created>2012-04-16 07:46:46.895 CST</created></state><notes></notes><done>true</done><doneDate>2012-04-26 00:00:00.0 CST</doneDate><success></success><modified>2012-04-26 09:23:57.75 CST</modified></action><action><id>12607</id><created>2012-04-16 09:37:05.302 CST</created><parent class="actions" reference="../../.."/><description>Check email before start work</description><topic reference="../../../../../../../../../topics/items/topic[3]"/><context reference="../../../../../../../../../contexts/items/context[3]"/><state class="actionStateScheduled"><date>2012-04-27 09:00:00.0 CST</date><durationHours>0</durationHours><durationMinutes>0</durationMinutes><created>2012-04-16 09:37:05.302 CST</created></state><notes></notes><done>true</done><doneDate>2012-04-27 10:15:01.431 CST</doneDate><success></success><modified>2012-04-27 10:15:01.431 CST</modified></action><action><id>12566</id><created>2012-04-16 07:45:46.820 CST</created><thought><created>2012-04-16 07:45:46.820 CST</created><description>TICKLED Sun, 15 Apr 2012: TICKLED Sun, 25 Mar 2012: Javascript: The definitive guide</description><topic reference="../../../../../../../../../../topics/items/topic[4]"/><processed>true</processed><action reference="../.."/><id>12567</id></thought><parent class="actions" reference="../../.."/><description>TICKLED Sun, 25 Mar 2012: Javascript: The definitive guide</description><topic reference="../../../../../../../../../topics/items/topic[4]"/><context reference="../../../../../../../../../contexts/items/context[4]"/><state class="actionStateASAP"><created>2012-05-02 17:32:58.849 CST</created></state><notes></notes><done>false</done><success></success><modified>2012-05-02 17:32:58.849 CST</modified></action><action><id>12614</id><created>2012-04-16 11:18:15.511 CST</created><thought><created>2012-04-16 09:39:24.47 CST</created><description>Check bug 22572</description><topic reference="../../../../../../../../../../topics/items/topic[3]"/><processed>true</processed><id>12611</id></thought><parent class="actions" reference="../../.."/><description>Check bug 22572</description><topic reference="../../../../../../../../../topics/items/topic[3]"/><context reference="../../../../../../../../../contexts/items/context[3]"/><state class="actionStateDelegated"><to>xuan&apos;s iso</to><chase>2012-04-17 00:00:00.0 CST</chase><created>2012-04-16 15:17:41.0 CST</created></state><notes></notes><done>true</done><doneDate>2012-04-17 00:00:00.0 CST</doneDate><success></success><modified>2012-04-17 11:42:50.86 CST</modified></action><action><id>12622</id><created>2012-04-17 07:23:01.737 CST</created><parent class="actions" reference="../../.."/><description>晨间日记</description><topic reference="../../../../../../../../../topics/items/topic[2]"/><context reference="../../../../../../../../../contexts/items/context[2]"/><state class="actionStateScheduled"><date>2012-04-18 05:00:00.0 CST</date><durationHours>0</durationHours><durationMinutes>15</durationMinutes><created>2012-04-17 07:23:01.737 CST</created></state><notes>记录晨间日记 每天早上&#x0D;
[file:/X:/riji.xlsx]</notes><done>true</done><doneDate>2012-04-18 00:00:00.0 CST</doneDate><time reference="../../../parent/children/projects/children/project[5]/children/project/children/project[4]/children/action[12]/time"/><success></success><modified>2012-04-18 08:03:27.677 CST</modified></action><action><id>12623</id><created>2012-04-17 07:23:01.753 CST</created><parent class="actions" reference="../../.."/><description>Read reader</description><topic reference="../../../../../../../../../topics/items/topic[4]"/><context reference="../../../../../../../../../contexts/items/context[4]"/><state class="actionStateScheduled"><date>2012-04-18 12:00:00.0 CST</date><durationHours>0</durationHours><durationMinutes>0</durationMinutes><created>2012-04-17 07:23:01.753 CST</created></state><notes> [http://reader.google.com|google reader]</notes><done>true</done><doneDate>2012-04-19 00:00:00.0 CST</doneDate><time reference="../../../parent/children/projects/children/project/children/action/time"/><energy reference="../../action[34]/energy"/><priority reference="../../../parent/children/projects/children/project[3]/children/action/priority"/><success></success><modified>2012-04-19 07:59:37.741 CST</modified></action><action><id>12628</id><created>2012-04-17 07:38:10.598 CST</created><thought><created>2012-04-16 16:03:39.634 CST</created><description>寄回独生子女证</description><topic reference="../../../../../../../../../../topics/items/topic[3]"/><processed>true</processed><id>12615</id></thought><parent class="actions" reference="../../.."/><description>寄回独生子女证</description><topic reference="../../../../../../../../../topics/items/topic[2]"/><context reference="../../../../../../../../../contexts/items/context[3]"/><state class="actionStateDelegated"><to>顺风快递</to><chase>2012-04-23 00:00:00.0 CST</chase><created>2012-04-17 15:05:18.244 CST</created></state><notes>已下单，等回复
快递已取件，过两天查下到没
[http://www.sf-express.com/cn/sc/css_index.html|顺风查询] 4.20查询状态是在遵义，正在派件
下周一再看看</notes><done>true</done><doneDate>2012-04-22 00:00:00.0 CST</doneDate><success></success><modified>2012-04-22 20:37:56.884 CST</modified></action><action><id>12630</id><created>2012-04-17 07:38:34.278 CST</created><thought><created>2012-04-17 07:37:53.922 CST</created><description>爸生日</description><topic reference="../../../../../../../../../../topics/items/topic[2]"/><processed>true</processed><id>12625</id></thought><parent class="actions" reference="../../.."/><description>爸生日</description><topic reference="../../../../../../../../../topics/items/topic[2]"/><context reference="../../../../../../../../../contexts/items/context[8]"/><state class="actionStateScheduled"><date>2012-05-14 00:00:00.0 CST</date><durationHours>0</durationHours><durationMinutes>0</durationMinutes><created>2012-04-17 07:39:54.682 CST</created></state><notes>5.14日生日&#x0D;
看下礼物&#x0D;
打电话</notes><done>true</done><doneDate>2012-05-14 20:22:56.863 CST</doneDate><success></success><modified>2012-05-14 20:22:56.863 CST</modified></action><action><id>12638</id><created>2012-04-17 11:52:04.577 CST</created><thought><created>2012-04-17 11:43:02.114 CST</created><description>Change event summay on node scope</description><topic reference="../../../../../../../../../../topics/items/topic[3]"/><processed>true</processed><id>12631</id></thought><parent class="actions" reference="../../.."/><description>Change event summay on node scope</description><topic reference="../../../../../../../../../topics/items/topic[3]"/><context reference="../../../../../../../../../contexts/items/context[3]"/><state class="actionStateASAP"><created>2012-04-18 13:57:53.8 CST</created></state><notes>wait iso</notes><done>true</done><doneDate>2012-04-18 20:34:42.958 CST</doneDate><success></success><modified>2012-04-18 20:34:42.958 CST</modified></action><action><id>12639</id><created>2012-04-17 11:52:11.566 CST</created><thought><created>2012-04-17 11:51:18.474 CST</created><description>Check with andrea if the rmg scope event summay need to be changed</description><topic reference="../../../../../../../../../../topics/items/topic[3]"/><processed>true</processed><id>12633</id></thought><parent class="actions" reference="../../.."/><description>Check with andrea if the rmg scope event summay need to be changed</description><topic reference="../../../../../../../../../topics/items/topic[3]"/><context reference="../../../../../../../../../contexts/items/context[3]"/><state class="actionStateDelegated"><to>Andrea</to><chase>2012-04-18 00:00:00.0 CST</chase><created>2012-04-17 11:52:49.635 CST</created></state><notes>Wait for andrea email</notes><done>true</done><doneDate>2012-04-18 00:00:00.0 CST</doneDate><success></success><modified>2012-04-18 13:54:26.745 CST</modified></action><action><id>12643</id><created>2012-04-17 14:29:53.677 CST</created><parent class="actions" reference="../../.."/><description>GTD weekly review</description><topic reference="../../../../../../../../../topics/items/topic[4]"/><context reference="../../../../../../../../../contexts/items/context[5]"/><state class="actionStateScheduled"><date>2012-05-02 00:00:00.0 CST</date><durationHours>0</durationHours><durationMinutes>0</durationMinutes><created>2012-04-17 14:29:53.677 CST</created></state><notes></notes><done>true</done><doneDate>2012-05-03 07:15:47.104 CST</doneDate><time reference="../../../parent/children/projects/children/project[14]/children/action/time"/><energy reference="../../action[37]/energy"/><success>Get the &apos;Next Action&apos; list</success><modified>2012-05-03 07:15:47.127 CST</modified></action><action><id>12649</id><created>2012-04-17 18:50:47.548 CST</created><thought><created>2012-04-17 14:27:17.6 CST</created><description>报销16号晚餐发票</description><topic reference="../../../../../../../../../../topics/items/topic[2]"/><processed>true</processed><id>12640</id></thought><parent class="actions" reference="../../.."/><description>报销16号晚餐发票</description><topic reference="../../../../../../../../../topics/items/topic[2]"/><context reference="../../../../../../../../../contexts/items/context[3]"/><state class="actionStateASAP"><created>2012-04-17 18:50:54.521 CST</created></state><notes></notes><done>true</done><doneDate>2012-05-20 14:35:59.658 CST</doneDate><success></success><modified>2012-05-20 14:35:59.658 CST</modified></action><action><id>12650</id><created>2012-04-17 18:50:54.521 CST</created><thought><created>2012-04-17 18:21:55.930 CST</created><description>list javascript 关键字</description><topic reference="../../../../../../../../../../topics/items/topic[4]"/><processed>true</processed><id>12646</id></thought><parent class="actions" reference="../../.."/><description>list javascript 关键字</description><topic reference="../../../../../../../../../topics/items/topic[4]"/><context reference="../../../../../../../../../contexts/items/context[3]"/><state class="actionStateASAP"><created>2012-04-17 18:50:59.170 CST</created></state><notes></notes><done>true</done><doneDate>2012-04-23 00:00:00.0 CST</doneDate><success></success><modified>2012-04-23 17:16:18.504 CST</modified></action><action><id>12651</id><created>2012-04-18 07:55:31.178 CST</created><parent class="actions" reference="../../.."/><description>每天记录时间日志</description><topic reference="../../../../../../../../../topics/items/topic[4]"/><context reference="../../../../../../../../../contexts/items/context[3]"/><state class="actionStateScheduled"><date>2012-04-19 09:00:00.0 CST</date><durationHours>0</durationHours><durationMinutes>30</durationMinutes><created>2012-04-18 07:55:31.178 CST</created></state><notes></notes><done>true</done><doneDate>2012-04-19 20:26:16.540 CST</doneDate><success>记录工作日时间消耗</success><modified>2012-04-19 20:26:16.540 CST</modified></action><action><id>12652</id><created>2012-04-18 07:55:31.178 CST</created><parent class="actions" reference="../../.."/><description>晨间日记</description><topic reference="../../../../../../../../../topics/items/topic[2]"/><context reference="../../../../../../../../../contexts/items/context[2]"/><state class="actionStateScheduled"><date>2012-04-19 05:00:00.0 CST</date><durationHours>0</durationHours><durationMinutes>15</durationMinutes><created>2012-04-18 07:55:31.178 CST</created></state><notes>记录晨间日记 每天早上&#x0D;
[file:/X:/riji.xlsx]</notes><done>true</done><doneDate>2012-04-19 08:01:17.948 CST</doneDate><time reference="../../../parent/children/projects/children/project[5]/children/project/children/project[4]/children/action[12]/time"/><success></success><modified>2012-04-19 08:01:17.948 CST</modified></action><action><id>12653</id><created>2012-04-18 07:55:31.193 CST</created><parent class="actions" reference="../../.."/><description>Read reader</description><topic reference="../../../../../../../../../topics/items/topic[4]"/><context reference="../../../../../../../../../contexts/items/context[4]"/><state class="actionStateScheduled"><date>2012-04-19 12:00:00.0 CST</date><durationHours>0</durationHours><durationMinutes>0</durationMinutes><created>2012-04-18 07:55:31.193 CST</created></state><notes> [http://reader.google.com|google reader]</notes><done>true</done><doneDate>2012-04-20 07:17:55.179 CST</doneDate><time reference="../../../parent/children/projects/children/project/children/action/time"/><energy reference="../../action[34]/energy"/><priority reference="../../../parent/children/projects/children/project[3]/children/action/priority"/><success></success><modified>2012-04-20 07:17:55.179 CST</modified></action><action><id>12658</id><created>2012-04-18 13:51:37.689 CST</created><thought><created>2012-04-18 11:52:23.0 CST</created><description>好孩子特卖会，问杨</description><topic reference="../../../../../../../../../../topics/items/topic[2]"/><processed>true</processed><notes>4.23-26</notes><id>12655</id></thought><parent class="actions" reference="../../.."/><description>好孩子特卖会，问杨</description><topic reference="../../../../../../../../../topics/items/topic[2]"/><context><name>None</name><description>No context.</description><id>9</id></context><state class="actionStateDelegated"><to>nicole</to><created>2012-04-19 08:20:38.522 CST</created></state><notes>4.23-26
http://bbs.fudan.edu.cn/bbs/tcon?new=1&amp;bid=368&amp;f=248678
等回复</notes><done>true</done><doneDate>2012-04-19 00:00:00.0 CST</doneDate><success></success><modified>2012-04-19 08:21:05.290 CST</modified></action><action><id>12663</id><created>2012-04-19 07:56:00.893 CST</created><parent class="actions" reference="../../.."/><description>晨间日记</description><topic reference="../../../../../../../../../topics/items/topic[2]"/><context reference="../../../../../../../../../contexts/items/context[2]"/><state class="actionStateScheduled"><date>2012-04-20 05:00:00.0 CST</date><durationHours>0</durationHours><durationMinutes>15</durationMinutes><created>2012-04-19 07:56:00.893 CST</created></state><notes>记录晨间日记 每天早上&#x0D;
[file:/X:/riji.xlsx]</notes><done>true</done><doneDate>2012-04-20 00:00:00.0 CST</doneDate><time reference="../../../parent/children/projects/children/project[5]/children/project/children/project[4]/children/action[12]/time"/><success></success><modified>2012-04-20 07:32:27.693 CST</modified></action><action><id>12671</id><created>2012-04-19 09:18:19.295 CST</created><thought><created>2012-04-19 09:17:51.168 CST</created><description>fix notificaiton policy behaviour when click submit</description><topic reference="../../../../../../../../../../topics/items/topic[3]"/><processed>true</processed><id>12668</id></thought><parent class="actions" reference="../../.."/><description>fix notificaiton policy behaviour when click submit</description><topic reference="../../../../../../../../../topics/items/topic[3]"/><context reference="../../../../../../../../../contexts/items/context[3]"/><state class="actionStateASAP"><created>2012-04-19 09:18:27.157 CST</created></state><notes></notes><done>true</done><doneDate>2012-04-19 00:00:00.0 CST</doneDate><success></success><modified>2012-04-19 10:52:01.327 CST</modified></action><action><id>12684</id><created>2012-04-20 07:19:37.621 CST</created><parent class="actions" reference="../../.."/><description>晨间日记</description><topic reference="../../../../../../../../../topics/items/topic[2]"/><context reference="../../../../../../../../../contexts/items/context[2]"/><state class="actionStateScheduled"><date>2012-04-21 05:00:00.0 CST</date><durationHours>0</durationHours><durationMinutes>15</durationMinutes><created>2012-04-20 07:19:37.621 CST</created></state><notes>记录晨间日记 每天早上&#x0D;
[file:/X:/riji.xlsx]</notes><done>true</done><doneDate>2012-04-21 00:00:00.0 CST</doneDate><time reference="../../../parent/children/projects/children/project[5]/children/project/children/project[4]/children/action[12]/time"/><success></success><modified>2012-04-21 08:02:51.86 CST</modified></action><action><id>12685</id><created>2012-04-20 07:19:37.637 CST</created><parent class="actions" reference="../../.."/><description>Read reader</description><topic reference="../../../../../../../../../topics/items/topic[4]"/><context reference="../../../../../../../../../contexts/items/context[4]"/><state class="actionStateScheduled"><date>2012-04-23 12:00:00.0 CST</date><durationHours>0</durationHours><durationMinutes>0</durationMinutes><created>2012-04-20 07:19:37.637 CST</created></state><notes> [http://reader.google.com|google reader]</notes><done>true</done><doneDate>2012-04-23 17:17:02.345 CST</doneDate><time reference="../../../parent/children/projects/children/project/children/action/time"/><energy reference="../../action[34]/energy"/><priority reference="../../../parent/children/projects/children/project[3]/children/action/priority"/><success></success><modified>2012-04-23 17:17:02.345 CST</modified></action><action><id>12689</id><created>2012-04-21 07:58:37.483 CST</created><parent class="actions" reference="../../.."/><description>Read reader</description><topic reference="../../../../../../../../../topics/items/topic[4]"/><context reference="../../../../../../../../../contexts/items/context[4]"/><state class="actionStateScheduled"><date>2012-04-24 12:00:00.0 CST</date><durationHours>0</durationHours><durationMinutes>0</durationMinutes><created>2012-04-21 07:58:37.483 CST</created></state><notes> [http://reader.google.com|google reader]</notes><done>true</done><doneDate>2012-04-25 06:40:40.254 CST</doneDate><time reference="../../../parent/children/projects/children/project/children/action/time"/><energy reference="../../action[34]/energy"/><priority reference="../../../parent/children/projects/children/project[3]/children/action/priority"/><success></success><modified>2012-04-25 06:40:40.254 CST</modified></action><action><id>12691</id><created>2012-04-21 08:04:24.488 CST</created><parent class="actions" reference="../../.."/><description>每日一读</description><topic reference="../../../../../../../../../topics/items/topic[4]"/><context reference="../../../../../../../../../contexts/items/context[5]"/><state class="actionStateScheduled"><date>2012-04-28 08:30:00.0 CST</date><durationHours>8</durationHours><durationMinutes>35</durationMinutes><created>2012-04-21 08:04:24.488 CST</created></state><notes>当天的行事历和任务清单&#x0D;
先做最重要和最困难的事&#x0D;
设置预期效果&#x0D;
宁可少精品，别多糙品</notes><done>true</done><doneDate>2012-05-02 00:00:00.0 CST</doneDate><time reference="../../action[16]/time"/><success></success><modified>2012-05-02 07:45:25.347 CST</modified></action><action><id>12696</id><created>2012-04-22 17:14:51.416 CST</created><parent class="actions" reference="../../.."/><description>晨间日记</description><topic reference="../../../../../../../../../topics/items/topic[2]"/><context reference="../../../../../../../../../contexts/items/context[2]"/><state class="actionStateScheduled"><date>2012-04-23 05:00:00.0 CST</date><durationHours>0</durationHours><durationMinutes>15</durationMinutes><created>2012-04-22 17:14:51.416 CST</created></state><notes>记录晨间日记 每天早上&#x0D;
[file:/X:/riji.xlsx]</notes><done>true</done><doneDate>2012-04-23 00:00:00.0 CST</doneDate><time reference="../../../parent/children/projects/children/project[5]/children/project/children/project[4]/children/action[12]/time"/><success></success><modified>2012-04-23 06:24:58.360 CST</modified></action><action><id>12692</id><created>2012-04-22 17:13:51.405 CST</created><thought><created>2012-04-22 17:13:51.405 CST</created><description>TICKLED Sun, 22 Apr 2012: TICKLED Sun, 1 Apr 2012: TICKLED Sun, 18 Mar 2012: ruby best practice</description><topic reference="../../../../../../../../../../topics/items/topic[4]"/><processed>true</processed><action reference="../.."/><id>12693</id></thought><parent class="actions" reference="../../.."/><description>TICKLED Sun, 1 Apr 2012: TICKLED Sun, 18 Mar 2012: ruby best practice</description><topic reference="../../../../../../../../../topics/items/topic[4]"/><context reference="../../../../../../../../../contexts/items/context[3]"/><state class="actionStateASAP"><created>2012-04-22 20:48:26.829 CST</created></state><notes></notes><done>true</done><doneDate>2012-04-26 00:00:00.0 CST</doneDate><success></success><modified>2012-04-26 17:34:32.129 CST</modified></action><action><id>12718</id><created>2012-04-23 06:22:09.56 CST</created><parent class="actions" reference="../../.."/><description>晨间日记</description><topic reference="../../../../../../../../../topics/items/topic[2]"/><context reference="../../../../../../../../../contexts/items/context[2]"/><state class="actionStateScheduled"><date>2012-04-24 05:00:00.0 CST</date><durationHours>0</durationHours><durationMinutes>15</durationMinutes><created>2012-04-23 06:22:09.56 CST</created></state><notes>记录晨间日记 每天早上&#x0D;
[file:/X:/riji.xlsx]</notes><done>true</done><doneDate>2012-04-24 00:00:00.0 CST</doneDate><time reference="../../../parent/children/projects/children/project[5]/children/project/children/project[4]/children/action[12]/time"/><success></success><modified>2012-04-24 08:42:01.828 CST</modified></action><action><id>12723</id><created>2012-04-24 08:31:41.328 CST</created><parent class="actions" reference="../../.."/><description>晨间日记</description><topic reference="../../../../../../../../../topics/items/topic[2]"/><context reference="../../../../../../../../../contexts/items/context[2]"/><state class="actionStateScheduled"><date>2012-04-25 05:00:00.0 CST</date><durationHours>0</durationHours><durationMinutes>15</durationMinutes><created>2012-04-24 08:31:41.328 CST</created></state><notes>记录晨间日记 每天早上&#x0D;
[file:/X:/riji.xlsx]</notes><done>true</done><doneDate>2012-04-25 00:00:00.0 CST</doneDate><time reference="../../../parent/children/projects/children/project[5]/children/project/children/project[4]/children/action[12]/time"/><success></success><modified>2012-04-25 06:46:55.452 CST</modified></action><action><id>12724</id><created>2012-04-24 08:31:41.328 CST</created><parent class="actions" reference="../../.."/><description>Read reader</description><topic reference="../../../../../../../../../topics/items/topic[4]"/><context reference="../../../../../../../../../contexts/items/context[4]"/><state class="actionStateScheduled"><date>2012-04-25 12:00:00.0 CST</date><durationHours>0</durationHours><durationMinutes>0</durationMinutes><created>2012-04-24 08:31:41.328 CST</created></state><notes> [http://reader.google.com|google reader]</notes><done>true</done><doneDate>2012-04-26 07:56:16.805 CST</doneDate><time reference="../../../parent/children/projects/children/project/children/action/time"/><energy reference="../../action[34]/energy"/><priority reference="../../../parent/children/projects/children/project[3]/children/action/priority"/><success></success><modified>2012-04-26 07:56:16.805 CST</modified></action><action><id>12730</id><created>2012-04-24 16:43:58.671 CST</created><thought><created>2012-04-23 16:01:29.744 CST</created><description>learn css and html </description><topic reference="../../../../../../../../../../topics/items/topic[4]"/><processed>true</processed><notes>http://learncss.tutsplus.com/</notes><id>12720</id></thought><parent class="actions" reference="../../.."/><description>learn css and html </description><topic reference="../../../../../../../../../topics/items/topic[4]"/><context reference="../../../../../../../../../contexts/items/context[3]"/><state class="actionStateASAP"><created>2012-04-24 16:44:15.456 CST</created></state><notes>http://learncss.tutsplus.com/</notes><done>false</done><success></success><modified>2012-04-24 16:44:15.456 CST</modified></action><action><id>12731</id><created>2012-04-24 16:44:15.456 CST</created><thought><created>2012-04-24 08:43:16.275 CST</created><description>问问rocky安装vpn</description><topic reference="../../../../../../../../../../topics/items/topic[3]"/><processed>true</processed><id>12726</id></thought><parent class="actions" reference="../../.."/><description>问问rocky安装vpn</description><topic reference="../../../../../../../../../topics/items/topic[3]"/><context reference="../../../../../../../../../contexts/items/context[3]"/><state class="actionStateASAP"><created>2012-04-24 16:44:25.940 CST</created></state><notes></notes><done>true</done><doneDate>2012-04-24 16:51:27.182 CST</doneDate><success></success><modified>2012-04-24 16:51:27.182 CST</modified></action><action><id>12736</id><created>2012-04-25 06:33:57.632 CST</created><parent class="actions" reference="../../.."/><description>晨间日记</description><topic reference="../../../../../../../../../topics/items/topic[2]"/><context reference="../../../../../../../../../contexts/items/context[2]"/><state class="actionStateScheduled"><date>2012-04-26 05:00:00.0 CST</date><durationHours>0</durationHours><durationMinutes>15</durationMinutes><created>2012-04-25 06:33:57.632 CST</created></state><notes>记录晨间日记 每天早上&#x0D;
[file:/X:/riji.xlsx]</notes><done>true</done><doneDate>2012-04-26 00:00:00.0 CST</doneDate><time reference="../../../parent/children/projects/children/project[5]/children/project/children/project[4]/children/action[12]/time"/><success></success><modified>2012-04-26 07:46:46.12 CST</modified></action><action><id>12737</id><created>2012-04-25 06:33:57.663 CST</created><parent class="actions" reference="../../.."/><description>Read reader</description><topic reference="../../../../../../../../../topics/items/topic[4]"/><context reference="../../../../../../../../../contexts/items/context[4]"/><state class="actionStateScheduled"><date>2012-04-26 12:00:00.0 CST</date><durationHours>0</durationHours><durationMinutes>0</durationMinutes><created>2012-04-25 06:33:57.663 CST</created></state><notes> [http://reader.google.com|google reader]</notes><done>true</done><doneDate>2012-04-26 00:00:00.0 CST</doneDate><time reference="../../../parent/children/projects/children/project/children/action/time"/><energy reference="../../action[34]/energy"/><priority reference="../../../parent/children/projects/children/project[3]/children/action/priority"/><success></success><modified>2012-04-26 21:26:30.500 CST</modified></action><action><id>12741</id><created>2012-04-26 07:38:55.324 CST</created><parent class="actions" reference="../../.."/><description>晨间日记</description><topic reference="../../../../../../../../../topics/items/topic[2]"/><context reference="../../../../../../../../../contexts/items/context[2]"/><state class="actionStateScheduled"><date>2012-04-27 05:00:00.0 CST</date><durationHours>0</durationHours><durationMinutes>15</durationMinutes><created>2012-04-26 07:38:55.324 CST</created></state><notes>记录晨间日记 每天早上&#x0D;
[file:/X:/riji.xlsx]</notes><done>true</done><doneDate>2012-04-27 00:00:00.0 CST</doneDate><time reference="../../../parent/children/projects/children/project[5]/children/project/children/project[4]/children/action[12]/time"/><success></success><modified>2012-04-27 08:54:54.295 CST</modified></action><action><id>12742</id><created>2012-04-26 07:38:55.324 CST</created><parent class="actions" reference="../../.."/><description>Read reader</description><topic reference="../../../../../../../../../topics/items/topic[4]"/><context reference="../../../../../../../../../contexts/items/context[4]"/><state class="actionStateScheduled"><date>2012-04-27 12:00:00.0 CST</date><durationHours>0</durationHours><durationMinutes>0</durationMinutes><created>2012-04-26 07:38:55.324 CST</created></state><notes> [http://reader.google.com|google reader]</notes><done>true</done><doneDate>2012-04-27 15:59:50.194 CST</doneDate><time reference="../../../parent/children/projects/children/project/children/action/time"/><energy reference="../../action[34]/energy"/><priority reference="../../../parent/children/projects/children/project[3]/children/action/priority"/><success></success><modified>2012-04-27 15:59:50.194 CST</modified></action><action><id>12747</id><created>2012-04-26 14:35:59.100 CST</created><thought><created>2012-04-24 16:59:02.636 CST</created><description>To lean</description><topic reference="../../../../../../../../../../topics/items/topic[4]"/><processed>true</processed><notes>module M&#x0D;
  def define_keys(*keys)&#x0D;
    define_method :hello do&#x0D;
       keys += [:hello,:bye]&#x0D;
    end&#x0D;
  end&#x0D;
end&#x0D;
&#x0D;
class A&#x0D;
  extend M&#x0D;
  define_keys :nihao&#x0D;
end&#x0D;
&#x0D;
a = A.new&#x0D;
p a.hello&#x0D;
p a.hello&#x0D;
p a.hello&#x0D;
</notes><id>12732</id></thought><parent class="actions" reference="../../.."/><description>To lean</description><topic reference="../../../../../../../../../topics/items/topic[4]"/><context reference="../../../../../../../../../contexts/items/context[3]"/><state class="actionStateASAP"><created>2012-04-26 14:36:12.969 CST</created></state><notes>module M&#x0D;
  def define_keys(*keys)&#x0D;
    define_method :hello do&#x0D;
       keys += [:hello,:bye]&#x0D;
    end&#x0D;
  end&#x0D;
end&#x0D;
&#x0D;
class A&#x0D;
  extend M&#x0D;
  define_keys :nihao&#x0D;
end&#x0D;
&#x0D;
a = A.new&#x0D;
p a.hello&#x0D;
p a.hello&#x0D;
p a.hello&#x0D;
</notes><done>false</done><success></success><modified>2012-04-26 14:36:12.969 CST</modified></action><action><id>12764</id><created>2012-04-27 21:20:44.749 CST</created><thought><created>2012-04-26 17:37:17.170 CST</created><description>安装pelusa</description><topic reference="../../../../../../../../../../topics/items/topic[4]"/><processed>true</processed><notes>https://github.com/codegram/pelusa/blob/master/Readme.md</notes><id>12749</id></thought><parent class="actions" reference="../../.."/><description>安装pelusa</description><topic reference="../../../../../../../../../topics/items/topic[4]"/><context reference="../../../../../../../../../contexts/items/context[2]"/><state class="actionStateASAP"><created>2012-04-27 21:24:46.510 CST</created></state><notes>https://github.com/codegram/pelusa/blob/master/Readme.md</notes><done>false</done><success></success><modified>2012-04-27 21:24:46.510 CST</modified></action><action><id>12765</id><created>2012-04-27 21:20:56.411 CST</created><thought><created>2012-04-26 18:05:14.518 CST</created><description>learn to use james</description><topic reference="../../../../../../../../../../topics/items/topic[4]"/><processed>true</processed><notes>https://github.com/floere/james</notes><id>12753</id></thought><parent class="actions" reference="../../.."/><description>learn to use james</description><topic reference="../../../../../../../../../topics/items/topic[4]"/><context reference="../../../../../../../../../contexts/items/context[2]"/><state class="actionStateASAP"><created>2012-04-27 21:24:20.274 CST</created></state><notes>https://github.com/floere/james</notes><done>false</done><success></success><modified>2012-04-27 21:24:20.274 CST</modified></action><action><id>12766</id><created>2012-04-27 21:21:08.889 CST</created><thought><created>2012-04-26 18:22:09.585 CST</created><description>learn rios</description><topic reference="../../../../../../../../../../topics/items/topic[4]"/><processed>true</processed><notes>https://github.com/mooz/rios</notes><id>12755</id></thought><parent class="actions" reference="../../.."/><description>learn rios</description><topic reference="../../../../../../../../../topics/items/topic[4]"/><context reference="../../../../../../../../../contexts/items/context[2]"/><state class="actionStateASAP"><created>2012-04-27 21:23:58.348 CST</created></state><notes>https://github.com/mooz/rios</notes><done>false</done><success></success><modified>2012-04-27 21:23:58.348 CST</modified></action><action><id>12767</id><created>2012-04-27 21:21:13.641 CST</created><thought><created>2012-04-27 16:15:31.147 CST</created><description>试试联系</description><topic reference="../../../../../../../../../../topics/items/topic[4]"/><processed>true</processed><notes>ruby-china.org/topics/2929</notes><id>12761</id></thought><parent class="actions" reference="../../.."/><description>试试联系</description><topic reference="../../../../../../../../../topics/items/topic[4]"/><context reference="../../../../../../../../../contexts/items/context[2]"/><state class="actionStateASAP"><created>2012-04-27 21:23:31.268 CST</created></state><notes>ruby-china.org/topics/2929</notes><done>true</done><doneDate>2012-05-02 00:00:00.0 CST</doneDate><success></success><modified>2012-05-02 09:27:15.150 CST</modified></action><action><id>12773</id><created>2012-04-27 21:51:03.246 CST</created><thought><created>2012-04-27 21:50:38.564 CST</created><description>check job email</description><topic reference="../../../../../../../../../../topics/items/topic[4]"/><processed>true</processed><id>12768</id></thought><parent class="actions" reference="../../.."/><description>check job email</description><topic reference="../../../../../../../../../topics/items/topic[4]"/><context><name>None</name><description>No context.</description><id>9</id></context><state class="actionStateScheduled"><date>2012-04-28 00:00:00.0 CST</date><durationHours>0</durationHours><durationMinutes>0</durationMinutes><created>2012-04-27 21:51:23.694 CST</created></state><notes>http://ruby-china.org/topics/2929</notes><done>true</done><doneDate>2012-05-02 00:00:00.0 CST</doneDate><success></success><modified>2012-05-02 07:45:09.404 CST</modified></action><action><id>12787</id><created>2012-04-28 08:21:49.751 CST</created><parent class="actions" reference="../../.."/><description>check job email</description><topic reference="../../../../../../../../../topics/items/topic[4]"/><context reference="../../../../../../../../../contexts/items/context[2]"/><state class="actionStateScheduled"><date>2012-04-29 21:00:00.0 CST</date><durationHours>0</durationHours><durationMinutes>0</durationMinutes><created>2012-04-28 08:21:49.751 CST</created></state><notes>http://ruby-china.org/topics/2929</notes><done>true</done><doneDate>2012-05-02 00:00:00.0 CST</doneDate><success></success><modified>2012-05-02 07:43:01.200 CST</modified></action><action><id>12795</id><created>2012-05-02 07:44:42.133 CST</created><parent class="actions" reference="../../.."/><description>还房贷</description><topic reference="../../../../../../../../../topics/items/topic[2]"/><context reference="../../../../../../../../../contexts/items/context[2]"/><state class="actionStateScheduled"><date>2012-06-15 00:00:00.0 CST</date><durationHours>0</durationHours><durationMinutes>0</durationMinutes><created>2012-05-02 07:44:42.133 CST</created></state><notes>转帐2034.91到中国银行</notes><done>false</done><priority reference="../../../parent/children/projects/children/project[5]/children/project/children/action/priority"/><success></success><modified>2012-05-02 07:44:42.133 CST</modified></action><action><id>12797</id><created>2012-05-02 07:44:42.133 CST</created><parent class="actions" reference="../../.."/><description>每天记录时间日志</description><topic reference="../../../../../../../../../topics/items/topic[4]"/><context reference="../../../../../../../../../contexts/items/context[3]"/><state class="actionStateScheduled"><date>2012-05-03 09:00:00.0 CST</date><durationHours>0</durationHours><durationMinutes>30</durationMinutes><created>2012-05-02 07:44:42.133 CST</created></state><notes></notes><done>true</done><doneDate>2012-05-03 00:00:00.0 CST</doneDate><success>记录工作日时间消耗</success><modified>2012-05-03 21:49:08.977 CST</modified></action><action><id>12800</id><created>2012-05-02 07:44:42.164 CST</created><parent class="actions" reference="../../.."/><description>晨间日记</description><topic reference="../../../../../../../../../topics/items/topic[2]"/><context reference="../../../../../../../../../contexts/items/context[2]"/><state class="actionStateScheduled"><date>2012-05-02 05:00:00.0 CST</date><durationHours>0</durationHours><durationMinutes>15</durationMinutes><created>2012-05-02 07:44:42.164 CST</created></state><notes>记录晨间日记 每天早上&#x0D;
[file:/X:/riji.xlsx]</notes><done>true</done><doneDate>2012-05-02 00:00:00.0 CST</doneDate><time reference="../../../parent/children/projects/children/project[5]/children/project/children/project[4]/children/action[12]/time"/><success></success><modified>2012-05-02 07:59:22.98 CST</modified></action><action><id>12801</id><created>2012-05-02 07:44:42.164 CST</created><parent class="actions" reference="../../.."/><description>晨间日记</description><topic reference="../../../../../../../../../topics/items/topic[2]"/><context reference="../../../../../../../../../contexts/items/context[2]"/><state class="actionStateScheduled"><date>2012-05-03 05:00:00.0 CST</date><durationHours>0</durationHours><durationMinutes>15</durationMinutes><created>2012-05-02 07:44:42.164 CST</created></state><notes>记录晨间日记 每天早上&#x0D;
[file:/X:/riji.xlsx]</notes><done>true</done><doneDate>2012-05-03 00:00:00.0 CST</doneDate><time reference="../../../parent/children/projects/children/project[5]/children/project/children/project[4]/children/action[12]/time"/><success></success><modified>2012-05-03 08:15:38.582 CST</modified></action><action><id>12802</id><created>2012-05-02 07:44:42.273 CST</created><parent class="actions" reference="../../.."/><description>Read reader</description><topic reference="../../../../../../../../../topics/items/topic[4]"/><context reference="../../../../../../../../../contexts/items/context[4]"/><state class="actionStateScheduled"><date>2012-05-02 12:00:00.0 CST</date><durationHours>0</durationHours><durationMinutes>0</durationMinutes><created>2012-05-02 07:44:42.273 CST</created></state><notes> [http://reader.google.com|google reader]</notes><done>true</done><doneDate>2012-05-02 13:20:58.336 CST</doneDate><time reference="../../../parent/children/projects/children/project/children/action/time"/><energy reference="../../action[34]/energy"/><priority reference="../../../parent/children/projects/children/project[3]/children/action/priority"/><success></success><modified>2012-05-02 13:20:58.336 CST</modified></action><action><id>12803</id><created>2012-05-02 07:44:42.460 CST</created><parent class="actions" reference="../../.."/><description>Read reader</description><topic reference="../../../../../../../../../topics/items/topic[4]"/><context reference="../../../../../../../../../contexts/items/context[4]"/><state class="actionStateScheduled"><date>2012-05-03 12:00:00.0 CST</date><durationHours>0</durationHours><durationMinutes>0</durationMinutes><created>2012-05-02 07:44:42.460 CST</created></state><notes> [http://reader.google.com|google reader]
move to omnifocus</notes><done>true</done><doneDate>2012-05-03 00:00:00.0 CST</doneDate><time reference="../../../parent/children/projects/children/project/children/action/time"/><energy reference="../../action[34]/energy"/><priority reference="../../../parent/children/projects/children/project[3]/children/action/priority"/><success></success><modified>2012-05-03 18:22:49.499 CST</modified></action><action><id>12807</id><created>2012-05-02 07:44:42.523 CST</created><parent class="actions" reference="../../.."/><description>check job email</description><topic reference="../../../../../../../../../topics/items/topic[4]"/><context reference="../../../../../../../../../contexts/items/context[2]"/><state class="actionStateScheduled"><date>2012-05-03 21:00:00.0 CST</date><durationHours>0</durationHours><durationMinutes>0</durationMinutes><created>2012-05-02 07:44:42.523 CST</created></state><notes>http://ruby-china.org/topics/2929</notes><done>true</done><doneDate>2012-05-04 00:00:00.0 CST</doneDate><success></success><modified>2012-05-04 18:39:59.12 CST</modified></action><action><id>12830</id><created>2012-05-02 07:45:25.331 CST</created><parent class="actions" reference="../../.."/><description>每日一读</description><topic reference="../../../../../../../../../topics/items/topic[4]"/><context reference="../../../../../../../../../contexts/items/context[5]"/><state class="actionStateScheduled"><date>2012-05-09 08:30:00.0 CST</date><durationHours>8</durationHours><durationMinutes>35</durationMinutes><created>2012-05-02 07:45:25.331 CST</created></state><notes>当天的行事历和任务清单 先做最重要和最困难的事&#x0D;
宁可少精品，别多糙品&#x0D;
做人低调，做事高调</notes><done>true</done><doneDate>2012-05-09 09:06:08.90 CST</doneDate><time reference="../../action[16]/time"/><success></success><modified>2012-05-09 09:06:08.93 CST</modified></action><action><id>12791</id><created>2012-05-02 07:43:42.135 CST</created><thought><created>2012-05-02 07:43:42.135 CST</created><description>TICKLED Sun, 29 Apr 2012: know watir</description><topic><name>None</name><description>No topic.</description><color><red>0</red><green>0</green><blue>0</blue><alpha>255</alpha></color><background><red>255</red><green>255</green><blue>255</blue><alpha>255</alpha></background><id>8</id></topic><processed>true</processed><action reference="../.."/><id>12792</id></thought><parent class="actions" reference="../../.."/><description>know watir</description><topic reference="../thought/topic"/><context reference="../../../../../../../../../contexts/items/context[3]"/><state class="actionStateASAP"><created>2012-05-02 09:25:40.986 CST</created></state><notes></notes><done>true</done><doneDate>2012-05-02 00:00:00.0 CST</doneDate><success></success><modified>2012-05-02 09:59:13.952 CST</modified></action><action><id>12782</id><created>2012-04-28 00:00:00.0 CST</created><thought><created>2012-04-28 08:20:49.722 CST</created><description>TICKLED Sat, 28 Apr 2012: 开源项目</description><topic reference="../../../../../../../../../../topics/items/topic[6]"/><processed>true</processed><action reference="../.."/><notes>http://getontracks.org/</notes><id>12783</id></thought><parent class="actions" reference="../../.."/><description>开源项目</description><topic reference="../../../../../../../../../topics/items/topic[6]"/><context reference="../../../../../../../../../contexts/items/context[3]"/><state class="actionStateASAP"><created>2012-05-02 09:26:03.16 CST</created></state><notes>http://getontracks.org/</notes><done>false</done><success></success><modified>2012-05-02 09:26:03.16 CST</modified></action><action><id>12780</id><created>2012-04-28 08:20:49.706 CST</created><thought><created>2012-04-28 08:20:49.706 CST</created><description>TICKLED Sat, 28 Apr 2012: 卖竹竿的小贩为什么不会倒?</description><topic reference="../../../../../../../../../../topics/items/topic[6]"/><processed>true</processed><action reference="../.."/><notes>基础会计知识</notes><id>12781</id></thought><parent class="actions" reference="../../.."/><description>卖竹竿的小贩为什么不会倒?</description><topic reference="../../../../../../../../../topics/items/topic[6]"/><context reference="../../../../../../../../../contexts/items/context[2]"/><state class="actionStateASAP"><created>2012-05-02 09:26:14.776 CST</created></state><notes>基础会计知识
下载 http://ishare.iask.sina.com.cn/f/5267865.html</notes><done>false</done><success></success><modified>2012-05-02 10:04:17.324 CST</modified></action><action><id>12778</id><created>2012-04-28 08:20:49.706 CST</created><thought><created>2012-04-28 08:20:49.706 CST</created><description>TICKLED Sat, 28 Apr 2012: TICKLED Wed, 28 Mar 2012: Videos from RuPy : Python &amp; Ruby Conference</description><topic reference="../../../../../../../../../../topics/items/topic[4]"/><processed>true</processed><action reference="../.."/><id>12779</id></thought><parent class="actions" reference="../../.."/><description>TICKLED Wed, 28 Mar 2012: Videos from RuPy : Python &amp; Ruby Conference</description><topic reference="../../../../../../../../../topics/items/topic[4]"/><context reference="../../../../../../../../../contexts/items/context[3]"/><state class="actionStateASAP"><created>2012-05-02 09:26:28.823 CST</created></state><notes></notes><done>false</done><success></success><modified>2012-05-02 09:26:28.823 CST</modified></action><action><id>12776</id><created>2012-04-28 08:20:49.706 CST</created><thought><created>2012-04-28 08:20:49.706 CST</created><description>TICKLED Sat, 28 Apr 2012: TICKLED Wed, 28 Mar 2012: Know pry</description><topic reference="../../../../../../../../../../topics/items/topic[4]"/><processed>true</processed><action reference="../.."/><notes>http://pry.github.com/</notes><id>12777</id></thought><parent class="actions" reference="../../.."/><description>TICKLED Wed, 28 Mar 2012: Know pry</description><topic reference="../../../../../../../../../topics/items/topic[4]"/><context reference="../../../../../../../../../contexts/items/context[3]"/><state class="actionStateASAP"><created>2012-05-02 09:26:34.255 CST</created></state><notes>http://pry.github.com/</notes><done>false</done><success></success><modified>2012-05-02 09:26:34.255 CST</modified></action><action><id>12835</id><created>2012-05-02 00:00:00.0 CST</created><thought><created>2012-05-02 09:24:32.494 CST</created><description>Review the rmg summary page api</description><topic reference="../../../../../../../../../../topics/items/topic[3]"/><processed>true</processed><id>12831</id></thought><parent class="actions" reference="../../.."/><description>Review the rmg summary page api</description><topic reference="../../../../../../../../../topics/items/topic[3]"/><context reference="../../../../../../../../../contexts/items/context[3]"/><state class="actionStateASAP"><created>2012-05-02 09:26:49.560 CST</created></state><notes></notes><done>true</done><doneDate>2012-05-02 14:17:02.356 CST</doneDate><success></success><dueDate>2012-05-02 00:00:00.0 CST</dueDate><modified>2012-05-02 14:17:02.356 CST</modified></action><action><id>12852</id><created>2012-05-02 17:37:52.832 CST</created><thought><created>2012-05-02 09:59:16.94 CST</created><description>learn basic operation of watir</description><topic reference="../../../../../../../../../../topics/items/topic[4]"/><processed>true</processed><id>12836</id></thought><parent class="actions" reference="../../.."/><description>learn basic operation of watir</description><topic reference="../../../../../../../../../topics/items/topic[4]"/><context reference="../../../../../../../../../contexts/items/context[3]"/><state class="actionStateInactive"><created>2012-05-10 19:59:33.309 CST</created></state><notes></notes><done>false</done><success></success><modified>2012-05-10 19:59:33.309 CST</modified></action><action><id>12853</id><created>2012-05-02 17:38:03.343 CST</created><thought><created>2012-05-02 10:10:06.80 CST</created><description>学习mongoDB</description><topic reference="../../../../../../../../../../topics/items/topic[4]"/><processed>true</processed><id>12838</id></thought><parent class="actions" reference="../../.."/><description>学习mongoDB</description><topic reference="../../../../../../../../../topics/items/topic[4]"/><context reference="../../../../../../../../../contexts/items/context[3]"/><state class="actionStateASAP"><created>2012-05-02 17:38:12.111 CST</created></state><notes></notes><done>false</done><success></success><modified>2012-05-02 17:38:12.111 CST</modified></action><action><id>12854</id><created>2012-05-02 17:38:12.118 CST</created><thought><created>2012-05-02 12:43:17.277 CST</created><description>learn how to ask question</description><topic reference="../../../../../../../../../../topics/items/topic[4]"/><processed>true</processed><notes>http://www.beiww.com/doc/oss/smart-questions.html</notes><id>12840</id></thought><parent class="actions" reference="../../.."/><description>learn how to ask question</description><topic reference="../../../../../../../../../topics/items/topic[4]"/><context reference="../../../../../../../../../contexts/items/context[3]"/><state class="actionStateASAP"><created>2012-05-02 17:38:22.94 CST</created></state><notes>http://www.beiww.com/doc/oss/smart-questions.html</notes><done>false</done><success></success><modified>2012-05-02 17:38:22.94 CST</modified></action><action><id>12855</id><created>2012-05-02 17:38:22.113 CST</created><thought><created>2012-05-02 12:45:02.47 CST</created><description>gem for usermgmt </description><topic reference="../../../../../../../../../../topics/items/topic[4]"/><processed>true</processed><notes>https://github.com/plataformatec/devise</notes><id>12842</id></thought><parent class="actions" reference="../../.."/><description>gem for usermgmt </description><topic reference="../../../../../../../../../topics/items/topic[4]"/><context reference="../../../../../../../../../contexts/items/context[3]"/><state class="actionStateASAP"><created>2012-05-02 17:38:34.805 CST</created></state><notes>https://github.com/plataformatec/devise</notes><done>false</done><success></success><modified>2012-05-02 17:38:34.805 CST</modified></action><action><id>12856</id><created>2012-05-02 17:38:34.813 CST</created><thought><created>2012-05-02 14:15:54.266 CST</created><description>Learn ruby cmd from youtube</description><topic reference="../../../../../../../../../../topics/items/topic[4]"/><processed>true</processed><id>12844</id></thought><parent class="actions" reference="../../.."/><description>Learn ruby cmd from youtube</description><topic reference="../../../../../../../../../topics/items/topic[4]"/><context reference="../../../../../../../../../contexts/items/context[3]"/><state class="actionStateInactive"><created>2012-05-10 19:59:46.894 CST</created></state><notes></notes><done>false</done><success></success><modified>2012-05-10 19:59:46.894 CST</modified></action><action><id>12857</id><created>2012-05-02 17:38:49.25 CST</created><thought><created>2012-05-02 14:47:06.577 CST</created><description>Find sth like ahk on the mac</description><topic reference="../../../../../../../../../../topics/items/topic[4]"/><processed>true</processed><id>12846</id></thought><parent class="actions" reference="../../.."/><description>Find sth like ahk on the mac</description><topic reference="../../../../../../../../../topics/items/topic[4]"/><context reference="../../../../../../../../../contexts/items/context[3]"/><state class="actionStateInactive"><created>2012-05-10 19:59:20.847 CST</created></state><notes></notes><done>false</done><success></success><modified>2012-05-10 19:59:20.847 CST</modified></action><action><id>12861</id><created>2012-05-02 17:39:22.213 CST</created><thought><created>2012-05-02 17:39:21.691 CST</created><description>Three implicit contexts in Ruby</description><topic reference="../../../../../../../../../../topics/items/topic[4]"/><processed>true</processed><notes>http://yugui.jp/articles/846

Cannot understand clearly. Wait for some time after know ruby more deeply</notes><id>12858</id></thought><parent class="actions" reference="../../.."/><description>Three implicit contexts in Ruby</description><topic reference="../../../../../../../../../topics/items/topic[4]"/><context reference="../../../../../../../../../contexts/items/context[3]"/><state class="actionStateASAP"><created>2012-05-02 17:39:29.890 CST</created></state><notes>http://yugui.jp/articles/846

Cannot understand clearly. Wait for some time after know ruby more deeply</notes><done>false</done><success></success><modified>2012-05-02 17:39:29.890 CST</modified></action><action><id>12869</id><created>2012-05-02 18:11:25.572 CST</created><thought><created>2012-05-02 18:11:10.220 CST</created><description>A book about githug</description><topic reference="../../../../../../../../../../topics/items/topic[4]"/><processed>true</processed><notes>http://www.worldhello.net/gotgithub/index.html</notes><id>12867</id></thought><parent class="actions" reference="../../.."/><description>A book about github</description><topic reference="../../../../../../../../../topics/items/topic[4]"/><context><name>None</name><description>No context.</description><id>9</id></context><state class="actionStateInactive"><created>2012-05-02 23:00:37.318 CST</created></state><notes>http://www.worldhello.net/gotgithub/index.html</notes><done>false</done><success></success><modified>2012-05-02 23:00:37.318 CST</modified></action><action><id>12872</id><created>2012-05-02 18:23:11.327 CST</created><thought><created>2012-05-02 18:11:25.571 CST</created><description>用马甲尝试联系，试下水</description><topic reference="../../../../../../../../../../topics/items/topic[4]"/><processed>true</processed><notes>http://ruby-china.org/topics/3019</notes><id>12868</id></thought><parent class="actions" reference="../../.."/><description>用马甲尝试联系，试下水</description><topic reference="../../../../../../../../../topics/items/topic[4]"/><context reference="../../../../../../../../../contexts/items/context[2]"/><state class="actionStateASAP"><created>2012-05-02 18:23:17.577 CST</created></state><notes>http://ruby-china.org/topics/3019</notes><done>true</done><doneDate>2012-05-14 00:00:00.0 CST</doneDate><success></success><modified>2012-05-14 16:53:29.852 CST</modified></action><action><id>12873</id><created>2012-05-02 18:23:17.588 CST</created><thought><created>2012-05-02 18:21:16.931 CST</created><description>下载 git 权威指南</description><topic reference="../../../../../../../../../../topics/items/topic[4]"/><processed>true</processed><notes>http://ed200.com/sns/web/?word=git%E6%9D%83%E5%A8%81%E6%8C%87%E5%8D%97+pdf

</notes><id>12870</id></thought><parent class="actions" reference="../../.."/><description>下载 git 权威指南</description><topic reference="../../../../../../../../../topics/items/topic[4]"/><context reference="../../../../../../../../../contexts/items/context[2]"/><state class="actionStateASAP"><created>2012-05-02 18:23:20.705 CST</created></state><notes>http://ed200.com/sns/web/?word=git%E6%9D%83%E5%A8%81%E6%8C%87%E5%8D%97+pdf

</notes><done>false</done><success></success><modified>2012-05-02 18:23:20.705 CST</modified></action><action><id>12876</id><created>2012-05-03 07:15:47.105 CST</created><parent class="actions" reference="../../.."/><description>GTD weekly review</description><topic reference="../../../../../../../../../topics/items/topic[4]"/><context reference="../../../../../../../../../contexts/items/context[5]"/><state class="actionStateScheduled"><date>2012-05-10 00:00:00.0 CST</date><durationHours>0</durationHours><durationMinutes>0</durationMinutes><created>2012-05-03 07:15:47.117 CST</created></state><notes></notes><done>true</done><doneDate>2012-05-10 20:09:28.421 CST</doneDate><time reference="../../../parent/children/projects/children/project[14]/children/action/time"/><energy reference="../../action[37]/energy"/><success>Get the &apos;Next Action&apos; list</success><modified>2012-05-10 20:09:28.430 CST</modified></action><action><id>12878</id><created>2012-05-03 07:15:52.757 CST</created><parent class="actions" reference="../../.."/><description>晨间日记</description><topic reference="../../../../../../../../../topics/items/topic[2]"/><context reference="../../../../../../../../../contexts/items/context[2]"/><state class="actionStateScheduled"><date>2012-05-04 05:00:00.0 CST</date><durationHours>0</durationHours><durationMinutes>15</durationMinutes><created>2012-05-03 07:15:52.829 CST</created></state><notes>记录晨间日记 每天早上&#x0D;
[file:/X:/riji.xlsx]</notes><done>true</done><doneDate>2012-05-04 18:40:03.528 CST</doneDate><time reference="../../../parent/children/projects/children/project[5]/children/project/children/project[4]/children/action[12]/time"/><success></success><modified>2012-05-04 18:40:03.528 CST</modified></action><action><id>12879</id><created>2012-05-03 07:15:53.377 CST</created><parent class="actions" reference="../../.."/><description>Read reader</description><topic reference="../../../../../../../../../topics/items/topic[4]"/><context reference="../../../../../../../../../contexts/items/context[4]"/><state class="actionStateScheduled"><date>2012-05-04 12:00:00.0 CST</date><durationHours>0</durationHours><durationMinutes>0</durationMinutes><created>2012-05-03 07:15:53.695 CST</created></state><notes> [http://reader.google.com|google reader]</notes><done>true</done><doneDate>2012-05-04 07:07:05.411 CST</doneDate><time reference="../../../parent/children/projects/children/project/children/action/time"/><energy reference="../../action[34]/energy"/><priority reference="../../../parent/children/projects/children/project[3]/children/action/priority"/><success></success><modified>2012-05-04 07:07:05.411 CST</modified></action><action><id>12885</id><created>2012-05-03 07:57:24.312 CST</created><thought><created>2012-05-02 21:17:32.817 CST</created><description>整理mac的windows</description><topic reference="../../../../../../../../../../topics/items/topic[4]"/><processed>true</processed><id>12874</id></thought><parent class="actions" reference="../../.."/><description>整理mac的windows</description><topic reference="../../../../../../../../../topics/items/topic[4]"/><context reference="../../../../../../../../../contexts/items/context[3]"/><state class="actionStateASAP"><created>2012-05-03 07:57:35.771 CST</created></state><notes></notes><done>true</done><doneDate>2012-05-10 20:00:05.39 CST</doneDate><success></success><modified>2012-05-10 20:00:05.39 CST</modified></action><action><id>12886</id><created>2012-05-03 07:57:35.776 CST</created><thought><created>2012-05-03 07:56:47.342 CST</created><description>找个mac上好的中文输入法</description><topic reference="../../../../../../../../../../topics/items/topic[4]"/><processed>true</processed><id>12881</id></thought><parent class="actions" reference="../../.."/><description>找个mac上好的中文输入法</description><topic reference="../../../../../../../../../topics/items/topic[4]"/><context reference="../../../../../../../../../contexts/items/context[3]"/><state class="actionStateASAP"><created>2012-05-03 07:57:40.963 CST</created></state><notes></notes><done>true</done><doneDate>2012-05-03 21:49:15.474 CST</doneDate><success></success><modified>2012-05-03 21:49:15.474 CST</modified></action><action><id>12891</id><created>2012-05-03 09:28:09.296 CST</created><thought><created>2012-05-03 09:27:48.74 CST</created><description>Check mail to start work</description><topic reference="../../../../../../../../../../topics/items/topic[3]"/><processed>true</processed><id>12888</id></thought><parent class="actions" reference="../../.."/><description>Check mail to start work</description><topic reference="../../../../../../../../../topics/items/topic[3]"/><context reference="../../../../../../../../../contexts/items/context[3]"/><state class="actionStateScheduled"><date>2012-05-03 09:00:00.0 CST</date><durationHours>0</durationHours><durationMinutes>0</durationMinutes><created>2012-05-03 09:28:24.11 CST</created></state><notes>Move to omniFocus</notes><done>true</done><doneDate>2012-05-03 00:00:00.0 CST</doneDate><success></success><modified>2012-05-03 14:38:23.391 CST</modified></action><action><id>12894</id><created>2012-05-03 09:28:50.890 CST</created><parent class="actions" reference="../../.."/><description>Check mail to start work</description><topic reference="../../../../../../../../../topics/items/topic[3]"/><context reference="../../../../../../../../../contexts/items/context[3]"/><state class="actionStateScheduled"><date>2012-05-04 09:00:00.0 CST</date><durationHours>0</durationHours><durationMinutes>0</durationMinutes><created>2012-05-03 09:28:50.890 CST</created></state><notes></notes><done>true</done><doneDate>2012-05-04 00:00:00.0 CST</doneDate><success></success><modified>2012-05-04 07:07:03.787 CST</modified></action><action><id>12895</id><created>2012-05-03 09:28:50.895 CST</created><parent class="actions" reference="../../.."/><description>Check mail to start work</description><topic reference="../../../../../../../../../topics/items/topic[3]"/><context reference="../../../../../../../../../contexts/items/context[3]"/><state class="actionStateScheduled"><date>2012-05-10 09:00:00.0 CST</date><durationHours>0</durationHours><durationMinutes>0</durationMinutes><created>2012-05-03 09:28:50.895 CST</created></state><notes></notes><done>true</done><doneDate>2012-05-10 09:24:36.674 CST</doneDate><success></success><modified>2012-05-10 09:24:36.674 CST</modified></action><action><id>12896</id><created>2012-05-03 09:28:50.898 CST</created><parent class="actions" reference="../../.."/><description>Check mail to start work</description><topic reference="../../../../../../../../../topics/items/topic[3]"/><context reference="../../../../../../../../../contexts/items/context[3]"/><state class="actionStateScheduled"><date>2012-05-07 09:00:00.0 CST</date><durationHours>0</durationHours><durationMinutes>0</durationMinutes><created>2012-05-03 09:28:50.898 CST</created></state><notes></notes><done>true</done><doneDate>2012-05-08 09:31:37.608 CST</doneDate><success></success><modified>2012-05-08 09:31:37.608 CST</modified></action><action><id>12897</id><created>2012-05-03 09:28:50.904 CST</created><parent class="actions" reference="../../.."/><description>Check mail to start work</description><topic reference="../../../../../../../../../topics/items/topic[3]"/><context reference="../../../../../../../../../contexts/items/context[3]"/><state class="actionStateScheduled"><date>2012-05-08 09:00:00.0 CST</date><durationHours>0</durationHours><durationMinutes>0</durationMinutes><created>2012-05-03 09:28:50.904 CST</created></state><notes></notes><done>true</done><doneDate>2012-05-08 09:34:54.701 CST</doneDate><success></success><modified>2012-05-08 09:34:54.701 CST</modified></action><action><id>12898</id><created>2012-05-03 09:28:50.917 CST</created><parent class="actions" reference="../../.."/><description>Check mail to start work</description><topic reference="../../../../../../../../../topics/items/topic[3]"/><context reference="../../../../../../../../../contexts/items/context[3]"/><state class="actionStateScheduled"><date>2012-05-09 09:00:00.0 CST</date><durationHours>0</durationHours><durationMinutes>0</durationMinutes><created>2012-05-03 09:28:50.917 CST</created></state><notes></notes><done>true</done><doneDate>2012-05-09 09:06:09.762 CST</doneDate><success></success><modified>2012-05-09 09:06:09.762 CST</modified></action><action><id>12899</id><created>2012-05-03 09:28:50.918 CST</created><parent class="actions" reference="../../.."/><description>Check mail to start work</description><topic reference="../../../../../../../../../topics/items/topic[3]"/><context reference="../../../../../../../../../contexts/items/context[3]"/><state class="actionStateScheduled"><date>2012-05-11 09:00:00.0 CST</date><durationHours>0</durationHours><durationMinutes>0</durationMinutes><created>2012-05-03 09:28:50.918 CST</created></state><notes></notes><done>true</done><doneDate>2012-05-11 09:13:00.111 CST</doneDate><success></success><modified>2012-05-11 09:13:00.111 CST</modified></action><action><id>12905</id><created>2012-05-05 16:26:25.867 CST</created><parent class="actions" reference="../../.."/><description>晨间日记</description><topic reference="../../../../../../../../../topics/items/topic[2]"/><context reference="../../../../../../../../../contexts/items/context[2]"/><state class="actionStateScheduled"><date>2012-05-06 05:00:00.0 CST</date><durationHours>0</durationHours><durationMinutes>15</durationMinutes><created>2012-05-05 16:26:25.891 CST</created></state><notes>记录晨间日记 每天早上&#x0D;
[file:/X:/riji.xlsx]</notes><done>true</done><doneDate>2012-05-07 21:30:26.348 CST</doneDate><time reference="../../../parent/children/projects/children/project[5]/children/project/children/project[4]/children/action[12]/time"/><success></success><modified>2012-05-07 21:30:26.348 CST</modified></action><action><id>12907</id><created>2012-05-07 21:17:46.174 CST</created><parent class="actions" reference="../../.."/><description>晨间日记</description><topic reference="../../../../../../../../../topics/items/topic[2]"/><context reference="../../../../../../../../../contexts/items/context[2]"/><state class="actionStateScheduled"><date>2012-05-07 05:00:00.0 CST</date><durationHours>0</durationHours><durationMinutes>15</durationMinutes><created>2012-05-07 21:17:46.190 CST</created></state><notes>记录晨间日记 每天早上&#x0D;
[file:/X:/riji.xlsx]</notes><done>true</done><doneDate>2012-05-08 09:31:13.706 CST</doneDate><time reference="../../../parent/children/projects/children/project[5]/children/project/children/project[4]/children/action[12]/time"/><success></success><modified>2012-05-08 09:31:13.706 CST</modified></action><action><id>12931</id><created>2012-05-08 09:32:21.178 CST</created><parent class="actions" reference="../../.."/><description>晨间日记</description><topic reference="../../../../../../../../../topics/items/topic[2]"/><context reference="../../../../../../../../../contexts/items/context[2]"/><state class="actionStateScheduled"><date>2012-05-09 05:00:00.0 CST</date><durationHours>0</durationHours><durationMinutes>15</durationMinutes><created>2012-05-08 09:32:21.179 CST</created></state><notes>记录晨间日记 每天早上&#x0D;
[file:/X:/riji.xlsx]</notes><done>true</done><doneDate>2012-05-09 09:06:04.333 CST</doneDate><time reference="../../../parent/children/projects/children/project[5]/children/project/children/project[4]/children/action[12]/time"/><success></success><modified>2012-05-09 09:06:04.333 CST</modified></action><action><id>12938</id><created>2012-05-09 08:23:13.64 CST</created><parent class="actions" reference="../../.."/><description>晨间日记</description><topic reference="../../../../../../../../../topics/items/topic[2]"/><context reference="../../../../../../../../../contexts/items/context[2]"/><state class="actionStateScheduled"><date>2012-05-10 05:00:00.0 CST</date><durationHours>0</durationHours><durationMinutes>15</durationMinutes><created>2012-05-09 08:23:13.149 CST</created></state><notes>记录晨间日记 每天早上&#x0D;
[file:/X:/riji.xlsx]</notes><done>true</done><doneDate>2012-05-10 09:05:13.767 CST</doneDate><time reference="../../../parent/children/projects/children/project[5]/children/project/children/project[4]/children/action[12]/time"/><success></success><modified>2012-05-10 09:05:13.767 CST</modified></action><action><id>12940</id><created>2012-05-09 09:06:08.90 CST</created><parent class="actions" reference="../../.."/><description>每日一读</description><topic reference="../../../../../../../../../topics/items/topic[4]"/><context reference="../../../../../../../../../contexts/items/context[5]"/><state class="actionStateScheduled"><date>2012-05-16 08:30:00.0 CST</date><durationHours>8</durationHours><durationMinutes>35</durationMinutes><created>2012-05-09 09:06:08.90 CST</created></state><notes>当天的行事历和任务清单&#x0D;
先做最重要和最困难的事&#x0D;
设置预期效果&#x0D;
宁可少精品，别多糙品</notes><done>true</done><doneDate>2012-05-16 00:00:00.0 CST</doneDate><time reference="../../action[16]/time"/><success></success><modified>2012-05-16 17:54:47.471 CST</modified></action><action><id>12942</id><created>2012-05-10 08:58:32.791 CST</created><parent class="actions" reference="../../.."/><description>晨间日记</description><topic reference="../../../../../../../../../topics/items/topic[2]"/><context reference="../../../../../../../../../contexts/items/context[2]"/><state class="actionStateScheduled"><date>2012-05-11 05:00:00.0 CST</date><durationHours>0</durationHours><durationMinutes>15</durationMinutes><created>2012-05-10 08:58:32.791 CST</created></state><notes>记录晨间日记 每天早上&#x0D;
[file:/X:/riji.xlsx]</notes><done>true</done><doneDate>2012-05-11 09:12:39.481 CST</doneDate><time reference="../../../parent/children/projects/children/project[5]/children/project/children/project[4]/children/action[12]/time"/><success></success><modified>2012-05-11 09:12:39.481 CST</modified></action><action><id>12945</id><created>2012-05-10 20:09:28.421 CST</created><parent class="actions" reference="../../.."/><description>GTD weekly review</description><topic reference="../../../../../../../../../topics/items/topic[4]"/><context reference="../../../../../../../../../contexts/items/context[5]"/><state class="actionStateScheduled"><date>2012-05-20 00:00:00.0 CST</date><durationHours>0</durationHours><durationMinutes>0</durationMinutes><created>2012-05-10 20:09:28.422 CST</created></state><notes></notes><done>true</done><doneDate>2012-05-29 09:19:00.823 CST</doneDate><time reference="../../../parent/children/projects/children/project[14]/children/action/time"/><energy reference="../../action[37]/energy"/><success>Get the &apos;Next Action&apos; list</success><modified>2012-05-29 09:19:00.827 CST</modified></action><action><id>12947</id><created>2012-05-11 09:14:18.216 CST</created><parent class="actions" reference="../../.."/><description>晨间日记</description><topic reference="../../../../../../../../../topics/items/topic[2]"/><context reference="../../../../../../../../../contexts/items/context[2]"/><state class="actionStateScheduled"><date>2012-05-12 05:00:00.0 CST</date><durationHours>0</durationHours><durationMinutes>15</durationMinutes><created>2012-05-11 09:14:18.220 CST</created></state><notes>记录晨间日记 每天早上&#x0D;
[file:/X:/riji.xlsx]</notes><done>true</done><doneDate>2012-05-13 10:21:21.677 CST</doneDate><time reference="../../../parent/children/projects/children/project[5]/children/project/children/project[4]/children/action[12]/time"/><success></success><modified>2012-05-13 10:21:21.677 CST</modified></action><action><id>12952</id><created>2012-05-13 09:42:05.746 CST</created><parent class="actions" reference="../../.."/><description>晨间日记</description><topic reference="../../../../../../../../../topics/items/topic[2]"/><context reference="../../../../../../../../../contexts/items/context[2]"/><state class="actionStateScheduled"><date>2012-05-14 05:00:00.0 CST</date><durationHours>0</durationHours><durationMinutes>15</durationMinutes><created>2012-05-13 09:42:05.767 CST</created></state><notes>记录晨间日记 每天早上&#x0D;
[file:/X:/riji.xlsx]</notes><done>true</done><doneDate>2012-05-14 08:22:58.746 CST</doneDate><time reference="../../../parent/children/projects/children/project[5]/children/project/children/project[4]/children/action[12]/time"/><success></success><modified>2012-05-14 08:22:58.746 CST</modified></action><action><id>12975</id><created>2012-05-16 17:54:47.459 CST</created><parent class="actions" reference="../../.."/><description>每日一读</description><topic reference="../../../../../../../../../topics/items/topic[4]"/><context reference="../../../../../../../../../contexts/items/context[5]"/><state class="actionStateScheduled"><date>2012-05-23 08:30:00.0 CST</date><durationHours>8</durationHours><durationMinutes>35</durationMinutes><created>2012-05-16 17:54:47.459 CST</created></state><notes>当天的行事历和任务清单&#x0D;
先做最重要和最困难的事&#x0D;
设置预期效果&#x0D;
宁可少精品，别多糙品</notes><done>true</done><doneDate>2012-05-29 00:00:00.0 CST</doneDate><time reference="../../action[16]/time"/><success></success><modified>2012-05-29 09:18:41.801 CST</modified></action><action><id>12994</id><created>2012-05-29 09:18:41.792 CST</created><parent class="actions" reference="../../.."/><description>每日一读</description><topic reference="../../../../../../../../../topics/items/topic[4]"/><context reference="../../../../../../../../../contexts/items/context[5]"/><state class="actionStateScheduled"><date>2012-06-05 08:30:00.0 CST</date><durationHours>8</durationHours><durationMinutes>35</durationMinutes><recurrence><id>11142</id><project class="actions" reference="../../../../.."/><description>每日一读</description><topic reference="../../../../../../../../../../../topics/items/topic[4]"/><context reference="../../../../../../../../../../../contexts/items/context[5]"/><time reference="../../../../action[16]/time"/><scheduleHours>8</scheduleHours><scheduleMins>30</scheduleMins><durationHours>8</durationHours><durationMins>35</durationMins><basisID>2</basisID><startDate reference="../../../../action[89]/state/date"/><periodID>0</periodID><frequency>1</frequency><advanceNbr>1</advanceNbr><genNbr>10</genNbr><genToDate reference="../../date"/><success></success><notes>当天的行事历和任务清单&#x0D;
先做最重要和最困难的事&#x0D;
设置预期效果&#x0D;
宁可少精品，别多糙品</notes><period class="tr.model.action.PeriodWeek"><selectedDays class="vector"><int>3</int><int>6</int></selectedDays></period></recurrence><created>2012-05-29 09:18:41.793 CST</created></state><notes>当天的行事历和任务清单&#x0D;
先做最重要和最困难的事&#x0D;
设置预期效果&#x0D;
宁可少精品，别多糙品</notes><done>false</done><time reference="../../action[16]/time"/><success></success><modified>2012-05-29 09:18:41.793 CST</modified></action><action><id>12995</id><created>2012-05-29 09:19:00.823 CST</created><parent class="actions" reference="../../.."/><description>GTD weekly review</description><topic reference="../../../../../../../../../topics/items/topic[4]"/><context reference="../../../../../../../../../contexts/items/context[5]"/><state class="actionStateScheduled"><date>2012-06-05 00:00:00.0 CST</date><durationHours>0</durationHours><durationMinutes>0</durationMinutes><recurrence><id>11391</id><project class="actions" reference="../../../../.."/><description>GTD weekly review</description><topic reference="../../../../../../../../../../../topics/items/topic[4]"/><context reference="../../../../../../../../../../../contexts/items/context[5]"/><time reference="../../../../../parent/children/projects/children/project[14]/children/action/time"/><energy reference="../../../../action[37]/energy"/><scheduleHours>0</scheduleHours><scheduleMins>0</scheduleMins><durationHours>0</durationHours><durationMins>0</durationMins><basisID>2</basisID><startDate>2012-03-19 00:00:00.0 CST</startDate><periodID>0</periodID><frequency>1</frequency><advanceNbr>4</advanceNbr><genNbr>7</genNbr><genToDate reference="../../date"/><success>Get the &apos;Next Action&apos; list</success><notes></notes><period class="tr.model.action.PeriodWeek"><selectedDays class="vector"><int>7</int></selectedDays></period></recurrence><created>2012-05-29 09:19:00.823 CST</created></state><notes></notes><done>false</done><time reference="../../../parent/children/projects/children/project[14]/children/action/time"/><energy reference="../../action[37]/energy"/><success>Get the &apos;Next Action&apos; list</success><modified>2012-05-29 09:19:00.823 CST</modified></action></children><topic reference="../../../../../../../topics/items/topic"/><description></description><purpose></purpose><success></success><brainstorming></brainstorming><organising></organising><done>false</done><sequence>false</sequence><modified>2012-05-29 09:19:00.823 CST</modified></parent><description>Learn javascript template</description><topic reference="../../../../../../topics/items/topic[4]"/><context reference="../../../../../../contexts/items/context[3]"/><state class="actionStateASAP"><created>2012-03-07 18:49:42.80 CST</created></state><notes>email</notes><done>false</done><success></success><modified>2012-03-07 18:49:42.80 CST</modified></action><id>11514</id></thought><description>Learn javascript template</description><topic reference="../../../../topics/items/topic[4]"/><notes>email</notes><tickle>2012-07-01 00:00:00.0 CST</tickle><id>11515</id></future><future><created>2012-03-15 14:38:09.33 CST</created><thought><created>2012-03-15 14:37:58.808 CST</created><description>Engineering LongLasting Software</description><topic reference="../../../../../topics/items/topic[4]"/><processed>true</processed><notes>book to read</notes><id>11806</id></thought><description>Engineering LongLasting Software</description><topic reference="../../../../topics/items/topic[4]"/><notes>book to read</notes><id>11809</id></future><future><created>2012-03-15 14:38:51.539 CST</created><thought><created>2012-03-15 12:53:35.614 CST</created><description>learn tomdoc.org</description><topic reference="../../../../../topics/items/topic[4]"/><processed>true</processed><notes>http://tomdoc.org/

TomDoc is a code documentation specification that helps you write precise documentation that is nice to read in plain text, yet structured enough to be automatically extracted and processed by a machine.</notes><id>11804</id></thought><description>learn tomdoc.org</description><topic reference="../../../../topics/items/topic[4]"/><notes>http://tomdoc.org/

TomDoc is a code documentation specification that helps you write precise documentation that is nice to read in plain text, yet structured enough to be automatically extracted and processed by a machine.</notes><id>11812</id></future><future><created>2012-03-16 13:35:44.260 CST</created><thought><created>2012-03-16 11:24:21.169 CST</created><description>Node入门</description><topic reference="../../../../../topics/items/topic[4]"/><processed>true</processed><notes>一本全面的Node.JS教程?</notes><id>11850</id></thought><description>Node入门</description><topic reference="../../../../topics/items/topic[4]"/><notes>一本全面的Node.JS教程?</notes><id>11860</id></future><future><created>2012-03-17 11:55:19.626 CST</created><thought><created>2012-03-16 17:56:18.987 CST</created><description>Learn never blocking rails</description><topic reference="../../../../../topics/items/topic[4]"/><processed>true</processed><notes>evernote</notes><id>11865</id></thought><description>Learn never blocking rails</description><topic reference="../../../../topics/items/topic[4]"/><notes>evernote</notes><id>11878</id></future><future><created>2012-03-29 16:42:59.263 CST</created><thought><created>2012-03-29 16:42:52.675 CST</created><description>use rake to install setup env instead of bash</description><topic reference="../../../../../topics/items/topic[4]"/><processed>true</processed><action><id>12269</id><created>2012-03-29 08:15:57.965 CST</created><thought><created>2012-03-28 19:01:19.459 CST</created><description>use rake to install setup env instead of bash</description><topic reference="../../../../../../../topics/items/topic[4]"/><processed>true</processed><id>12254</id></thought><parent class="actions" reference="../../../../future/thought/action/parent"/><description>use rake to install setup env instead of bash</description><topic reference="../../../../../../topics/items/topic[4]"/><context reference="../../../../../../contexts/items/context[3]"/><state class="actionStateInactive"><created>2012-03-29 16:42:46.918 CST</created></state><notes>Failed. Find no way to execute a interactive bash
Find a way 
sh &quot;ssh-keygen&quot; do;end
maybe do it later</notes><done>false</done><success></success><modified>2012-03-29 16:42:46.918 CST</modified></action><id>12274</id></thought><description>use rake to install setup env instead of bash</description><topic reference="../../../../topics/items/topic[4]"/><notes>Failed. Find no way to execute a interactive bash
Find a way 
sh &quot;ssh-keygen&quot; do;end
maybe do it later</notes><id>12275</id></future><future><created>2012-04-12 08:44:01.387 CST</created><thought><created>2012-04-11 18:20:32.253 CST</created><description>mac 安装杀毒软件</description><topic reference="../../../../../topics/items/topic[2]"/><processed>true</processed><notes>http://www.appinn.com/flashback/</notes><id>12540</id></thought><description>mac 安装杀毒软件</description><topic reference="../../../../topics/items/topic[2]"/><notes>http://www.appinn.com/flashback/</notes><id>12553</id></future><future><created>2012-04-22 20:48:15.224 CST</created><thought><created>2012-04-22 17:13:51.405 CST</created><description>TICKLED Sun, 22 Apr 2012: TICKLED Sat, 31 Mar 2012: Learn fast test in rails</description><topic reference="../../../../../topics/items/topic[4]"/><processed>true</processed><action><id>12694</id><created>2012-04-22 17:13:51.405 CST</created><description>TICKLED Sat, 31 Mar 2012: Learn fast test in rails</description><topic><name>None</name><description>No topic.</description><color><red>0</red><green>0</green><blue>0</blue><alpha>255</alpha></color><background><red>255</red><green>255</green><blue>255</blue><alpha>255</alpha></background><id>8</id></topic><context><name>None</name><description>No context.</description><id>9</id></context><state class="actionStateASAP"><created>2012-04-22 17:13:51.405 CST</created></state><notes>http://confreaks.com/videos/641-gogaruco2011-fast-rails-tests 

[file:/D:/shawn/video/tech/641-gogaruco2011-fast-rails-tests-small.mp4]
</notes><done>false</done><modified>2012-04-22 17:13:51.405 CST</modified></action><notes>http://confreaks.com/videos/641-gogaruco2011-fast-rails-tests 

[file:/D:/shawn/video/tech/641-gogaruco2011-fast-rails-tests-small.mp4]
</notes><id>12695</id></thought><description>TICKLED Sun, 22 Apr 2012: TICKLED Sat, 31 Mar 2012: Learn fast test in rails</description><topic reference="../../../../topics/items/topic[4]"/><notes>http://confreaks.com/videos/641-gogaruco2011-fast-rails-tests 

[file:/D:/shawn/video/tech/641-gogaruco2011-fast-rails-tests-small.mp4]
</notes><id>12717</id></future><future><created>2012-05-02 09:25:29.203 CST</created><thought><created>2012-05-02 07:43:42.135 CST</created><description>TICKLED Mon, 30 Apr 2012: TICKLED Sun, 15 Apr 2012: TICKLED Sun, 1 Apr 2012: TICKLED Sun, 18 Mar 2012: learn css3</description><topic reference="../../../future/thought/action/parent/children/action[375]/thought/topic"/><processed>true</processed><action><id>12793</id><created>2012-05-02 07:43:42.135 CST</created><description>TICKLED Sun, 15 Apr 2012: TICKLED Sun, 1 Apr 2012: TICKLED Sun, 18 Mar 2012: learn css3</description><topic reference="../../../../future/thought/action/parent/children/action[375]/thought/topic"/><context><name>None</name><description>No context.</description><id>9</id></context><state class="actionStateASAP"><created>2012-05-02 07:43:42.135 CST</created></state><notes></notes><done>false</done><modified>2012-05-02 07:43:42.135 CST</modified></action><id>12794</id></thought><description>TICKLED Mon, 30 Apr 2012: TICKLED Sun, 15 Apr 2012: TICKLED Sun, 1 Apr 2012: TICKLED Sun, 18 Mar 2012: learn css3</description><topic><name>None</name><description>No topic.</description><color><red>0</red><green>0</green><blue>0</blue><alpha>255</alpha></color><background><red>255</red><green>255</green><blue>255</blue><alpha>255</alpha></background><id>8</id></topic><notes></notes><tickle>2012-05-31 00:00:00.0 CST</tickle><id>12833</id></future><future><created>2012-05-02 09:25:51.945 CST</created><thought><created>2012-05-02 07:43:42.135 CST</created><description>TICKLED Sun, 29 Apr 2012: Use google calendar api to insert the event</description><topic reference="../../../../../topics/items/topic[4]"/><processed>true</processed><action><id>12789</id><created>2012-05-02 07:43:42.135 CST</created><description>Use google calendar api to insert the event</description><topic reference="../../../../future/thought/action/parent/children/action[375]/thought/topic"/><context reference="../../../../future[9]/thought/action/context"/><state class="actionStateASAP"><created>2012-05-02 07:43:42.135 CST</created></state><notes>Finish the function to list events</notes><done>false</done><modified>2012-05-02 07:43:42.135 CST</modified></action><notes>Finish the function to list events</notes><id>12790</id></thought><description>TICKLED Sun, 29 Apr 2012: Use google calendar api to insert the event</description><topic reference="../../../../topics/items/topic[4]"/><notes>Finish the function to list events</notes><tickle>2012-05-31 00:00:00.0 CST</tickle><id>12834</id></future></items></futures><thoughts><items><thought reference="../../../futures/items/future/thought/action/parent/children/action[387]/thought"/><thought><created>2012-05-02 17:37:20.574 CST</created><description>拿到驾照</description><topic reference="../../../../topics/items/topic[2]"/><processed>true</processed><id>12848</id></thought><thought reference="../../../futures/items/future[9]/thought"/><thought reference="../../../futures/items/future/thought/action/parent/children/action[375]/thought"/><thought reference="../../../futures/items/future[10]/thought"/><thought reference="../../../futures/items/future/thought/action/parent/children/action[376]/thought"/><thought reference="../../../futures/items/future/thought/action/parent/children/action[377]/thought"/><thought reference="../../../futures/items/future/thought/action/parent/children/action[378]/thought"/><thought reference="../../../futures/items/future/thought/action/parent/children/action[379]/thought"/><thought reference="../../../futures/items/future[8]/thought"/><thought reference="../../../futures/items/future/thought/action/parent/children/action[350]/thought"/><thought><created>2012-04-16 07:45:46.820 CST</created><description>TICKLED Sun, 15 Apr 2012: TICKLED Sun, 1 Apr 2012: TICKLED Sun, 18 Mar 2012: learn css3</description><topic><name>None</name><description>No topic.</description><color><red>0</red><green>0</green><blue>0</blue><alpha>255</alpha></color><background><red>255</red><green>255</green><blue>255</blue><alpha>255</alpha></background><id>8</id></topic><processed>true</processed><action><id>12568</id><created>2012-04-16 07:45:46.820 CST</created><description>TICKLED Sun, 1 Apr 2012: TICKLED Sun, 18 Mar 2012: learn css3</description><topic reference="../../topic"/><context><name>None</name><description>No context.</description><id>9</id></context><state class="actionStateASAP"><created>2012-04-16 07:45:46.820 CST</created></state><notes></notes><done>false</done><modified>2012-04-16 07:45:46.820 CST</modified></action><id>12569</id></thought><thought reference="../../../futures/items/future/thought/action/parent/children/action[328]/thought"/><thought reference="../../../futures/items/future/thought/action/parent/children/action[301]/thought"/><thought reference="../../../futures/items/future/thought/action/parent/parent/children/projects/children/project[5]/children/project/children/action[5]/thought"/><thought><created>2012-04-01 11:11:39.900 CST</created><description>know watir</description><topic reference="../../../../futures/items/future/thought/action/parent/parent/children/projects/children/project[5]/children/project[2]/topic"/><processed>true</processed><action><id>10972</id><created>2012-02-22 14:35:31.958 CST</created><thought><created>2012-02-22 14:29:25.287 CST</created><description>know watir</description><topic reference="../../../../../../futures/items/future/thought/action/parent/children/action[26]/thought/topic"/><processed>true</processed><id>10962</id></thought><parent><id>10973</id><created>2012-02-22 14:35:50.757 CST</created><thought reference="../../thought"/><parent class="projects" reference="../../../../../../futures/items/future/thought/action/parent/parent/children/projects"/><children/><topic reference="../../../../../../futures/items/future/thought/action/parent/children/action[26]/thought/topic"/><description>know watir</description><purpose></purpose><success></success><brainstorming></brainstorming><organising></organising><done>false</done><sequence>false</sequence><sequencing reference="../../../../../../futures/items/future/thought/action/parent/parent/children/projects/children/project/sequencing"/><notes></notes><modified>2012-04-01 11:11:39.900 CST</modified></parent><description>know watir</description><topic reference="../../../../../futures/items/future/thought/action/parent/children/action[26]/thought/topic"/><context reference="../../../../../contexts/items/context[4]"/><state class="actionStateInactive"><created>2012-02-22 14:35:50.757 CST</created></state><notes></notes><done>false</done><priority reference="../../../../../futures/items/future/thought/action/parent/parent/children/projects/children/project[3]/children/action/priority"/><success></success><modified>2012-02-22 14:35:50.757 CST</modified></action><id>12351</id></thought><thought><created>2012-04-01 11:11:02.769 CST</created><description>Use google calendar api to insert the event</description><topic reference="../../../../topics/items/topic[4]"/><processed>true</processed><action><id>11731</id><created>2012-03-12 14:30:57.783 CST</created><parent><id>11729</id><created>2012-03-12 14:30:07.242 CST</created><thought><created>2012-02-20 15:05:21.607 CST</created><description>Create a script to sync tr with google carlendar</description><topic reference="../../../../../../../topics/items/topic[4]"/><processed>true</processed><id>181</id></thought><parent><id>155</id><created>2012-02-20 14:07:02.731 CST</created><thought><created>2012-02-20 14:04:06.769 CST</created><description>Learn to use thinkingrocky</description><topic reference="../../../../../../../../topics/items/topic[4]"/><processed>true</processed><id>145</id></thought><parent class="projects" reference="../../../../../../../futures/items/future/thought/action/parent/parent/children/projects"/><children><action><id>158</id><created>2012-02-20 14:10:03.548 CST</created><parent reference="../../.."/><description>Install tr on the PC</description><topic reference="../../../../../../../../../topics/items/topic[4]"/><context reference="../../../../../../../../../contexts/items/context[5]"/><state class="actionStateASAP"><created>2012-02-20 14:10:26.121 CST</created></state><notes></notes><done>true</done><doneDate>2012-02-20 00:00:00.0 CST</doneDate><modified>2012-02-20 14:21:21.467 CST</modified></action><action><id>161</id><created>2012-02-20 14:12:36.865 CST</created><parent reference="../../.."/><description>Search some tips to use tr</description><topic reference="../../../../../../../../../topics/items/topic[4]"/><context><name>None</name><description>No context.</description><id>9</id></context><state class="actionStateASAP"><created>2012-02-20 15:07:58.612 CST</created></state><notes>Can editor like emacs, 
work with google canlendar，  </notes><done>true</done><doneDate>2012-02-20 00:00:00.0 CST</doneDate><priority reference="../../../../../../../../../futures/items/future/thought/action/parent/parent/children/projects/children/project[3]/children/action/priority"/><success></success><modified>2012-02-20 15:08:02.699 CST</modified></action><action><id>160</id><created>2012-02-20 14:12:01.422 CST</created><parent reference="../../.."/><description>Try to create some real example  to learn</description><topic reference="../../../../../../../../../topics/items/topic[4]"/><context reference="../../action[2]/context"/><state class="actionStateASAP"><created>2012-02-20 14:13:17.182 CST</created></state><notes>Create a prject, a reference
Search
Prority
</notes><done>true</done><doneDate>2012-02-20 00:00:00.0 CST</doneDate><success></success><modified>2012-02-20 14:21:28.409 CST</modified></action><action><id>159</id><created>2012-02-20 14:11:18.210 CST</created><parent reference="../../.."/><description>Install tr on the iphone and ipad</description><topic reference="../../../../../../../../../topics/items/topic[4]"/><context reference="../../../../../../../../../contexts/items/context[2]"/><state class="actionStateScheduled"><date>2012-02-20 21:00:00.0 CST</date><durationHours>0</durationHours><durationMinutes>0</durationMinutes><created>2012-02-20 17:45:50.183 CST</created></state><notes>没有</notes><done>true</done><doneDate>2012-02-20 00:00:00.0 CST</doneDate><success></success><modified>2012-02-20 20:33:03.185 CST</modified></action><project reference="../../.."/><action><id>180</id><created>2012-02-20 15:02:40.395 CST</created><thought><created>2012-02-20 15:01:27.500 CST</created><description>Learn TR shortcuts</description><topic reference="../../../../../../../../../../topics/items/topic[4]"/><processed>true</processed><id>176</id></thought><parent reference="../../.."/><description>Learn TR shortcuts</description><topic reference="../../../../../../../../../topics/items/topic[4]"/><context reference="../../../../../../../../../contexts/items/context[5]"/><state class="actionStateASAP"><created>2012-02-20 15:07:33.458 CST</created></state><notes></notes><done>true</done><doneDate>2012-02-20 00:00:00.0 CST</doneDate><priority reference="../../../../../../../../../futures/items/future/thought/action/parent/parent/children/projects/children/project[3]/children/action/priority"/><success>Familiar with the shortcuts used often</success><modified>2012-02-20 15:32:29.803 CST</modified></action></children><topic reference="../../../../../../../topics/items/topic[4]"/><description>Learn to use thinkingrocky</description><purpose></purpose><success></success><brainstorming></brainstorming><organising></organising><done>false</done><sequence>false</sequence><sequencing reference="../../../../../../../futures/items/future/thought/action/parent/parent/children/projects/children/project/sequencing"/><notes></notes><modified>2012-03-12 14:30:07.243 CST</modified></parent><children><action><id>11730</id><created>2012-03-12 14:30:25.424 CST</created><parent reference="../../.."/><description>Scipt to parse the ics </description><topic reference="../../../../../../../../topics/items/topic[4]"/><context reference="../../../../../../../../contexts/items/context[3]"/><state class="actionStateASAP"><created>2012-03-12 14:30:25.425 CST</created></state><notes>Including Chinese</notes><done>true</done><doneDate>2012-03-13 09:41:40.73 CST</doneDate><priority reference="../../../../../../../../futures/items/future/thought/action/parent/parent/children/projects/children/project[3]/children/action/priority"/><success></success><modified>2012-03-13 09:41:40.73 CST</modified></action><action><id>11732</id><created>2012-03-12 14:31:53.94 CST</created><parent reference="../../.."/><description>Schedule run the task</description><topic reference="../../../../../../../../topics/items/topic[4]"/><context reference="../../../../../../../../contexts/items/context[3]"/><state class="actionStateInactive"><created>2012-03-12 17:45:01.57 CST</created></state><notes></notes><done>false</done><priority reference="../../../../../../../../futures/items/future/thought/action/parent/parent/children/projects/children/project[3]/children/action/priority"/><modified>2012-03-12 17:45:01.57 CST</modified></action></children><topic reference="../../../../../../topics/items/topic[4]"/><description>Create a script to sync tr with google carlendar</description><purpose></purpose><success></success><brainstorming></brainstorming><organising></organising><done>false</done><sequence>true</sequence><sequencing reference="../../../../../../futures/items/future/thought/action/parent/parent/children/projects/children/project/sequencing"/><notes></notes><priority reference="../../../../../../futures/items/future/thought/action/parent/parent/children/projects/children/project[3]/children/action/priority"/><modified>2012-04-01 11:11:02.769 CST</modified></parent><description>Use google calendar api to insert the event</description><topic reference="../../../../../topics/items/topic[4]"/><context reference="../../../../../contexts/items/context[3]"/><state class="actionStateInactive"><created>2012-03-26 09:55:30.232 CST</created></state><notes>Finish the function to list events</notes><done>false</done><priority reference="../../../../../futures/items/future/thought/action/parent/parent/children/projects/children/project[3]/children/action/priority"/><success></success><modified>2012-03-26 09:55:30.232 CST</modified></action><id>12349</id></thought><thought reference="../../../futures/items/future/thought/action/parent/parent/children/projects/children/project[7]/children/action[15]/thought"/><thought><created>2012-04-01 10:09:35.7 CST</created><description>TICKLED Sun, 1 Apr 2012: TICKLED Sun, 18 Mar 2012: ruby best practice</description><topic reference="../../../../topics/items/topic[4]"/><processed>true</processed><action><id>12318</id><created>2012-04-01 10:09:35.7 CST</created><description>TICKLED Sun, 18 Mar 2012: ruby best practice</description><topic><name>None</name><description>No topic.</description><color><red>0</red><green>0</green><blue>0</blue><alpha>255</alpha></color><background><red>255</red><green>255</green><blue>255</blue><alpha>255</alpha></background><id>8</id></topic><context><name>None</name><description>No context.</description><id>9</id></context><state class="actionStateASAP"><created>2012-04-01 10:09:35.7 CST</created></state><notes></notes><done>false</done><modified>2012-04-01 10:09:35.7 CST</modified></action><id>12319</id></thought><thought><created>2012-04-01 10:09:35.7 CST</created><description>TICKLED Sun, 1 Apr 2012: TICKLED Sun, 18 Mar 2012: learn css3</description><topic reference="../../thought[19]/action/topic"/><processed>true</processed><action><id>12316</id><created>2012-04-01 10:09:35.7 CST</created><description>TICKLED Sun, 18 Mar 2012: learn css3</description><topic reference="../../../thought[19]/action/topic"/><context reference="../../../thought[19]/action/context"/><state class="actionStateASAP"><created>2012-04-01 10:09:35.7 CST</created></state><notes></notes><done>false</done><modified>2012-04-01 10:09:35.7 CST</modified></action><id>12317</id></thought><thought><created>2012-03-31 08:35:13.732 CST</created><description>TICKLED Sat, 31 Mar 2012: Learn fast test in rails</description><topic reference="../../../../topics/items/topic[4]"/><processed>true</processed><action><id>12303</id><created>2012-03-31 08:35:13.732 CST</created><description>Learn fast test in rails</description><topic><name>None</name><description>No topic.</description><color><red>0</red><green>0</green><blue>0</blue><alpha>255</alpha></color><background><red>255</red><green>255</green><blue>255</blue><alpha>255</alpha></background><id>8</id></topic><context><name>None</name><description>No context.</description><id>9</id></context><state class="actionStateASAP"><created>2012-03-31 08:35:13.732 CST</created></state><notes>http://confreaks.com/videos/641-gogaruco2011-fast-rails-tests 

[file:/D:/shawn/video/tech/641-gogaruco2011-fast-rails-tests-small.mp4]
</notes><done>false</done><modified>2012-03-31 08:35:13.732 CST</modified></action><notes>http://confreaks.com/videos/641-gogaruco2011-fast-rails-tests 

[file:/D:/shawn/video/tech/641-gogaruco2011-fast-rails-tests-small.mp4]
</notes><id>12304</id></thought><thought><created>2012-03-29 18:10:46.742 CST</created><description>Three implicit contexts in Ruby</description><topic reference="../../../../topics/items/topic[4]"/><processed>true</processed><action><id>12244</id><created>2012-03-28 09:20:46.11 CST</created><thought><created>2012-03-26 14:26:33.584 CST</created><description>Three implicit contexts in Ruby</description><topic reference="../../../../../../topics/items/topic[4]"/><processed>true</processed><notes>http://yugui.jp/articles/846</notes><id>12143</id></thought><parent class="actions" reference="../../../../../futures/items/future/thought/action/parent"/><description>Three implicit contexts in Ruby</description><topic reference="../../../../../topics/items/topic[4]"/><context reference="../../../../../contexts/items/context[3]"/><state class="actionStateASAP"><created>2012-03-28 09:20:58.560 CST</created></state><notes>http://yugui.jp/articles/846</notes><done>false</done><success></success><modified>2012-03-28 09:20:58.560 CST</modified></action><id>12278</id></thought><thought reference="../../../futures/items/future[6]/thought"/><thought reference="../../../futures/items/future/thought/action/parent/parent/children/projects/children/project[18]/children/action[24]/thought"/><thought><created>2012-03-28 00:01:00.2 CST</created><description>TICKLED Wed, 28 Mar 2012: Know pry</description><topic reference="../../../../topics/items/topic[4]"/><processed>true</processed><action><id>12219</id><created>2012-03-28 00:01:00.2 CST</created><description>Know pry</description><topic><name>None</name><description>No topic.</description><color><red>0</red><green>0</green><blue>0</blue><alpha>255</alpha></color><background><red>255</red><green>255</green><blue>255</blue><alpha>255</alpha></background><id>8</id></topic><context reference="../../../../../futures/items/future/thought/action/parent/children/action[244]/context"/><state class="actionStateASAP"><created>2012-03-28 00:01:00.2 CST</created></state><notes>http://pry.github.com/</notes><done>false</done><modified>2012-03-28 00:01:00.2 CST</modified></action><notes>http://pry.github.com/</notes><id>12220</id></thought><thought><created>2012-03-28 00:01:00.1 CST</created><description>TICKLED Wed, 28 Mar 2012: Videos from RuPy : Python &amp; Ruby Conference</description><topic reference="../../../../topics/items/topic[4]"/><processed>true</processed><action><id>12217</id><created>2012-03-28 00:01:00.1 CST</created><description>Videos from RuPy : Python &amp; Ruby Conference</description><topic reference="../../../thought[25]/action/topic"/><context reference="../../../../../futures/items/future/thought/action/parent/children/action[244]/context"/><state class="actionStateASAP"><created>2012-03-28 00:01:00.1 CST</created></state><notes></notes><done>false</done><modified>2012-03-28 00:01:00.1 CST</modified></action><id>12218</id></thought><thought reference="../../../futures/items/future/thought/action/parent/children/action[246]/thought"/><thought reference="../../../futures/items/future/thought/action/parent/children/action[227]/thought"/><thought><created>2012-03-25 09:05:38.688 CST</created><description>TICKLED Sun, 25 Mar 2012: head first rails</description><topic reference="../../../../topics/items/topic[4]"/><processed>true</processed><action><id>12113</id><created>2012-03-25 09:05:38.688 CST</created><description>head first rails</description><topic><name>None</name><description>No topic.</description><color><red>0</red><green>0</green><blue>0</blue><alpha>255</alpha></color><background><red>255</red><green>255</green><blue>255</blue><alpha>255</alpha></background><id>8</id></topic><context><name>None</name><description>No context.</description><id>9</id></context><state class="actionStateASAP"><created>2012-03-25 09:05:38.688 CST</created></state><notes></notes><done>false</done><modified>2012-03-25 09:05:38.688 CST</modified></action><id>12114</id></thought><thought><created>2012-03-25 09:05:38.687 CST</created><description>TICKLED Sun, 25 Mar 2012: Javascript: The definitive guide</description><topic reference="../../../../topics/items/topic[4]"/><processed>true</processed><action><id>12111</id><created>2012-03-25 09:05:38.687 CST</created><description>Javascript: The definitive guide</description><topic reference="../../../thought[29]/action/topic"/><context reference="../../../thought[29]/action/context"/><state class="actionStateASAP"><created>2012-03-25 09:05:38.687 CST</created></state><notes></notes><done>false</done><modified>2012-03-25 09:05:38.687 CST</modified></action><id>12112</id></thought><thought><created>2012-03-18 00:01:00.3 CST</created><description>TICKLED Sun, 18 Mar 2012: learn css3</description><topic><name>None</name><description>No topic.</description><color><red>0</red><green>0</green><blue>0</blue><alpha>255</alpha></color><background><red>255</red><green>255</green><blue>255</blue><alpha>255</alpha></background><id>8</id></topic><processed>true</processed><action><id>11895</id><created>2012-03-18 00:01:00.2 CST</created><description>learn css3</description><topic reference="../../topic"/><context><name>None</name><description>No context.</description><id>9</id></context><state class="actionStateASAP"><created>2012-03-18 00:01:00.2 CST</created></state><notes></notes><done>false</done><modified>2012-03-18 00:01:00.3 CST</modified></action><id>11896</id></thought><thought><created>2012-03-18 00:01:00.2 CST</created><description>TICKLED Sun, 18 Mar 2012: ruby best practice</description><topic reference="../../../../topics/items/topic[4]"/><processed>true</processed><action><id>11893</id><created>2012-03-18 00:01:00.1 CST</created><description>ruby best practice</description><topic reference="../../../thought[31]/topic"/><context reference="../../../thought[31]/action/context"/><state class="actionStateASAP"><created>2012-03-18 00:01:00.1 CST</created></state><notes></notes><done>false</done><modified>2012-03-18 00:01:00.1 CST</modified></action><id>11894</id></thought><thought reference="../../../futures/items/future[2]/thought"/><thought><created>2012-03-12 09:54:32.256 CST</created><description>Check http://railscasts.com/ often</description><topic reference="../../../../topics/items/topic[4]"/><processed>true</processed><action><id>11328</id><created>2012-03-02 09:44:57.754 CST</created><thought reference="../.."/><parent><id>11329</id><created>2012-03-02 09:46:40.421 CST</created><thought><created>2012-03-01 11:37:57.278 CST</created><description>Check http://railscasts.com/ often</description><topic reference="../../../../../../../topics/items/topic[4]"/><processed>true</processed><id>11303</id></thought><parent class="projects" reference="../../../../../../futures/items/future/thought/action/parent/parent/children/projects"/><children><action reference="../../.."/></children><topic reference="../../../../../../topics/items/topic[4]"/><description>Check http://railscasts.com/ often</description><purpose></purpose><success>A plan to check it</success><brainstorming></brainstorming><organising></organising><done>false</done><sequence>true</sequence><sequencing reference="../../../../../../futures/items/future/thought/action/parent/parent/children/projects/children/project/sequencing"/><notes></notes><modified>2012-03-12 09:55:14.236 CST</modified></parent><description>Check http://railscasts.com/ often</description><topic reference="../../../../../topics/items/topic[4]"/><context reference="../../../../../contexts/items/context[4]"/><state class="actionStateInactive"><created reference="../../../../../../futures/items/future/thought/action/parent/children/action[126]/state/created"/></state><notes></notes><done>false</done><success>A plan to check it</success><modified>2012-03-12 09:55:14.236 CST</modified></action><id>11548</id></thought><thought reference="../../../futures/items/future/thought/action/parent/parent/children/projects/children/project[8]/children/action/thought"/><thought reference="../../../futures/items/future/thought"/><thought reference="../../../futures/items/future/thought/action/parent/children/action[115]/thought"/><thought><created>2012-03-06 18:34:05.303 CST</created><description>Create a sw list for setup dev env in win</description><topic reference="../../../../topics/items/topic[4]"/><processed>true</processed><action><id>11405</id><created>2012-03-06 12:44:31.228 CST</created><thought><created>2012-03-06 12:43:31.426 CST</created><description>Create a sw list for setup dev env in win</description><topic reference="../../../../../../topics/items/topic[4]"/><processed>true</processed><id>11402</id></thought><parent class="actions" reference="../../../../../futures/items/future/thought/action/parent"/><description>Create a sw list for setup dev env in win</description><topic reference="../../../../../topics/items/topic[4]"/><context reference="../../../../../contexts/items/context[3]"/><state class="actionStateASAP"><created>2012-03-06 12:44:44.832 CST</created></state><notes>Common:&#x0D;
launcy&#x0D;
pagent&#x0D;
chrome&#x0D;
firefox&#x0D;
ahk&#x0D;
gvim&#x0D;
7zip&#x0D;
office&#x0D;
pdf reader&#x0D;
sweepram&#x0D;
jdk&#x0D;
evernote&#x0D;
clipx&#x0D;
google pinyin&#x0D;
goagent&#x0D;
&#x0D;
work:&#x0D;
vm-client&#x0D;
</notes><done>false</done><success></success><modified>2012-03-06 13:19:59.665 CST</modified></action><id>11409</id></thought><thought reference="../../../futures/items/future/thought/action/parent/parent/children/projects/children/project[5]/children/project/children/project[4]/children/action[22]/thought"/><thought><created>2012-03-01 09:56:11.46 CST</created><description>disable track-pad</description><topic reference="../../../../topics/items/topic[4]"/><processed>true</processed><action><id>11290</id><created>2012-03-01 09:33:44.811 CST</created><thought><created>2012-02-29 15:32:13.547 CST</created><description>disable track-pad</description><topic><name>None</name><description>No topic.</description><color><red>0</red><green>0</green><blue>0</blue><alpha>255</alpha></color><background><red>255</red><green>255</green><blue>255</blue><alpha>255</alpha></background><id>8</id></topic><processed>true</processed><id>11275</id></thought><parent class="actions" reference="../../../../../futures/items/future/thought/action/parent"/><description>disable track-pad</description><topic><name>None</name><description>No topic.</description><color><red>0</red><green>0</green><blue>0</blue><alpha>255</alpha></color><background><red>255</red><green>255</green><blue>255</blue><alpha>255</alpha></background><id>8</id></topic><context reference="../../../../../contexts/items/context[5]"/><state class="actionStateASAP"><created>2012-03-01 09:34:01.117 CST</created></state><notes>安装驱动软件UltraNav</notes><done>false</done><time reference="../../../../../futures/items/future/thought/action/parent/children/action[16]/time"/><success></success><modified>2012-03-01 09:55:41.94 CST</modified></action><id>11297</id></thought><thought><created>2012-02-29 16:52:58.648 CST</created><description>Setup google app engin proxy</description><topic reference="../../../../topics/items/topic[4]"/><processed>true</processed><action><id>11211</id><created>2012-02-28 09:58:18.571 CST</created><thought><created>2012-02-28 09:55:50.972 CST</created><description>setup proxy in the office</description><topic reference="../../../../../../topics/items/topic[4]"/><processed>true</processed><id>11196</id></thought><parent class="actions" reference="../../../../../futures/items/future/thought/action/parent"/><description>setup proxy in the office</description><topic reference="../../../../../topics/items/topic[4]"/><context reference="../../../../../contexts/items/context[3]"/><state class="actionStateScheduled"><date>2012-02-29 00:00:00.0 CST</date><durationHours>0</durationHours><durationMinutes>0</durationMinutes><created>2012-02-28 18:09:10.732 CST</created></state><notes>Setup goagent and gappproxy 

gapproxy
app id: sesaon2012.appspot.com

goagent
app id: core-proxy.appspot.com</notes><done>false</done><time reference="../../../../../futures/items/future/thought/action/parent/parent/children/projects/children/project[5]/children/project/children/project[2]/children/project/children/action/time"/><success></success><modified>2012-02-29 16:52:48.106 CST</modified></action><id>11278</id></thought><thought reference="../../../futures/items/future/thought/action/parent/parent/children/projects/children/project[6]/children/action/thought"/><thought><created>2012-02-27 11:41:38.275 CST</created><description>Think a way to do parameter validation on backend side</description><topic reference="../../../../topics/items/topic[4]"/><processed>true</processed><action><id>11163</id><created>2012-02-27 09:45:28.463 CST</created><thought><created>2012-02-24 17:18:46.897 CST</created><description>Think a way to do parameter validation on backend side</description><topic><name>None</name><description>No topic.</description><color><red>0</red><green>0</green><blue>0</blue><alpha>255</alpha></color><background><red>255</red><green>255</green><blue>255</blue><alpha>255</alpha></background><id>8</id></topic><processed>true</processed><id>11148</id></thought><parent class="actions" reference="../../../../../futures/items/future/thought/action/parent"/><description>Think a way to do parameter validation on backend side</description><topic reference="../../../../../topics/items/topic[3]"/><context reference="../../../../../contexts/items/context[3]"/><state class="actionStateASAP"><created>2012-02-27 09:45:56.808 CST</created></state><notes>Keep the validation in the model and service.Since the controller should not kown the internal of the data.
Optional solution:
http://validatable.rubyforge.org/
http://www.prestonlee.com/2007/12/29/rails-20-validations-without-extending-activerecordbase/

And it seemed that rails 3 has much more better solution
http://thelucid.com/2010/01/08/sexy-validation-in-edge-rails-rails-3/</notes><done>false</done><time reference="../../../../../futures/items/future/thought/action/parent/parent/children/projects/children/project/children/action/time"/><success></success><modified>2012-02-27 11:41:22.961 CST</modified></action><id>11183</id></thought><thought><created>2012-02-23 19:22:42.332 CST</created><description>制定作息时间</description><topic reference="../../../../topics/items/topic[2]"/><processed>true</processed><action><id>11101</id><created>2012-02-23 18:15:50.111 CST</created><thought><created>2012-02-23 16:37:18.306 CST</created><description>指定作息时间</description><topic reference="../../../../../../topics/items/topic[2]"/><processed>true</processed><notes>00：00～01：00  浅眠期  多梦而敏感，身体不适者易在此时痛醒。&#x0D;
01：00～02：00  排毒期  此时肝脏为排除毒素而活动旺盛，应让身体进入睡眠状态，让肝脏得以完成代谢废物。&#x0D;
02：00～03：00 休眠期   重症病人最易发病的时刻，常有患病者在此时死亡，熬夜最好勿超过这个时间。&#x0D;
09：00～11：00 精华期   此时为注意力及记忆力最好，且工作与学习的最佳时段。&#x0D;
12：00～13：00 午休期&#x0D;
14：00～15：00 高峰期   是分析力和创造力得以发挥淋漓的极致时段！&#x0D;
16：00～17：00 低潮期   体力耗弱的阶段，最好补充水果来解馋，避免因饥饿而贪食致肥胖。&#x0D;
17：00～18：00 松散期   此时血糖略增，嗅觉与味觉最敏感，不妨准备晚膳来提振精神。&#x0D;
19：00～20：00 暂憩期   最好能在饭后３０分钟去散个步或沐浴，放松一下，纾 解一日的疲倦困顿。&#x0D;
20：00～22：00 夜修期   此为晚上活动的巅峰时段，建议您善用此时进行商议， 进修等需要思虑周密的活动。&#x0D;
23：00～24：00 夜眠期   经过整日忙碌，此时应该放松心情进入梦乡，千万别让身体过度负荷，那可得不偿失哦！</notes><id>11094</id></thought><parent class="actions" reference="../../../../../futures/items/future/thought/action/parent"/><description>制定作息时间</description><topic reference="../../../../../topics/items/topic[2]"/><context reference="../../../../../contexts/items/context[5]"/><state class="actionStateASAP"><created>2012-02-23 18:16:37.274 CST</created></state><notes>计划：&#x0D;
5:00 ~ 7:00	起床, 厕所，股票（记录几天的股票操作）&#x0D;
7:00 ~ 9:00	吃饭，出门上班，review action，安排一天action&#x0D;
9:00 ~ 12:00	Work&#x0D;
12:00 ~ 14:00	午饭，休息&#x0D;
14:00 ~ 16:00	Work&#x0D;
16:00 ~ 18:00	sel-work&#x0D;
18:00 ~ 20:00	回家，吃饭， &#x0D;
20:00 ~ 22:00	学习，上床睡觉&#x0D;
22:00 ~ 5:00	睡觉&#x0D;
&#x0D;
&#x0D;
&#x0D;
00：00～01：00  浅眠期  多梦而敏感，身体不适者易在此时痛醒。&#x0D;
01：00～02：00  排毒期  此时肝脏为排除毒素而活动旺盛，应让身体进入睡眠状态，让肝脏得以完成代谢废物。&#x0D;
02：00～03：00 休眠期   重症病人最易发病的时刻，常有患病者在此时死亡，熬夜最好勿超过这个时间。&#x0D;
09：00～11：00 精华期   此时为注意力及记忆力最好，且工作与学习的最佳时段。&#x0D;
12：00～13：00 午休期&#x0D;
14：00～15：00 高峰期   是分析力和创造力得以发挥淋漓的极致时段！&#x0D;
16：00～17：00 低潮期   体力耗弱的阶段，最好补充水果来解馋，避免因饥饿而贪食致肥胖。&#x0D;
17：00～18：00 松散期   此时血糖略增，嗅觉与味觉最敏感，不妨准备晚膳来提振精神。&#x0D;
19：00～20：00 暂憩期   最好能在饭后３０分钟去散个步或沐浴，放松一下，纾 解一日的疲倦困顿。&#x0D;
20：00～22：00 夜修期   此为晚上活动的巅峰时段，建议您善用此时进行商议， 进修等需要思虑周密的活动。&#x0D;
23：00～24：00 夜眠期   经过整日忙碌，此时应该放松心情进入梦乡，千万别让身体过度负荷，那可得不偿失哦！</notes><done>true</done><doneDate>2012-02-23 00:00:00.0 CST</doneDate><time reference="../../../../../futures/items/future/thought/action/parent/parent/children/projects/children/project/children/action/time"/><success></success><dueDate>2012-02-23 00:00:00.0 CST</dueDate><modified>2012-02-23 19:21:45.753 CST</modified></action><id>11111</id></thought><thought><created>2012-02-22 19:28:37.9 CST</created><description>Engineering LongLasting Software</description><topic reference="../../../../topics/items/topic[4]"/><processed>true</processed><action><id>11022</id><created>2012-02-22 19:18:37.408 CST</created><thought><created>2012-02-22 17:01:12.31 CST</created><description>Engineering LongLasting Software</description><topic reference="../../../../../../topics/items/topic[4]"/><processed>true</processed><notes>book to read</notes><id>11000</id></thought><parent class="actions" reference="../../../../../futures/items/future/thought/action/parent"/><description>Engineering LongLasting Software</description><topic><name>Book</name><description></description><color reference="../../../../../../futures/items/future/thought/action/parent/children/action[26]/thought/topic/color"/><background reference="../../../../../../futures/items/future/thought/action/parent/children/action[26]/thought/topic/background"/><id>11017</id></topic><context><name>None</name><description>No context.</description><id>9</id></context><state class="actionStateASAP"><created>2012-02-22 19:18:54.302 CST</created></state><notes>book to read</notes><done>false</done><success></success><modified>2012-02-22 19:18:54.302 CST</modified></action><id>11029</id></thought><thought><created>2012-02-20 14:07:11.982 CST</created><description>Learn to use thinkingrock</description><topic reference="../../../../topics/items/topic[4]"/><processed>true</processed><action><id>153</id><created>2012-02-20 14:05:52.446 CST</created><thought reference="../.."/><parent><id>157</id><created>2012-02-20 14:08:53.635 CST</created><thought reference="../../.."/><parent reference="../../../../thought[17]/action/parent/parent"/><children><action reference="../../.."/></children><topic reference="../../../../../../topics/items/topic[4]"/><description>Learn to use thinkingrocky</description><purpose></purpose><success>Be able to use thinkingrock to GTD</success><brainstorming></brainstorming><organising></organising><done>false</done><sequence>false</sequence><sequencing reference="../../../../../../futures/items/future/thought/action/parent/parent/children/projects/children/project/sequencing"/><notes></notes><modified>2012-02-20 14:08:53.635 CST</modified></parent><description>Learn to use thinkingrocky</description><topic reference="../../../../../topics/items/topic[4]"/><context reference="../../../../../contexts/items/context[5]"/><state class="actionStateASAP"><created>2012-02-20 14:08:53.635 CST</created></state><notes></notes><done>false</done><success>Be able to use thinkingrock to GTD</success><modified>2012-02-20 14:08:53.635 CST</modified></action><id>156</id></thought><thought reference="../thought[17]/action/parent/parent/thought"/><thought><created>2012-02-20 14:17:04.258 CST</created><description>Tips about 选股</description><topic reference="../../../../topics/items/topic[5]"/><processed>true</processed><notes>啊啊撒擦除的撒旦 </notes><id>163</id></thought><thought reference="../../../futures/items/future/thought/action/parent/parent/children/projects/children/project[3]/thought"/><thought reference="../thought[17]/action/parent/parent/children/action[5]/thought"/><thought reference="../thought[17]/action/parent/thought"/><thought reference="../../../futures/items/future/thought/action/parent/children/action/thought"/><thought reference="../../../futures/items/future/thought/action/parent/children/action[4]/thought"/><thought reference="../../../futures/items/future/thought/action/parent/children/action[3]/thought"/><thought><created>2012-02-20 15:38:05.986 CST</created><description>记账</description><topic reference="../../../../futures/items/future/thought/action/parent/parent/children/projects/children/project[8]/thought/topic"/><processed>true</processed><id>199</id></thought><thought reference="../../../futures/items/future/thought/action/parent/children/action[5]/thought"/><thought><created>2012-02-20 15:38:39.604 CST</created><description>完成GTD表格</description><topic reference="../../../../futures/items/future/thought/action/parent/parent/children/projects/children/project[8]/thought/topic"/><processed>true</processed><notes>时间黑洞测试&#x0D;
时间日志&#x0D;
时间日志比例&#x0D;
</notes><id>201</id></thought><thought reference="../../../futures/items/future/thought/action/parent/children/action[6]/thought"/><thought><created>2012-02-20 15:39:33.3 CST</created><description>还房贷</description><topic reference="../../../../futures/items/future/thought/action/parent/parent/children/projects/children/project[8]/thought/topic"/><processed>true</processed><id>203</id></thought><thought reference="../../../futures/items/future/thought/action/parent/children/action[7]/thought"/><thought reference="../../../futures/items/future/thought/action/parent/children/action[8]/thought"/><thought reference="../../../futures/items/future/thought/action/parent/children/action[10]/thought"/><thought reference="../../../futures/items/future/thought/action/parent/parent/children/projects/children/project[11]/thought"/><thought reference="../../../futures/items/future/thought/action/parent/parent/children/projects/children/project[20]/thought"/><thought><created>2012-02-20 15:42:18.344 CST</created><description>新年计划参考文章</description><topic reference="../../../../futures/items/future/thought/action/parent/parent/children/projects/children/project[8]/thought/topic"/><processed>true</processed><notes>by 弥缝&#x0D;
就要重新投入工作学习环境中，你有没有从新年的氛围中静下心来回答过这些问题呢？如果没有的话，我建议你做做这份小问答。跨过去年的喜和悲，得与失，在新的一年取得更多的进步！&#x0D;
在回答这些问题时，你可以从生活、健康、情感、心智、自我、理财、家庭、工作、休闲等各个方面来回答。&#x0D;
回顾过去的一年：&#x0D;
	1. 过去一年，你有完成了哪些任务，项目和目标？&#x0D;
	2. 过去一年，你取得的最大成果是什么？&#x0D;
	3. 过去一年，你最明智的决定是什么？&#x0D;
	4. 过去一年，你学会或收获的最重要的是什么？&#x0D;
	5. 过去一年，你为家庭、周围的人或社区做过的最大贡献是什么？&#x0D;
	6. 过去一年，你最想实现却没有完成的是什么？&#x0D;
	7. 过去一年，你做得最自豪的事情是什么？&#x0D;
	8. 过去一年，对你影响最深的三个人是谁？&#x0D;
	9. 过去一年，你做过的最有挑战的是什么？&#x0D;
	10. 过去一年，你觉得最惊喜的是什么？&#x0D;
	11. 过去一年，在情感关系、人际关系上取得的最大进步是什么？&#x0D;
	12. 过去一年，你觉得最应该得到的表扬是什么？&#x0D;
	13. 过去一年，你觉得最应该给予的表扬是什么？&#x0D;
	14. 过去一年，你觉得遗憾的、需要改进的是什么？&#x0D;
	15. 请用几个词句总结你的过去的一年。&#x0D;
&#x0D;
展望新的一年：&#x0D;
	1. 新一年，你最想取得的成果是什么？&#x0D;
	2. 新一年，你想给自己的一些忠告是什么？&#x0D;
	3. 新一年，去做到什么会让你特高兴？&#x0D;
	4. 新一年，你觉得可以适当纵容的是什么？&#x0D;
	5. 新一年，你最想改变自己的是什么？&#x0D;
	6. 新一年，你期待能够学习或体会什么？&#x0D;
	7. 新一年，你觉得可能会碰到的危机是什么？&#x0D;
	8. 新一年，在工作上你觉得应该改变或提升的是什么？&#x0D;
	9. 新一年，在理财方面你最想取得的进步是什么？&#x0D;
	10. 新一年，你觉得应该挖掘自己哪方面的才能？&#x0D;
	11. 新一年，你应该在那些你钟情的事情上做些什么？&#x0D;
	12. 新一年，你觉得应该与谁或什么事取得更进一步的发展？&#x0D;
	13. 请用几个词句来描述你要实现的新的一年。&#x0D;
&#x0D;
</notes><id>209</id></thought><thought><created>2012-02-20 15:42:44.318 CST</created><description>学习小强升职记</description><topic reference="../../../../futures/items/future/thought/action/parent/parent/children/projects/children/project[8]/thought/topic"/><processed>true</processed><notes>[ ]阅读&#x0D;
[ ]测试&#x0D;
[ ]根据书中建议改善自己&#x0D;
     [ ]实践避开时间黑洞建议&#x0D;
&#x0D;
&#x0D;
测试结果&#x0D;
职业价值观&#x0D;
得分最高三项：经济报酬，独立性，智力刺激和成就感并列&#x0D;
最低三项：美感，管理，利他主义&#x0D;
 [file:/D:/shawn/document/GTD/小强升职记/forms/File10/避开时间黑洞建议.pdf] </notes><id>210</id></thought><thought reference="../../../futures/items/future/thought/action/parent/parent/children/projects/children/project[8]/thought"/><thought reference="../../../futures/items/future/thought/action/parent/children/action[12]/thought"/><thought reference="../../../futures/items/future/thought/action/parent/children/action[11]/thought"/><thought reference="../../../futures/items/future/thought/action/parent/children/action[13]/thought"/><thought reference="../../../futures/items/future/thought/action/parent/parent/children/projects/children/project[9]/thought"/><thought reference="../../../futures/items/future/thought/action/parent/children/action[15]/thought"/><thought><created>2012-02-20 15:49:51.600 CST</created><description>选股标准</description><topic reference="../../../../futures/items/future/thought/action/parent/parent/children/projects/children/project[8]/thought/topic"/><processed>true</processed><notes>学习资料，逐步完善


Draft：
1.均线走平
2.前期涨幅不大
3.高送转潜力
4.股本不大
5.朝阳行业
</notes><id>217</id></thought><thought><created>2012-02-20 15:50:18.900 CST</created><description>新年目标参考 - 褪墨</description><topic reference="../../../../futures/items/future/thought/action/parent/parent/children/projects/children/project[8]/thought/topic"/><processed>true</processed><notes>[http://www.mifengtd.cn/articles/how-to-define-successful-new-years-resolutions.html]&#x0D;
http://www.mifengtd.cn/articles/define_goal_destination_devise_a_plan_to_get_there.html&#x0D;
http://www.mifengtd.cn/articles/three-steps-to-successful-resolutions.html</notes><id>219</id></thought><thought><created>2012-02-20 16:05:53.306 CST</created><description>Backup tr db daily</description><topic reference="../../../../topics/items/topic[4]"/><processed>true</processed><id>9969</id></thought><thought><created>2012-02-20 17:25:10.55 CST</created><description>记录如何让TR打印中文</description><topic><name>None</name><description>No topic.</description><color><red>0</red><green>0</green><blue>0</blue><alpha>255</alpha></color><background><red>255</red><green>255</green><blue>255</blue><alpha>255</alpha></background><id>8</id></topic><processed>true</processed><notes>1.下载中文字体&#x0D;
2.在C:\Program Files (x86)\TR-2.2.1\tr\resource\fop 目录下edit fop.xconf, 加入&#x0D;
&lt;font metrics-url=&quot;fzdbsjw.xml&quot; kerning=&quot;yes&quot; embed-url=&quot;fzdbsjw.ttf&quot;&gt;&#x0D;
&lt;font-triplet name=&quot;Chinese-Mifeng.cn&quot; style=&quot;normal&quot; weight=&quot;normal&quot;/&gt;&#x0D;
&lt;/font&gt;&#x0D;
&lt;font metrics-url=&quot;fzdbsjw.xml&quot; kerning=&quot;yes&quot; embed-url=&quot;fzdbsjw.ttf&quot;&gt;&#x0D;
&lt;font-triplet name=&quot;Chinese-Mifeng.cn&quot; style=&quot;normal&quot; weight=&quot;bold&quot;/&gt;&#x0D;
&lt;/font&gt;&#x0D;
&lt;font metrics-url=&quot;fzdbsjw.xml&quot; kerning=&quot;yes&quot; embed-url=&quot;fzdbsjw.ttf&quot;&gt;&#x0D;
&lt;font-triplet name=&quot;Chinese-Mifeng.cn&quot; style=&quot;italic&quot; weight=&quot;normal&quot;/&gt;&#x0D;
&lt;/font&gt;&#x0D;
3 将目录下所有其他文件保留名字，文件改成对应的fzdbsjw 的ttf 或者xml</notes><id>10837</id></thought><thought reference="../../../futures/items/future/thought/action/parent/parent/children/projects/children/project[4]/thought"/><thought reference="../../../futures/items/future/thought/action/parent/children/action[14]/thought"/><thought reference="../../../futures/items/future/thought/action/parent/children/action[17]/thought"/><thought><created>2012-02-20 23:30:59.242 CST</created><description>选中股票</description><topic><name>None</name><description>No topic.</description><color><red>0</red><green>0</green><blue>0</blue><alpha>255</alpha></color><background><red>255</red><green>255</green><blue>255</blue><alpha>255</alpha></background><id>8</id></topic><processed>true</processed><notes>回复G--老沈(1748496160) 10:49:16 PM &#x0D;
我看中300107.2427.300134.300128</notes><id>10854</id></thought><thought reference="../../../futures/items/future/thought/action/parent/children/action[18]/thought"/><thought reference="../../../futures/items/future/thought/action/parent/children/action[21]/thought"/><thought reference="../../../futures/items/future/thought/action/parent/children/action[22]/thought"/><thought><created>2012-02-21 18:49:29.867 CST</created><description>Try dropbox beta version</description><topic reference="../../../../topics/items/topic[2]"/><processed>true</processed><id>10914</id></thought><thought reference="../../../futures/items/future/thought/action/parent/children/action[2]/thought"/><thought reference="../../../futures/items/future/thought/action/parent/children/action[24]/thought"/><thought reference="../../../futures/items/future/thought/action/parent/parent/children/projects/children/project[5]/children/project/children/project[2]/children/project/thought"/><thought reference="../../../futures/items/future/thought/action/parent/children/action[25]/thought"/><thought><created>2012-02-22 13:26:34.618 CST</created><description>什么是ETF基金</description><topic reference="../../../../topics/items/topic[5]"/><processed>true</processed><id>10939</id></thought><thought><created>2012-02-22 13:33:29.743 CST</created><description>老妖成精法则</description><topic reference="../../../../topics/items/topic[5]"/><processed>true</processed><id>10947</id></thought><thought><created>2012-02-22 13:40:10.127 CST</created><description>股票池</description><topic><name>None</name><description>No topic.</description><color><red>0</red><green>0</green><blue>0</blue><alpha>255</alpha></color><background><red>255</red><green>255</green><blue>255</blue><alpha>255</alpha></background><id>8</id></topic><processed>true</processed><id>10953</id></thought><thought reference="../../../futures/items/future/thought/action/parent/children/action[26]/thought"/><thought><created>2012-02-22 14:29:21.615 CST</created><description>learn rspec</description><topic reference="../../../../futures/items/future/thought/action/parent/children/action[26]/thought/topic"/><processed>true</processed><id>10961</id></thought><thought reference="../thought[16]/action/thought"/><thought><created>2012-02-22 14:32:23.619 CST</created><description>ruby &amp; rails forum</description><topic reference="../../../../futures/items/future/thought/action/parent/children/action[26]/thought/topic"/><processed>true</processed><notes>http://www.ruby-lang.org.cn&#x0D;
http://www.iteye.com/login&#x0D;
http://ruby-china.org&#x0D;
&#x0D;
http://www.ruby-forum.com/&#x0D;
&#x0D;
subscirbe mailing lists from ruby-talk and ruby-doc in http://www.ruby-lang.org/en/community/mailing-lists/</notes><id>10964</id></thought><thought><created>2012-02-22 14:54:41.563 CST</created><description>刘晶晶</description><topic reference="../../../../topics/items/topic[2]"/><processed>true</processed><notes>分机 3187</notes><id>10978</id></thought><thought reference="../../../futures/items/future/thought/action/parent/children/action[27]/thought"/><thought reference="../../../futures/items/future/thought/action/parent/children/action[28]/thought"/><thought reference="../../../futures/items/future/thought/action/parent/children/action[29]/thought"/><thought reference="../../../futures/items/future/thought/action/parent/children/action[30]/thought"/><thought reference="../thought[45]/action/thought"/><thought><created>2012-02-22 17:02:40.751 CST</created><description>https://www.coursera.org/saas/lecture/index</description><topic reference="../../../../topics/items/topic[4]"/><processed>true</processed><notes>course about software engineering for saas with rails</notes><id>11003</id></thought><thought><created>2012-02-22 17:16:19.514 CST</created><description> 学习使用一种思维导向图工具</description><topic reference="../../../../topics/items/topic[4]"/><processed>true</processed><id>11005</id></thought><thought reference="../../../futures/items/future/thought/action/parent/parent/children/projects/children/project[7]/thought"/><thought><created>2012-02-22 19:14:57.817 CST</created><description>markdownpad</description><topic reference="../../../../topics/items/topic[4]"/><processed>true</processed><notes>Evernote</notes><id>11011</id></thought><thought reference="../../../futures/items/future/thought/action/parent/parent/children/projects/children/project/thought"/><thought><created>2012-02-23 10:27:49.952 CST</created><description>弄只好写的笔放在公司随手记录</description><topic reference="../../../../topics/items/topic[2]"/><processed>true</processed><id>11037</id></thought><thought reference="../../../futures/items/future/thought/action/parent/children/action[32]/thought"/><thought reference="../../../futures/items/future/thought/action/parent/children/action[33]/thought"/><thought reference="../../../futures/items/future/thought/action/parent/children/action[34]/thought"/><thought reference="../../../futures/items/future/thought/action/parent/parent/children/projects/children/project[12]/thought"/><thought reference="../../../futures/items/future/thought/action/parent/children/action[36]/thought"/><thought reference="../../../futures/items/future/thought/action/parent/children/action[37]/thought"/><thought reference="../../../futures/items/future/thought/action/parent/parent/children/projects/children/project[6]/thought"/><thought reference="../thought[44]/action/thought"/><thought><created>2012-02-23 18:12:53.859 CST</created><description>truecrypt</description><topic reference="../../../../topics/items/topic[4]"/><processed>true</processed><notes>目前最强大的加密软件 6:13:25 PM Thu Feb 23 2012

www.truecrypt.or</notes><id>11097</id></thought><thought reference="../../../futures/items/future/thought/action/parent/children/action[38]/thought"/><thought reference="../../../futures/items/future/thought/action/parent/children/action[39]/thought"/><thought reference="../../../futures/items/future/thought/action/parent/parent/children/projects/children/project[10]/thought"/><thought reference="../../../futures/items/future/thought/action/parent/children/action[41]/thought"/><thought reference="../../../futures/items/future/thought/action/parent/children/action[43]/thought"/><thought><created>2012-02-24 14:27:24.314 CST</created><description>画一个CLI的思维导向图</description><topic reference="../../../../topics/items/topic[4]"/><processed>true</processed><id>11145</id></thought><thought reference="../thought[43]/action/thought"/><thought><created>2012-02-24 18:31:05.526 CST</created><description>了解盛大云</description><topic reference="../../../../topics/items/topic[4]"/><processed>true</processed><id>11150</id></thought><thought><created>2012-02-25 00:38:07.858 CST</created><description>下周跌得太多也是正常的，紧盯上海东证和光大期货的动向 </description><topic reference="../../../../topics/items/topic[5]"/><processed>true</processed><id>11156</id></thought><thought reference="../../../futures/items/future/thought/action/parent/children/action[52]/thought"/><thought reference="../../../futures/items/future/thought/action/parent/children/action[56]/thought"/><thought><created>2012-02-27 13:57:18.686 CST</created><description>邮编地址</description><topic><name>None</name><description>No topic.</description><color><red>0</red><green>0</green><blue>0</blue><alpha>255</alpha></color><background><red>255</red><green>255</green><blue>255</blue><alpha>255</alpha></background><id>8</id></topic><processed>true</processed><notes>淞沪路252号创智天地2号楼2楼 200000
世界路43弄38号304 200048
</notes><id>11190</id></thought><thought><created>2012-02-27 14:32:42.290 CST</created><description>LastPass</description><topic reference="../../../../topics/items/topic[4]"/><processed>true</processed><notes>A sw which store your password and intergrated with browser</notes><id>11192</id></thought><thought><created>2012-02-27 17:03:12.945 CST</created><description>https://primemars@github.com/primemars/config-github.git</description><topic reference="../../thought[128]/topic"/><processed>true</processed><notes>git hub repos</notes><id>11194</id></thought><thought reference="../thought[41]/action/thought"/><thought reference="../../../futures/items/future/thought/action/parent/parent/children/projects/children/project[13]/thought"/><thought><created>2012-02-28 12:41:14.547 CST</created><description>生命本来多轻盈，都是被这肉体和各种欲望的污浊给拖住</description><topic reference="../../../../topics/items/topic[2]"/><processed>true</processed><notes>我们的生命本来多轻盈，都是被这肉体和各种欲望的污浊给拖住。阿太，我记住了，“肉体是拿来用的，不是拿来伺候的。”请一定来看望我。一个活到99岁阿太的故事，一个坚强的女人的故事。&#x0D;
&#x0D;
&#x0D;
&#x0D;
原题：皮囊&#x0D;
&#x0D;
文/蔡崇达&#x0D;
&#x0D;
我那个活到99岁的阿太（我外婆的母亲），是个很牛的人。外婆50多岁突然撒手，阿太白发人送黑发人。亲戚怕她想不开，轮流看着。她却不知道哪里来的一股愤怒，嘴里骂骂咧咧，一个人跑来跑去。一会掀开棺材看看外婆的样子，一会到厨房看看那祭祀的供品做得如何，走到大厅听见有人杀一只鸡没割中动脉，那只鸡洒着血到处跳，阿太小跑出来，一把抓住那只鸡，狠狠往地上一摔。&#x0D;
&#x0D;
鸡的脚挣扎了一下，终于停歇了。“这不结了——别让这肉体在折腾它的魂灵”。阿太不是个文化人，但是个神婆。所以讲话总偶尔文绉绉。&#x0D;
&#x0D;
众人皆喑哑。&#x0D;
&#x0D;
那场葬礼，阿太一声都没哭。即使看着外婆的躯体要进入焚化炉，她也只是斜乜着眼，像是对其他嚎哭的人的不屑，又似乎是老人平静的打盹。&#x0D;
&#x0D;
那年我刚上小学一年级，很不理解阿太冰冷的无情。几次走过去问她，阿太你怎么不难过。阿太满是寿斑的脸，竟轻微舒展开，那是笑——“因为我很舍得”。&#x0D;
&#x0D;
这句话在后来的生活中很经常听到。外婆去世后，阿太经常到我家来住，她说，外婆临死前交待，黑狗达没爷爷奶奶、父母都在忙，你要帮着照顾。我因而更能感受她所谓的“舍得”。&#x0D;
&#x0D;
阿太是个很狠的人，连切菜都要像切排骨那样用力。有次她在厨房很冷静地喊哎呀一声，在厅里的我大声问，阿太怎么了？“没事，就是手指头切断了”。接下来，慌乱的是我们一家人，她自始至终，都一副事不关己的样子。&#x0D;
&#x0D;
病房里正在帮阿太缝合手指头，母亲在病房外的长椅上和我讲阿太的故事。她曾经把不会游泳的、还年幼舅公扔到海里，让他学游泳，舅公差点溺死，邻居看不过去跳到水里把他救起来。没过几天邻居又看她把舅公再次扔到水里。所有邻居都骂她没良心，她冷冷地说：“肉体就是拿来用的，不是拿来伺候的。”&#x0D;
&#x0D;
等阿太出院，我终于还是没忍住问她故事的真假。她淡淡地说：“是真的啊，如果你整天伺候你这个皮囊，不会有出息的，只有会用肉体的人才能成才。”说实话，我当时没听懂。&#x0D;
&#x0D;
我因此总觉得阿太像块石头，坚硬到什么都伤不了。她甚至是我们小镇出了名的硬骨头，即使九十多岁了，依然坚持用她那缠过的小脚，自己从村里走到镇上我老家。每回要雇车送她回去，她总是异常生气：“就两个选择，要嘛你扶着我慢慢走回去，要么我自己走回去。”也因此，老家那条石板路，总可以看到一个少年扶着一个老人慢慢地往镇外挪。&#x0D;
&#x0D;
然而我还是看到阿太哭了。那是她92岁的时候，一次她攀到屋顶要补一个窟窿，一不小心她摔下来了，躺在家里动不了。我去探望她，她远远就听到了，还没进门，她就哭着喊，我的乖曾孙，阿太动不了了，阿太被困住了。虽然第二周她就倔强地想落地走路，然而没走几步又摔倒了。她哭着叮嘱我说，要我常过来看她，从此每天依靠一把椅子支撑，慢慢挪到门口，坐在那，等一整天我的身影。我也时常往阿太家跑，特别遇到事情的时候，总觉得和她坐在一起，有种说不出的安宁和踏实。&#x0D;
&#x0D;
后来我上大学了、再后来到外地工作，见她分外少了。然而每次遇到挫折，我总是请假往老家跑——一个重要的事情，就是去和阿太坐一个下午，虽然我说的苦恼，她不一定听得懂，甚至不一定听得到（她已经耳背了），但每次看到她不甚明白地笑，展开那岁月雕刻出的层层叠叠的皱纹，我就莫名其妙地释然了许多。&#x0D;
&#x0D;
知道阿太去世，是在很平常的一个早上。母亲打电话给我，说你阿太走了。然后两边的人抱着电话一起哭。母亲说阿太最后留了一句话给我：“黑狗达不准哭。死不就是脚一蹬的事情吗，要是诚心想念我，我自然会来看你。因为从此之后，我已经没有皮囊这个包袱。来去多方便”。&#x0D;
&#x0D;
那一刻才明白阿太曾经对我说过的一句话，才明白阿太的生活观：我们的生命本来多轻盈，都是被这肉体和各种欲望的污浊给拖住。阿太，我记住了，“肉体是拿来用的，不是拿来伺候的。”请一定来看望我。（来源）</notes><id>11216</id></thought><thought reference="../../../futures/items/future/thought/action/parent/parent/children/projects/children/project[15]/thought"/><thought><created>2012-02-28 14:09:40.26 CST</created><description>Add row to table via jquery</description><topic reference="../../../../topics/items/topic[4]"/><processed>true</processed><notes>$(&apos;#myTable tr:last&apos;).after(&apos;&lt;tr&gt;...&lt;/tr&gt;&lt;tr&gt;...&lt;/tr&gt;&apos;);</notes><id>11220</id></thought><thought><created>2012-02-28 14:09:55.565 CST</created><description>画《小强升职记》的思维导向图</description><topic reference="../../../../topics/items/topic[4]"/><processed>true</processed><id>11221</id></thought><thought reference="../../../futures/items/future/thought/action/parent/children/action[57]/thought"/><thought reference="../../../futures/items/future/thought/action/parent/children/action[58]/thought"/><thought reference="../../../futures/items/future/thought/action/parent/parent/children/projects/children/project[14]/thought"/><thought><created>2012-02-29 12:30:26.484 CST</created><description>Edit remote file with emacs</description><topic reference="../../../../topics/items/topic[4]"/><processed>true</processed><notes>Example &#x0D;
emacs /ssh:zhanga5@10.32.110.45:merge/upgrade_3</notes><id>11248</id></thought><thought><created>2012-02-29 13:48:58.12 CST</created><description>阅读《晨间日记的奇迹》</description><topic reference="../../../../topics/items/topic[4]"/><processed>true</processed><id>11254</id></thought><thought reference="../../../futures/items/future/thought/action/parent/children/action[62]/thought"/><thought reference="../../../futures/items/future/thought/action/parent/children/action[66]/thought"/><thought reference="../thought[40]/action/thought"/><thought reference="../../../futures/items/future/thought/action/parent/children/action[67]/thought"/><thought reference="../../../futures/items/future/thought/action/parent/children/action[68]/thought"/><thought reference="../thought[34]/action/parent/thought"/><thought reference="../../../futures/items/future/thought/action/parent/parent/children/projects/children/project[16]/thought"/><thought reference="../../../futures/items/future/thought/action/parent/children/action[70]/thought"/><thought reference="../../../futures/items/future/thought/action/parent/children/action[71]/thought"/><thought><created>2012-03-01 13:46:18.558 CST</created><description>了解zen coding</description><topic reference="../../../../topics/items/topic[4]"/><processed>true</processed><id>11312</id></thought><thought reference="../../../futures/items/future/thought/action/parent/children/action[72]/thought"/><thought reference="../../../futures/items/future/thought/action/parent/children/action[73]/thought"/><thought><created>2012-03-02 09:42:06.340 CST</created><description> Remove known host in ssh</description><topic reference="../../../../topics/items/topic[4]"/><processed>true</processed><notes> ssh-keygen -f &quot;/home/shawn/.ssh/known_hosts&quot; -R 10.32.119.251</notes><id>11325</id></thought><thought reference="../../../futures/items/future/thought/action/parent/children/action[74]/thought"/><thought reference="../../../futures/items/future/thought/action/parent/children/action[75]/thought"/><thought reference="../../../futures/items/future/thought/action/parent/children/action[82]/thought"/><thought reference="../../../futures/items/future/thought/action/parent/children/action[83]/thought"/><thought reference="../../../futures/items/future/thought/action/parent/children/action[84]/thought"/><thought reference="../../../futures/items/future/thought/action/parent/children/action[85]/thought"/><thought reference="../../../futures/items/future/thought/action/parent/children/action[90]/thought"/><thought reference="../../../futures/items/future/thought/action/parent/children/action[91]/thought"/><thought reference="../../../futures/items/future/thought/action/parent/parent/children/projects/children/project[2]/thought"/><thought reference="../thought[38]/action/thought"/><thought reference="../../../futures/items/future/thought/action/parent/children/action[95]/thought"/><thought reference="../../../futures/items/future/thought/action/parent/children/action[96]/thought"/><thought reference="../../../futures/items/future/thought/action/parent/children/action[97]/thought"/><thought reference="../../../futures/items/future/thought/action/parent/children/action[101]/thought"/><thought reference="../../../futures/items/future/thought/action/parent/children/action[102]/thought"/><thought reference="../../../futures/items/future/thought/action/thought"/><thought><created>2012-03-07 18:53:52.122 CST</created><description>Javascript: The definitive guide</description><topic reference="../../../../topics/items/topic[4]"/><processed>true</processed><id>11447</id></thought><thought><created>2012-03-07 18:54:29.800 CST</created><description>head first rails</description><topic reference="../../../../topics/items/topic[4]"/><processed>true</processed><id>11448</id></thought><thought reference="../../../futures/items/future/thought/action/parent/children/action[103]/thought"/><thought reference="../../../futures/items/future/thought/action/parent/children/action[104]/thought"/><thought reference="../../../futures/items/future/thought/action/parent/children/action[105]/thought"/><thought reference="../../../futures/items/future/thought/action/parent/children/action[106]/thought"/><thought><created>2012-03-07 18:57:11.392 CST</created><description>看哈利波特最后集</description><topic reference="../../../../topics/items/topic[2]"/><processed>true</processed><id>11455</id></thought><thought><created>2012-03-07 19:06:49.781 CST</created><description>Fix bug 21596 when refine navi bar</description><topic reference="../../../../topics/items/topic[3]"/><processed>true</processed><notes>https://cig-bugzilla.isus.emc.com/show_bug.cgi?id=21596</notes><id>11469</id></thought><thought><created>2012-03-08 10:36:13.74 CST</created><description>KDJ from 技术流</description><topic reference="../../../../topics/items/topic[5]"/><processed>true</processed><notes>个股方面可以结合看一下周KDJ中的J值，在100-120之间的就肯定有宽幅震荡，箱底不变但滚动仓要灵活&#x0D;
很多个股周线J值还偏高，所以判断会有一次短暂杀股价的&#x0D;
周线和60分钟图敏感度高，日线低、月线更低</notes><id>11478</id></thought><thought><created>2012-03-08 12:53:22.252 CST</created><description>Learn fast test in rails</description><topic reference="../../../../topics/items/topic[4]"/><processed>true</processed><notes>http://confreaks.com/videos/641-gogaruco2011-fast-rails-tests 

[file:/D:/shawn/video/tech/641-gogaruco2011-fast-rails-tests-small.mp4]
</notes><id>11480</id></thought><thought><created>2012-03-08 13:01:13.206 CST</created><description>ruby best practice</description><topic reference="../../../../topics/items/topic[4]"/><processed>true</processed><id>11482</id></thought><thought><created>2012-03-08 13:01:28.713 CST</created><description>Write down the CLI change on wiki before rc7</description><topic reference="../../../../topics/items/topic[3]"/><processed>true</processed><id>11483</id></thought><thought reference="../../../futures/items/future/thought/action/parent/children/action[112]/thought"/><thought><created>2012-03-09 09:54:45.671 CST</created><description>learn css3</description><topic><name>None</name><description>No topic.</description><color><red>0</red><green>0</green><blue>0</blue><alpha>255</alpha></color><background><red>255</red><green>255</green><blue>255</blue><alpha>255</alpha></background><id>8</id></topic><processed>true</processed><id>11501</id></thought><thought><created>2012-03-09 16:50:03.34 CST</created><description>check ubs</description><topic reference="../../../../topics/items/topic[2]"/><processed>true</processed><id>11503</id></thought><thought reference="../../../futures/items/future/thought/action/parent/children/action[116]/thought"/><thought reference="../../../futures/items/future/thought/action/parent/children/action[121]/thought"/><thought reference="../../../futures/items/future/thought/action/parent/children/action[122]/thought"/><thought reference="../../../futures/items/future/thought/action/parent/children/action[125]/thought"/><thought reference="../../../futures/items/future/thought/action/parent/children/action[128]/thought"/><thought reference="../../../futures/items/future/thought/action/parent/children/action[129]/thought"/><thought reference="../../../futures/items/future/thought/action/parent/parent/children/projects/children/project[5]/children/project/children/project[4]/children/action/thought"/><thought reference="../../../futures/items/future/thought/action/parent/children/action[130]/thought"/><thought reference="../../../futures/items/future/thought/action/parent/children/action[131]/thought"/><thought reference="../../../futures/items/future/thought/action/parent/children/action[132]/thought"/><thought reference="../../../futures/items/future/thought/action/parent/children/action[133]/thought"/><thought reference="../../../futures/items/future/thought/action/parent/parent/children/projects/children/project[5]/children/project[2]/children/project/thought"/><thought reference="../../../futures/items/future/thought/action/parent/children/action[142]/thought"/><thought reference="../../../futures/items/future/thought/action/parent/children/action[143]/thought"/><thought reference="../../../futures/items/future/thought/action/parent/children/action[144]/thought"/><thought><created>2012-03-15 08:21:56.204 CST</created><description>网易自动签到</description><topic reference="../../../../topics/items/topic[4]"/><processed>true</processed><notes>http://club.mail.163.com/jifen/mission/detail.do?from=mission&amp;id=3&amp;pfrom=mail_popa_jif</notes><id>11778</id></thought><thought><created>2012-03-15 08:22:24.308 CST</created><description>安装网易乐得惠</description><topic reference="../../../../topics/items/topic[2]"/><processed>true</processed><notes>兑换泡椒凤爪</notes><id>11780</id></thought><thought reference="../../../futures/items/future/thought/action/parent/children/action[147]/thought"/><thought reference="../../../futures/items/future/thought/action/parent/children/action[148]/thought"/><thought reference="../../../futures/items/future/thought/action/parent/children/action[149]/thought"/><thought reference="../../../futures/items/future/thought/action/parent/children/action[150]/thought"/><thought><created>2012-03-15 12:34:05.464 CST</created><description>emacs 代码折叠</description><topic reference="../../../../topics/items/topic[4]"/><processed>true</processed><id>11801</id></thought><thought reference="../../../futures/items/future[3]/thought"/><thought reference="../../../futures/items/future/thought/action/parent/children/action[151]/thought"/><thought reference="../../../futures/items/future/thought/action/parent/children/action[152]/thought"/><thought reference="../../../futures/items/future/thought/action/parent/children/action[153]/thought"/><thought reference="../../../futures/items/future/thought/action/parent/children/action[154]/thought"/><thought reference="../../../futures/items/future/thought/action/parent/children/action[155]/thought"/><thought reference="../../../futures/items/future/thought/action/parent/children/action[162]/thought"/><thought reference="../../../futures/items/future[4]/thought"/><thought reference="../../../futures/items/future/thought/action/parent/children/action[163]/thought"/><thought><created>2012-03-16 11:28:57.432 CST</created><description>ruby 元编程文章</description><topic reference="../../../../topics/items/topic[4]"/><processed>true</processed><notes>evernote</notes><id>11854</id></thought><thought reference="../../../futures/items/future/thought/action/parent/children/action[164]/thought"/><thought reference="../../../futures/items/future[5]/thought"/><thought><created>2012-03-17 11:48:03.771 CST</created><description>拿到驾照</description><topic reference="../../thought[31]/topic"/><processed>true</processed><id>11873</id></thought><thought reference="../../../futures/items/future/thought/action/parent/children/action[167]/thought"/><thought reference="../../../futures/items/future/thought/action/parent/children/action[175]/thought"/><thought reference="../../../futures/items/future/thought/action/parent/children/action[176]/thought"/><thought reference="../../../futures/items/future/thought/action/parent/children/action[177]/thought"/><thought><created>2012-03-19 08:32:54.54 CST</created><description>在外租房子住</description><topic reference="../../../../topics/items/topic[2]"/><processed>true</processed><id>11902</id></thought><thought reference="../../../futures/items/future/thought/action/parent/children/action[178]/thought"/><thought reference="../../../futures/items/future/thought/action/parent/children/action[179]/thought"/><thought reference="../../../futures/items/future/thought/action/parent/children/action[180]/thought"/><thought reference="../../../futures/items/future/thought/action/parent/children/action[181]/thought"/><thought reference="../../../futures/items/future/thought/action/parent/children/action[195]/thought"/><thought reference="../../../futures/items/future/thought/action/parent/children/action[196]/thought"/><thought reference="../../../futures/items/future/thought/action/parent/children/action[197]/thought"/><thought reference="../../../futures/items/future/thought/action/parent/children/action[198]/thought"/><thought><created>2012-03-21 17:31:36.535 CST</created><description>Videos from RuPy : Python &amp; Ruby Conference</description><topic reference="../../../../topics/items/topic[4]"/><processed>true</processed><id>11970</id></thought><thought><created>2012-03-21 17:34:40.87 CST</created><description>Know pry</description><topic reference="../../../../topics/items/topic[4]"/><processed>true</processed><notes>http://pry.github.com/</notes><id>11979</id></thought><thought reference="../../../futures/items/future/thought/action/parent/children/action[200]/thought"/><thought><created>2012-03-21 19:12:19.766 CST</created><description>买个苹果转换器，改用苹果</description><topic reference="../../../../topics/items/topic[4]"/><processed>true</processed><id>11985</id></thought><thought reference="../../../futures/items/future/thought/action/parent/children/action[201]/thought"/><thought><created>2012-03-22 09:02:21.446 CST</created><description>电话社区派出所确认公共户落户问题</description><topic reference="../../../../topics/items/topic[2]"/><processed>true</processed><id>12000</id></thought><thought reference="../../../futures/items/future/thought/action/parent/children/action[214]/thought"/><thought reference="../../../futures/items/future/thought/action/parent/children/action[215]/thought"/><thought reference="../../../futures/items/future/thought/action/parent/children/action[216]/thought"/><thought reference="../../../futures/items/future/thought/action/parent/parent/children/projects/children/project[18]/thought"/><thought reference="../../../futures/items/future/thought/action/parent/children/action[217]/thought"/><thought reference="../../../futures/items/future/thought/action/parent/children/action[218]/thought"/><thought><created>2012-03-23 08:20:19.720 CST</created><description>总结晨间日记的主要目的，和注意的要点</description><topic reference="../../../../topics/items/topic[2]"/><processed>true</processed><id>12087</id></thought><thought reference="../../../futures/items/future/thought/action/parent/parent/children/projects/children/project[5]/children/project/children/project[4]/children/action[21]/thought"/><thought reference="../../../futures/items/future/thought/action/parent/parent/children/projects/children/project[17]/thought"/><thought reference="../../../futures/items/future/thought/action/parent/children/action[232]/thought"/><thought reference="../../../futures/items/future/thought/action/parent/children/action[247]/thought"/><thought><created>2012-03-26 11:36:29.717 CST</created><description>卖竹竿的小贩为什么不会倒?</description><topic reference="../../../../topics/items/topic[6]"/><processed>true</processed><notes>基础会计知识</notes><id>12139</id></thought><thought><created>2012-03-26 14:03:36.152 CST</created><description>开源项目</description><topic reference="../../../../topics/items/topic[6]"/><processed>true</processed><notes>http://getontracks.org/</notes><id>12141</id></thought><thought reference="../thought[22]/action/thought"/><thought reference="../../../futures/items/future/thought/action/parent/children/action[248]/thought"/><thought><created>2012-03-27 15:12:20.630 CST</created><description>招商银行一卡通单笔刷125到网点领取清扬旅行套装</description><topic reference="../../../../topics/items/topic[2]"/><processed>true</processed><notes>from招行短信</notes><id>12210</id></thought><thought reference="../../../futures/items/future/thought/action/parent/children/action[249]/thought"/><thought reference="../../../futures/items/future/thought/action/parent/children/action[250]/thought"/><thought reference="../../../futures/items/future[6]/thought/action/thought"/><thought><created>2012-03-28 19:11:50.910 CST</created><description>采用惰性实例变量重写event code</description><topic reference="../../../../topics/items/topic[3]"/><processed>true</processed><id>12258</id></thought><thought reference="../../../futures/items/future/thought/action/parent/parent/children/projects/children/project[19]/thought"/><thought reference="../../../futures/items/future/thought/action/parent/children/action[265]/thought"/><thought reference="../../../futures/items/future/thought/action/parent/children/action[267]/thought"/><thought reference="../../../futures/items/future/thought/action/parent/children/action[268]/thought"/><thought><created>2012-04-02 08:37:51.949 CST</created><description>总结写test code的原则</description><topic reference="../../../../topics/items/topic[3]"/><processed>true</processed><notes>正常的GUI path要覆盖</notes><id>12369</id></thought><thought reference="../../../futures/items/future/thought/action/parent/children/action[283]/thought"/><thought reference="../../../futures/items/future/thought/action/parent/children/action[284]/thought"/><thought reference="../../../futures/items/future/thought/action/parent/children/action[285]/thought"/><thought reference="../../../futures/items/future/thought/action/parent/children/action[286]/thought"/><thought reference="../../../futures/items/future/thought/action/parent/children/action[287]/thought"/><thought reference="../../../futures/items/future/thought/action/parent/children/action[302]/thought"/><thought reference="../../../futures/items/future/thought/action/parent/children/action[303]/thought"/><thought reference="../../../futures/items/future/thought/action/parent/children/action[304]/thought"/><thought reference="../../../futures/items/future/thought/action/parent/children/action[305]/thought"/><thought reference="../../../futures/items/future/thought/action/parent/children/action[306]/thought"/><thought reference="../../../futures/items/future/thought/action/parent/children/action[307]/thought"/><thought reference="../../../futures/items/future/thought/action/parent/children/action[310]/thought"/><thought reference="../../../futures/items/future/thought/action/parent/parent/children/projects/children/project[5]/children/project/children/action[7]/thought"/><thought reference="../../../futures/items/future/thought/action/parent/children/action[313]/thought"/><thought reference="../../../futures/items/future[7]/thought"/><thought reference="../../../futures/items/future/thought/action/parent/children/action[314]/thought"/><thought reference="../../../futures/items/future/thought/action/parent/children/action[315]/thought"/><thought reference="../../../futures/items/future/thought/action/parent/children/action[329]/thought"/><thought reference="../../../futures/items/future/thought/action/parent/children/action[332]/thought"/><thought><created>2012-04-16 19:03:02.546 CST</created><description>remove the code user_service.rb  EventSummaryService::AtmosEventScope</description><topic reference="../../../../topics/items/topic[3]"/><processed>true</processed><id>12618</id></thought><thought reference="../../../futures/items/future/thought/action/parent/children/action[333]/thought"/><thought reference="../../../futures/items/future/thought/action/parent/children/action[334]/thought"/><thought reference="../../../futures/items/future/thought/action/parent/children/action[335]/thought"/><thought reference="../../../futures/items/future/thought/action/parent/children/action[337]/thought"/><thought reference="../../../futures/items/future/thought/action/parent/children/action[338]/thought"/><thought reference="../../../futures/items/future/thought/action/parent/children/action[342]/thought"/><thought reference="../../../futures/items/future/thought/action/parent/children/action[344]/thought"/><thought reference="../../../futures/items/future/thought/action/parent/parent/children/projects/children/project[21]/children/action/thought"/><thought reference="../../../futures/items/future/thought/action/parent/parent/children/projects/children/project[21]/children/action[2]/thought"/><thought reference="../../../futures/items/future/thought/action/parent/children/action[354]/thought"/><thought reference="../../../futures/items/future/thought/action/parent/children/action[355]/thought"/><thought reference="../../../futures/items/future/thought/action/parent/children/action[360]/thought"/><thought reference="../../../futures/items/future/thought/action/parent/children/action[361]/thought"/><thought reference="../../../futures/items/future/thought/action/parent/children/action[362]/thought"/><thought reference="../../../futures/items/future/thought/action/parent/children/action[363]/thought"/><thought reference="../../../futures/items/future/thought/action/parent/children/action[364]/thought"/><thought reference="../../../futures/items/future/thought/action/parent/children/action[365]/thought"/><thought reference="../../../futures/items/future/thought/action/parent/children/action[380]/thought"/><thought reference="../../../futures/items/future/thought/action/parent/children/action[381]/thought"/><thought reference="../../../futures/items/future/thought/action/parent/children/action[382]/thought"/><thought reference="../../../futures/items/future/thought/action/parent/children/action[383]/thought"/><thought reference="../../../futures/items/future/thought/action/parent/children/action[384]/thought"/><thought reference="../../../futures/items/future/thought/action/parent/children/action[385]/thought"/><thought reference="../../../futures/items/future/thought/action/parent/children/action[386]/thought"/><thought><created>2012-05-02 18:09:13.603 CST</created><description>买服务器</description><topic reference="../../../../topics/items/topic[4]"/><processed>true</processed><notes>http://ruby-china.org/topics/3003</notes><id>12862</id></thought><thought reference="../../../futures/items/future/thought/action/parent/children/action[388]/thought"/><thought reference="../../../futures/items/future/thought/action/parent/children/action[389]/thought"/><thought reference="../../../futures/items/future/thought/action/parent/children/action[390]/thought"/><thought reference="../../../futures/items/future/thought/action/parent/children/action[394]/thought"/><thought reference="../../../futures/items/future/thought/action/parent/children/action[395]/thought"/><thought reference="../../../futures/items/future/thought/action/parent/children/action[396]/thought"/><thought><created>2012-05-08 14:13:00.114 CST</created><description>博士蛙拿礼物</description><topic reference="../../../../topics/items/topic[2]"/><processed>true</processed><id>12933</id></thought></items></thoughts><rootProject class="projects" reference="../futures/items/future/thought/action/parent/parent/children/projects"/><rootActions class="actions" reference="../futures/items/future/thought/action/parent"/><rootTemplates class="tr.model.project.ProjectTemplates"><id>3</id><created>2012-02-20 13:37:47.49 CST</created><children/><topic reference="../../topics/items/topic"/><description></description><purpose></purpose><success></success><brainstorming></brainstorming><organising></organising><done>false</done><sequence>false</sequence><modified>2012-02-20 13:37:47.49 CST</modified></rootTemplates><rootFutures class="tr.model.project.ProjectFutures"><id>4</id><created>2012-02-20 13:37:47.49 CST</created><children/><topic reference="../../topics/items/topic"/><description></description><purpose></purpose><success></success><brainstorming></brainstorming><organising></organising><done>false</done><sequence>false</sequence><modified>2012-02-20 13:37:47.49 CST</modified></rootFutures><timeCriterion><name>Time</name><use>true</use><values><items><value reference="../../../../futures/items/future/thought/action/parent/children/action[16]/time"/><value reference="../../../../futures/items/future/thought/action/parent/parent/children/projects/children/project[5]/children/project/children/project[4]/children/action[12]/time"/><value reference="../../../../futures/items/future/thought/action/parent/parent/children/projects/children/project/children/action/time"/><value><id>106</id><name>45 min</name></value><value reference="../../../../futures/items/future/thought/action/parent/parent/children/projects/children/project[5]/children/project/children/project[2]/children/project/children/action/time"/><value><id>108</id><name>1.5 hrs</name></value><value reference="../../../../futures/items/future/thought/action/parent/parent/children/projects/children/project[14]/children/action/time"/><value><id>111</id><name>3 hrs</name></value><value reference="../../../../futures/items/future/thought/action/parent/parent/children/projects/children/project[5]/children/project/children/project/children/action[3]/time"/><value><id>114</id><name>6 hrs</name></value><value><id>11129</id><name>5 hrs</name></value><value><id>116</id><name>8 hrs</name></value></items></values></timeCriterion><energyCriterion><name>Energy</name><use>true</use><values><items><value><id>117</id><name>None</name></value><value reference="../../../../futures/items/future/thought/action/parent/children/action[34]/energy"/><value><id>119</id><name>Med Mental</name></value><value reference="../../../../futures/items/future/thought/action/parent/children/action[37]/energy"/><value><id>121</id><name>Low Physical</name></value><value><id>122</id><name>Med Physical</name></value><value><id>123</id><name>High Physical</name></value></items></values></energyCriterion><priorityCriterion><name>Priority</name><use>true</use><values><items><value reference="../../../../futures/items/future/thought/action/parent/parent/children/projects/children/project[5]/children/project/children/action/priority"/><value reference="../../../../futures/items/future/thought/action/parent/parent/children/projects/children/project[3]/children/action/priority"/><value><id>171</id><name>3</name></value><value><id>172</id><name>4</name></value></items></values></priorityCriterion><maxLogID>0</maxLogID></data>